2023-04-14 21:47:43.3559|0|ERROR|GetInItBackEnd.Middleware.ErrorHandlingMiddleware|Error mapping types.

Mapping types:
List`1 -> List`1
System.Collections.Generic.List`1[[GetInItBackEnd.Entities.Company, GetInItBackEnd, Version=1.0.0.0, Culture=neutral, PublicKeyToken=null]] -> System.Collections.Generic.List`1[[GetInItBackEnd.Models.Company.CompanyDto, GetInItBackEnd, Version=1.0.0.0, Culture=neutral, PublicKeyToken=null]] AutoMapper.AutoMapperMappingException: Error mapping types.

Mapping types:
List`1 -> List`1
System.Collections.Generic.List`1[[GetInItBackEnd.Entities.Company, GetInItBackEnd, Version=1.0.0.0, Culture=neutral, PublicKeyToken=null]] -> System.Collections.Generic.List`1[[GetInItBackEnd.Models.Company.CompanyDto, GetInItBackEnd, Version=1.0.0.0, Culture=neutral, PublicKeyToken=null]]
 ---> AutoMapper.AutoMapperMappingException: Error mapping types.

Mapping types:
Company -> CompanyDto
GetInItBackEnd.Entities.Company -> GetInItBackEnd.Models.Company.CompanyDto

Type Map configuration:
Company -> CompanyDto
GetInItBackEnd.Entities.Company -> GetInItBackEnd.Models.Company.CompanyDto

Destination Member:
Address

 ---> AutoMapper.AutoMapperMappingException: Missing type map configuration or unsupported mapping.

Mapping types:
Address -> AddressDto
GetInItBackEnd.Entities.Address -> GetInItBackEnd.Models.Address.AddressDto

Destination Member:
Address

   at lambda_method185(Closure, Address, AddressDto, ResolutionContext)
   at lambda_method184(Closure, Object, List`1, ResolutionContext)
   --- End of inner exception stack trace ---
   at lambda_method184(Closure, Object, List`1, ResolutionContext)
   --- End of inner exception stack trace ---
   at lambda_method184(Closure, Object, List`1, ResolutionContext)
   at GetInItBackEnd.Services.CompanyServices.CompanyService.GetAllCompanies() in C:\Users\jakub\Desktop\ISZProjekt\GetInItBackEnd\Services\CompanyServices\CompanyService.cs:line 37
   at GetInItBackEnd.Controllers.CompanyController.GetAll() in C:\Users\jakub\Desktop\ISZProjekt\GetInItBackEnd\Controllers\CompanyController.cs:line 28
   at lambda_method24(Closure, Object)
   at Microsoft.AspNetCore.Mvc.Infrastructure.ActionMethodExecutor.AwaitableObjectResultExecutor.Execute(ActionContext actionContext, IActionResultTypeMapper mapper, ObjectMethodExecutor executor, Object controller, Object[] arguments)
   at Microsoft.AspNetCore.Mvc.Infrastructure.ControllerActionInvoker.<InvokeActionMethodAsync>g__Logged|12_1(ControllerActionInvoker invoker)
   at Microsoft.AspNetCore.Mvc.Infrastructure.ControllerActionInvoker.<InvokeNextActionFilterAsync>g__Awaited|10_0(ControllerActionInvoker invoker, Task lastTask, State next, Scope scope, Object state, Boolean isCompleted)
   at Microsoft.AspNetCore.Mvc.Infrastructure.ControllerActionInvoker.Rethrow(ActionExecutedContextSealed context)
   at Microsoft.AspNetCore.Mvc.Infrastructure.ControllerActionInvoker.Next(State& next, Scope& scope, Object& state, Boolean& isCompleted)
   at Microsoft.AspNetCore.Mvc.Infrastructure.ControllerActionInvoker.<InvokeInnerFilterAsync>g__Awaited|13_0(ControllerActionInvoker invoker, Task lastTask, State next, Scope scope, Object state, Boolean isCompleted)
   at Microsoft.AspNetCore.Mvc.Infrastructure.ResourceInvoker.<InvokeNextResourceFilter>g__Awaited|25_0(ResourceInvoker invoker, Task lastTask, State next, Scope scope, Object state, Boolean isCompleted)
   at Microsoft.AspNetCore.Mvc.Infrastructure.ResourceInvoker.Rethrow(ResourceExecutedContextSealed context)
   at Microsoft.AspNetCore.Mvc.Infrastructure.ResourceInvoker.Next(State& next, Scope& scope, Object& state, Boolean& isCompleted)
   at Microsoft.AspNetCore.Mvc.Infrastructure.ResourceInvoker.<InvokeFilterPipelineAsync>g__Awaited|20_0(ResourceInvoker invoker, Task lastTask, State next, Scope scope, Object state, Boolean isCompleted)
   at Microsoft.AspNetCore.Mvc.Infrastructure.ResourceInvoker.<InvokeAsync>g__Logged|17_1(ResourceInvoker invoker)
   at Microsoft.AspNetCore.Mvc.Infrastructure.ResourceInvoker.<InvokeAsync>g__Logged|17_1(ResourceInvoker invoker)
   at Microsoft.AspNetCore.Routing.EndpointMiddleware.<Invoke>g__AwaitRequestTask|6_0(Endpoint endpoint, Task requestTask, ILogger logger)
   at Microsoft.AspNetCore.Authorization.AuthorizationMiddleware.Invoke(HttpContext context)
   at Swashbuckle.AspNetCore.SwaggerUI.SwaggerUIMiddleware.Invoke(HttpContext httpContext)
   at Swashbuckle.AspNetCore.Swagger.SwaggerMiddleware.Invoke(HttpContext httpContext, ISwaggerProvider swaggerProvider)
   at GetInItBackEnd.Middleware.RequestTimeMiddleware.InvokeAsync(HttpContext context, RequestDelegate next) in C:\Users\jakub\Desktop\ISZProjekt\GetInItBackEnd\Middleware\RequestTimeMiddleware.cs:line 19
   at Microsoft.AspNetCore.Builder.UseMiddlewareExtensions.<>c__DisplayClass6_1.<<UseMiddlewareInterface>b__1>d.MoveNext()
--- End of stack trace from previous location ---
   at GetInItBackEnd.Middleware.ErrorHandlingMiddleware.InvokeAsync(HttpContext context, RequestDelegate next) in C:\Users\jakub\Desktop\ISZProjekt\GetInItBackEnd\Middleware\ErrorHandlingMiddleware.cs:line 18
2023-04-14 21:48:39.8663|0|ERROR|GetInItBackEnd.Middleware.ErrorHandlingMiddleware|Error mapping types.

Mapping types:
List`1 -> List`1
System.Collections.Generic.List`1[[GetInItBackEnd.Entities.Company, GetInItBackEnd, Version=1.0.0.0, Culture=neutral, PublicKeyToken=null]] -> System.Collections.Generic.List`1[[GetInItBackEnd.Models.Company.CompanyDto, GetInItBackEnd, Version=1.0.0.0, Culture=neutral, PublicKeyToken=null]] AutoMapper.AutoMapperMappingException: Error mapping types.

Mapping types:
List`1 -> List`1
System.Collections.Generic.List`1[[GetInItBackEnd.Entities.Company, GetInItBackEnd, Version=1.0.0.0, Culture=neutral, PublicKeyToken=null]] -> System.Collections.Generic.List`1[[GetInItBackEnd.Models.Company.CompanyDto, GetInItBackEnd, Version=1.0.0.0, Culture=neutral, PublicKeyToken=null]]
 ---> AutoMapper.AutoMapperMappingException: Error mapping types.

Mapping types:
Company -> CompanyDto
GetInItBackEnd.Entities.Company -> GetInItBackEnd.Models.Company.CompanyDto

Type Map configuration:
Company -> CompanyDto
GetInItBackEnd.Entities.Company -> GetInItBackEnd.Models.Company.CompanyDto

Destination Member:
Address

 ---> AutoMapper.AutoMapperMappingException: Missing type map configuration or unsupported mapping.

Mapping types:
Address -> AddressDto
GetInItBackEnd.Entities.Address -> GetInItBackEnd.Models.Address.AddressDto

Destination Member:
Address

   at lambda_method185(Closure, Address, AddressDto, ResolutionContext)
   at lambda_method184(Closure, Object, List`1, ResolutionContext)
   --- End of inner exception stack trace ---
   at lambda_method184(Closure, Object, List`1, ResolutionContext)
   --- End of inner exception stack trace ---
   at lambda_method184(Closure, Object, List`1, ResolutionContext)
   at GetInItBackEnd.Services.CompanyServices.CompanyService.GetAllCompanies() in C:\Users\jakub\Desktop\ISZProjekt\GetInItBackEnd\Services\CompanyServices\CompanyService.cs:line 37
   at GetInItBackEnd.Controllers.CompanyController.GetAll() in C:\Users\jakub\Desktop\ISZProjekt\GetInItBackEnd\Controllers\CompanyController.cs:line 28
   at lambda_method24(Closure, Object)
   at Microsoft.AspNetCore.Mvc.Infrastructure.ActionMethodExecutor.AwaitableObjectResultExecutor.Execute(ActionContext actionContext, IActionResultTypeMapper mapper, ObjectMethodExecutor executor, Object controller, Object[] arguments)
   at Microsoft.AspNetCore.Mvc.Infrastructure.ControllerActionInvoker.<InvokeActionMethodAsync>g__Logged|12_1(ControllerActionInvoker invoker)
   at Microsoft.AspNetCore.Mvc.Infrastructure.ControllerActionInvoker.<InvokeNextActionFilterAsync>g__Awaited|10_0(ControllerActionInvoker invoker, Task lastTask, State next, Scope scope, Object state, Boolean isCompleted)
   at Microsoft.AspNetCore.Mvc.Infrastructure.ControllerActionInvoker.Rethrow(ActionExecutedContextSealed context)
   at Microsoft.AspNetCore.Mvc.Infrastructure.ControllerActionInvoker.Next(State& next, Scope& scope, Object& state, Boolean& isCompleted)
   at Microsoft.AspNetCore.Mvc.Infrastructure.ControllerActionInvoker.<InvokeInnerFilterAsync>g__Awaited|13_0(ControllerActionInvoker invoker, Task lastTask, State next, Scope scope, Object state, Boolean isCompleted)
   at Microsoft.AspNetCore.Mvc.Infrastructure.ResourceInvoker.<InvokeNextResourceFilter>g__Awaited|25_0(ResourceInvoker invoker, Task lastTask, State next, Scope scope, Object state, Boolean isCompleted)
   at Microsoft.AspNetCore.Mvc.Infrastructure.ResourceInvoker.Rethrow(ResourceExecutedContextSealed context)
   at Microsoft.AspNetCore.Mvc.Infrastructure.ResourceInvoker.Next(State& next, Scope& scope, Object& state, Boolean& isCompleted)
   at Microsoft.AspNetCore.Mvc.Infrastructure.ResourceInvoker.<InvokeFilterPipelineAsync>g__Awaited|20_0(ResourceInvoker invoker, Task lastTask, State next, Scope scope, Object state, Boolean isCompleted)
   at Microsoft.AspNetCore.Mvc.Infrastructure.ResourceInvoker.<InvokeAsync>g__Logged|17_1(ResourceInvoker invoker)
   at Microsoft.AspNetCore.Mvc.Infrastructure.ResourceInvoker.<InvokeAsync>g__Logged|17_1(ResourceInvoker invoker)
   at Microsoft.AspNetCore.Routing.EndpointMiddleware.<Invoke>g__AwaitRequestTask|6_0(Endpoint endpoint, Task requestTask, ILogger logger)
   at Microsoft.AspNetCore.Authorization.AuthorizationMiddleware.Invoke(HttpContext context)
   at Swashbuckle.AspNetCore.SwaggerUI.SwaggerUIMiddleware.Invoke(HttpContext httpContext)
   at Swashbuckle.AspNetCore.Swagger.SwaggerMiddleware.Invoke(HttpContext httpContext, ISwaggerProvider swaggerProvider)
   at GetInItBackEnd.Middleware.RequestTimeMiddleware.InvokeAsync(HttpContext context, RequestDelegate next) in C:\Users\jakub\Desktop\ISZProjekt\GetInItBackEnd\Middleware\RequestTimeMiddleware.cs:line 19
   at Microsoft.AspNetCore.Builder.UseMiddlewareExtensions.<>c__DisplayClass6_1.<<UseMiddlewareInterface>b__1>d.MoveNext()
--- End of stack trace from previous location ---
   at GetInItBackEnd.Middleware.ErrorHandlingMiddleware.InvokeAsync(HttpContext context, RequestDelegate next) in C:\Users\jakub\Desktop\ISZProjekt\GetInItBackEnd\Middleware\ErrorHandlingMiddleware.cs:line 18
