2023-06-21 15:15:56.3430|0|DEBUG|Program|init main 
2023-06-21 15:15:56.7562|10401|DEBUG|Microsoft.EntityFrameworkCore.Infrastructure|An 'IServiceProvider' was created for internal use by Entity Framework. 
2023-06-21 15:15:57.3648|10601|DEBUG|Microsoft.EntityFrameworkCore.Model|The index {'OfferId'} was not created on entity type 'OfferEmploymentType (Dictionary<string, object>)' as the properties are already covered by the index {'OfferId', 'EmploymentTypeId'}. 
2023-06-21 15:15:57.3648|10601|DEBUG|Microsoft.EntityFrameworkCore.Model|The index {'OffersId'} was not created on entity type 'OfferTechnology (Dictionary<string, object>)' as the properties are already covered by the index {'OffersId', 'TechnologiesId'}. 
2023-06-21 15:15:57.4705|10600|DEBUG|Microsoft.EntityFrameworkCore.Model.Validation|The property 'OfferTechnology (Dictionary<string, object>).OffersId' was created in shadow state because there are no eligible CLR members with a matching name. 
2023-06-21 15:15:57.4705|10600|DEBUG|Microsoft.EntityFrameworkCore.Model.Validation|The property 'OfferTechnology (Dictionary<string, object>).TechnologiesId' was created in shadow state because there are no eligible CLR members with a matching name. 
2023-06-21 15:15:57.4975|30000|WARN|Microsoft.EntityFrameworkCore.Model.Validation|No store type was specified for the decimal property 'SalaryFrom' on entity type 'Offer'. This will cause values to be silently truncated if they do not fit in the default precision and scale. Explicitly specify the SQL server column type that can accommodate all the values in 'OnModelCreating' using 'HasColumnType', specify precision and scale using 'HasPrecision', or configure a value converter using 'HasConversion'. 
2023-06-21 15:15:57.4975|30000|WARN|Microsoft.EntityFrameworkCore.Model.Validation|No store type was specified for the decimal property 'SalaryTo' on entity type 'Offer'. This will cause values to be silently truncated if they do not fit in the default precision and scale. Explicitly specify the SQL server column type that can accommodate all the values in 'OnModelCreating' using 'HasColumnType', specify precision and scale using 'HasPrecision', or configure a value converter using 'HasConversion'. 
2023-06-21 15:15:57.6894|10403|DEBUG|Microsoft.EntityFrameworkCore.Infrastructure|Entity Framework Core 7.0.3 initialized 'GetInItDbContext' using provider 'Microsoft.EntityFrameworkCore.SqlServer:7.0.3' with options: None 
2023-06-21 15:15:57.7076|20005|DEBUG|Microsoft.EntityFrameworkCore.Database.Connection|Creating DbConnection. 
2023-06-21 15:15:57.7433|20006|DEBUG|Microsoft.EntityFrameworkCore.Database.Connection|Created DbConnection. (33ms). 
2023-06-21 15:15:57.7470|20000|DEBUG|Microsoft.EntityFrameworkCore.Database.Connection|Opening connection to database 'GetInItDB' on server 'localhost'. 
2023-06-21 15:15:57.9514|20001|DEBUG|Microsoft.EntityFrameworkCore.Database.Connection|Opened connection to database 'GetInItDB' on server 'localhost'. 
2023-06-21 15:15:57.9680|20103|DEBUG|Microsoft.EntityFrameworkCore.Database.Command|Creating DbCommand for 'ExecuteNonQuery'. 
2023-06-21 15:15:57.9680|20104|DEBUG|Microsoft.EntityFrameworkCore.Database.Command|Created DbCommand for 'ExecuteNonQuery' (7ms). 
2023-06-21 15:15:57.9680|20106|DEBUG|Microsoft.EntityFrameworkCore.Database.Command|Initialized DbCommand for 'ExecuteNonQuery' (14ms). 
2023-06-21 15:15:57.9889|20100|DEBUG|Microsoft.EntityFrameworkCore.Database.Command|Executing DbCommand [Parameters=[], CommandType='Text', CommandTimeout='30']
SELECT 1 
2023-06-21 15:15:58.0416|20101|INFO|Microsoft.EntityFrameworkCore.Database.Command|Executed DbCommand (56ms) [Parameters=[], CommandType='Text', CommandTimeout='30']
SELECT 1 
2023-06-21 15:15:58.0480|20002|DEBUG|Microsoft.EntityFrameworkCore.Database.Connection|Closing connection to database 'GetInItDB' on server 'localhost'. 
2023-06-21 15:15:58.0594|20003|DEBUG|Microsoft.EntityFrameworkCore.Database.Connection|Closed connection to database 'GetInItDB' on server 'localhost' (7ms). 
2023-06-21 15:15:58.1169|10111|DEBUG|Microsoft.EntityFrameworkCore.Query|Compiling query expression: 
'DbSet<Technology>()
    .Any()' 
2023-06-21 15:15:58.2982|10107|DEBUG|Microsoft.EntityFrameworkCore.Query|Generated query execution expression: 
'queryContext => new SingleQueryingEnumerable<bool>(
    (RelationalQueryContext)queryContext, 
    RelationalCommandCache.QueryExpression(
        Projection Mapping:
            EmptyProjectionMember -> 0
        SELECT EXISTS (
            SELECT 1
            FROM Technologies AS t)), 
    null, 
    Func<QueryContext, DbDataReader, ResultContext, SingleQueryResultCoordinator, bool>, 
    GetInItBackEnd.Entities.GetInItDbContext, 
    False, 
    False, 
    True
)
    .Single()' 
2023-06-21 15:15:58.3315|20103|DEBUG|Microsoft.EntityFrameworkCore.Database.Command|Creating DbCommand for 'ExecuteReader'. 
2023-06-21 15:15:58.3315|20104|DEBUG|Microsoft.EntityFrameworkCore.Database.Command|Created DbCommand for 'ExecuteReader' (0ms). 
2023-06-21 15:15:58.3315|20106|DEBUG|Microsoft.EntityFrameworkCore.Database.Command|Initialized DbCommand for 'ExecuteReader' (0ms). 
2023-06-21 15:15:58.3315|20000|DEBUG|Microsoft.EntityFrameworkCore.Database.Connection|Opening connection to database 'GetInItDB' on server 'localhost'. 
2023-06-21 15:15:58.3315|20001|DEBUG|Microsoft.EntityFrameworkCore.Database.Connection|Opened connection to database 'GetInItDB' on server 'localhost'. 
2023-06-21 15:15:58.3315|20100|DEBUG|Microsoft.EntityFrameworkCore.Database.Command|Executing DbCommand [Parameters=[], CommandType='Text', CommandTimeout='30']
SELECT CASE
    WHEN EXISTS (
        SELECT 1
        FROM [Technologies] AS [t]) THEN CAST(1 AS bit)
    ELSE CAST(0 AS bit)
END 
2023-06-21 15:15:58.3461|20101|INFO|Microsoft.EntityFrameworkCore.Database.Command|Executed DbCommand (11ms) [Parameters=[], CommandType='Text', CommandTimeout='30']
SELECT CASE
    WHEN EXISTS (
        SELECT 1
        FROM [Technologies] AS [t]) THEN CAST(1 AS bit)
    ELSE CAST(0 AS bit)
END 
2023-06-21 15:15:58.3573|20301|DEBUG|Microsoft.EntityFrameworkCore.Database.Command|Closing data reader to 'GetInItDB' on server 'localhost'. 
2023-06-21 15:15:58.3573|20300|DEBUG|Microsoft.EntityFrameworkCore.Database.Command|A data reader for 'GetInItDB' on server 'localhost' is being disposed after spending 11ms reading results. 
2023-06-21 15:15:58.3573|20002|DEBUG|Microsoft.EntityFrameworkCore.Database.Connection|Closing connection to database 'GetInItDB' on server 'localhost'. 
2023-06-21 15:15:58.3573|20003|DEBUG|Microsoft.EntityFrameworkCore.Database.Connection|Closed connection to database 'GetInItDB' on server 'localhost' (0ms). 
2023-06-21 15:15:58.3998|12|DEBUG|Microsoft.AspNetCore.Mvc.ModelBinding.ModelBinderFactory|Registered model binder providers, in the following order: Microsoft.AspNetCore.Mvc.ModelBinding.Binders.BinderTypeModelBinderProvider, Microsoft.AspNetCore.Mvc.ModelBinding.Binders.ServicesModelBinderProvider, Microsoft.AspNetCore.Mvc.ModelBinding.Binders.BodyModelBinderProvider, Microsoft.AspNetCore.Mvc.ModelBinding.Binders.HeaderModelBinderProvider, Microsoft.AspNetCore.Mvc.ModelBinding.Binders.FloatingPointTypeModelBinderProvider, Microsoft.AspNetCore.Mvc.ModelBinding.Binders.EnumTypeModelBinderProvider, Microsoft.AspNetCore.Mvc.ModelBinding.Binders.DateTimeModelBinderProvider, Microsoft.AspNetCore.Mvc.ModelBinding.Binders.SimpleTypeModelBinderProvider, Microsoft.AspNetCore.Mvc.ModelBinding.Binders.TryParseModelBinderProvider, Microsoft.AspNetCore.Mvc.ModelBinding.Binders.CancellationTokenModelBinderProvider, Microsoft.AspNetCore.Mvc.ModelBinding.Binders.ByteArrayModelBinderProvider, Microsoft.AspNetCore.Mvc.ModelBinding.Binders.FormFileModelBinderProvider, Microsoft.AspNetCore.Mvc.ModelBinding.Binders.FormCollectionModelBinderProvider, Microsoft.AspNetCore.Mvc.ModelBinding.Binders.KeyValuePairModelBinderProvider, Microsoft.AspNetCore.Mvc.ModelBinding.Binders.DictionaryModelBinderProvider, Microsoft.AspNetCore.Mvc.ModelBinding.Binders.ArrayModelBinderProvider, Microsoft.AspNetCore.Mvc.ModelBinding.Binders.CollectionModelBinderProvider, Microsoft.AspNetCore.Mvc.ModelBinding.Binders.ComplexObjectModelBinderProvider 
2023-06-21 15:15:58.4458|1|DEBUG|Microsoft.Extensions.Hosting.Internal.Host|Hosting starting 
2023-06-21 15:15:58.4557|63|INFO|Microsoft.AspNetCore.DataProtection.KeyManagement.XmlKeyManager|User profile is available. Using 'C:\Users\jakub\AppData\Local\ASP.NET\DataProtection-Keys' as key repository and Windows DPAPI to encrypt keys at rest. 
2023-06-21 15:15:58.4557|37|DEBUG|Microsoft.AspNetCore.DataProtection.Repositories.FileSystemXmlRepository|Reading data from file 'C:\Users\jakub\AppData\Local\ASP.NET\DataProtection-Keys\key-61beac45-c194-47f9-a2d7-e231fdca960a.xml'. 
2023-06-21 15:15:58.4694|37|DEBUG|Microsoft.AspNetCore.DataProtection.Repositories.FileSystemXmlRepository|Reading data from file 'C:\Users\jakub\AppData\Local\ASP.NET\DataProtection-Keys\key-e18af407-1558-4655-9058-fa0c0096c470.xml'. 
2023-06-21 15:15:58.4816|18|DEBUG|Microsoft.AspNetCore.DataProtection.KeyManagement.XmlKeyManager|Found key {61beac45-c194-47f9-a2d7-e231fdca960a}. 
2023-06-21 15:15:58.4816|18|DEBUG|Microsoft.AspNetCore.DataProtection.KeyManagement.XmlKeyManager|Found key {e18af407-1558-4655-9058-fa0c0096c470}. 
2023-06-21 15:15:58.4816|13|DEBUG|Microsoft.AspNetCore.DataProtection.KeyManagement.DefaultKeyResolver|Considering key {e18af407-1558-4655-9058-fa0c0096c470} with expiration date 2023-09-11 11:37:12Z as default key. 
2023-06-21 15:15:58.4816|0|DEBUG|Microsoft.AspNetCore.DataProtection.TypeForwardingActivator|Forwarded activator type request from Microsoft.AspNetCore.DataProtection.XmlEncryption.DpapiXmlDecryptor, Microsoft.AspNetCore.DataProtection, Version=7.0.0.0, Culture=neutral, PublicKeyToken=adb9793829ddae60 to Microsoft.AspNetCore.DataProtection.XmlEncryption.DpapiXmlDecryptor, Microsoft.AspNetCore.DataProtection, Culture=neutral, PublicKeyToken=adb9793829ddae60 
2023-06-21 15:15:58.4816|51|DEBUG|Microsoft.AspNetCore.DataProtection.XmlEncryption.DpapiXmlDecryptor|Decrypting secret element using Windows DPAPI. 
2023-06-21 15:15:58.4816|0|DEBUG|Microsoft.AspNetCore.DataProtection.TypeForwardingActivator|Forwarded activator type request from Microsoft.AspNetCore.DataProtection.AuthenticatedEncryption.ConfigurationModel.AuthenticatedEncryptorDescriptorDeserializer, Microsoft.AspNetCore.DataProtection, Version=7.0.0.0, Culture=neutral, PublicKeyToken=adb9793829ddae60 to Microsoft.AspNetCore.DataProtection.AuthenticatedEncryption.ConfigurationModel.AuthenticatedEncryptorDescriptorDeserializer, Microsoft.AspNetCore.DataProtection, Culture=neutral, PublicKeyToken=adb9793829ddae60 
2023-06-21 15:15:58.4816|4|DEBUG|Microsoft.AspNetCore.DataProtection.AuthenticatedEncryption.CngCbcAuthenticatedEncryptorFactory|Opening CNG algorithm 'AES' from provider '(null)' with chaining mode CBC. 
2023-06-21 15:15:58.4816|3|DEBUG|Microsoft.AspNetCore.DataProtection.AuthenticatedEncryption.CngCbcAuthenticatedEncryptorFactory|Opening CNG algorithm 'SHA256' from provider '(null)' with HMAC. 
2023-06-21 15:15:58.4957|2|DEBUG|Microsoft.AspNetCore.DataProtection.KeyManagement.KeyRingProvider|Using key {e18af407-1558-4655-9058-fa0c0096c470} as the default key. 
2023-06-21 15:15:58.4957|65|DEBUG|Microsoft.AspNetCore.DataProtection.Internal.DataProtectionHostedService|Key ring with default key {e18af407-1558-4655-9058-fa0c0096c470} was loaded during application startup. 
2023-06-21 15:15:58.5241|14|INFO|Microsoft.Hosting.Lifetime|Now listening on: http://localhost:5099 
2023-06-21 15:15:58.5241|13|DEBUG|Microsoft.AspNetCore.Hosting.Diagnostics|Loaded hosting startup assembly GetInItBackEnd 
2023-06-21 15:15:58.5241|0|INFO|Microsoft.Hosting.Lifetime|Application started. Press Ctrl+C to shut down. 
2023-06-21 15:15:58.5241|0|INFO|Microsoft.Hosting.Lifetime|Hosting environment: Development 
2023-06-21 15:15:58.5241|0|INFO|Microsoft.Hosting.Lifetime|Content root path: C:\Users\jakub\Desktop\ISZProjekt\GetInItBackEnd\GetInItBackEnd 
2023-06-21 15:15:58.5241|2|DEBUG|Microsoft.Extensions.Hosting.Internal.Host|Hosting started 
2023-06-21 15:17:52.9331|0|DEBUG|Program|init main 
2023-06-21 15:17:53.2809|10401|DEBUG|Microsoft.EntityFrameworkCore.Infrastructure|An 'IServiceProvider' was created for internal use by Entity Framework. 
2023-06-21 15:17:53.9613|10601|DEBUG|Microsoft.EntityFrameworkCore.Model|The index {'OfferId'} was not created on entity type 'OfferEmploymentType (Dictionary<string, object>)' as the properties are already covered by the index {'OfferId', 'EmploymentTypeId'}. 
2023-06-21 15:17:53.9654|10601|DEBUG|Microsoft.EntityFrameworkCore.Model|The index {'OffersId'} was not created on entity type 'OfferTechnology (Dictionary<string, object>)' as the properties are already covered by the index {'OffersId', 'TechnologiesId'}. 
2023-06-21 15:17:54.0863|10600|DEBUG|Microsoft.EntityFrameworkCore.Model.Validation|The property 'OfferTechnology (Dictionary<string, object>).OffersId' was created in shadow state because there are no eligible CLR members with a matching name. 
2023-06-21 15:17:54.0863|10600|DEBUG|Microsoft.EntityFrameworkCore.Model.Validation|The property 'OfferTechnology (Dictionary<string, object>).TechnologiesId' was created in shadow state because there are no eligible CLR members with a matching name. 
2023-06-21 15:17:54.1132|30000|WARN|Microsoft.EntityFrameworkCore.Model.Validation|No store type was specified for the decimal property 'SalaryFrom' on entity type 'Offer'. This will cause values to be silently truncated if they do not fit in the default precision and scale. Explicitly specify the SQL server column type that can accommodate all the values in 'OnModelCreating' using 'HasColumnType', specify precision and scale using 'HasPrecision', or configure a value converter using 'HasConversion'. 
2023-06-21 15:17:54.1132|30000|WARN|Microsoft.EntityFrameworkCore.Model.Validation|No store type was specified for the decimal property 'SalaryTo' on entity type 'Offer'. This will cause values to be silently truncated if they do not fit in the default precision and scale. Explicitly specify the SQL server column type that can accommodate all the values in 'OnModelCreating' using 'HasColumnType', specify precision and scale using 'HasPrecision', or configure a value converter using 'HasConversion'. 
2023-06-21 15:17:54.2948|10403|DEBUG|Microsoft.EntityFrameworkCore.Infrastructure|Entity Framework Core 7.0.3 initialized 'GetInItDbContext' using provider 'Microsoft.EntityFrameworkCore.SqlServer:7.0.3' with options: None 
2023-06-21 15:17:54.3112|20005|DEBUG|Microsoft.EntityFrameworkCore.Database.Connection|Creating DbConnection. 
2023-06-21 15:17:54.3470|20006|DEBUG|Microsoft.EntityFrameworkCore.Database.Connection|Created DbConnection. (33ms). 
2023-06-21 15:17:54.3470|20000|DEBUG|Microsoft.EntityFrameworkCore.Database.Connection|Opening connection to database 'GetInItDB' on server 'localhost'. 
2023-06-21 15:17:54.5584|20001|DEBUG|Microsoft.EntityFrameworkCore.Database.Connection|Opened connection to database 'GetInItDB' on server 'localhost'. 
2023-06-21 15:17:54.5875|20103|DEBUG|Microsoft.EntityFrameworkCore.Database.Command|Creating DbCommand for 'ExecuteNonQuery'. 
2023-06-21 15:17:54.6030|20104|DEBUG|Microsoft.EntityFrameworkCore.Database.Command|Created DbCommand for 'ExecuteNonQuery' (11ms). 
2023-06-21 15:17:54.6075|20106|DEBUG|Microsoft.EntityFrameworkCore.Database.Command|Initialized DbCommand for 'ExecuteNonQuery' (23ms). 
2023-06-21 15:17:54.6234|20100|DEBUG|Microsoft.EntityFrameworkCore.Database.Command|Executing DbCommand [Parameters=[], CommandType='Text', CommandTimeout='30']
SELECT 1 
2023-06-21 15:17:54.6882|20101|INFO|Microsoft.EntityFrameworkCore.Database.Command|Executed DbCommand (75ms) [Parameters=[], CommandType='Text', CommandTimeout='30']
SELECT 1 
2023-06-21 15:17:54.6882|20002|DEBUG|Microsoft.EntityFrameworkCore.Database.Connection|Closing connection to database 'GetInItDB' on server 'localhost'. 
2023-06-21 15:17:54.7051|20003|DEBUG|Microsoft.EntityFrameworkCore.Database.Connection|Closed connection to database 'GetInItDB' on server 'localhost' (6ms). 
2023-06-21 15:17:54.7569|10111|DEBUG|Microsoft.EntityFrameworkCore.Query|Compiling query expression: 
'DbSet<Technology>()
    .Any()' 
2023-06-21 15:17:54.9189|10107|DEBUG|Microsoft.EntityFrameworkCore.Query|Generated query execution expression: 
'queryContext => new SingleQueryingEnumerable<bool>(
    (RelationalQueryContext)queryContext, 
    RelationalCommandCache.QueryExpression(
        Projection Mapping:
            EmptyProjectionMember -> 0
        SELECT EXISTS (
            SELECT 1
            FROM Technologies AS t)), 
    null, 
    Func<QueryContext, DbDataReader, ResultContext, SingleQueryResultCoordinator, bool>, 
    GetInItBackEnd.Entities.GetInItDbContext, 
    False, 
    False, 
    True
)
    .Single()' 
2023-06-21 15:17:54.9535|20103|DEBUG|Microsoft.EntityFrameworkCore.Database.Command|Creating DbCommand for 'ExecuteReader'. 
2023-06-21 15:17:54.9535|20104|DEBUG|Microsoft.EntityFrameworkCore.Database.Command|Created DbCommand for 'ExecuteReader' (0ms). 
2023-06-21 15:17:54.9535|20106|DEBUG|Microsoft.EntityFrameworkCore.Database.Command|Initialized DbCommand for 'ExecuteReader' (0ms). 
2023-06-21 15:17:54.9535|20000|DEBUG|Microsoft.EntityFrameworkCore.Database.Connection|Opening connection to database 'GetInItDB' on server 'localhost'. 
2023-06-21 15:17:54.9535|20001|DEBUG|Microsoft.EntityFrameworkCore.Database.Connection|Opened connection to database 'GetInItDB' on server 'localhost'. 
2023-06-21 15:17:54.9535|20100|DEBUG|Microsoft.EntityFrameworkCore.Database.Command|Executing DbCommand [Parameters=[], CommandType='Text', CommandTimeout='30']
SELECT CASE
    WHEN EXISTS (
        SELECT 1
        FROM [Technologies] AS [t]) THEN CAST(1 AS bit)
    ELSE CAST(0 AS bit)
END 
2023-06-21 15:17:54.9676|20101|INFO|Microsoft.EntityFrameworkCore.Database.Command|Executed DbCommand (10ms) [Parameters=[], CommandType='Text', CommandTimeout='30']
SELECT CASE
    WHEN EXISTS (
        SELECT 1
        FROM [Technologies] AS [t]) THEN CAST(1 AS bit)
    ELSE CAST(0 AS bit)
END 
2023-06-21 15:17:54.9676|20301|DEBUG|Microsoft.EntityFrameworkCore.Database.Command|Closing data reader to 'GetInItDB' on server 'localhost'. 
2023-06-21 15:17:54.9822|20300|DEBUG|Microsoft.EntityFrameworkCore.Database.Command|A data reader for 'GetInItDB' on server 'localhost' is being disposed after spending 12ms reading results. 
2023-06-21 15:17:54.9822|20002|DEBUG|Microsoft.EntityFrameworkCore.Database.Connection|Closing connection to database 'GetInItDB' on server 'localhost'. 
2023-06-21 15:17:54.9822|20003|DEBUG|Microsoft.EntityFrameworkCore.Database.Connection|Closed connection to database 'GetInItDB' on server 'localhost' (0ms). 
2023-06-21 15:17:55.0247|12|DEBUG|Microsoft.AspNetCore.Mvc.ModelBinding.ModelBinderFactory|Registered model binder providers, in the following order: Microsoft.AspNetCore.Mvc.ModelBinding.Binders.BinderTypeModelBinderProvider, Microsoft.AspNetCore.Mvc.ModelBinding.Binders.ServicesModelBinderProvider, Microsoft.AspNetCore.Mvc.ModelBinding.Binders.BodyModelBinderProvider, Microsoft.AspNetCore.Mvc.ModelBinding.Binders.HeaderModelBinderProvider, Microsoft.AspNetCore.Mvc.ModelBinding.Binders.FloatingPointTypeModelBinderProvider, Microsoft.AspNetCore.Mvc.ModelBinding.Binders.EnumTypeModelBinderProvider, Microsoft.AspNetCore.Mvc.ModelBinding.Binders.DateTimeModelBinderProvider, Microsoft.AspNetCore.Mvc.ModelBinding.Binders.SimpleTypeModelBinderProvider, Microsoft.AspNetCore.Mvc.ModelBinding.Binders.TryParseModelBinderProvider, Microsoft.AspNetCore.Mvc.ModelBinding.Binders.CancellationTokenModelBinderProvider, Microsoft.AspNetCore.Mvc.ModelBinding.Binders.ByteArrayModelBinderProvider, Microsoft.AspNetCore.Mvc.ModelBinding.Binders.FormFileModelBinderProvider, Microsoft.AspNetCore.Mvc.ModelBinding.Binders.FormCollectionModelBinderProvider, Microsoft.AspNetCore.Mvc.ModelBinding.Binders.KeyValuePairModelBinderProvider, Microsoft.AspNetCore.Mvc.ModelBinding.Binders.DictionaryModelBinderProvider, Microsoft.AspNetCore.Mvc.ModelBinding.Binders.ArrayModelBinderProvider, Microsoft.AspNetCore.Mvc.ModelBinding.Binders.CollectionModelBinderProvider, Microsoft.AspNetCore.Mvc.ModelBinding.Binders.ComplexObjectModelBinderProvider 
2023-06-21 15:17:55.0721|1|DEBUG|Microsoft.Extensions.Hosting.Internal.Host|Hosting starting 
2023-06-21 15:17:55.0832|63|INFO|Microsoft.AspNetCore.DataProtection.KeyManagement.XmlKeyManager|User profile is available. Using 'C:\Users\jakub\AppData\Local\ASP.NET\DataProtection-Keys' as key repository and Windows DPAPI to encrypt keys at rest. 
2023-06-21 15:17:55.0832|37|DEBUG|Microsoft.AspNetCore.DataProtection.Repositories.FileSystemXmlRepository|Reading data from file 'C:\Users\jakub\AppData\Local\ASP.NET\DataProtection-Keys\key-61beac45-c194-47f9-a2d7-e231fdca960a.xml'. 
2023-06-21 15:17:55.0832|37|DEBUG|Microsoft.AspNetCore.DataProtection.Repositories.FileSystemXmlRepository|Reading data from file 'C:\Users\jakub\AppData\Local\ASP.NET\DataProtection-Keys\key-e18af407-1558-4655-9058-fa0c0096c470.xml'. 
2023-06-21 15:17:55.0930|18|DEBUG|Microsoft.AspNetCore.DataProtection.KeyManagement.XmlKeyManager|Found key {61beac45-c194-47f9-a2d7-e231fdca960a}. 
2023-06-21 15:17:55.0930|18|DEBUG|Microsoft.AspNetCore.DataProtection.KeyManagement.XmlKeyManager|Found key {e18af407-1558-4655-9058-fa0c0096c470}. 
2023-06-21 15:17:55.0930|13|DEBUG|Microsoft.AspNetCore.DataProtection.KeyManagement.DefaultKeyResolver|Considering key {e18af407-1558-4655-9058-fa0c0096c470} with expiration date 2023-09-11 11:37:12Z as default key. 
2023-06-21 15:17:55.1052|0|DEBUG|Microsoft.AspNetCore.DataProtection.TypeForwardingActivator|Forwarded activator type request from Microsoft.AspNetCore.DataProtection.XmlEncryption.DpapiXmlDecryptor, Microsoft.AspNetCore.DataProtection, Version=7.0.0.0, Culture=neutral, PublicKeyToken=adb9793829ddae60 to Microsoft.AspNetCore.DataProtection.XmlEncryption.DpapiXmlDecryptor, Microsoft.AspNetCore.DataProtection, Culture=neutral, PublicKeyToken=adb9793829ddae60 
2023-06-21 15:17:55.1052|51|DEBUG|Microsoft.AspNetCore.DataProtection.XmlEncryption.DpapiXmlDecryptor|Decrypting secret element using Windows DPAPI. 
2023-06-21 15:17:55.1052|0|DEBUG|Microsoft.AspNetCore.DataProtection.TypeForwardingActivator|Forwarded activator type request from Microsoft.AspNetCore.DataProtection.AuthenticatedEncryption.ConfigurationModel.AuthenticatedEncryptorDescriptorDeserializer, Microsoft.AspNetCore.DataProtection, Version=7.0.0.0, Culture=neutral, PublicKeyToken=adb9793829ddae60 to Microsoft.AspNetCore.DataProtection.AuthenticatedEncryption.ConfigurationModel.AuthenticatedEncryptorDescriptorDeserializer, Microsoft.AspNetCore.DataProtection, Culture=neutral, PublicKeyToken=adb9793829ddae60 
2023-06-21 15:17:55.1052|4|DEBUG|Microsoft.AspNetCore.DataProtection.AuthenticatedEncryption.CngCbcAuthenticatedEncryptorFactory|Opening CNG algorithm 'AES' from provider '(null)' with chaining mode CBC. 
2023-06-21 15:17:55.1052|3|DEBUG|Microsoft.AspNetCore.DataProtection.AuthenticatedEncryption.CngCbcAuthenticatedEncryptorFactory|Opening CNG algorithm 'SHA256' from provider '(null)' with HMAC. 
2023-06-21 15:17:55.1052|2|DEBUG|Microsoft.AspNetCore.DataProtection.KeyManagement.KeyRingProvider|Using key {e18af407-1558-4655-9058-fa0c0096c470} as the default key. 
2023-06-21 15:17:55.1052|65|DEBUG|Microsoft.AspNetCore.DataProtection.Internal.DataProtectionHostedService|Key ring with default key {e18af407-1558-4655-9058-fa0c0096c470} was loaded during application startup. 
2023-06-21 15:17:55.1396|14|INFO|Microsoft.Hosting.Lifetime|Now listening on: http://localhost:5099 
2023-06-21 15:17:55.1396|13|DEBUG|Microsoft.AspNetCore.Hosting.Diagnostics|Loaded hosting startup assembly GetInItBackEnd 
2023-06-21 15:17:55.1396|0|INFO|Microsoft.Hosting.Lifetime|Application started. Press Ctrl+C to shut down. 
2023-06-21 15:17:55.1396|0|INFO|Microsoft.Hosting.Lifetime|Hosting environment: Development 
2023-06-21 15:17:55.1396|0|INFO|Microsoft.Hosting.Lifetime|Content root path: C:\Users\jakub\Desktop\ISZProjekt\GetInItBackEnd\GetInItBackEnd 
2023-06-21 15:17:55.1396|2|DEBUG|Microsoft.Extensions.Hosting.Internal.Host|Hosting started 
2023-06-21 15:18:01.5878|39|DEBUG|Microsoft.AspNetCore.Server.Kestrel.Connections|Connection id "0HMRIB7O87CL3" accepted. 
2023-06-21 15:18:01.5878|1|DEBUG|Microsoft.AspNetCore.Server.Kestrel.Connections|Connection id "0HMRIB7O87CL3" started. 
2023-06-21 15:18:01.6269|1|INFO|Microsoft.AspNetCore.Hosting.Diagnostics|Request starting HTTP/1.1 GET http://localhost:5099/swagger/index.html - - 
2023-06-21 15:18:01.6269|0|DEBUG|Microsoft.AspNetCore.HostFiltering.HostFilteringMiddleware|Wildcard detected, all requests with hosts will be allowed. 
2023-06-21 15:18:01.6269|2|TRACE|Microsoft.AspNetCore.HostFiltering.HostFilteringMiddleware|All hosts are allowed. 
2023-06-21 15:18:01.6575|1000|DEBUG|Microsoft.AspNetCore.Routing.Matching.DfaMatcher|No candidates found for the request path '/swagger/index.html' 
2023-06-21 15:18:01.6575|2|DEBUG|Microsoft.AspNetCore.Routing.EndpointRoutingMiddleware|Request did not match any endpoints 
2023-06-21 15:18:01.6896|9|DEBUG|Microsoft.AspNetCore.Authentication.JwtBearer.JwtBearerHandler|AuthenticationScheme: Bearer was not authenticated. 
2023-06-21 15:18:01.6896|5|DEBUG|Microsoft.AspNetCore.StaticFiles.StaticFileMiddleware|The request path /swagger/index.html does not match an existing file 
2023-06-21 15:18:01.6896|3|WARN|Microsoft.AspNetCore.HttpsPolicy.HttpsRedirectionMiddleware|Failed to determine the https port for redirect. 
2023-06-21 15:18:01.8256|9|DEBUG|Microsoft.AspNetCore.Server.Kestrel.Connections|Connection id "0HMRIB7O87CL3" completed keep alive response. 
2023-06-21 15:18:01.8256|2|INFO|Microsoft.AspNetCore.Hosting.Diagnostics|Request finished HTTP/1.1 GET http://localhost:5099/swagger/index.html - - - 200 - text/html;charset=utf-8 202.1896ms 
2023-06-21 15:18:01.9446|1|INFO|Microsoft.AspNetCore.Hosting.Diagnostics|Request starting HTTP/1.1 GET http://localhost:5099/swagger/v1/swagger.json - - 
2023-06-21 15:18:01.9446|2|TRACE|Microsoft.AspNetCore.HostFiltering.HostFilteringMiddleware|All hosts are allowed. 
2023-06-21 15:18:01.9446|1000|DEBUG|Microsoft.AspNetCore.Routing.Matching.DfaMatcher|No candidates found for the request path '/swagger/v1/swagger.json' 
2023-06-21 15:18:01.9446|2|DEBUG|Microsoft.AspNetCore.Routing.EndpointRoutingMiddleware|Request did not match any endpoints 
2023-06-21 15:18:01.9446|9|DEBUG|Microsoft.AspNetCore.Authentication.JwtBearer.JwtBearerHandler|AuthenticationScheme: Bearer was not authenticated. 
2023-06-21 15:18:01.9446|5|DEBUG|Microsoft.AspNetCore.StaticFiles.StaticFileMiddleware|The request path /swagger/v1/swagger.json does not match an existing file 
2023-06-21 15:18:02.1203|9|DEBUG|Microsoft.AspNetCore.Server.Kestrel.Connections|Connection id "0HMRIB7O87CL3" completed keep alive response. 
2023-06-21 15:18:02.1206|2|INFO|Microsoft.AspNetCore.Hosting.Diagnostics|Request finished HTTP/1.1 GET http://localhost:5099/swagger/v1/swagger.json - - - 200 - application/json;charset=utf-8 175.9850ms 
