2023-05-31 12:56:41.2826|0|DEBUG|Program|init main 
2023-05-31 12:56:50.5548|12|DEBUG|Microsoft.AspNetCore.Mvc.ModelBinding.ModelBinderFactory|Registered model binder providers, in the following order: Microsoft.AspNetCore.Mvc.ModelBinding.Binders.BinderTypeModelBinderProvider, Microsoft.AspNetCore.Mvc.ModelBinding.Binders.ServicesModelBinderProvider, Microsoft.AspNetCore.Mvc.ModelBinding.Binders.BodyModelBinderProvider, Microsoft.AspNetCore.Mvc.ModelBinding.Binders.HeaderModelBinderProvider, Microsoft.AspNetCore.Mvc.ModelBinding.Binders.FloatingPointTypeModelBinderProvider, Microsoft.AspNetCore.Mvc.ModelBinding.Binders.EnumTypeModelBinderProvider, Microsoft.AspNetCore.Mvc.ModelBinding.Binders.DateTimeModelBinderProvider, Microsoft.AspNetCore.Mvc.ModelBinding.Binders.TryParseModelBinderProvider, Microsoft.AspNetCore.Mvc.ModelBinding.Binders.SimpleTypeModelBinderProvider, Microsoft.AspNetCore.Mvc.ModelBinding.Binders.CancellationTokenModelBinderProvider, Microsoft.AspNetCore.Mvc.ModelBinding.Binders.ByteArrayModelBinderProvider, Microsoft.AspNetCore.Mvc.ModelBinding.Binders.FormFileModelBinderProvider, Microsoft.AspNetCore.Mvc.ModelBinding.Binders.FormCollectionModelBinderProvider, Microsoft.AspNetCore.Mvc.ModelBinding.Binders.KeyValuePairModelBinderProvider, Microsoft.AspNetCore.Mvc.ModelBinding.Binders.DictionaryModelBinderProvider, Microsoft.AspNetCore.Mvc.ModelBinding.Binders.ArrayModelBinderProvider, Microsoft.AspNetCore.Mvc.ModelBinding.Binders.CollectionModelBinderProvider, Microsoft.AspNetCore.Mvc.ModelBinding.Binders.ComplexObjectModelBinderProvider 
2023-05-31 12:56:50.6124|1|DEBUG|Microsoft.Extensions.Hosting.Internal.Host|Hosting starting 
2023-05-31 12:56:50.6237|63|INFO|Microsoft.AspNetCore.DataProtection.KeyManagement.XmlKeyManager|User profile is available. Using 'C:\Users\jakub\AppData\Local\ASP.NET\DataProtection-Keys' as key repository and Windows DPAPI to encrypt keys at rest. 
2023-05-31 12:56:50.6237|37|DEBUG|Microsoft.AspNetCore.DataProtection.Repositories.FileSystemXmlRepository|Reading data from file 'C:\Users\jakub\AppData\Local\ASP.NET\DataProtection-Keys\key-61beac45-c194-47f9-a2d7-e231fdca960a.xml'. 
2023-05-31 12:56:50.6452|18|DEBUG|Microsoft.AspNetCore.DataProtection.KeyManagement.XmlKeyManager|Found key {61beac45-c194-47f9-a2d7-e231fdca960a}. 
2023-05-31 12:56:50.6562|13|DEBUG|Microsoft.AspNetCore.DataProtection.KeyManagement.DefaultKeyResolver|Considering key {61beac45-c194-47f9-a2d7-e231fdca960a} with expiration date 2023-06-15 01:09:09Z as default key. 
2023-05-31 12:56:50.6562|0|DEBUG|Microsoft.AspNetCore.DataProtection.TypeForwardingActivator|Forwarded activator type request from Microsoft.AspNetCore.DataProtection.XmlEncryption.DpapiXmlDecryptor, Microsoft.AspNetCore.DataProtection, Version=7.0.0.0, Culture=neutral, PublicKeyToken=adb9793829ddae60 to Microsoft.AspNetCore.DataProtection.XmlEncryption.DpapiXmlDecryptor, Microsoft.AspNetCore.DataProtection, Culture=neutral, PublicKeyToken=adb9793829ddae60 
2023-05-31 12:56:50.6562|51|DEBUG|Microsoft.AspNetCore.DataProtection.XmlEncryption.DpapiXmlDecryptor|Decrypting secret element using Windows DPAPI. 
2023-05-31 12:56:50.6562|0|DEBUG|Microsoft.AspNetCore.DataProtection.TypeForwardingActivator|Forwarded activator type request from Microsoft.AspNetCore.DataProtection.AuthenticatedEncryption.ConfigurationModel.AuthenticatedEncryptorDescriptorDeserializer, Microsoft.AspNetCore.DataProtection, Version=7.0.0.0, Culture=neutral, PublicKeyToken=adb9793829ddae60 to Microsoft.AspNetCore.DataProtection.AuthenticatedEncryption.ConfigurationModel.AuthenticatedEncryptorDescriptorDeserializer, Microsoft.AspNetCore.DataProtection, Culture=neutral, PublicKeyToken=adb9793829ddae60 
2023-05-31 12:56:50.6562|4|DEBUG|Microsoft.AspNetCore.DataProtection.AuthenticatedEncryption.CngCbcAuthenticatedEncryptorFactory|Opening CNG algorithm 'AES' from provider '(null)' with chaining mode CBC. 
2023-05-31 12:56:50.6562|3|DEBUG|Microsoft.AspNetCore.DataProtection.AuthenticatedEncryption.CngCbcAuthenticatedEncryptorFactory|Opening CNG algorithm 'SHA256' from provider '(null)' with HMAC. 
2023-05-31 12:56:50.6562|2|DEBUG|Microsoft.AspNetCore.DataProtection.KeyManagement.KeyRingProvider|Using key {61beac45-c194-47f9-a2d7-e231fdca960a} as the default key. 
2023-05-31 12:56:50.6562|65|DEBUG|Microsoft.AspNetCore.DataProtection.Internal.DataProtectionHostedService|Key ring with default key {61beac45-c194-47f9-a2d7-e231fdca960a} was loaded during application startup. 
2023-05-31 12:56:50.7075|14|INFO|Microsoft.Hosting.Lifetime|Now listening on: http://localhost:5099 
2023-05-31 12:56:50.7075|13|DEBUG|Microsoft.AspNetCore.Hosting.Diagnostics|Loaded hosting startup assembly GetInItBackEnd 
2023-05-31 12:56:50.7075|0|INFO|Microsoft.Hosting.Lifetime|Application started. Press Ctrl+C to shut down. 
2023-05-31 12:56:50.7075|0|INFO|Microsoft.Hosting.Lifetime|Hosting environment: Development 
2023-05-31 12:56:50.7075|0|INFO|Microsoft.Hosting.Lifetime|Content root path: C:\Users\jakub\Desktop\ISZProjekt\GetInItBackEnd 
2023-05-31 12:56:50.7075|2|DEBUG|Microsoft.Extensions.Hosting.Internal.Host|Hosting started 
2023-05-31 12:58:04.5563|0|INFO|Microsoft.Hosting.Lifetime|Application is shutting down... 
2023-05-31 12:58:04.5563|3|DEBUG|Microsoft.Extensions.Hosting.Internal.Host|Hosting stopping 
2023-05-31 12:58:04.5660|4|DEBUG|Microsoft.Extensions.Hosting.Internal.Host|Hosting stopped 
2023-05-31 12:58:18.5057|0|DEBUG|Program|init main 
2023-05-31 12:58:34.5937|0|DEBUG|Program|init main 
2023-05-31 12:58:59.0846|0|DEBUG|Program|init main 
2023-05-31 12:59:08.8677|0|DEBUG|Program|init main 
2023-05-31 12:59:10.6223|12|DEBUG|Microsoft.AspNetCore.Mvc.ModelBinding.ModelBinderFactory|Registered model binder providers, in the following order: Microsoft.AspNetCore.Mvc.ModelBinding.Binders.BinderTypeModelBinderProvider, Microsoft.AspNetCore.Mvc.ModelBinding.Binders.ServicesModelBinderProvider, Microsoft.AspNetCore.Mvc.ModelBinding.Binders.BodyModelBinderProvider, Microsoft.AspNetCore.Mvc.ModelBinding.Binders.HeaderModelBinderProvider, Microsoft.AspNetCore.Mvc.ModelBinding.Binders.FloatingPointTypeModelBinderProvider, Microsoft.AspNetCore.Mvc.ModelBinding.Binders.EnumTypeModelBinderProvider, Microsoft.AspNetCore.Mvc.ModelBinding.Binders.DateTimeModelBinderProvider, Microsoft.AspNetCore.Mvc.ModelBinding.Binders.TryParseModelBinderProvider, Microsoft.AspNetCore.Mvc.ModelBinding.Binders.SimpleTypeModelBinderProvider, Microsoft.AspNetCore.Mvc.ModelBinding.Binders.CancellationTokenModelBinderProvider, Microsoft.AspNetCore.Mvc.ModelBinding.Binders.ByteArrayModelBinderProvider, Microsoft.AspNetCore.Mvc.ModelBinding.Binders.FormFileModelBinderProvider, Microsoft.AspNetCore.Mvc.ModelBinding.Binders.FormCollectionModelBinderProvider, Microsoft.AspNetCore.Mvc.ModelBinding.Binders.KeyValuePairModelBinderProvider, Microsoft.AspNetCore.Mvc.ModelBinding.Binders.DictionaryModelBinderProvider, Microsoft.AspNetCore.Mvc.ModelBinding.Binders.ArrayModelBinderProvider, Microsoft.AspNetCore.Mvc.ModelBinding.Binders.CollectionModelBinderProvider, Microsoft.AspNetCore.Mvc.ModelBinding.Binders.ComplexObjectModelBinderProvider 
2023-05-31 12:59:10.6720|1|DEBUG|Microsoft.Extensions.Hosting.Internal.Host|Hosting starting 
2023-05-31 12:59:10.6720|63|INFO|Microsoft.AspNetCore.DataProtection.KeyManagement.XmlKeyManager|User profile is available. Using 'C:\Users\jakub\AppData\Local\ASP.NET\DataProtection-Keys' as key repository and Windows DPAPI to encrypt keys at rest. 
2023-05-31 12:59:10.6870|37|DEBUG|Microsoft.AspNetCore.DataProtection.Repositories.FileSystemXmlRepository|Reading data from file 'C:\Users\jakub\AppData\Local\ASP.NET\DataProtection-Keys\key-61beac45-c194-47f9-a2d7-e231fdca960a.xml'. 
2023-05-31 12:59:10.6870|18|DEBUG|Microsoft.AspNetCore.DataProtection.KeyManagement.XmlKeyManager|Found key {61beac45-c194-47f9-a2d7-e231fdca960a}. 
2023-05-31 12:59:10.7015|13|DEBUG|Microsoft.AspNetCore.DataProtection.KeyManagement.DefaultKeyResolver|Considering key {61beac45-c194-47f9-a2d7-e231fdca960a} with expiration date 2023-06-15 01:09:09Z as default key. 
2023-05-31 12:59:10.7015|0|DEBUG|Microsoft.AspNetCore.DataProtection.TypeForwardingActivator|Forwarded activator type request from Microsoft.AspNetCore.DataProtection.XmlEncryption.DpapiXmlDecryptor, Microsoft.AspNetCore.DataProtection, Version=7.0.0.0, Culture=neutral, PublicKeyToken=adb9793829ddae60 to Microsoft.AspNetCore.DataProtection.XmlEncryption.DpapiXmlDecryptor, Microsoft.AspNetCore.DataProtection, Culture=neutral, PublicKeyToken=adb9793829ddae60 
2023-05-31 12:59:10.7015|51|DEBUG|Microsoft.AspNetCore.DataProtection.XmlEncryption.DpapiXmlDecryptor|Decrypting secret element using Windows DPAPI. 
2023-05-31 12:59:10.7015|0|DEBUG|Microsoft.AspNetCore.DataProtection.TypeForwardingActivator|Forwarded activator type request from Microsoft.AspNetCore.DataProtection.AuthenticatedEncryption.ConfigurationModel.AuthenticatedEncryptorDescriptorDeserializer, Microsoft.AspNetCore.DataProtection, Version=7.0.0.0, Culture=neutral, PublicKeyToken=adb9793829ddae60 to Microsoft.AspNetCore.DataProtection.AuthenticatedEncryption.ConfigurationModel.AuthenticatedEncryptorDescriptorDeserializer, Microsoft.AspNetCore.DataProtection, Culture=neutral, PublicKeyToken=adb9793829ddae60 
2023-05-31 12:59:10.7015|4|DEBUG|Microsoft.AspNetCore.DataProtection.AuthenticatedEncryption.CngCbcAuthenticatedEncryptorFactory|Opening CNG algorithm 'AES' from provider '(null)' with chaining mode CBC. 
2023-05-31 12:59:10.7015|3|DEBUG|Microsoft.AspNetCore.DataProtection.AuthenticatedEncryption.CngCbcAuthenticatedEncryptorFactory|Opening CNG algorithm 'SHA256' from provider '(null)' with HMAC. 
2023-05-31 12:59:10.7015|2|DEBUG|Microsoft.AspNetCore.DataProtection.KeyManagement.KeyRingProvider|Using key {61beac45-c194-47f9-a2d7-e231fdca960a} as the default key. 
2023-05-31 12:59:10.7015|65|DEBUG|Microsoft.AspNetCore.DataProtection.Internal.DataProtectionHostedService|Key ring with default key {61beac45-c194-47f9-a2d7-e231fdca960a} was loaded during application startup. 
2023-05-31 12:59:10.7424|14|INFO|Microsoft.Hosting.Lifetime|Now listening on: http://localhost:5099 
2023-05-31 12:59:10.7424|13|DEBUG|Microsoft.AspNetCore.Hosting.Diagnostics|Loaded hosting startup assembly GetInItBackEnd 
2023-05-31 12:59:10.7424|0|INFO|Microsoft.Hosting.Lifetime|Application started. Press Ctrl+C to shut down. 
2023-05-31 12:59:10.7424|0|INFO|Microsoft.Hosting.Lifetime|Hosting environment: Development 
2023-05-31 12:59:10.7424|0|INFO|Microsoft.Hosting.Lifetime|Content root path: C:\Users\jakub\Desktop\ISZProjekt\GetInItBackEnd 
2023-05-31 12:59:10.7424|2|DEBUG|Microsoft.Extensions.Hosting.Internal.Host|Hosting started 
2023-05-31 12:59:25.5069|39|DEBUG|Microsoft.AspNetCore.Server.Kestrel.Connections|Connection id "0HMR1OOCH3DT1" accepted. 
2023-05-31 12:59:25.5069|1|DEBUG|Microsoft.AspNetCore.Server.Kestrel.Connections|Connection id "0HMR1OOCH3DT1" started. 
2023-05-31 12:59:25.5447|1|INFO|Microsoft.AspNetCore.Hosting.Diagnostics|Request starting HTTP/1.1 GET http://localhost:5099/swagger - - 
2023-05-31 12:59:25.5447|0|DEBUG|Microsoft.AspNetCore.HostFiltering.HostFilteringMiddleware|Wildcard detected, all requests with hosts will be allowed. 
2023-05-31 12:59:25.5447|2|TRACE|Microsoft.AspNetCore.HostFiltering.HostFilteringMiddleware|All hosts are allowed. 
2023-05-31 12:59:25.5676|1000|DEBUG|Microsoft.AspNetCore.Routing.Matching.DfaMatcher|No candidates found for the request path '/swagger' 
2023-05-31 12:59:25.5676|2|DEBUG|Microsoft.AspNetCore.Routing.EndpointRoutingMiddleware|Request did not match any endpoints 
2023-05-31 12:59:25.6005|9|DEBUG|Microsoft.AspNetCore.Authentication.JwtBearer.JwtBearerHandler|AuthenticationScheme: Bearer was not authenticated. 
2023-05-31 12:59:25.6005|3|WARN|Microsoft.AspNetCore.HttpsPolicy.HttpsRedirectionMiddleware|Failed to determine the https port for redirect. 
2023-05-31 12:59:25.6248|9|DEBUG|Microsoft.AspNetCore.Server.Kestrel.Connections|Connection id "0HMR1OOCH3DT1" completed keep alive response. 
2023-05-31 12:59:25.6248|2|INFO|Microsoft.AspNetCore.Hosting.Diagnostics|Request finished HTTP/1.1 GET http://localhost:5099/swagger - - - 301 0 - 82.8678ms 
2023-05-31 12:59:25.6248|1|INFO|Microsoft.AspNetCore.Hosting.Diagnostics|Request starting HTTP/1.1 GET http://localhost:5099/swagger/index.html - - 
2023-05-31 12:59:25.6248|2|TRACE|Microsoft.AspNetCore.HostFiltering.HostFilteringMiddleware|All hosts are allowed. 
2023-05-31 12:59:25.6248|1000|DEBUG|Microsoft.AspNetCore.Routing.Matching.DfaMatcher|No candidates found for the request path '/swagger/index.html' 
2023-05-31 12:59:25.6248|2|DEBUG|Microsoft.AspNetCore.Routing.EndpointRoutingMiddleware|Request did not match any endpoints 
2023-05-31 12:59:25.6248|9|DEBUG|Microsoft.AspNetCore.Authentication.JwtBearer.JwtBearerHandler|AuthenticationScheme: Bearer was not authenticated. 
2023-05-31 12:59:25.7258|9|DEBUG|Microsoft.AspNetCore.Server.Kestrel.Connections|Connection id "0HMR1OOCH3DT1" completed keep alive response. 
2023-05-31 12:59:25.7258|2|INFO|Microsoft.AspNetCore.Hosting.Diagnostics|Request finished HTTP/1.1 GET http://localhost:5099/swagger/index.html - - - 200 - text/html;charset=utf-8 93.8967ms 
2023-05-31 12:59:25.7340|39|DEBUG|Microsoft.AspNetCore.Server.Kestrel.Connections|Connection id "0HMR1OOCH3DT2" accepted. 
2023-05-31 12:59:25.7340|1|INFO|Microsoft.AspNetCore.Hosting.Diagnostics|Request starting HTTP/1.1 GET http://localhost:5099/swagger/swagger-ui.css - - 
2023-05-31 12:59:25.7340|2|TRACE|Microsoft.AspNetCore.HostFiltering.HostFilteringMiddleware|All hosts are allowed. 
2023-05-31 12:59:25.7340|1000|DEBUG|Microsoft.AspNetCore.Routing.Matching.DfaMatcher|No candidates found for the request path '/swagger/swagger-ui.css' 
2023-05-31 12:59:25.7340|2|DEBUG|Microsoft.AspNetCore.Routing.EndpointRoutingMiddleware|Request did not match any endpoints 
2023-05-31 12:59:25.7340|1|DEBUG|Microsoft.AspNetCore.Server.Kestrel.Connections|Connection id "0HMR1OOCH3DT2" started. 
2023-05-31 12:59:25.7340|39|DEBUG|Microsoft.AspNetCore.Server.Kestrel.Connections|Connection id "0HMR1OOCH3DT3" accepted. 
2023-05-31 12:59:25.7340|1|DEBUG|Microsoft.AspNetCore.Server.Kestrel.Connections|Connection id "0HMR1OOCH3DT3" started. 
2023-05-31 12:59:25.7340|1|INFO|Microsoft.AspNetCore.Hosting.Diagnostics|Request starting HTTP/1.1 GET http://localhost:5099/swagger/swagger-ui-standalone-preset.js - - 
2023-05-31 12:59:25.7340|1|INFO|Microsoft.AspNetCore.Hosting.Diagnostics|Request starting HTTP/1.1 GET http://localhost:5099/swagger/swagger-ui-bundle.js - - 
2023-05-31 12:59:25.7340|2|TRACE|Microsoft.AspNetCore.HostFiltering.HostFilteringMiddleware|All hosts are allowed. 
2023-05-31 12:59:25.7340|2|TRACE|Microsoft.AspNetCore.HostFiltering.HostFilteringMiddleware|All hosts are allowed. 
2023-05-31 12:59:25.7340|1000|DEBUG|Microsoft.AspNetCore.Routing.Matching.DfaMatcher|No candidates found for the request path '/swagger/swagger-ui-standalone-preset.js' 
2023-05-31 12:59:25.7340|1000|DEBUG|Microsoft.AspNetCore.Routing.Matching.DfaMatcher|No candidates found for the request path '/swagger/swagger-ui-bundle.js' 
2023-05-31 12:59:25.7340|2|DEBUG|Microsoft.AspNetCore.Routing.EndpointRoutingMiddleware|Request did not match any endpoints 
2023-05-31 12:59:25.7340|2|DEBUG|Microsoft.AspNetCore.Routing.EndpointRoutingMiddleware|Request did not match any endpoints 
2023-05-31 12:59:25.7340|9|DEBUG|Microsoft.AspNetCore.Authentication.JwtBearer.JwtBearerHandler|AuthenticationScheme: Bearer was not authenticated. 
2023-05-31 12:59:25.7340|9|DEBUG|Microsoft.AspNetCore.Authentication.JwtBearer.JwtBearerHandler|AuthenticationScheme: Bearer was not authenticated. 
2023-05-31 12:59:25.7340|9|DEBUG|Microsoft.AspNetCore.Authentication.JwtBearer.JwtBearerHandler|AuthenticationScheme: Bearer was not authenticated. 
2023-05-31 12:59:25.7340|0|TRACE|Microsoft.AspNetCore.StaticFiles.StaticFileMiddleware|Range header's value is empty. 
2023-05-31 12:59:25.7340|0|TRACE|Microsoft.AspNetCore.StaticFiles.StaticFileMiddleware|Range header's value is empty. 
2023-05-31 12:59:25.7340|0|TRACE|Microsoft.AspNetCore.StaticFiles.StaticFileMiddleware|Range header's value is empty. 
2023-05-31 12:59:25.7606|2|INFO|Microsoft.AspNetCore.StaticFiles.StaticFileMiddleware|Sending file. Request path: '/swagger-ui.css'. Physical path: 'N/A' 
2023-05-31 12:59:25.7606|2|INFO|Microsoft.AspNetCore.StaticFiles.StaticFileMiddleware|Sending file. Request path: '/swagger-ui-standalone-preset.js'. Physical path: 'N/A' 
2023-05-31 12:59:25.7636|9|DEBUG|Microsoft.AspNetCore.Server.Kestrel.Connections|Connection id "0HMR1OOCH3DT1" completed keep alive response. 
2023-05-31 12:59:25.7636|9|DEBUG|Microsoft.AspNetCore.Server.Kestrel.Connections|Connection id "0HMR1OOCH3DT3" completed keep alive response. 
2023-05-31 12:59:25.7636|2|INFO|Microsoft.AspNetCore.Hosting.Diagnostics|Request finished HTTP/1.1 GET http://localhost:5099/swagger/swagger-ui.css - - - 200 144929 text/css 29.7434ms 
2023-05-31 12:59:25.7636|2|INFO|Microsoft.AspNetCore.Hosting.Diagnostics|Request finished HTTP/1.1 GET http://localhost:5099/swagger/swagger-ui-standalone-preset.js - - - 200 312163 text/javascript 28.5402ms 
2023-05-31 12:59:25.7636|2|INFO|Microsoft.AspNetCore.StaticFiles.StaticFileMiddleware|Sending file. Request path: '/swagger-ui-bundle.js'. Physical path: 'N/A' 
2023-05-31 12:59:25.7636|9|DEBUG|Microsoft.AspNetCore.Server.Kestrel.Connections|Connection id "0HMR1OOCH3DT2" completed keep alive response. 
2023-05-31 12:59:25.7636|2|INFO|Microsoft.AspNetCore.Hosting.Diagnostics|Request finished HTTP/1.1 GET http://localhost:5099/swagger/swagger-ui-bundle.js - - - 200 1061536 text/javascript 33.0632ms 
2023-05-31 12:59:25.9238|1|INFO|Microsoft.AspNetCore.Hosting.Diagnostics|Request starting HTTP/1.1 GET http://localhost:5099/swagger/v1/swagger.json - - 
2023-05-31 12:59:25.9238|2|TRACE|Microsoft.AspNetCore.HostFiltering.HostFilteringMiddleware|All hosts are allowed. 
2023-05-31 12:59:25.9238|1000|DEBUG|Microsoft.AspNetCore.Routing.Matching.DfaMatcher|No candidates found for the request path '/swagger/v1/swagger.json' 
2023-05-31 12:59:25.9238|2|DEBUG|Microsoft.AspNetCore.Routing.EndpointRoutingMiddleware|Request did not match any endpoints 
2023-05-31 12:59:25.9238|9|DEBUG|Microsoft.AspNetCore.Authentication.JwtBearer.JwtBearerHandler|AuthenticationScheme: Bearer was not authenticated. 
2023-05-31 12:59:26.0614|9|DEBUG|Microsoft.AspNetCore.Server.Kestrel.Connections|Connection id "0HMR1OOCH3DT2" completed keep alive response. 
2023-05-31 12:59:26.0614|2|INFO|Microsoft.AspNetCore.Hosting.Diagnostics|Request finished HTTP/1.1 GET http://localhost:5099/swagger/v1/swagger.json - - - 200 - application/json;charset=utf-8 137.7943ms 
2023-05-31 12:59:49.4962|1|INFO|Microsoft.AspNetCore.Hosting.Diagnostics|Request starting HTTP/1.1 POST http://localhost:5099/api/account/RegisterAccount application/json-patch+json 149 
2023-05-31 12:59:49.4962|2|TRACE|Microsoft.AspNetCore.HostFiltering.HostFilteringMiddleware|All hosts are allowed. 
2023-05-31 12:59:49.4962|1001|DEBUG|Microsoft.AspNetCore.Routing.Matching.DfaMatcher|1 candidate(s) found for the request path '/api/account/RegisterAccount' 
2023-05-31 12:59:49.4962|1005|DEBUG|Microsoft.AspNetCore.Routing.Matching.DfaMatcher|Endpoint 'GetInItBackEnd.Controllers.AccountController.RegisterCompanyAccount (GetInItBackEnd)' with route pattern 'api/account/RegisterAccount' is valid for the request path '/api/account/RegisterAccount' 
2023-05-31 12:59:49.4962|1|DEBUG|Microsoft.AspNetCore.Routing.EndpointRoutingMiddleware|Request matched endpoint 'GetInItBackEnd.Controllers.AccountController.RegisterCompanyAccount (GetInItBackEnd)' 
2023-05-31 12:59:49.4962|9|DEBUG|Microsoft.AspNetCore.Authentication.JwtBearer.JwtBearerHandler|AuthenticationScheme: Bearer was not authenticated. 
2023-05-31 12:59:49.4962|2|DEBUG|Microsoft.AspNetCore.Cors.Infrastructure.CorsService|The request has an origin header: 'http://localhost:5099'. 
2023-05-31 12:59:49.4962|4|INFO|Microsoft.AspNetCore.Cors.Infrastructure.CorsService|CORS policy execution successful. 
2023-05-31 12:59:49.4962|15|DEBUG|Microsoft.AspNetCore.StaticFiles.StaticFileMiddleware|Static files was skipped as the request already matched an endpoint. 
2023-05-31 12:59:49.4962|0|INFO|Microsoft.AspNetCore.Routing.EndpointMiddleware|Executing endpoint 'GetInItBackEnd.Controllers.AccountController.RegisterCompanyAccount (GetInItBackEnd)' 
2023-05-31 12:59:49.5284|102|INFO|Microsoft.AspNetCore.Mvc.Infrastructure.ControllerActionInvoker|Route matched with {action = "RegisterCompanyAccount", controller = "Account"}. Executing controller action with signature System.Threading.Tasks.Task`1[Microsoft.AspNetCore.Mvc.ActionResult] RegisterCompanyAccount(GetInItBackEnd.Models.Account.CreateAccountDto) on controller GetInItBackEnd.Controllers.AccountController (GetInItBackEnd). 
2023-05-31 12:59:49.5284|1|DEBUG|Microsoft.AspNetCore.Mvc.Infrastructure.ControllerActionInvoker|Execution plan of authorization filters (in the following order): None 
2023-05-31 12:59:49.5284|1|DEBUG|Microsoft.AspNetCore.Mvc.Infrastructure.ControllerActionInvoker|Execution plan of resource filters (in the following order): None 
2023-05-31 12:59:49.5284|1|DEBUG|Microsoft.AspNetCore.Mvc.Infrastructure.ControllerActionInvoker|Execution plan of action filters (in the following order): Microsoft.AspNetCore.Mvc.ModelBinding.UnsupportedContentTypeFilter (Order: -3000), Microsoft.AspNetCore.Mvc.Infrastructure.ModelStateInvalidFilter (Order: -2000) 
2023-05-31 12:59:49.5284|1|DEBUG|Microsoft.AspNetCore.Mvc.Infrastructure.ControllerActionInvoker|Execution plan of exception filters (in the following order): None 
2023-05-31 12:59:49.5284|1|DEBUG|Microsoft.AspNetCore.Mvc.Infrastructure.ControllerActionInvoker|Execution plan of result filters (in the following order): Microsoft.AspNetCore.Mvc.Infrastructure.ClientErrorResultFilter (Order: -2000) 
2023-05-31 12:59:49.5284|1|DEBUG|Microsoft.AspNetCore.Mvc.Infrastructure.ControllerActionInvoker|Executing controller factory for controller GetInItBackEnd.Controllers.AccountController (GetInItBackEnd) 
2023-05-31 12:59:49.6728|2|DEBUG|Microsoft.AspNetCore.Mvc.Infrastructure.ControllerActionInvoker|Executed controller factory for controller GetInItBackEnd.Controllers.AccountController (GetInItBackEnd) 
2023-05-31 12:59:49.6728|22|DEBUG|Microsoft.AspNetCore.Mvc.ModelBinding.ParameterBinder|Attempting to bind parameter 'accountDto' of type 'GetInItBackEnd.Models.Account.CreateAccountDto' ... 
2023-05-31 12:59:49.6728|44|DEBUG|Microsoft.AspNetCore.Mvc.ModelBinding.Binders.BodyModelBinder|Attempting to bind parameter 'accountDto' of type 'GetInItBackEnd.Models.Account.CreateAccountDto' using the name '' in request data ... 
2023-05-31 12:59:49.6728|2|DEBUG|Microsoft.AspNetCore.Mvc.ModelBinding.Binders.BodyModelBinder|Rejected input formatter 'Microsoft.AspNetCore.Mvc.Formatters.NewtonsoftJsonPatchInputFormatter' for content type 'application/json-patch+json'. 
2023-05-31 12:59:49.6728|1|DEBUG|Microsoft.AspNetCore.Mvc.ModelBinding.Binders.BodyModelBinder|Selected input formatter 'Microsoft.AspNetCore.Mvc.Formatters.NewtonsoftJsonInputFormatter' for content type 'application/json-patch+json'. 
2023-05-31 12:59:49.6855|25|DEBUG|Microsoft.AspNetCore.Server.Kestrel|Connection id "0HMR1OOCH3DT2", Request id "0HMR1OOCH3DT2:00000003": started reading request body. 
2023-05-31 12:59:49.6855|26|DEBUG|Microsoft.AspNetCore.Server.Kestrel|Connection id "0HMR1OOCH3DT2", Request id "0HMR1OOCH3DT2:00000003": done reading request body. 
2023-05-31 12:59:49.7845|45|DEBUG|Microsoft.AspNetCore.Mvc.ModelBinding.Binders.BodyModelBinder|Done attempting to bind parameter 'accountDto' of type 'GetInItBackEnd.Models.Account.CreateAccountDto'. 
2023-05-31 12:59:49.7845|23|DEBUG|Microsoft.AspNetCore.Mvc.ModelBinding.ParameterBinder|Done attempting to bind parameter 'accountDto' of type 'GetInItBackEnd.Models.Account.CreateAccountDto'. 
2023-05-31 12:59:49.7845|26|DEBUG|Microsoft.AspNetCore.Mvc.ModelBinding.ParameterBinder|Attempting to validate the bound parameter 'accountDto' of type 'GetInItBackEnd.Models.Account.CreateAccountDto' ... 
2023-05-31 12:59:49.9569|27|DEBUG|Microsoft.AspNetCore.Mvc.ModelBinding.ParameterBinder|Done attempting to validate the bound parameter 'accountDto' of type 'GetInItBackEnd.Models.Account.CreateAccountDto'. 
2023-05-31 12:59:49.9569|52|TRACE|Microsoft.AspNetCore.Mvc.Infrastructure.ControllerActionInvoker|Action Filter: Before executing OnActionExecuting on filter Microsoft.AspNetCore.Mvc.ModelBinding.UnsupportedContentTypeFilter. 
2023-05-31 12:59:49.9569|53|TRACE|Microsoft.AspNetCore.Mvc.Infrastructure.ControllerActionInvoker|Action Filter: After executing OnActionExecuting on filter Microsoft.AspNetCore.Mvc.ModelBinding.UnsupportedContentTypeFilter. 
2023-05-31 12:59:49.9569|52|TRACE|Microsoft.AspNetCore.Mvc.Infrastructure.ControllerActionInvoker|Action Filter: Before executing OnActionExecuting on filter Microsoft.AspNetCore.Mvc.Infrastructure.ModelStateInvalidFilter. 
2023-05-31 12:59:49.9569|1|DEBUG|Microsoft.AspNetCore.Mvc.Infrastructure.ModelStateInvalidFilter|The request has model state errors, returning an error response. 
2023-05-31 12:59:49.9569|53|TRACE|Microsoft.AspNetCore.Mvc.Infrastructure.ControllerActionInvoker|Action Filter: After executing OnActionExecuting on filter Microsoft.AspNetCore.Mvc.Infrastructure.ModelStateInvalidFilter. 
2023-05-31 12:59:49.9569|63|DEBUG|Microsoft.AspNetCore.Mvc.Infrastructure.ControllerActionInvoker|Request was short circuited at action filter 'Microsoft.AspNetCore.Mvc.Infrastructure.ModelStateInvalidFilter'. 
2023-05-31 12:59:49.9569|52|TRACE|Microsoft.AspNetCore.Mvc.Infrastructure.ControllerActionInvoker|Action Filter: Before executing OnActionExecuted on filter Microsoft.AspNetCore.Mvc.ModelBinding.UnsupportedContentTypeFilter. 
2023-05-31 12:59:49.9569|53|TRACE|Microsoft.AspNetCore.Mvc.Infrastructure.ControllerActionInvoker|Action Filter: After executing OnActionExecuted on filter Microsoft.AspNetCore.Mvc.ModelBinding.UnsupportedContentTypeFilter. 
2023-05-31 12:59:49.9569|52|TRACE|Microsoft.AspNetCore.Mvc.Infrastructure.ControllerActionInvoker|Result Filter: Before executing OnResultExecuting on filter Microsoft.AspNetCore.Mvc.Infrastructure.ClientErrorResultFilter. 
2023-05-31 12:59:49.9569|53|TRACE|Microsoft.AspNetCore.Mvc.Infrastructure.ControllerActionInvoker|Result Filter: After executing OnResultExecuting on filter Microsoft.AspNetCore.Mvc.Infrastructure.ClientErrorResultFilter. 
2023-05-31 12:59:49.9569|5|TRACE|Microsoft.AspNetCore.Mvc.Infrastructure.ControllerActionInvoker|Before executing action result Microsoft.AspNetCore.Mvc.BadRequestObjectResult. 
2023-05-31 12:59:49.9569|11|DEBUG|Microsoft.AspNetCore.Mvc.Infrastructure.DefaultOutputFormatterSelector|List of registered output formatters, in the following order: Microsoft.AspNetCore.Mvc.Formatters.HttpNoContentOutputFormatter, Microsoft.AspNetCore.Mvc.Formatters.StringOutputFormatter, Microsoft.AspNetCore.Mvc.Formatters.StreamOutputFormatter, Microsoft.AspNetCore.Mvc.Formatters.NewtonsoftJsonOutputFormatter 
2023-05-31 12:59:49.9649|4|DEBUG|Microsoft.AspNetCore.Mvc.Infrastructure.DefaultOutputFormatterSelector|No information found on request to perform content negotiation. 
2023-05-31 12:59:49.9649|9|DEBUG|Microsoft.AspNetCore.Mvc.Infrastructure.DefaultOutputFormatterSelector|Attempting to select the first output formatter in the output formatters list which supports a content type from the explicitly specified content types 'application/problem+json, application/problem+xml, application/problem+json, application/problem+xml'. 
2023-05-31 12:59:49.9649|2|DEBUG|Microsoft.AspNetCore.Mvc.Infrastructure.DefaultOutputFormatterSelector|Selected output formatter 'Microsoft.AspNetCore.Mvc.Formatters.NewtonsoftJsonOutputFormatter' and content type 'application/problem+json' to write the response. 
2023-05-31 12:59:49.9649|1|INFO|Microsoft.AspNetCore.Mvc.Infrastructure.ObjectResultExecutor|Executing BadRequestObjectResult, writing value of type 'Microsoft.AspNetCore.Mvc.ValidationProblemDetails'. 
2023-05-31 12:59:50.0390|6|TRACE|Microsoft.AspNetCore.Mvc.Infrastructure.ControllerActionInvoker|After executing action result Microsoft.AspNetCore.Mvc.BadRequestObjectResult. 
2023-05-31 12:59:50.0390|52|TRACE|Microsoft.AspNetCore.Mvc.Infrastructure.ControllerActionInvoker|Result Filter: Before executing OnResultExecuted on filter Microsoft.AspNetCore.Mvc.Infrastructure.ClientErrorResultFilter. 
2023-05-31 12:59:50.0390|53|TRACE|Microsoft.AspNetCore.Mvc.Infrastructure.ControllerActionInvoker|Result Filter: After executing OnResultExecuted on filter Microsoft.AspNetCore.Mvc.Infrastructure.ClientErrorResultFilter. 
2023-05-31 12:59:50.0427|105|INFO|Microsoft.AspNetCore.Mvc.Infrastructure.ControllerActionInvoker|Executed action GetInItBackEnd.Controllers.AccountController.RegisterCompanyAccount (GetInItBackEnd) in 509.4448ms 
2023-05-31 12:59:50.0427|1|INFO|Microsoft.AspNetCore.Routing.EndpointMiddleware|Executed endpoint 'GetInItBackEnd.Controllers.AccountController.RegisterCompanyAccount (GetInItBackEnd)' 
2023-05-31 12:59:50.0427|9|DEBUG|Microsoft.AspNetCore.Server.Kestrel.Connections|Connection id "0HMR1OOCH3DT2" completed keep alive response. 
2023-05-31 12:59:50.0427|2|INFO|Microsoft.AspNetCore.Hosting.Diagnostics|Request finished HTTP/1.1 POST http://localhost:5099/api/account/RegisterAccount application/json-patch+json 149 - 400 264 application/problem+json;+charset=utf-8 555.0585ms 
2023-05-31 13:00:18.2727|1|INFO|Microsoft.AspNetCore.Hosting.Diagnostics|Request starting HTTP/1.1 POST http://localhost:5099/api/account/RegisterAccount application/json-patch+json 164 
2023-05-31 13:00:18.2727|2|TRACE|Microsoft.AspNetCore.HostFiltering.HostFilteringMiddleware|All hosts are allowed. 
2023-05-31 13:00:18.2727|1001|DEBUG|Microsoft.AspNetCore.Routing.Matching.DfaMatcher|1 candidate(s) found for the request path '/api/account/RegisterAccount' 
2023-05-31 13:00:18.2727|1005|DEBUG|Microsoft.AspNetCore.Routing.Matching.DfaMatcher|Endpoint 'GetInItBackEnd.Controllers.AccountController.RegisterCompanyAccount (GetInItBackEnd)' with route pattern 'api/account/RegisterAccount' is valid for the request path '/api/account/RegisterAccount' 
2023-05-31 13:00:18.2727|1|DEBUG|Microsoft.AspNetCore.Routing.EndpointRoutingMiddleware|Request matched endpoint 'GetInItBackEnd.Controllers.AccountController.RegisterCompanyAccount (GetInItBackEnd)' 
2023-05-31 13:00:18.2727|9|DEBUG|Microsoft.AspNetCore.Authentication.JwtBearer.JwtBearerHandler|AuthenticationScheme: Bearer was not authenticated. 
2023-05-31 13:00:18.2727|2|DEBUG|Microsoft.AspNetCore.Cors.Infrastructure.CorsService|The request has an origin header: 'http://localhost:5099'. 
2023-05-31 13:00:18.2727|4|INFO|Microsoft.AspNetCore.Cors.Infrastructure.CorsService|CORS policy execution successful. 
2023-05-31 13:00:18.2727|15|DEBUG|Microsoft.AspNetCore.StaticFiles.StaticFileMiddleware|Static files was skipped as the request already matched an endpoint. 
2023-05-31 13:00:18.2727|0|INFO|Microsoft.AspNetCore.Routing.EndpointMiddleware|Executing endpoint 'GetInItBackEnd.Controllers.AccountController.RegisterCompanyAccount (GetInItBackEnd)' 
2023-05-31 13:00:18.2727|102|INFO|Microsoft.AspNetCore.Mvc.Infrastructure.ControllerActionInvoker|Route matched with {action = "RegisterCompanyAccount", controller = "Account"}. Executing controller action with signature System.Threading.Tasks.Task`1[Microsoft.AspNetCore.Mvc.ActionResult] RegisterCompanyAccount(GetInItBackEnd.Models.Account.CreateAccountDto) on controller GetInItBackEnd.Controllers.AccountController (GetInItBackEnd). 
2023-05-31 13:00:18.2727|1|DEBUG|Microsoft.AspNetCore.Mvc.Infrastructure.ControllerActionInvoker|Execution plan of authorization filters (in the following order): None 
2023-05-31 13:00:18.2727|1|DEBUG|Microsoft.AspNetCore.Mvc.Infrastructure.ControllerActionInvoker|Execution plan of resource filters (in the following order): None 
2023-05-31 13:00:18.2727|1|DEBUG|Microsoft.AspNetCore.Mvc.Infrastructure.ControllerActionInvoker|Execution plan of action filters (in the following order): Microsoft.AspNetCore.Mvc.ModelBinding.UnsupportedContentTypeFilter (Order: -3000), Microsoft.AspNetCore.Mvc.Infrastructure.ModelStateInvalidFilter (Order: -2000) 
2023-05-31 13:00:18.2727|1|DEBUG|Microsoft.AspNetCore.Mvc.Infrastructure.ControllerActionInvoker|Execution plan of exception filters (in the following order): None 
2023-05-31 13:00:18.2727|1|DEBUG|Microsoft.AspNetCore.Mvc.Infrastructure.ControllerActionInvoker|Execution plan of result filters (in the following order): Microsoft.AspNetCore.Mvc.Infrastructure.ClientErrorResultFilter (Order: -2000) 
2023-05-31 13:00:18.2727|1|DEBUG|Microsoft.AspNetCore.Mvc.Infrastructure.ControllerActionInvoker|Executing controller factory for controller GetInItBackEnd.Controllers.AccountController (GetInItBackEnd) 
2023-05-31 13:00:18.2780|2|DEBUG|Microsoft.AspNetCore.Mvc.Infrastructure.ControllerActionInvoker|Executed controller factory for controller GetInItBackEnd.Controllers.AccountController (GetInItBackEnd) 
2023-05-31 13:00:18.2780|22|DEBUG|Microsoft.AspNetCore.Mvc.ModelBinding.ParameterBinder|Attempting to bind parameter 'accountDto' of type 'GetInItBackEnd.Models.Account.CreateAccountDto' ... 
2023-05-31 13:00:18.2780|44|DEBUG|Microsoft.AspNetCore.Mvc.ModelBinding.Binders.BodyModelBinder|Attempting to bind parameter 'accountDto' of type 'GetInItBackEnd.Models.Account.CreateAccountDto' using the name '' in request data ... 
2023-05-31 13:00:18.2780|2|DEBUG|Microsoft.AspNetCore.Mvc.ModelBinding.Binders.BodyModelBinder|Rejected input formatter 'Microsoft.AspNetCore.Mvc.Formatters.NewtonsoftJsonPatchInputFormatter' for content type 'application/json-patch+json'. 
2023-05-31 13:00:18.2780|1|DEBUG|Microsoft.AspNetCore.Mvc.ModelBinding.Binders.BodyModelBinder|Selected input formatter 'Microsoft.AspNetCore.Mvc.Formatters.NewtonsoftJsonInputFormatter' for content type 'application/json-patch+json'. 
2023-05-31 13:00:18.2780|25|DEBUG|Microsoft.AspNetCore.Server.Kestrel|Connection id "0HMR1OOCH3DT2", Request id "0HMR1OOCH3DT2:00000004": started reading request body. 
2023-05-31 13:00:18.2780|26|DEBUG|Microsoft.AspNetCore.Server.Kestrel|Connection id "0HMR1OOCH3DT2", Request id "0HMR1OOCH3DT2:00000004": done reading request body. 
2023-05-31 13:00:18.2780|45|DEBUG|Microsoft.AspNetCore.Mvc.ModelBinding.Binders.BodyModelBinder|Done attempting to bind parameter 'accountDto' of type 'GetInItBackEnd.Models.Account.CreateAccountDto'. 
2023-05-31 13:00:18.2780|23|DEBUG|Microsoft.AspNetCore.Mvc.ModelBinding.ParameterBinder|Done attempting to bind parameter 'accountDto' of type 'GetInItBackEnd.Models.Account.CreateAccountDto'. 
2023-05-31 13:00:18.2780|26|DEBUG|Microsoft.AspNetCore.Mvc.ModelBinding.ParameterBinder|Attempting to validate the bound parameter 'accountDto' of type 'GetInItBackEnd.Models.Account.CreateAccountDto' ... 
2023-05-31 13:00:18.3370|27|DEBUG|Microsoft.AspNetCore.Mvc.ModelBinding.ParameterBinder|Done attempting to validate the bound parameter 'accountDto' of type 'GetInItBackEnd.Models.Account.CreateAccountDto'. 
2023-05-31 13:00:18.3370|52|TRACE|Microsoft.AspNetCore.Mvc.Infrastructure.ControllerActionInvoker|Action Filter: Before executing OnActionExecuting on filter Microsoft.AspNetCore.Mvc.ModelBinding.UnsupportedContentTypeFilter. 
2023-05-31 13:00:18.3370|53|TRACE|Microsoft.AspNetCore.Mvc.Infrastructure.ControllerActionInvoker|Action Filter: After executing OnActionExecuting on filter Microsoft.AspNetCore.Mvc.ModelBinding.UnsupportedContentTypeFilter. 
2023-05-31 13:00:18.3370|52|TRACE|Microsoft.AspNetCore.Mvc.Infrastructure.ControllerActionInvoker|Action Filter: Before executing OnActionExecuting on filter Microsoft.AspNetCore.Mvc.Infrastructure.ModelStateInvalidFilter. 
2023-05-31 13:00:18.3370|53|TRACE|Microsoft.AspNetCore.Mvc.Infrastructure.ControllerActionInvoker|Action Filter: After executing OnActionExecuting on filter Microsoft.AspNetCore.Mvc.Infrastructure.ModelStateInvalidFilter. 
2023-05-31 13:00:18.3412|101|INFO|Microsoft.AspNetCore.Mvc.Infrastructure.ControllerActionInvoker|Executing action method GetInItBackEnd.Controllers.AccountController.RegisterCompanyAccount (GetInItBackEnd) - Validation state: Valid 
2023-05-31 13:00:18.3412|102|TRACE|Microsoft.AspNetCore.Mvc.Infrastructure.ControllerActionInvoker|Executing action method GetInItBackEnd.Controllers.AccountController.RegisterCompanyAccount (GetInItBackEnd) with arguments (GetInItBackEnd.Models.Account.CreateAccountDto) 
2023-05-31 13:00:18.7448|103|INFO|Microsoft.AspNetCore.Mvc.Infrastructure.ControllerActionInvoker|Executed action method GetInItBackEnd.Controllers.AccountController.RegisterCompanyAccount (GetInItBackEnd), returned result Microsoft.AspNetCore.Mvc.CreatedResult in 399.4831ms. 
2023-05-31 13:00:18.7448|52|TRACE|Microsoft.AspNetCore.Mvc.Infrastructure.ControllerActionInvoker|Action Filter: Before executing OnActionExecuted on filter Microsoft.AspNetCore.Mvc.Infrastructure.ModelStateInvalidFilter. 
2023-05-31 13:00:18.7448|53|TRACE|Microsoft.AspNetCore.Mvc.Infrastructure.ControllerActionInvoker|Action Filter: After executing OnActionExecuted on filter Microsoft.AspNetCore.Mvc.Infrastructure.ModelStateInvalidFilter. 
2023-05-31 13:00:18.7464|52|TRACE|Microsoft.AspNetCore.Mvc.Infrastructure.ControllerActionInvoker|Action Filter: Before executing OnActionExecuted on filter Microsoft.AspNetCore.Mvc.ModelBinding.UnsupportedContentTypeFilter. 
2023-05-31 13:00:18.7464|53|TRACE|Microsoft.AspNetCore.Mvc.Infrastructure.ControllerActionInvoker|Action Filter: After executing OnActionExecuted on filter Microsoft.AspNetCore.Mvc.ModelBinding.UnsupportedContentTypeFilter. 
2023-05-31 13:00:18.7464|52|TRACE|Microsoft.AspNetCore.Mvc.Infrastructure.ControllerActionInvoker|Result Filter: Before executing OnResultExecuting on filter Microsoft.AspNetCore.Mvc.Infrastructure.ClientErrorResultFilter. 
2023-05-31 13:00:18.7464|53|TRACE|Microsoft.AspNetCore.Mvc.Infrastructure.ControllerActionInvoker|Result Filter: After executing OnResultExecuting on filter Microsoft.AspNetCore.Mvc.Infrastructure.ClientErrorResultFilter. 
2023-05-31 13:00:18.7464|5|TRACE|Microsoft.AspNetCore.Mvc.Infrastructure.ControllerActionInvoker|Before executing action result Microsoft.AspNetCore.Mvc.CreatedResult. 
2023-05-31 13:00:18.7464|11|DEBUG|Microsoft.AspNetCore.Mvc.Infrastructure.DefaultOutputFormatterSelector|List of registered output formatters, in the following order: Microsoft.AspNetCore.Mvc.Formatters.HttpNoContentOutputFormatter, Microsoft.AspNetCore.Mvc.Formatters.StringOutputFormatter, Microsoft.AspNetCore.Mvc.Formatters.StreamOutputFormatter, Microsoft.AspNetCore.Mvc.Formatters.NewtonsoftJsonOutputFormatter 
2023-05-31 13:00:18.7464|4|DEBUG|Microsoft.AspNetCore.Mvc.Infrastructure.DefaultOutputFormatterSelector|No information found on request to perform content negotiation. 
2023-05-31 13:00:18.7464|8|DEBUG|Microsoft.AspNetCore.Mvc.Infrastructure.DefaultOutputFormatterSelector|Attempting to select an output formatter without using a content type as no explicit content types were specified for the response. 
2023-05-31 13:00:18.7464|10|DEBUG|Microsoft.AspNetCore.Mvc.Infrastructure.DefaultOutputFormatterSelector|Attempting to select the first formatter in the output formatters list which can write the result. 
2023-05-31 13:00:18.7464|2|DEBUG|Microsoft.AspNetCore.Mvc.Infrastructure.DefaultOutputFormatterSelector|Selected output formatter 'Microsoft.AspNetCore.Mvc.Formatters.HttpNoContentOutputFormatter' and content type '' to write the response. 
2023-05-31 13:00:18.7464|1|INFO|Microsoft.AspNetCore.Mvc.Infrastructure.ObjectResultExecutor|Executing CreatedResult, writing value of type 'null'. 
2023-05-31 13:00:18.7464|6|TRACE|Microsoft.AspNetCore.Mvc.Infrastructure.ControllerActionInvoker|After executing action result Microsoft.AspNetCore.Mvc.CreatedResult. 
2023-05-31 13:00:18.7464|52|TRACE|Microsoft.AspNetCore.Mvc.Infrastructure.ControllerActionInvoker|Result Filter: Before executing OnResultExecuted on filter Microsoft.AspNetCore.Mvc.Infrastructure.ClientErrorResultFilter. 
2023-05-31 13:00:18.7464|53|TRACE|Microsoft.AspNetCore.Mvc.Infrastructure.ControllerActionInvoker|Result Filter: After executing OnResultExecuted on filter Microsoft.AspNetCore.Mvc.Infrastructure.ClientErrorResultFilter. 
2023-05-31 13:00:18.7464|105|INFO|Microsoft.AspNetCore.Mvc.Infrastructure.ControllerActionInvoker|Executed action GetInItBackEnd.Controllers.AccountController.RegisterCompanyAccount (GetInItBackEnd) in 472.7544ms 
2023-05-31 13:00:18.7464|1|INFO|Microsoft.AspNetCore.Routing.EndpointMiddleware|Executed endpoint 'GetInItBackEnd.Controllers.AccountController.RegisterCompanyAccount (GetInItBackEnd)' 
2023-05-31 13:00:18.7464|9|DEBUG|Microsoft.AspNetCore.Server.Kestrel.Connections|Connection id "0HMR1OOCH3DT2" completed keep alive response. 
2023-05-31 13:00:18.7464|2|INFO|Microsoft.AspNetCore.Hosting.Diagnostics|Request finished HTTP/1.1 POST http://localhost:5099/api/account/RegisterAccount application/json-patch+json 164 - 201 0 - 478.6692ms 
2023-05-31 13:00:46.2095|0|INFO|Microsoft.Hosting.Lifetime|Application is shutting down... 
2023-05-31 13:00:46.2095|3|DEBUG|Microsoft.Extensions.Hosting.Internal.Host|Hosting stopping 
2023-05-31 13:00:46.2174|10|DEBUG|Microsoft.AspNetCore.Server.Kestrel.Connections|Connection id "0HMR1OOCH3DT1" disconnecting. 
2023-05-31 13:00:46.2174|10|DEBUG|Microsoft.AspNetCore.Server.Kestrel.Connections|Connection id "0HMR1OOCH3DT3" disconnecting. 
2023-05-31 13:00:46.2174|10|DEBUG|Microsoft.AspNetCore.Server.Kestrel.Connections|Connection id "0HMR1OOCH3DT2" disconnecting. 
2023-05-31 13:00:46.2174|2|DEBUG|Microsoft.AspNetCore.Server.Kestrel.Connections|Connection id "0HMR1OOCH3DT1" stopped. 
2023-05-31 13:00:46.2174|2|DEBUG|Microsoft.AspNetCore.Server.Kestrel.Connections|Connection id "0HMR1OOCH3DT2" stopped. 
2023-05-31 13:00:46.2174|2|DEBUG|Microsoft.AspNetCore.Server.Kestrel.Connections|Connection id "0HMR1OOCH3DT3" stopped. 
2023-05-31 13:00:46.2174|7|DEBUG|Microsoft.AspNetCore.Server.Kestrel.Transport.Sockets|Connection id "0HMR1OOCH3DT2" sending FIN because: "The Socket transport's send loop completed gracefully." 
2023-05-31 13:00:46.2174|7|DEBUG|Microsoft.AspNetCore.Server.Kestrel.Transport.Sockets|Connection id "0HMR1OOCH3DT1" sending FIN because: "The Socket transport's send loop completed gracefully." 
2023-05-31 13:00:46.2174|7|DEBUG|Microsoft.AspNetCore.Server.Kestrel.Transport.Sockets|Connection id "0HMR1OOCH3DT3" sending FIN because: "The Socket transport's send loop completed gracefully." 
2023-05-31 13:00:46.2174|4|DEBUG|Microsoft.Extensions.Hosting.Internal.Host|Hosting stopped 
2023-05-31 13:01:19.4750|0|DEBUG|Program|init main 
2023-05-31 13:02:40.1117|0|DEBUG|Program|init main 
2023-05-31 13:59:37.4649|0|DEBUG|Program|init main 
2023-05-31 13:59:55.8614|0|DEBUG|Program|init main 
2023-05-31 14:00:30.1114|0|DEBUG|Program|init main 
2023-05-31 14:14:13.8474|0|DEBUG|Program|init main 
2023-05-31 14:14:31.6165|12|DEBUG|Microsoft.AspNetCore.Mvc.ModelBinding.ModelBinderFactory|Registered model binder providers, in the following order: Microsoft.AspNetCore.Mvc.ModelBinding.Binders.BinderTypeModelBinderProvider, Microsoft.AspNetCore.Mvc.ModelBinding.Binders.ServicesModelBinderProvider, Microsoft.AspNetCore.Mvc.ModelBinding.Binders.BodyModelBinderProvider, Microsoft.AspNetCore.Mvc.ModelBinding.Binders.HeaderModelBinderProvider, Microsoft.AspNetCore.Mvc.ModelBinding.Binders.FloatingPointTypeModelBinderProvider, Microsoft.AspNetCore.Mvc.ModelBinding.Binders.EnumTypeModelBinderProvider, Microsoft.AspNetCore.Mvc.ModelBinding.Binders.DateTimeModelBinderProvider, Microsoft.AspNetCore.Mvc.ModelBinding.Binders.TryParseModelBinderProvider, Microsoft.AspNetCore.Mvc.ModelBinding.Binders.SimpleTypeModelBinderProvider, Microsoft.AspNetCore.Mvc.ModelBinding.Binders.CancellationTokenModelBinderProvider, Microsoft.AspNetCore.Mvc.ModelBinding.Binders.ByteArrayModelBinderProvider, Microsoft.AspNetCore.Mvc.ModelBinding.Binders.FormFileModelBinderProvider, Microsoft.AspNetCore.Mvc.ModelBinding.Binders.FormCollectionModelBinderProvider, Microsoft.AspNetCore.Mvc.ModelBinding.Binders.KeyValuePairModelBinderProvider, Microsoft.AspNetCore.Mvc.ModelBinding.Binders.DictionaryModelBinderProvider, Microsoft.AspNetCore.Mvc.ModelBinding.Binders.ArrayModelBinderProvider, Microsoft.AspNetCore.Mvc.ModelBinding.Binders.CollectionModelBinderProvider, Microsoft.AspNetCore.Mvc.ModelBinding.Binders.ComplexObjectModelBinderProvider 
2023-05-31 14:14:31.6682|1|DEBUG|Microsoft.Extensions.Hosting.Internal.Host|Hosting starting 
2023-05-31 14:14:31.6682|63|INFO|Microsoft.AspNetCore.DataProtection.KeyManagement.XmlKeyManager|User profile is available. Using 'C:\Users\jakub\AppData\Local\ASP.NET\DataProtection-Keys' as key repository and Windows DPAPI to encrypt keys at rest. 
2023-05-31 14:14:31.6682|37|DEBUG|Microsoft.AspNetCore.DataProtection.Repositories.FileSystemXmlRepository|Reading data from file 'C:\Users\jakub\AppData\Local\ASP.NET\DataProtection-Keys\key-61beac45-c194-47f9-a2d7-e231fdca960a.xml'. 
2023-05-31 14:14:31.6892|18|DEBUG|Microsoft.AspNetCore.DataProtection.KeyManagement.XmlKeyManager|Found key {61beac45-c194-47f9-a2d7-e231fdca960a}. 
2023-05-31 14:14:31.6992|13|DEBUG|Microsoft.AspNetCore.DataProtection.KeyManagement.DefaultKeyResolver|Considering key {61beac45-c194-47f9-a2d7-e231fdca960a} with expiration date 2023-06-15 01:09:09Z as default key. 
2023-05-31 14:14:31.6992|0|DEBUG|Microsoft.AspNetCore.DataProtection.TypeForwardingActivator|Forwarded activator type request from Microsoft.AspNetCore.DataProtection.XmlEncryption.DpapiXmlDecryptor, Microsoft.AspNetCore.DataProtection, Version=7.0.0.0, Culture=neutral, PublicKeyToken=adb9793829ddae60 to Microsoft.AspNetCore.DataProtection.XmlEncryption.DpapiXmlDecryptor, Microsoft.AspNetCore.DataProtection, Culture=neutral, PublicKeyToken=adb9793829ddae60 
2023-05-31 14:14:31.6992|51|DEBUG|Microsoft.AspNetCore.DataProtection.XmlEncryption.DpapiXmlDecryptor|Decrypting secret element using Windows DPAPI. 
2023-05-31 14:14:31.6992|0|DEBUG|Microsoft.AspNetCore.DataProtection.TypeForwardingActivator|Forwarded activator type request from Microsoft.AspNetCore.DataProtection.AuthenticatedEncryption.ConfigurationModel.AuthenticatedEncryptorDescriptorDeserializer, Microsoft.AspNetCore.DataProtection, Version=7.0.0.0, Culture=neutral, PublicKeyToken=adb9793829ddae60 to Microsoft.AspNetCore.DataProtection.AuthenticatedEncryption.ConfigurationModel.AuthenticatedEncryptorDescriptorDeserializer, Microsoft.AspNetCore.DataProtection, Culture=neutral, PublicKeyToken=adb9793829ddae60 
2023-05-31 14:14:31.6992|4|DEBUG|Microsoft.AspNetCore.DataProtection.AuthenticatedEncryption.CngCbcAuthenticatedEncryptorFactory|Opening CNG algorithm 'AES' from provider '(null)' with chaining mode CBC. 
2023-05-31 14:14:31.6992|3|DEBUG|Microsoft.AspNetCore.DataProtection.AuthenticatedEncryption.CngCbcAuthenticatedEncryptorFactory|Opening CNG algorithm 'SHA256' from provider '(null)' with HMAC. 
2023-05-31 14:14:31.6992|2|DEBUG|Microsoft.AspNetCore.DataProtection.KeyManagement.KeyRingProvider|Using key {61beac45-c194-47f9-a2d7-e231fdca960a} as the default key. 
2023-05-31 14:14:31.6992|65|DEBUG|Microsoft.AspNetCore.DataProtection.Internal.DataProtectionHostedService|Key ring with default key {61beac45-c194-47f9-a2d7-e231fdca960a} was loaded during application startup. 
2023-05-31 14:14:31.7389|14|INFO|Microsoft.Hosting.Lifetime|Now listening on: http://localhost:5099 
2023-05-31 14:14:31.7389|13|DEBUG|Microsoft.AspNetCore.Hosting.Diagnostics|Loaded hosting startup assembly GetInItBackEnd 
2023-05-31 14:14:31.7389|0|INFO|Microsoft.Hosting.Lifetime|Application started. Press Ctrl+C to shut down. 
2023-05-31 14:14:31.7389|0|INFO|Microsoft.Hosting.Lifetime|Hosting environment: Development 
2023-05-31 14:14:31.7389|0|INFO|Microsoft.Hosting.Lifetime|Content root path: C:\Users\jakub\Desktop\ISZProjekt\GetInItBackEnd 
2023-05-31 14:14:31.7389|2|DEBUG|Microsoft.Extensions.Hosting.Internal.Host|Hosting started 
2023-05-31 14:14:38.1346|0|INFO|Microsoft.Hosting.Lifetime|Application is shutting down... 
2023-05-31 14:14:38.1346|3|DEBUG|Microsoft.Extensions.Hosting.Internal.Host|Hosting stopping 
2023-05-31 14:14:38.1436|4|DEBUG|Microsoft.Extensions.Hosting.Internal.Host|Hosting stopped 
2023-05-31 14:15:58.0580|0|DEBUG|Program|init main 
2023-05-31 14:16:15.7742|12|DEBUG|Microsoft.AspNetCore.Mvc.ModelBinding.ModelBinderFactory|Registered model binder providers, in the following order: Microsoft.AspNetCore.Mvc.ModelBinding.Binders.BinderTypeModelBinderProvider, Microsoft.AspNetCore.Mvc.ModelBinding.Binders.ServicesModelBinderProvider, Microsoft.AspNetCore.Mvc.ModelBinding.Binders.BodyModelBinderProvider, Microsoft.AspNetCore.Mvc.ModelBinding.Binders.HeaderModelBinderProvider, Microsoft.AspNetCore.Mvc.ModelBinding.Binders.FloatingPointTypeModelBinderProvider, Microsoft.AspNetCore.Mvc.ModelBinding.Binders.EnumTypeModelBinderProvider, Microsoft.AspNetCore.Mvc.ModelBinding.Binders.DateTimeModelBinderProvider, Microsoft.AspNetCore.Mvc.ModelBinding.Binders.TryParseModelBinderProvider, Microsoft.AspNetCore.Mvc.ModelBinding.Binders.SimpleTypeModelBinderProvider, Microsoft.AspNetCore.Mvc.ModelBinding.Binders.CancellationTokenModelBinderProvider, Microsoft.AspNetCore.Mvc.ModelBinding.Binders.ByteArrayModelBinderProvider, Microsoft.AspNetCore.Mvc.ModelBinding.Binders.FormFileModelBinderProvider, Microsoft.AspNetCore.Mvc.ModelBinding.Binders.FormCollectionModelBinderProvider, Microsoft.AspNetCore.Mvc.ModelBinding.Binders.KeyValuePairModelBinderProvider, Microsoft.AspNetCore.Mvc.ModelBinding.Binders.DictionaryModelBinderProvider, Microsoft.AspNetCore.Mvc.ModelBinding.Binders.ArrayModelBinderProvider, Microsoft.AspNetCore.Mvc.ModelBinding.Binders.CollectionModelBinderProvider, Microsoft.AspNetCore.Mvc.ModelBinding.Binders.ComplexObjectModelBinderProvider 
2023-05-31 14:16:15.8281|1|DEBUG|Microsoft.Extensions.Hosting.Internal.Host|Hosting starting 
2023-05-31 14:16:15.8281|63|INFO|Microsoft.AspNetCore.DataProtection.KeyManagement.XmlKeyManager|User profile is available. Using 'C:\Users\jakub\AppData\Local\ASP.NET\DataProtection-Keys' as key repository and Windows DPAPI to encrypt keys at rest. 
2023-05-31 14:16:15.8436|37|DEBUG|Microsoft.AspNetCore.DataProtection.Repositories.FileSystemXmlRepository|Reading data from file 'C:\Users\jakub\AppData\Local\ASP.NET\DataProtection-Keys\key-61beac45-c194-47f9-a2d7-e231fdca960a.xml'. 
2023-05-31 14:16:15.8436|18|DEBUG|Microsoft.AspNetCore.DataProtection.KeyManagement.XmlKeyManager|Found key {61beac45-c194-47f9-a2d7-e231fdca960a}. 
2023-05-31 14:16:15.8599|13|DEBUG|Microsoft.AspNetCore.DataProtection.KeyManagement.DefaultKeyResolver|Considering key {61beac45-c194-47f9-a2d7-e231fdca960a} with expiration date 2023-06-15 01:09:09Z as default key. 
2023-05-31 14:16:15.8599|0|DEBUG|Microsoft.AspNetCore.DataProtection.TypeForwardingActivator|Forwarded activator type request from Microsoft.AspNetCore.DataProtection.XmlEncryption.DpapiXmlDecryptor, Microsoft.AspNetCore.DataProtection, Version=7.0.0.0, Culture=neutral, PublicKeyToken=adb9793829ddae60 to Microsoft.AspNetCore.DataProtection.XmlEncryption.DpapiXmlDecryptor, Microsoft.AspNetCore.DataProtection, Culture=neutral, PublicKeyToken=adb9793829ddae60 
2023-05-31 14:16:15.8599|51|DEBUG|Microsoft.AspNetCore.DataProtection.XmlEncryption.DpapiXmlDecryptor|Decrypting secret element using Windows DPAPI. 
2023-05-31 14:16:15.8599|0|DEBUG|Microsoft.AspNetCore.DataProtection.TypeForwardingActivator|Forwarded activator type request from Microsoft.AspNetCore.DataProtection.AuthenticatedEncryption.ConfigurationModel.AuthenticatedEncryptorDescriptorDeserializer, Microsoft.AspNetCore.DataProtection, Version=7.0.0.0, Culture=neutral, PublicKeyToken=adb9793829ddae60 to Microsoft.AspNetCore.DataProtection.AuthenticatedEncryption.ConfigurationModel.AuthenticatedEncryptorDescriptorDeserializer, Microsoft.AspNetCore.DataProtection, Culture=neutral, PublicKeyToken=adb9793829ddae60 
2023-05-31 14:16:15.8599|4|DEBUG|Microsoft.AspNetCore.DataProtection.AuthenticatedEncryption.CngCbcAuthenticatedEncryptorFactory|Opening CNG algorithm 'AES' from provider '(null)' with chaining mode CBC. 
2023-05-31 14:16:15.8599|3|DEBUG|Microsoft.AspNetCore.DataProtection.AuthenticatedEncryption.CngCbcAuthenticatedEncryptorFactory|Opening CNG algorithm 'SHA256' from provider '(null)' with HMAC. 
2023-05-31 14:16:15.8599|2|DEBUG|Microsoft.AspNetCore.DataProtection.KeyManagement.KeyRingProvider|Using key {61beac45-c194-47f9-a2d7-e231fdca960a} as the default key. 
2023-05-31 14:16:15.8599|65|DEBUG|Microsoft.AspNetCore.DataProtection.Internal.DataProtectionHostedService|Key ring with default key {61beac45-c194-47f9-a2d7-e231fdca960a} was loaded during application startup. 
2023-05-31 14:16:15.9012|14|INFO|Microsoft.Hosting.Lifetime|Now listening on: http://localhost:5099 
2023-05-31 14:16:15.9012|13|DEBUG|Microsoft.AspNetCore.Hosting.Diagnostics|Loaded hosting startup assembly GetInItBackEnd 
2023-05-31 14:16:15.9012|0|INFO|Microsoft.Hosting.Lifetime|Application started. Press Ctrl+C to shut down. 
2023-05-31 14:16:15.9012|0|INFO|Microsoft.Hosting.Lifetime|Hosting environment: Development 
2023-05-31 14:16:15.9012|0|INFO|Microsoft.Hosting.Lifetime|Content root path: C:\Users\jakub\Desktop\ISZProjekt\GetInItBackEnd 
2023-05-31 14:16:15.9012|2|DEBUG|Microsoft.Extensions.Hosting.Internal.Host|Hosting started 
2023-05-31 14:16:15.9189|39|DEBUG|Microsoft.AspNetCore.Server.Kestrel.Connections|Connection id "0HMR1Q3AHDGFI" accepted. 
2023-05-31 14:16:15.9189|1|DEBUG|Microsoft.AspNetCore.Server.Kestrel.Connections|Connection id "0HMR1Q3AHDGFI" started. 
2023-05-31 14:16:24.0505|39|DEBUG|Microsoft.AspNetCore.Server.Kestrel.Connections|Connection id "0HMR1Q3AHDGFJ" accepted. 
2023-05-31 14:16:24.0505|1|DEBUG|Microsoft.AspNetCore.Server.Kestrel.Connections|Connection id "0HMR1Q3AHDGFJ" started. 
2023-05-31 14:16:24.0783|1|INFO|Microsoft.AspNetCore.Hosting.Diagnostics|Request starting HTTP/1.1 GET http://localhost:5099/swagger/index.html - - 
2023-05-31 14:16:24.0783|0|DEBUG|Microsoft.AspNetCore.HostFiltering.HostFilteringMiddleware|Wildcard detected, all requests with hosts will be allowed. 
2023-05-31 14:16:24.0783|2|TRACE|Microsoft.AspNetCore.HostFiltering.HostFilteringMiddleware|All hosts are allowed. 
2023-05-31 14:16:24.1018|1000|DEBUG|Microsoft.AspNetCore.Routing.Matching.DfaMatcher|No candidates found for the request path '/swagger/index.html' 
2023-05-31 14:16:24.1018|2|DEBUG|Microsoft.AspNetCore.Routing.EndpointRoutingMiddleware|Request did not match any endpoints 
2023-05-31 14:16:24.1272|9|DEBUG|Microsoft.AspNetCore.Authentication.JwtBearer.JwtBearerHandler|AuthenticationScheme: Bearer was not authenticated. 
2023-05-31 14:16:24.1272|3|WARN|Microsoft.AspNetCore.HttpsPolicy.HttpsRedirectionMiddleware|Failed to determine the https port for redirect. 
2023-05-31 14:16:24.2394|9|DEBUG|Microsoft.AspNetCore.Server.Kestrel.Connections|Connection id "0HMR1Q3AHDGFI" completed keep alive response. 
2023-05-31 14:16:24.2394|2|INFO|Microsoft.AspNetCore.Hosting.Diagnostics|Request finished HTTP/1.1 GET http://localhost:5099/swagger/index.html - - - 200 - text/html;charset=utf-8 163.6546ms 
2023-05-31 14:16:24.2633|39|DEBUG|Microsoft.AspNetCore.Server.Kestrel.Connections|Connection id "0HMR1Q3AHDGFK" accepted. 
2023-05-31 14:16:24.2633|1|DEBUG|Microsoft.AspNetCore.Server.Kestrel.Connections|Connection id "0HMR1Q3AHDGFK" started. 
2023-05-31 14:16:24.2633|1|INFO|Microsoft.AspNetCore.Hosting.Diagnostics|Request starting HTTP/1.1 GET http://localhost:5099/swagger/swagger-ui-bundle.js - - 
2023-05-31 14:16:24.2633|2|TRACE|Microsoft.AspNetCore.HostFiltering.HostFilteringMiddleware|All hosts are allowed. 
2023-05-31 14:16:24.2633|1000|DEBUG|Microsoft.AspNetCore.Routing.Matching.DfaMatcher|No candidates found for the request path '/swagger/swagger-ui-bundle.js' 
2023-05-31 14:16:24.2633|2|DEBUG|Microsoft.AspNetCore.Routing.EndpointRoutingMiddleware|Request did not match any endpoints 
2023-05-31 14:16:24.2633|1|INFO|Microsoft.AspNetCore.Hosting.Diagnostics|Request starting HTTP/1.1 GET http://localhost:5099/swagger/swagger-ui-standalone-preset.js - - 
2023-05-31 14:16:24.2633|2|TRACE|Microsoft.AspNetCore.HostFiltering.HostFilteringMiddleware|All hosts are allowed. 
2023-05-31 14:16:24.2633|1000|DEBUG|Microsoft.AspNetCore.Routing.Matching.DfaMatcher|No candidates found for the request path '/swagger/swagger-ui-standalone-preset.js' 
2023-05-31 14:16:24.2633|2|DEBUG|Microsoft.AspNetCore.Routing.EndpointRoutingMiddleware|Request did not match any endpoints 
2023-05-31 14:16:24.2633|1|INFO|Microsoft.AspNetCore.Hosting.Diagnostics|Request starting HTTP/1.1 GET http://localhost:5099/swagger/swagger-ui.css - - 
2023-05-31 14:16:24.2633|2|TRACE|Microsoft.AspNetCore.HostFiltering.HostFilteringMiddleware|All hosts are allowed. 
2023-05-31 14:16:24.2633|1000|DEBUG|Microsoft.AspNetCore.Routing.Matching.DfaMatcher|No candidates found for the request path '/swagger/swagger-ui.css' 
2023-05-31 14:16:24.2633|2|DEBUG|Microsoft.AspNetCore.Routing.EndpointRoutingMiddleware|Request did not match any endpoints 
2023-05-31 14:16:24.2633|9|DEBUG|Microsoft.AspNetCore.Authentication.JwtBearer.JwtBearerHandler|AuthenticationScheme: Bearer was not authenticated. 
2023-05-31 14:16:24.2633|9|DEBUG|Microsoft.AspNetCore.Authentication.JwtBearer.JwtBearerHandler|AuthenticationScheme: Bearer was not authenticated. 
2023-05-31 14:16:24.2633|9|DEBUG|Microsoft.AspNetCore.Authentication.JwtBearer.JwtBearerHandler|AuthenticationScheme: Bearer was not authenticated. 
2023-05-31 14:16:24.2633|0|TRACE|Microsoft.AspNetCore.StaticFiles.StaticFileMiddleware|Range header's value is empty. 
2023-05-31 14:16:24.2633|0|TRACE|Microsoft.AspNetCore.StaticFiles.StaticFileMiddleware|Range header's value is empty. 
2023-05-31 14:16:24.2633|0|TRACE|Microsoft.AspNetCore.StaticFiles.StaticFileMiddleware|Range header's value is empty. 
2023-05-31 14:16:24.2874|2|INFO|Microsoft.AspNetCore.StaticFiles.StaticFileMiddleware|Sending file. Request path: '/swagger-ui-standalone-preset.js'. Physical path: 'N/A' 
2023-05-31 14:16:24.2874|2|INFO|Microsoft.AspNetCore.StaticFiles.StaticFileMiddleware|Sending file. Request path: '/swagger-ui.css'. Physical path: 'N/A' 
2023-05-31 14:16:24.2874|2|INFO|Microsoft.AspNetCore.StaticFiles.StaticFileMiddleware|Sending file. Request path: '/swagger-ui-bundle.js'. Physical path: 'N/A' 
2023-05-31 14:16:24.2874|9|DEBUG|Microsoft.AspNetCore.Server.Kestrel.Connections|Connection id "0HMR1Q3AHDGFK" completed keep alive response. 
2023-05-31 14:16:24.2874|9|DEBUG|Microsoft.AspNetCore.Server.Kestrel.Connections|Connection id "0HMR1Q3AHDGFJ" completed keep alive response. 
2023-05-31 14:16:24.2874|9|DEBUG|Microsoft.AspNetCore.Server.Kestrel.Connections|Connection id "0HMR1Q3AHDGFI" completed keep alive response. 
2023-05-31 14:16:24.2874|2|INFO|Microsoft.AspNetCore.Hosting.Diagnostics|Request finished HTTP/1.1 GET http://localhost:5099/swagger/swagger-ui-standalone-preset.js - - - 200 312163 text/javascript 27.4729ms 
2023-05-31 14:16:24.2874|2|INFO|Microsoft.AspNetCore.Hosting.Diagnostics|Request finished HTTP/1.1 GET http://localhost:5099/swagger/swagger-ui.css - - - 200 144929 text/css 25.4862ms 
2023-05-31 14:16:24.2874|2|INFO|Microsoft.AspNetCore.Hosting.Diagnostics|Request finished HTTP/1.1 GET http://localhost:5099/swagger/swagger-ui-bundle.js - - - 200 1061536 text/javascript 27.8691ms 
2023-05-31 14:16:24.4528|1|INFO|Microsoft.AspNetCore.Hosting.Diagnostics|Request starting HTTP/1.1 GET http://localhost:5099/swagger/v1/swagger.json - - 
2023-05-31 14:16:24.4528|2|TRACE|Microsoft.AspNetCore.HostFiltering.HostFilteringMiddleware|All hosts are allowed. 
2023-05-31 14:16:24.4528|1000|DEBUG|Microsoft.AspNetCore.Routing.Matching.DfaMatcher|No candidates found for the request path '/swagger/v1/swagger.json' 
2023-05-31 14:16:24.4528|2|DEBUG|Microsoft.AspNetCore.Routing.EndpointRoutingMiddleware|Request did not match any endpoints 
2023-05-31 14:16:24.4528|9|DEBUG|Microsoft.AspNetCore.Authentication.JwtBearer.JwtBearerHandler|AuthenticationScheme: Bearer was not authenticated. 
2023-05-31 14:16:24.4740|1|INFO|Microsoft.AspNetCore.Hosting.Diagnostics|Request starting HTTP/1.1 GET http://localhost:5099/swagger/favicon-32x32.png - - 
2023-05-31 14:16:24.4740|2|TRACE|Microsoft.AspNetCore.HostFiltering.HostFilteringMiddleware|All hosts are allowed. 
2023-05-31 14:16:24.4740|1000|DEBUG|Microsoft.AspNetCore.Routing.Matching.DfaMatcher|No candidates found for the request path '/swagger/favicon-32x32.png' 
2023-05-31 14:16:24.4740|2|DEBUG|Microsoft.AspNetCore.Routing.EndpointRoutingMiddleware|Request did not match any endpoints 
2023-05-31 14:16:24.4740|9|DEBUG|Microsoft.AspNetCore.Authentication.JwtBearer.JwtBearerHandler|AuthenticationScheme: Bearer was not authenticated. 
2023-05-31 14:16:24.4740|0|TRACE|Microsoft.AspNetCore.StaticFiles.StaticFileMiddleware|Range header's value is empty. 
2023-05-31 14:16:24.4740|2|INFO|Microsoft.AspNetCore.StaticFiles.StaticFileMiddleware|Sending file. Request path: '/favicon-32x32.png'. Physical path: 'N/A' 
2023-05-31 14:16:24.4740|9|DEBUG|Microsoft.AspNetCore.Server.Kestrel.Connections|Connection id "0HMR1Q3AHDGFK" completed keep alive response. 
2023-05-31 14:16:24.4740|2|INFO|Microsoft.AspNetCore.Hosting.Diagnostics|Request finished HTTP/1.1 GET http://localhost:5099/swagger/favicon-32x32.png - - - 200 628 image/png 0.6852ms 
2023-05-31 14:16:24.5817|9|DEBUG|Microsoft.AspNetCore.Server.Kestrel.Connections|Connection id "0HMR1Q3AHDGFJ" completed keep alive response. 
2023-05-31 14:16:24.5817|2|INFO|Microsoft.AspNetCore.Hosting.Diagnostics|Request finished HTTP/1.1 GET http://localhost:5099/swagger/v1/swagger.json - - - 200 - application/json;charset=utf-8 129.0377ms 
2023-05-31 14:16:50.1793|1|INFO|Microsoft.AspNetCore.Hosting.Diagnostics|Request starting HTTP/1.1 POST http://localhost:5099/api/account/RegisterAccount application/json-patch+json 422 
2023-05-31 14:16:50.1793|2|TRACE|Microsoft.AspNetCore.HostFiltering.HostFilteringMiddleware|All hosts are allowed. 
2023-05-31 14:16:50.1849|1001|DEBUG|Microsoft.AspNetCore.Routing.Matching.DfaMatcher|1 candidate(s) found for the request path '/api/account/RegisterAccount' 
2023-05-31 14:16:50.1849|1005|DEBUG|Microsoft.AspNetCore.Routing.Matching.DfaMatcher|Endpoint 'GetInItBackEnd.Controllers.AccountController.RegisterCompanyAccount (GetInItBackEnd)' with route pattern 'api/account/RegisterAccount' is valid for the request path '/api/account/RegisterAccount' 
2023-05-31 14:16:50.1849|1|DEBUG|Microsoft.AspNetCore.Routing.EndpointRoutingMiddleware|Request matched endpoint 'GetInItBackEnd.Controllers.AccountController.RegisterCompanyAccount (GetInItBackEnd)' 
2023-05-31 14:16:50.1849|9|DEBUG|Microsoft.AspNetCore.Authentication.JwtBearer.JwtBearerHandler|AuthenticationScheme: Bearer was not authenticated. 
2023-05-31 14:16:50.1849|2|DEBUG|Microsoft.AspNetCore.Cors.Infrastructure.CorsService|The request has an origin header: 'http://localhost:5099'. 
2023-05-31 14:16:50.1849|4|INFO|Microsoft.AspNetCore.Cors.Infrastructure.CorsService|CORS policy execution successful. 
2023-05-31 14:16:50.1849|15|DEBUG|Microsoft.AspNetCore.StaticFiles.StaticFileMiddleware|Static files was skipped as the request already matched an endpoint. 
2023-05-31 14:16:50.1849|0|INFO|Microsoft.AspNetCore.Routing.EndpointMiddleware|Executing endpoint 'GetInItBackEnd.Controllers.AccountController.RegisterCompanyAccount (GetInItBackEnd)' 
2023-05-31 14:16:50.2152|102|INFO|Microsoft.AspNetCore.Mvc.Infrastructure.ControllerActionInvoker|Route matched with {action = "RegisterCompanyAccount", controller = "Account"}. Executing controller action with signature System.Threading.Tasks.Task`1[Microsoft.AspNetCore.Mvc.ActionResult] RegisterCompanyAccount(GetInItBackEnd.Models.Account.CreateAccountDto) on controller GetInItBackEnd.Controllers.AccountController (GetInItBackEnd). 
2023-05-31 14:16:50.2152|1|DEBUG|Microsoft.AspNetCore.Mvc.Infrastructure.ControllerActionInvoker|Execution plan of authorization filters (in the following order): None 
2023-05-31 14:16:50.2152|1|DEBUG|Microsoft.AspNetCore.Mvc.Infrastructure.ControllerActionInvoker|Execution plan of resource filters (in the following order): None 
2023-05-31 14:16:50.2152|1|DEBUG|Microsoft.AspNetCore.Mvc.Infrastructure.ControllerActionInvoker|Execution plan of action filters (in the following order): Microsoft.AspNetCore.Mvc.ModelBinding.UnsupportedContentTypeFilter (Order: -3000), Microsoft.AspNetCore.Mvc.Infrastructure.ModelStateInvalidFilter (Order: -2000) 
2023-05-31 14:16:50.2152|1|DEBUG|Microsoft.AspNetCore.Mvc.Infrastructure.ControllerActionInvoker|Execution plan of exception filters (in the following order): None 
2023-05-31 14:16:50.2152|1|DEBUG|Microsoft.AspNetCore.Mvc.Infrastructure.ControllerActionInvoker|Execution plan of result filters (in the following order): Microsoft.AspNetCore.Mvc.Infrastructure.ClientErrorResultFilter (Order: -2000) 
2023-05-31 14:16:50.2152|1|DEBUG|Microsoft.AspNetCore.Mvc.Infrastructure.ControllerActionInvoker|Executing controller factory for controller GetInItBackEnd.Controllers.AccountController (GetInItBackEnd) 
2023-05-31 14:16:50.3571|2|DEBUG|Microsoft.AspNetCore.Mvc.Infrastructure.ControllerActionInvoker|Executed controller factory for controller GetInItBackEnd.Controllers.AccountController (GetInItBackEnd) 
2023-05-31 14:16:50.3571|22|DEBUG|Microsoft.AspNetCore.Mvc.ModelBinding.ParameterBinder|Attempting to bind parameter 'accountDto' of type 'GetInItBackEnd.Models.Account.CreateAccountDto' ... 
2023-05-31 14:16:50.3571|44|DEBUG|Microsoft.AspNetCore.Mvc.ModelBinding.Binders.BodyModelBinder|Attempting to bind parameter 'accountDto' of type 'GetInItBackEnd.Models.Account.CreateAccountDto' using the name '' in request data ... 
2023-05-31 14:16:50.3571|2|DEBUG|Microsoft.AspNetCore.Mvc.ModelBinding.Binders.BodyModelBinder|Rejected input formatter 'Microsoft.AspNetCore.Mvc.Formatters.NewtonsoftJsonPatchInputFormatter' for content type 'application/json-patch+json'. 
2023-05-31 14:16:50.3571|1|DEBUG|Microsoft.AspNetCore.Mvc.ModelBinding.Binders.BodyModelBinder|Selected input formatter 'Microsoft.AspNetCore.Mvc.Formatters.NewtonsoftJsonInputFormatter' for content type 'application/json-patch+json'. 
2023-05-31 14:16:50.3571|25|DEBUG|Microsoft.AspNetCore.Server.Kestrel|Connection id "0HMR1Q3AHDGFJ", Request id "0HMR1Q3AHDGFJ:00000003": started reading request body. 
2023-05-31 14:16:50.3571|26|DEBUG|Microsoft.AspNetCore.Server.Kestrel|Connection id "0HMR1Q3AHDGFJ", Request id "0HMR1Q3AHDGFJ:00000003": done reading request body. 
2023-05-31 14:16:50.4807|45|DEBUG|Microsoft.AspNetCore.Mvc.ModelBinding.Binders.BodyModelBinder|Done attempting to bind parameter 'accountDto' of type 'GetInItBackEnd.Models.Account.CreateAccountDto'. 
2023-05-31 14:16:50.4807|23|DEBUG|Microsoft.AspNetCore.Mvc.ModelBinding.ParameterBinder|Done attempting to bind parameter 'accountDto' of type 'GetInItBackEnd.Models.Account.CreateAccountDto'. 
2023-05-31 14:16:50.4807|26|DEBUG|Microsoft.AspNetCore.Mvc.ModelBinding.ParameterBinder|Attempting to validate the bound parameter 'accountDto' of type 'GetInItBackEnd.Models.Account.CreateAccountDto' ... 
2023-05-31 14:17:07.1913|105|INFO|Microsoft.AspNetCore.Mvc.Infrastructure.ControllerActionInvoker|Executed action GetInItBackEnd.Controllers.AccountController.RegisterCompanyAccount (GetInItBackEnd) in 16971.658ms 
2023-05-31 14:17:07.1913|1|INFO|Microsoft.AspNetCore.Routing.EndpointMiddleware|Executed endpoint 'GetInItBackEnd.Controllers.AccountController.RegisterCompanyAccount (GetInItBackEnd)' 
2023-05-31 14:17:07.1913|1|ERROR|Microsoft.AspNetCore.Diagnostics.DeveloperExceptionPageMiddleware|An unhandled exception has occurred while executing the request. Microsoft.Data.SqlClient.SqlException (0x80131904): A network-related or instance-specific error occurred while establishing a connection to SQL Server. The server was not found or was not accessible. Verify that the instance name is correct and that SQL Server is configured to allow remote connections. (provider: Named Pipes Provider, error: 40 - Could not open a connection to SQL Server)
 ---> System.ComponentModel.Win32Exception (2): Nie mona odnale okrelonego pliku.
   at Microsoft.Data.SqlClient.SqlInternalConnection.OnError(SqlException exception, Boolean breakConnection, Action`1 wrapCloseInAction)
   at Microsoft.Data.SqlClient.TdsParser.ThrowExceptionAndWarning(TdsParserStateObject stateObj, Boolean callerHasConnectionLock, Boolean asyncClose)
   at Microsoft.Data.SqlClient.TdsParser.Connect(ServerInfo serverInfo, SqlInternalConnectionTds connHandler, Boolean ignoreSniOpenTimeout, Int64 timerExpire, SqlConnectionString connectionOptions, Boolean withFailover)
   at Microsoft.Data.SqlClient.SqlInternalConnectionTds.AttemptOneLogin(ServerInfo serverInfo, String newPassword, SecureString newSecurePassword, Boolean ignoreSniOpenTimeout, TimeoutTimer timeout, Boolean withFailover)
   at Microsoft.Data.SqlClient.SqlInternalConnectionTds.LoginNoFailover(ServerInfo serverInfo, String newPassword, SecureString newSecurePassword, Boolean redirectedUserInstance, SqlConnectionString connectionOptions, SqlCredential credential, TimeoutTimer timeout)
   at Microsoft.Data.SqlClient.SqlInternalConnectionTds.OpenLoginEnlist(TimeoutTimer timeout, SqlConnectionString connectionOptions, SqlCredential credential, String newPassword, SecureString newSecurePassword, Boolean redirectedUserInstance)
   at Microsoft.Data.SqlClient.SqlInternalConnectionTds..ctor(DbConnectionPoolIdentity identity, SqlConnectionString connectionOptions, SqlCredential credential, Object providerInfo, String newPassword, SecureString newSecurePassword, Boolean redirectedUserInstance, SqlConnectionString userConnectionOptions, SessionData reconnectSessionData, Boolean applyTransientFaultHandling, String accessToken, DbConnectionPool pool)
   at Microsoft.Data.SqlClient.SqlConnectionFactory.CreateConnection(DbConnectionOptions options, DbConnectionPoolKey poolKey, Object poolGroupProviderInfo, DbConnectionPool pool, DbConnection owningConnection, DbConnectionOptions userOptions)
   at Microsoft.Data.ProviderBase.DbConnectionFactory.CreatePooledConnection(DbConnectionPool pool, DbConnection owningObject, DbConnectionOptions options, DbConnectionPoolKey poolKey, DbConnectionOptions userOptions)
   at Microsoft.Data.ProviderBase.DbConnectionPool.CreateObject(DbConnection owningObject, DbConnectionOptions userOptions, DbConnectionInternal oldConnection)
   at Microsoft.Data.ProviderBase.DbConnectionPool.UserCreateRequest(DbConnection owningObject, DbConnectionOptions userOptions, DbConnectionInternal oldConnection)
   at Microsoft.Data.ProviderBase.DbConnectionPool.TryGetConnection(DbConnection owningObject, UInt32 waitForMultipleObjectsTimeout, Boolean allowCreate, Boolean onlyOneCheckConnection, DbConnectionOptions userOptions, DbConnectionInternal& connection)
   at Microsoft.Data.ProviderBase.DbConnectionPool.TryGetConnection(DbConnection owningObject, TaskCompletionSource`1 retry, DbConnectionOptions userOptions, DbConnectionInternal& connection)
   at Microsoft.Data.ProviderBase.DbConnectionFactory.TryGetConnection(DbConnection owningConnection, TaskCompletionSource`1 retry, DbConnectionOptions userOptions, DbConnectionInternal oldConnection, DbConnectionInternal& connection)
   at Microsoft.Data.ProviderBase.DbConnectionInternal.TryOpenConnectionInternal(DbConnection outerConnection, DbConnectionFactory connectionFactory, TaskCompletionSource`1 retry, DbConnectionOptions userOptions)
   at Microsoft.Data.ProviderBase.DbConnectionClosed.TryOpenConnection(DbConnection outerConnection, DbConnectionFactory connectionFactory, TaskCompletionSource`1 retry, DbConnectionOptions userOptions)
   at Microsoft.Data.SqlClient.SqlConnection.TryOpen(TaskCompletionSource`1 retry, SqlConnectionOverrides overrides)
   at Microsoft.Data.SqlClient.SqlConnection.Open(SqlConnectionOverrides overrides)
   at Microsoft.Data.SqlClient.SqlConnection.Open()
   at Microsoft.EntityFrameworkCore.SqlServer.Storage.Internal.SqlServerConnection.OpenDbConnection(Boolean errorsExpected)
   at Microsoft.EntityFrameworkCore.Storage.RelationalConnection.OpenInternal(Boolean errorsExpected)
   at Microsoft.EntityFrameworkCore.Storage.RelationalConnection.Open(Boolean errorsExpected)
   at Microsoft.EntityFrameworkCore.Storage.RelationalCommand.ExecuteReader(RelationalCommandParameterObject parameterObject)
   at Microsoft.EntityFrameworkCore.Query.Internal.SingleQueryingEnumerable`1.Enumerator.InitializeReader(Enumerator enumerator)
   at Microsoft.EntityFrameworkCore.Query.Internal.SingleQueryingEnumerable`1.Enumerator.<>c.<MoveNext>b__21_0(DbContext _, Enumerator enumerator)
   at Microsoft.EntityFrameworkCore.SqlServer.Storage.Internal.SqlServerExecutionStrategy.Execute[TState,TResult](TState state, Func`3 operation, Func`3 verifySucceeded)
   at Microsoft.EntityFrameworkCore.Query.Internal.SingleQueryingEnumerable`1.Enumerator.MoveNext()
   at System.Linq.Enumerable.TryGetSingle[TSource](IEnumerable`1 source, Boolean& found)
   at lambda_method57(Closure, QueryContext)
   at Microsoft.EntityFrameworkCore.Query.Internal.QueryCompiler.Execute[TResult](Expression query)
   at Microsoft.EntityFrameworkCore.Query.Internal.EntityQueryProvider.Execute[TResult](Expression expression)
   at GetInItBackEnd.Models.Validators.RegisterAccountDtoValidator.<>c__DisplayClass0_0.<.ctor>b__2(String value, ValidationContext`1 context) in C:\Users\jakub\Desktop\ISZProjekt\GetInItBackEnd\Models\Validators\RegisterAccountDtoValidator.cs:line 17
   at FluentValidation.DefaultValidatorExtensions.<>c__DisplayClass69_0`2.<Custom>b__0(T parent, TProperty value, ValidationContext`1 context) in /_/src/FluentValidation/DefaultValidatorExtensions.cs:line 1134
   at FluentValidation.DefaultValidatorExtensions.<>c__DisplayClass29_0`2.<Must>b__0(T instance, TProperty property, ValidationContext`1 propertyValidatorContext) in /_/src/FluentValidation/DefaultValidatorExtensions.cs:line 453
   at FluentValidation.Validators.PredicateValidator`2.IsValid(ValidationContext`1 context, TProperty value) in /_/src/FluentValidation/Validators/PredicateValidator.cs:line 37
   at FluentValidation.Internal.RuleComponent`2.InvokePropertyValidator(ValidationContext`1 context, TProperty value) in /_/src/FluentValidation/Internal/RuleComponent.cs:line 92
   at FluentValidation.Internal.RuleComponent`2.ValidateAsync(ValidationContext`1 context, TProperty value, Boolean useAsync, CancellationToken cancellation) in /_/src/FluentValidation/Internal/RuleComponent.cs:line 83
   at FluentValidation.Internal.PropertyRule`2.ValidateAsync(ValidationContext`1 context, Boolean useAsync, CancellationToken cancellation) in /_/src/FluentValidation/Internal/PropertyRule.cs:line 143
   at FluentValidation.AbstractValidator`1.ValidateInternalAsync(ValidationContext`1 context, Boolean useAsync, CancellationToken cancellation) in /_/src/FluentValidation/AbstractValidator.cs:line 241
   at FluentValidation.AbstractValidator`1.Validate(ValidationContext`1 context) in /_/src/FluentValidation/AbstractValidator.cs:line 202
   at FluentValidation.AbstractValidator`1.FluentValidation.IValidator.Validate(IValidationContext context) in /_/src/FluentValidation/AbstractValidator.cs:line 153
   at FluentValidation.AspNetCore.FluentValidationModelValidator.Validate(ModelValidationContext mvContext) in /_/src/FluentValidation.AspNetCore/FluentValidationModelValidatorProvider.cs:line 146
   at Microsoft.AspNetCore.Mvc.ModelBinding.Validation.ValidationVisitor.ValidateNode()
   at Microsoft.AspNetCore.Mvc.ModelBinding.Validation.ValidationVisitor.VisitComplexType(IValidationStrategy defaultStrategy)
   at Microsoft.AspNetCore.Mvc.ModelBinding.Validation.ValidationVisitor.VisitImplementation(ModelMetadata& metadata, String& key, Object model)
   at Microsoft.AspNetCore.Mvc.ModelBinding.Validation.ValidationVisitor.Visit(ModelMetadata metadata, String key, Object model)
   at FluentValidation.AspNetCore.FluentValidationVisitor.<>n__1(ModelMetadata metadata, String key, Object model, Boolean alwaysValidateAtTopLevel, Object container)
   at FluentValidation.AspNetCore.FluentValidationVisitor.<>c__DisplayClass2_0.<Validate>g__BaseValidate|0() in /_/src/FluentValidation.AspNetCore/FluentValidationVisitor.cs:line 45
   at FluentValidation.AspNetCore.FluentValidationVisitor.ValidateInternal(ModelMetadata metadata, String key, Object model, Func`1 continuation) in /_/src/FluentValidation.AspNetCore/FluentValidationVisitor.cs:line 63
   at FluentValidation.AspNetCore.FluentValidationVisitor.Validate(ModelMetadata metadata, String key, Object model, Boolean alwaysValidateAtTopLevel, Object container) in /_/src/FluentValidation.AspNetCore/FluentValidationVisitor.cs:line 47
   at Microsoft.AspNetCore.Mvc.ModelBinding.ObjectModelValidator.Validate(ActionContext actionContext, ValidationStateDictionary validationState, String prefix, Object model, ModelMetadata metadata, Object container)
   at Microsoft.AspNetCore.Mvc.ModelBinding.ParameterBinder.EnforceBindRequiredAndValidate(ObjectModelValidator baseObjectValidator, ActionContext actionContext, ParameterDescriptor parameter, ModelMetadata metadata, ModelBindingContext modelBindingContext, ModelBindingResult modelBindingResult, Object container)
   at Microsoft.AspNetCore.Mvc.ModelBinding.ParameterBinder.BindModelAsync(ActionContext actionContext, IModelBinder modelBinder, IValueProvider valueProvider, ParameterDescriptor parameter, ModelMetadata metadata, Object value, Object container)
   at Microsoft.AspNetCore.Mvc.Controllers.ControllerBinderDelegateProvider.<>c__DisplayClass0_0.<<CreateBinderDelegate>g__Bind|0>d.MoveNext()
--- End of stack trace from previous location ---
   at Microsoft.AspNetCore.Mvc.Infrastructure.ControllerActionInvoker.<InvokeInnerFilterAsync>g__Awaited|13_0(ControllerActionInvoker invoker, Task lastTask, State next, Scope scope, Object state, Boolean isCompleted)
   at Microsoft.AspNetCore.Mvc.Infrastructure.ResourceInvoker.<InvokeFilterPipelineAsync>g__Awaited|20_0(ResourceInvoker invoker, Task lastTask, State next, Scope scope, Object state, Boolean isCompleted)
   at Microsoft.AspNetCore.Mvc.Infrastructure.ResourceInvoker.<InvokeAsync>g__Logged|17_1(ResourceInvoker invoker)
   at Microsoft.AspNetCore.Mvc.Infrastructure.ResourceInvoker.<InvokeAsync>g__Logged|17_1(ResourceInvoker invoker)
   at Microsoft.AspNetCore.Routing.EndpointMiddleware.<Invoke>g__AwaitRequestTask|6_0(Endpoint endpoint, Task requestTask, ILogger logger)
   at Microsoft.AspNetCore.Authorization.AuthorizationMiddleware.Invoke(HttpContext context)
   at Swashbuckle.AspNetCore.SwaggerUI.SwaggerUIMiddleware.Invoke(HttpContext httpContext)
   at Swashbuckle.AspNetCore.Swagger.SwaggerMiddleware.Invoke(HttpContext httpContext, ISwaggerProvider swaggerProvider)
   at Microsoft.AspNetCore.Diagnostics.DeveloperExceptionPageMiddlewareImpl.Invoke(HttpContext context)
ClientConnectionId:00000000-0000-0000-0000-000000000000
Error Number:2,State:0,Class:20
2023-05-31 14:17:07.2280|9|DEBUG|Microsoft.AspNetCore.Server.Kestrel.Connections|Connection id "0HMR1Q3AHDGFJ" completed keep alive response. 
2023-05-31 14:17:07.2383|2|INFO|Microsoft.AspNetCore.Hosting.Diagnostics|Request finished HTTP/1.1 POST http://localhost:5099/api/account/RegisterAccount application/json-patch+json 422 - 500 - text/plain;+charset=utf-8 17059.0557ms 
2023-05-31 14:17:22.6692|1|INFO|Microsoft.AspNetCore.Hosting.Diagnostics|Request starting HTTP/1.1 POST http://localhost:5099/api/account/RegisterAccount application/json-patch+json 422 
2023-05-31 14:17:22.6692|2|TRACE|Microsoft.AspNetCore.HostFiltering.HostFilteringMiddleware|All hosts are allowed. 
2023-05-31 14:17:22.6692|1001|DEBUG|Microsoft.AspNetCore.Routing.Matching.DfaMatcher|1 candidate(s) found for the request path '/api/account/RegisterAccount' 
2023-05-31 14:17:22.6692|1005|DEBUG|Microsoft.AspNetCore.Routing.Matching.DfaMatcher|Endpoint 'GetInItBackEnd.Controllers.AccountController.RegisterCompanyAccount (GetInItBackEnd)' with route pattern 'api/account/RegisterAccount' is valid for the request path '/api/account/RegisterAccount' 
2023-05-31 14:17:22.6692|1|DEBUG|Microsoft.AspNetCore.Routing.EndpointRoutingMiddleware|Request matched endpoint 'GetInItBackEnd.Controllers.AccountController.RegisterCompanyAccount (GetInItBackEnd)' 
2023-05-31 14:17:22.6692|9|DEBUG|Microsoft.AspNetCore.Authentication.JwtBearer.JwtBearerHandler|AuthenticationScheme: Bearer was not authenticated. 
2023-05-31 14:17:22.6692|2|DEBUG|Microsoft.AspNetCore.Cors.Infrastructure.CorsService|The request has an origin header: 'http://localhost:5099'. 
2023-05-31 14:17:22.6692|4|INFO|Microsoft.AspNetCore.Cors.Infrastructure.CorsService|CORS policy execution successful. 
2023-05-31 14:17:22.6692|15|DEBUG|Microsoft.AspNetCore.StaticFiles.StaticFileMiddleware|Static files was skipped as the request already matched an endpoint. 
2023-05-31 14:17:22.6692|0|INFO|Microsoft.AspNetCore.Routing.EndpointMiddleware|Executing endpoint 'GetInItBackEnd.Controllers.AccountController.RegisterCompanyAccount (GetInItBackEnd)' 
2023-05-31 14:17:22.6692|102|INFO|Microsoft.AspNetCore.Mvc.Infrastructure.ControllerActionInvoker|Route matched with {action = "RegisterCompanyAccount", controller = "Account"}. Executing controller action with signature System.Threading.Tasks.Task`1[Microsoft.AspNetCore.Mvc.ActionResult] RegisterCompanyAccount(GetInItBackEnd.Models.Account.CreateAccountDto) on controller GetInItBackEnd.Controllers.AccountController (GetInItBackEnd). 
2023-05-31 14:17:22.6692|1|DEBUG|Microsoft.AspNetCore.Mvc.Infrastructure.ControllerActionInvoker|Execution plan of authorization filters (in the following order): None 
2023-05-31 14:17:22.6692|1|DEBUG|Microsoft.AspNetCore.Mvc.Infrastructure.ControllerActionInvoker|Execution plan of resource filters (in the following order): None 
2023-05-31 14:17:22.6692|1|DEBUG|Microsoft.AspNetCore.Mvc.Infrastructure.ControllerActionInvoker|Execution plan of action filters (in the following order): Microsoft.AspNetCore.Mvc.ModelBinding.UnsupportedContentTypeFilter (Order: -3000), Microsoft.AspNetCore.Mvc.Infrastructure.ModelStateInvalidFilter (Order: -2000) 
2023-05-31 14:17:22.6692|1|DEBUG|Microsoft.AspNetCore.Mvc.Infrastructure.ControllerActionInvoker|Execution plan of exception filters (in the following order): None 
2023-05-31 14:17:22.6692|1|DEBUG|Microsoft.AspNetCore.Mvc.Infrastructure.ControllerActionInvoker|Execution plan of result filters (in the following order): Microsoft.AspNetCore.Mvc.Infrastructure.ClientErrorResultFilter (Order: -2000) 
2023-05-31 14:17:22.6692|1|DEBUG|Microsoft.AspNetCore.Mvc.Infrastructure.ControllerActionInvoker|Executing controller factory for controller GetInItBackEnd.Controllers.AccountController (GetInItBackEnd) 
2023-05-31 14:17:22.6692|2|DEBUG|Microsoft.AspNetCore.Mvc.Infrastructure.ControllerActionInvoker|Executed controller factory for controller GetInItBackEnd.Controllers.AccountController (GetInItBackEnd) 
2023-05-31 14:17:22.6692|22|DEBUG|Microsoft.AspNetCore.Mvc.ModelBinding.ParameterBinder|Attempting to bind parameter 'accountDto' of type 'GetInItBackEnd.Models.Account.CreateAccountDto' ... 
2023-05-31 14:17:22.6692|44|DEBUG|Microsoft.AspNetCore.Mvc.ModelBinding.Binders.BodyModelBinder|Attempting to bind parameter 'accountDto' of type 'GetInItBackEnd.Models.Account.CreateAccountDto' using the name '' in request data ... 
2023-05-31 14:17:22.6692|2|DEBUG|Microsoft.AspNetCore.Mvc.ModelBinding.Binders.BodyModelBinder|Rejected input formatter 'Microsoft.AspNetCore.Mvc.Formatters.NewtonsoftJsonPatchInputFormatter' for content type 'application/json-patch+json'. 
2023-05-31 14:17:22.6692|1|DEBUG|Microsoft.AspNetCore.Mvc.ModelBinding.Binders.BodyModelBinder|Selected input formatter 'Microsoft.AspNetCore.Mvc.Formatters.NewtonsoftJsonInputFormatter' for content type 'application/json-patch+json'. 
2023-05-31 14:17:22.6692|25|DEBUG|Microsoft.AspNetCore.Server.Kestrel|Connection id "0HMR1Q3AHDGFJ", Request id "0HMR1Q3AHDGFJ:00000004": started reading request body. 
2023-05-31 14:17:22.6692|26|DEBUG|Microsoft.AspNetCore.Server.Kestrel|Connection id "0HMR1Q3AHDGFJ", Request id "0HMR1Q3AHDGFJ:00000004": done reading request body. 
2023-05-31 14:17:22.6692|45|DEBUG|Microsoft.AspNetCore.Mvc.ModelBinding.Binders.BodyModelBinder|Done attempting to bind parameter 'accountDto' of type 'GetInItBackEnd.Models.Account.CreateAccountDto'. 
2023-05-31 14:17:22.6692|23|DEBUG|Microsoft.AspNetCore.Mvc.ModelBinding.ParameterBinder|Done attempting to bind parameter 'accountDto' of type 'GetInItBackEnd.Models.Account.CreateAccountDto'. 
2023-05-31 14:17:22.6692|26|DEBUG|Microsoft.AspNetCore.Mvc.ModelBinding.ParameterBinder|Attempting to validate the bound parameter 'accountDto' of type 'GetInItBackEnd.Models.Account.CreateAccountDto' ... 
2023-05-31 14:17:22.8951|27|DEBUG|Microsoft.AspNetCore.Mvc.ModelBinding.ParameterBinder|Done attempting to validate the bound parameter 'accountDto' of type 'GetInItBackEnd.Models.Account.CreateAccountDto'. 
2023-05-31 14:17:22.8951|52|TRACE|Microsoft.AspNetCore.Mvc.Infrastructure.ControllerActionInvoker|Action Filter: Before executing OnActionExecuting on filter Microsoft.AspNetCore.Mvc.ModelBinding.UnsupportedContentTypeFilter. 
2023-05-31 14:17:22.8951|53|TRACE|Microsoft.AspNetCore.Mvc.Infrastructure.ControllerActionInvoker|Action Filter: After executing OnActionExecuting on filter Microsoft.AspNetCore.Mvc.ModelBinding.UnsupportedContentTypeFilter. 
2023-05-31 14:17:22.8951|52|TRACE|Microsoft.AspNetCore.Mvc.Infrastructure.ControllerActionInvoker|Action Filter: Before executing OnActionExecuting on filter Microsoft.AspNetCore.Mvc.Infrastructure.ModelStateInvalidFilter. 
2023-05-31 14:17:22.8951|53|TRACE|Microsoft.AspNetCore.Mvc.Infrastructure.ControllerActionInvoker|Action Filter: After executing OnActionExecuting on filter Microsoft.AspNetCore.Mvc.Infrastructure.ModelStateInvalidFilter. 
2023-05-31 14:17:22.8951|101|INFO|Microsoft.AspNetCore.Mvc.Infrastructure.ControllerActionInvoker|Executing action method GetInItBackEnd.Controllers.AccountController.RegisterCompanyAccount (GetInItBackEnd) - Validation state: Valid 
2023-05-31 14:17:22.8951|102|TRACE|Microsoft.AspNetCore.Mvc.Infrastructure.ControllerActionInvoker|Executing action method GetInItBackEnd.Controllers.AccountController.RegisterCompanyAccount (GetInItBackEnd) with arguments (GetInItBackEnd.Models.Account.CreateAccountDto) 
2023-05-31 14:17:23.4140|103|INFO|Microsoft.AspNetCore.Mvc.Infrastructure.ControllerActionInvoker|Executed action method GetInItBackEnd.Controllers.AccountController.RegisterCompanyAccount (GetInItBackEnd), returned result Microsoft.AspNetCore.Mvc.CreatedResult in 509.5093ms. 
2023-05-31 14:17:23.4140|52|TRACE|Microsoft.AspNetCore.Mvc.Infrastructure.ControllerActionInvoker|Action Filter: Before executing OnActionExecuted on filter Microsoft.AspNetCore.Mvc.Infrastructure.ModelStateInvalidFilter. 
2023-05-31 14:17:23.4140|53|TRACE|Microsoft.AspNetCore.Mvc.Infrastructure.ControllerActionInvoker|Action Filter: After executing OnActionExecuted on filter Microsoft.AspNetCore.Mvc.Infrastructure.ModelStateInvalidFilter. 
2023-05-31 14:17:23.4140|52|TRACE|Microsoft.AspNetCore.Mvc.Infrastructure.ControllerActionInvoker|Action Filter: Before executing OnActionExecuted on filter Microsoft.AspNetCore.Mvc.ModelBinding.UnsupportedContentTypeFilter. 
2023-05-31 14:17:23.4140|53|TRACE|Microsoft.AspNetCore.Mvc.Infrastructure.ControllerActionInvoker|Action Filter: After executing OnActionExecuted on filter Microsoft.AspNetCore.Mvc.ModelBinding.UnsupportedContentTypeFilter. 
2023-05-31 14:17:23.4140|52|TRACE|Microsoft.AspNetCore.Mvc.Infrastructure.ControllerActionInvoker|Result Filter: Before executing OnResultExecuting on filter Microsoft.AspNetCore.Mvc.Infrastructure.ClientErrorResultFilter. 
2023-05-31 14:17:23.4140|53|TRACE|Microsoft.AspNetCore.Mvc.Infrastructure.ControllerActionInvoker|Result Filter: After executing OnResultExecuting on filter Microsoft.AspNetCore.Mvc.Infrastructure.ClientErrorResultFilter. 
2023-05-31 14:17:23.4178|5|TRACE|Microsoft.AspNetCore.Mvc.Infrastructure.ControllerActionInvoker|Before executing action result Microsoft.AspNetCore.Mvc.CreatedResult. 
2023-05-31 14:17:23.4178|11|DEBUG|Microsoft.AspNetCore.Mvc.Infrastructure.DefaultOutputFormatterSelector|List of registered output formatters, in the following order: Microsoft.AspNetCore.Mvc.Formatters.HttpNoContentOutputFormatter, Microsoft.AspNetCore.Mvc.Formatters.StringOutputFormatter, Microsoft.AspNetCore.Mvc.Formatters.StreamOutputFormatter, Microsoft.AspNetCore.Mvc.Formatters.NewtonsoftJsonOutputFormatter 
2023-05-31 14:17:23.4178|4|DEBUG|Microsoft.AspNetCore.Mvc.Infrastructure.DefaultOutputFormatterSelector|No information found on request to perform content negotiation. 
2023-05-31 14:17:23.4178|8|DEBUG|Microsoft.AspNetCore.Mvc.Infrastructure.DefaultOutputFormatterSelector|Attempting to select an output formatter without using a content type as no explicit content types were specified for the response. 
2023-05-31 14:17:23.4178|10|DEBUG|Microsoft.AspNetCore.Mvc.Infrastructure.DefaultOutputFormatterSelector|Attempting to select the first formatter in the output formatters list which can write the result. 
2023-05-31 14:17:23.4178|2|DEBUG|Microsoft.AspNetCore.Mvc.Infrastructure.DefaultOutputFormatterSelector|Selected output formatter 'Microsoft.AspNetCore.Mvc.Formatters.HttpNoContentOutputFormatter' and content type '' to write the response. 
2023-05-31 14:17:23.4178|1|INFO|Microsoft.AspNetCore.Mvc.Infrastructure.ObjectResultExecutor|Executing CreatedResult, writing value of type 'null'. 
2023-05-31 14:17:23.4178|6|TRACE|Microsoft.AspNetCore.Mvc.Infrastructure.ControllerActionInvoker|After executing action result Microsoft.AspNetCore.Mvc.CreatedResult. 
2023-05-31 14:17:23.4178|52|TRACE|Microsoft.AspNetCore.Mvc.Infrastructure.ControllerActionInvoker|Result Filter: Before executing OnResultExecuted on filter Microsoft.AspNetCore.Mvc.Infrastructure.ClientErrorResultFilter. 
2023-05-31 14:17:23.4178|53|TRACE|Microsoft.AspNetCore.Mvc.Infrastructure.ControllerActionInvoker|Result Filter: After executing OnResultExecuted on filter Microsoft.AspNetCore.Mvc.Infrastructure.ClientErrorResultFilter. 
2023-05-31 14:17:23.4178|105|INFO|Microsoft.AspNetCore.Mvc.Infrastructure.ControllerActionInvoker|Executed action GetInItBackEnd.Controllers.AccountController.RegisterCompanyAccount (GetInItBackEnd) in 751.4914ms 
2023-05-31 14:17:23.4178|1|INFO|Microsoft.AspNetCore.Routing.EndpointMiddleware|Executed endpoint 'GetInItBackEnd.Controllers.AccountController.RegisterCompanyAccount (GetInItBackEnd)' 
2023-05-31 14:17:23.4178|9|DEBUG|Microsoft.AspNetCore.Server.Kestrel.Connections|Connection id "0HMR1Q3AHDGFJ" completed keep alive response. 
2023-05-31 14:17:23.4178|2|INFO|Microsoft.AspNetCore.Hosting.Diagnostics|Request finished HTTP/1.1 POST http://localhost:5099/api/account/RegisterAccount application/json-patch+json 422 - 201 0 - 757.1203ms 
2023-05-31 14:18:35.8670|10|DEBUG|Microsoft.AspNetCore.Server.Kestrel.Connections|Connection id "0HMR1Q3AHDGFK" disconnecting. 
2023-05-31 14:18:35.8670|10|DEBUG|Microsoft.AspNetCore.Server.Kestrel.Connections|Connection id "0HMR1Q3AHDGFI" disconnecting. 
2023-05-31 14:18:35.8670|2|DEBUG|Microsoft.AspNetCore.Server.Kestrel.Connections|Connection id "0HMR1Q3AHDGFI" stopped. 
2023-05-31 14:18:35.8670|2|DEBUG|Microsoft.AspNetCore.Server.Kestrel.Connections|Connection id "0HMR1Q3AHDGFK" stopped. 
2023-05-31 14:18:35.8670|7|DEBUG|Microsoft.AspNetCore.Server.Kestrel.Transport.Sockets|Connection id "0HMR1Q3AHDGFI" sending FIN because: "The Socket transport's send loop completed gracefully." 
2023-05-31 14:18:35.8670|7|DEBUG|Microsoft.AspNetCore.Server.Kestrel.Transport.Sockets|Connection id "0HMR1Q3AHDGFK" sending FIN because: "The Socket transport's send loop completed gracefully." 
2023-05-31 14:19:35.2688|10|DEBUG|Microsoft.AspNetCore.Server.Kestrel.Connections|Connection id "0HMR1Q3AHDGFJ" disconnecting. 
2023-05-31 14:19:35.2688|2|DEBUG|Microsoft.AspNetCore.Server.Kestrel.Connections|Connection id "0HMR1Q3AHDGFJ" stopped. 
2023-05-31 14:19:35.2688|7|DEBUG|Microsoft.AspNetCore.Server.Kestrel.Transport.Sockets|Connection id "0HMR1Q3AHDGFJ" sending FIN because: "The Socket transport's send loop completed gracefully." 
2023-05-31 14:19:37.8154|0|INFO|Microsoft.Hosting.Lifetime|Application is shutting down... 
2023-05-31 14:19:37.8154|3|DEBUG|Microsoft.Extensions.Hosting.Internal.Host|Hosting stopping 
2023-05-31 14:19:37.8257|4|DEBUG|Microsoft.Extensions.Hosting.Internal.Host|Hosting stopped 
2023-05-31 15:07:04.7132|0|DEBUG|Program|init main 
2023-05-31 15:07:06.7480|12|DEBUG|Microsoft.AspNetCore.Mvc.ModelBinding.ModelBinderFactory|Registered model binder providers, in the following order: Microsoft.AspNetCore.Mvc.ModelBinding.Binders.BinderTypeModelBinderProvider, Microsoft.AspNetCore.Mvc.ModelBinding.Binders.ServicesModelBinderProvider, Microsoft.AspNetCore.Mvc.ModelBinding.Binders.BodyModelBinderProvider, Microsoft.AspNetCore.Mvc.ModelBinding.Binders.HeaderModelBinderProvider, Microsoft.AspNetCore.Mvc.ModelBinding.Binders.FloatingPointTypeModelBinderProvider, Microsoft.AspNetCore.Mvc.ModelBinding.Binders.EnumTypeModelBinderProvider, Microsoft.AspNetCore.Mvc.ModelBinding.Binders.DateTimeModelBinderProvider, Microsoft.AspNetCore.Mvc.ModelBinding.Binders.TryParseModelBinderProvider, Microsoft.AspNetCore.Mvc.ModelBinding.Binders.SimpleTypeModelBinderProvider, Microsoft.AspNetCore.Mvc.ModelBinding.Binders.CancellationTokenModelBinderProvider, Microsoft.AspNetCore.Mvc.ModelBinding.Binders.ByteArrayModelBinderProvider, Microsoft.AspNetCore.Mvc.ModelBinding.Binders.FormFileModelBinderProvider, Microsoft.AspNetCore.Mvc.ModelBinding.Binders.FormCollectionModelBinderProvider, Microsoft.AspNetCore.Mvc.ModelBinding.Binders.KeyValuePairModelBinderProvider, Microsoft.AspNetCore.Mvc.ModelBinding.Binders.DictionaryModelBinderProvider, Microsoft.AspNetCore.Mvc.ModelBinding.Binders.ArrayModelBinderProvider, Microsoft.AspNetCore.Mvc.ModelBinding.Binders.CollectionModelBinderProvider, Microsoft.AspNetCore.Mvc.ModelBinding.Binders.ComplexObjectModelBinderProvider 
2023-05-31 15:07:06.8010|1|DEBUG|Microsoft.Extensions.Hosting.Internal.Host|Hosting starting 
2023-05-31 15:07:06.8109|63|INFO|Microsoft.AspNetCore.DataProtection.KeyManagement.XmlKeyManager|User profile is available. Using 'C:\Users\jakub\AppData\Local\ASP.NET\DataProtection-Keys' as key repository and Windows DPAPI to encrypt keys at rest. 
2023-05-31 15:07:06.8109|37|DEBUG|Microsoft.AspNetCore.DataProtection.Repositories.FileSystemXmlRepository|Reading data from file 'C:\Users\jakub\AppData\Local\ASP.NET\DataProtection-Keys\key-61beac45-c194-47f9-a2d7-e231fdca960a.xml'. 
2023-05-31 15:07:06.8109|18|DEBUG|Microsoft.AspNetCore.DataProtection.KeyManagement.XmlKeyManager|Found key {61beac45-c194-47f9-a2d7-e231fdca960a}. 
2023-05-31 15:07:06.8316|13|DEBUG|Microsoft.AspNetCore.DataProtection.KeyManagement.DefaultKeyResolver|Considering key {61beac45-c194-47f9-a2d7-e231fdca960a} with expiration date 2023-06-15 01:09:09Z as default key. 
2023-05-31 15:07:06.8316|0|DEBUG|Microsoft.AspNetCore.DataProtection.TypeForwardingActivator|Forwarded activator type request from Microsoft.AspNetCore.DataProtection.XmlEncryption.DpapiXmlDecryptor, Microsoft.AspNetCore.DataProtection, Version=7.0.0.0, Culture=neutral, PublicKeyToken=adb9793829ddae60 to Microsoft.AspNetCore.DataProtection.XmlEncryption.DpapiXmlDecryptor, Microsoft.AspNetCore.DataProtection, Culture=neutral, PublicKeyToken=adb9793829ddae60 
2023-05-31 15:07:06.8316|51|DEBUG|Microsoft.AspNetCore.DataProtection.XmlEncryption.DpapiXmlDecryptor|Decrypting secret element using Windows DPAPI. 
2023-05-31 15:07:06.8316|0|DEBUG|Microsoft.AspNetCore.DataProtection.TypeForwardingActivator|Forwarded activator type request from Microsoft.AspNetCore.DataProtection.AuthenticatedEncryption.ConfigurationModel.AuthenticatedEncryptorDescriptorDeserializer, Microsoft.AspNetCore.DataProtection, Version=7.0.0.0, Culture=neutral, PublicKeyToken=adb9793829ddae60 to Microsoft.AspNetCore.DataProtection.AuthenticatedEncryption.ConfigurationModel.AuthenticatedEncryptorDescriptorDeserializer, Microsoft.AspNetCore.DataProtection, Culture=neutral, PublicKeyToken=adb9793829ddae60 
2023-05-31 15:07:06.8316|4|DEBUG|Microsoft.AspNetCore.DataProtection.AuthenticatedEncryption.CngCbcAuthenticatedEncryptorFactory|Opening CNG algorithm 'AES' from provider '(null)' with chaining mode CBC. 
2023-05-31 15:07:06.8396|3|DEBUG|Microsoft.AspNetCore.DataProtection.AuthenticatedEncryption.CngCbcAuthenticatedEncryptorFactory|Opening CNG algorithm 'SHA256' from provider '(null)' with HMAC. 
2023-05-31 15:07:06.8396|2|DEBUG|Microsoft.AspNetCore.DataProtection.KeyManagement.KeyRingProvider|Using key {61beac45-c194-47f9-a2d7-e231fdca960a} as the default key. 
2023-05-31 15:07:06.8396|65|DEBUG|Microsoft.AspNetCore.DataProtection.Internal.DataProtectionHostedService|Key ring with default key {61beac45-c194-47f9-a2d7-e231fdca960a} was loaded during application startup. 
2023-05-31 15:07:06.8719|14|INFO|Microsoft.Hosting.Lifetime|Now listening on: http://localhost:5099 
2023-05-31 15:07:06.8719|13|DEBUG|Microsoft.AspNetCore.Hosting.Diagnostics|Loaded hosting startup assembly GetInItBackEnd 
2023-05-31 15:07:06.8719|0|INFO|Microsoft.Hosting.Lifetime|Application started. Press Ctrl+C to shut down. 
2023-05-31 15:07:06.8719|0|INFO|Microsoft.Hosting.Lifetime|Hosting environment: Development 
2023-05-31 15:07:06.8719|0|INFO|Microsoft.Hosting.Lifetime|Content root path: C:\Users\jakub\Desktop\ISZProjekt\GetInItBackEnd 
2023-05-31 15:07:06.8719|2|DEBUG|Microsoft.Extensions.Hosting.Internal.Host|Hosting started 
