2023-06-18 14:15:19.1419|0|DEBUG|Program|init main 
2023-06-18 14:15:54.1245|0|DEBUG|Program|init main 
2023-06-18 14:20:53.8923|0|DEBUG|Program|init main 
2023-06-18 14:20:55.8579|12|DEBUG|Microsoft.AspNetCore.Mvc.ModelBinding.ModelBinderFactory|Registered model binder providers, in the following order: Microsoft.AspNetCore.Mvc.ModelBinding.Binders.BinderTypeModelBinderProvider, Microsoft.AspNetCore.Mvc.ModelBinding.Binders.ServicesModelBinderProvider, Microsoft.AspNetCore.Mvc.ModelBinding.Binders.BodyModelBinderProvider, Microsoft.AspNetCore.Mvc.ModelBinding.Binders.HeaderModelBinderProvider, Microsoft.AspNetCore.Mvc.ModelBinding.Binders.FloatingPointTypeModelBinderProvider, Microsoft.AspNetCore.Mvc.ModelBinding.Binders.EnumTypeModelBinderProvider, Microsoft.AspNetCore.Mvc.ModelBinding.Binders.DateTimeModelBinderProvider, Microsoft.AspNetCore.Mvc.ModelBinding.Binders.SimpleTypeModelBinderProvider, Microsoft.AspNetCore.Mvc.ModelBinding.Binders.TryParseModelBinderProvider, Microsoft.AspNetCore.Mvc.ModelBinding.Binders.CancellationTokenModelBinderProvider, Microsoft.AspNetCore.Mvc.ModelBinding.Binders.ByteArrayModelBinderProvider, Microsoft.AspNetCore.Mvc.ModelBinding.Binders.FormFileModelBinderProvider, Microsoft.AspNetCore.Mvc.ModelBinding.Binders.FormCollectionModelBinderProvider, Microsoft.AspNetCore.Mvc.ModelBinding.Binders.KeyValuePairModelBinderProvider, Microsoft.AspNetCore.Mvc.ModelBinding.Binders.DictionaryModelBinderProvider, Microsoft.AspNetCore.Mvc.ModelBinding.Binders.ArrayModelBinderProvider, Microsoft.AspNetCore.Mvc.ModelBinding.Binders.CollectionModelBinderProvider, Microsoft.AspNetCore.Mvc.ModelBinding.Binders.ComplexObjectModelBinderProvider 
2023-06-18 14:20:55.9176|1|DEBUG|Microsoft.Extensions.Hosting.Internal.Host|Hosting starting 
2023-06-18 14:20:55.9176|63|INFO|Microsoft.AspNetCore.DataProtection.KeyManagement.XmlKeyManager|User profile is available. Using 'C:\Users\jakub\AppData\Local\ASP.NET\DataProtection-Keys' as key repository and Windows DPAPI to encrypt keys at rest. 
2023-06-18 14:20:55.9176|37|DEBUG|Microsoft.AspNetCore.DataProtection.Repositories.FileSystemXmlRepository|Reading data from file 'C:\Users\jakub\AppData\Local\ASP.NET\DataProtection-Keys\key-61beac45-c194-47f9-a2d7-e231fdca960a.xml'. 
2023-06-18 14:20:55.9417|37|DEBUG|Microsoft.AspNetCore.DataProtection.Repositories.FileSystemXmlRepository|Reading data from file 'C:\Users\jakub\AppData\Local\ASP.NET\DataProtection-Keys\key-e18af407-1558-4655-9058-fa0c0096c470.xml'. 
2023-06-18 14:20:55.9574|18|DEBUG|Microsoft.AspNetCore.DataProtection.KeyManagement.XmlKeyManager|Found key {61beac45-c194-47f9-a2d7-e231fdca960a}. 
2023-06-18 14:20:55.9574|18|DEBUG|Microsoft.AspNetCore.DataProtection.KeyManagement.XmlKeyManager|Found key {e18af407-1558-4655-9058-fa0c0096c470}. 
2023-06-18 14:20:55.9672|13|DEBUG|Microsoft.AspNetCore.DataProtection.KeyManagement.DefaultKeyResolver|Considering key {e18af407-1558-4655-9058-fa0c0096c470} with expiration date 2023-09-11 11:37:12Z as default key. 
2023-06-18 14:20:55.9672|0|DEBUG|Microsoft.AspNetCore.DataProtection.TypeForwardingActivator|Forwarded activator type request from Microsoft.AspNetCore.DataProtection.XmlEncryption.DpapiXmlDecryptor, Microsoft.AspNetCore.DataProtection, Version=7.0.0.0, Culture=neutral, PublicKeyToken=adb9793829ddae60 to Microsoft.AspNetCore.DataProtection.XmlEncryption.DpapiXmlDecryptor, Microsoft.AspNetCore.DataProtection, Culture=neutral, PublicKeyToken=adb9793829ddae60 
2023-06-18 14:20:55.9672|51|DEBUG|Microsoft.AspNetCore.DataProtection.XmlEncryption.DpapiXmlDecryptor|Decrypting secret element using Windows DPAPI. 
2023-06-18 14:20:55.9672|0|DEBUG|Microsoft.AspNetCore.DataProtection.TypeForwardingActivator|Forwarded activator type request from Microsoft.AspNetCore.DataProtection.AuthenticatedEncryption.ConfigurationModel.AuthenticatedEncryptorDescriptorDeserializer, Microsoft.AspNetCore.DataProtection, Version=7.0.0.0, Culture=neutral, PublicKeyToken=adb9793829ddae60 to Microsoft.AspNetCore.DataProtection.AuthenticatedEncryption.ConfigurationModel.AuthenticatedEncryptorDescriptorDeserializer, Microsoft.AspNetCore.DataProtection, Culture=neutral, PublicKeyToken=adb9793829ddae60 
2023-06-18 14:20:55.9672|4|DEBUG|Microsoft.AspNetCore.DataProtection.AuthenticatedEncryption.CngCbcAuthenticatedEncryptorFactory|Opening CNG algorithm 'AES' from provider '(null)' with chaining mode CBC. 
2023-06-18 14:20:55.9672|3|DEBUG|Microsoft.AspNetCore.DataProtection.AuthenticatedEncryption.CngCbcAuthenticatedEncryptorFactory|Opening CNG algorithm 'SHA256' from provider '(null)' with HMAC. 
2023-06-18 14:20:55.9672|2|DEBUG|Microsoft.AspNetCore.DataProtection.KeyManagement.KeyRingProvider|Using key {e18af407-1558-4655-9058-fa0c0096c470} as the default key. 
2023-06-18 14:20:55.9672|65|DEBUG|Microsoft.AspNetCore.DataProtection.Internal.DataProtectionHostedService|Key ring with default key {e18af407-1558-4655-9058-fa0c0096c470} was loaded during application startup. 
2023-06-18 14:20:56.0052|14|INFO|Microsoft.Hosting.Lifetime|Now listening on: http://localhost:5099 
2023-06-18 14:20:56.0052|13|DEBUG|Microsoft.AspNetCore.Hosting.Diagnostics|Loaded hosting startup assembly GetInItBackEnd 
2023-06-18 14:20:56.0052|0|INFO|Microsoft.Hosting.Lifetime|Application started. Press Ctrl+C to shut down. 
2023-06-18 14:20:56.0052|0|INFO|Microsoft.Hosting.Lifetime|Hosting environment: Development 
2023-06-18 14:20:56.0052|0|INFO|Microsoft.Hosting.Lifetime|Content root path: C:\Users\jakub\Desktop\ISZProjekt\GetInItBackEnd 
2023-06-18 14:20:56.0052|2|DEBUG|Microsoft.Extensions.Hosting.Internal.Host|Hosting started 
2023-06-18 14:21:03.6862|6|DEBUG|Microsoft.AspNetCore.Server.Kestrel.Transport.Sockets|Connection id "0HMRFUPU0O4BF" received FIN. 
2023-06-18 14:21:03.6862|39|DEBUG|Microsoft.AspNetCore.Server.Kestrel.Connections|Connection id "0HMRFUPU0O4BF" accepted. 
2023-06-18 14:21:03.6862|1|DEBUG|Microsoft.AspNetCore.Server.Kestrel.Connections|Connection id "0HMRFUPU0O4BF" started. 
2023-06-18 14:21:03.6862|39|DEBUG|Microsoft.AspNetCore.Server.Kestrel.Connections|Connection id "0HMRFUPU0O4BG" accepted. 
2023-06-18 14:21:03.6862|1|DEBUG|Microsoft.AspNetCore.Server.Kestrel.Connections|Connection id "0HMRFUPU0O4BG" started. 
2023-06-18 14:21:03.7025|7|DEBUG|Microsoft.AspNetCore.Server.Kestrel.Transport.Sockets|Connection id "0HMRFUPU0O4BF" sending FIN because: "The client closed the connection." 
2023-06-18 14:21:03.7025|10|DEBUG|Microsoft.AspNetCore.Server.Kestrel.Connections|Connection id "0HMRFUPU0O4BF" disconnecting. 
2023-06-18 14:21:03.7025|2|DEBUG|Microsoft.AspNetCore.Server.Kestrel.Connections|Connection id "0HMRFUPU0O4BF" stopped. 
2023-06-18 14:21:03.7310|1|INFO|Microsoft.AspNetCore.Hosting.Diagnostics|Request starting HTTP/1.1 POST http://localhost:5099/api/JobApplications/CreateApplication/1 multipart/form-data;+boundary=--------------------------475021601179308916081252 461 
2023-06-18 14:21:03.7310|0|DEBUG|Microsoft.AspNetCore.HostFiltering.HostFilteringMiddleware|Wildcard detected, all requests with hosts will be allowed. 
2023-06-18 14:21:03.7310|2|TRACE|Microsoft.AspNetCore.HostFiltering.HostFilteringMiddleware|All hosts are allowed. 
2023-06-18 14:21:03.7612|1001|DEBUG|Microsoft.AspNetCore.Routing.Matching.DfaMatcher|1 candidate(s) found for the request path '/api/JobApplications/CreateApplication/1' 
2023-06-18 14:21:03.7634|1005|DEBUG|Microsoft.AspNetCore.Routing.Matching.DfaMatcher|Endpoint 'GetInItBackEnd.Controllers.JobApplicationController.CreateApplication (GetInItBackEnd)' with route pattern 'api/JobApplications/CreateApplication/{offerId}' is valid for the request path '/api/JobApplications/CreateApplication/1' 
2023-06-18 14:21:03.7634|1|DEBUG|Microsoft.AspNetCore.Routing.EndpointRoutingMiddleware|Request matched endpoint 'GetInItBackEnd.Controllers.JobApplicationController.CreateApplication (GetInItBackEnd)' 
2023-06-18 14:21:03.9231|2|DEBUG|Microsoft.AspNetCore.Authentication.JwtBearer.JwtBearerHandler|Successfully validated the token. 
2023-06-18 14:21:03.9231|8|DEBUG|Microsoft.AspNetCore.Authentication.JwtBearer.JwtBearerHandler|AuthenticationScheme: Bearer was successfully authenticated. 
2023-06-18 14:21:03.9231|15|DEBUG|Microsoft.AspNetCore.StaticFiles.StaticFileMiddleware|Static files was skipped as the request already matched an endpoint. 
2023-06-18 14:21:03.9231|3|WARN|Microsoft.AspNetCore.HttpsPolicy.HttpsRedirectionMiddleware|Failed to determine the https port for redirect. 
2023-06-18 14:21:03.9607|15|DEBUG|Microsoft.AspNetCore.StaticFiles.StaticFileMiddleware|Static files was skipped as the request already matched an endpoint. 
2023-06-18 14:21:03.9681|0|INFO|GetInItBackEnd.Authorization.RoleManagerRequirementHandler|user http://schemas.xmlsoap.org/ws/2005/05/identity/claims/name: user has role: http://schemas.microsoft.com/ws/2008/06/identity/claims/role: UserAccount 
2023-06-18 14:21:03.9681|0|INFO|GetInItBackEnd.Authorization.RoleManagerRequirementHandler|Authorization succeed 
2023-06-18 14:21:03.9681|0|INFO|GetInItBackEnd.Authorization.RoleEmployeeRequirementHandler|user http://schemas.xmlsoap.org/ws/2005/05/identity/claims/name: user has role: http://schemas.microsoft.com/ws/2008/06/identity/claims/role: UserAccount 
2023-06-18 14:21:03.9681|0|INFO|GetInItBackEnd.Authorization.RoleEmployeeRequirementHandler|Authorization succeed 
2023-06-18 14:21:03.9681|0|INFO|GetInItBackEnd.Authorization.RoleUserRequirementHandler|user http://schemas.xmlsoap.org/ws/2005/05/identity/claims/name: user has role: http://schemas.microsoft.com/ws/2008/06/identity/claims/role: UserAccount 
2023-06-18 14:21:03.9681|0|INFO|GetInItBackEnd.Authorization.RoleUserRequirementHandler|Authorization succeed 
2023-06-18 14:21:03.9681|0|INFO|GetInItBackEnd.Authorization.AdminRoleRequirementHandler|user http://schemas.xmlsoap.org/ws/2005/05/identity/claims/name: user has role: http://schemas.microsoft.com/ws/2008/06/identity/claims/role: UserAccount 
2023-06-18 14:21:03.9681|0|INFO|GetInItBackEnd.Authorization.AdminRoleRequirementHandler|Authorization succeed 
2023-06-18 14:21:03.9681|1|DEBUG|Microsoft.AspNetCore.Authorization.DefaultAuthorizationService|Authorization was successful. 
2023-06-18 14:21:03.9681|0|INFO|Microsoft.AspNetCore.Routing.EndpointMiddleware|Executing endpoint 'GetInItBackEnd.Controllers.JobApplicationController.CreateApplication (GetInItBackEnd)' 
2023-06-18 14:21:03.9947|102|INFO|Microsoft.AspNetCore.Mvc.Infrastructure.ControllerActionInvoker|Route matched with {action = "CreateApplication", controller = "JobApplication"}. Executing controller action with signature System.Threading.Tasks.Task`1[Microsoft.AspNetCore.Mvc.IActionResult] CreateApplication(GetInItBackEnd.Models.JobApplicationDto.CreateJobApplicationDto, Int32, Microsoft.AspNetCore.Http.IFormFile) on controller GetInItBackEnd.Controllers.JobApplicationController (GetInItBackEnd). 
2023-06-18 14:21:03.9958|1|DEBUG|Microsoft.AspNetCore.Mvc.Infrastructure.ControllerActionInvoker|Execution plan of authorization filters (in the following order): None 
2023-06-18 14:21:03.9958|1|DEBUG|Microsoft.AspNetCore.Mvc.Infrastructure.ControllerActionInvoker|Execution plan of resource filters (in the following order): None 
2023-06-18 14:21:03.9958|1|DEBUG|Microsoft.AspNetCore.Mvc.Infrastructure.ControllerActionInvoker|Execution plan of action filters (in the following order): Microsoft.AspNetCore.Mvc.ModelBinding.UnsupportedContentTypeFilter (Order: -3000), Microsoft.AspNetCore.Mvc.Infrastructure.ModelStateInvalidFilter (Order: -2000) 
2023-06-18 14:21:03.9958|1|DEBUG|Microsoft.AspNetCore.Mvc.Infrastructure.ControllerActionInvoker|Execution plan of exception filters (in the following order): None 
2023-06-18 14:21:03.9958|1|DEBUG|Microsoft.AspNetCore.Mvc.Infrastructure.ControllerActionInvoker|Execution plan of result filters (in the following order): Microsoft.AspNetCore.Mvc.Infrastructure.ClientErrorResultFilter (Order: -2000) 
2023-06-18 14:21:03.9958|1|DEBUG|Microsoft.AspNetCore.Mvc.Infrastructure.ControllerActionInvoker|Executing controller factory for controller GetInItBackEnd.Controllers.JobApplicationController (GetInItBackEnd) 
2023-06-18 14:21:04.1618|2|DEBUG|Microsoft.AspNetCore.Mvc.Infrastructure.ControllerActionInvoker|Executed controller factory for controller GetInItBackEnd.Controllers.JobApplicationController (GetInItBackEnd) 
2023-06-18 14:21:04.1724|25|DEBUG|Microsoft.AspNetCore.Server.Kestrel|Connection id "0HMRFUPU0O4BG", Request id "0HMRFUPU0O4BG:00000001": started reading request body. 
2023-06-18 14:21:04.1724|26|DEBUG|Microsoft.AspNetCore.Server.Kestrel|Connection id "0HMRFUPU0O4BG", Request id "0HMRFUPU0O4BG:00000001": done reading request body. 
2023-06-18 14:21:04.1850|22|DEBUG|Microsoft.AspNetCore.Mvc.ModelBinding.ParameterBinder|Attempting to bind parameter 'dto' of type 'GetInItBackEnd.Models.JobApplicationDto.CreateJobApplicationDto' ... 
2023-06-18 14:21:04.1850|44|DEBUG|Microsoft.AspNetCore.Mvc.ModelBinding.Binders.ComplexObjectModelBinder|Attempting to bind parameter 'dto' of type 'GetInItBackEnd.Models.JobApplicationDto.CreateJobApplicationDto' using the name '' in request data ... 
2023-06-18 14:21:04.1850|13|DEBUG|Microsoft.AspNetCore.Mvc.ModelBinding.Binders.SimpleTypeModelBinder|Attempting to bind property 'GetInItBackEnd.Models.JobApplicationDto.CreateJobApplicationDto.ApplicantName' of type 'System.String' using the name 'ApplicantName' in request data ... 
2023-06-18 14:21:04.1850|15|DEBUG|Microsoft.AspNetCore.Mvc.ModelBinding.Binders.SimpleTypeModelBinder|Could not find a value in the request with name 'ApplicantName' for binding property 'GetInItBackEnd.Models.JobApplicationDto.CreateJobApplicationDto.ApplicantName' of type 'System.String'. 
2023-06-18 14:21:04.1850|14|DEBUG|Microsoft.AspNetCore.Mvc.ModelBinding.Binders.SimpleTypeModelBinder|Done attempting to bind property 'GetInItBackEnd.Models.JobApplicationDto.CreateJobApplicationDto.ApplicantName' of type 'System.String'. 
2023-06-18 14:21:04.1850|13|DEBUG|Microsoft.AspNetCore.Mvc.ModelBinding.Binders.SimpleTypeModelBinder|Attempting to bind property 'GetInItBackEnd.Models.JobApplicationDto.CreateJobApplicationDto.LastName' of type 'System.String' using the name 'LastName' in request data ... 
2023-06-18 14:21:04.1850|15|DEBUG|Microsoft.AspNetCore.Mvc.ModelBinding.Binders.SimpleTypeModelBinder|Could not find a value in the request with name 'LastName' for binding property 'GetInItBackEnd.Models.JobApplicationDto.CreateJobApplicationDto.LastName' of type 'System.String'. 
2023-06-18 14:21:04.1850|14|DEBUG|Microsoft.AspNetCore.Mvc.ModelBinding.Binders.SimpleTypeModelBinder|Done attempting to bind property 'GetInItBackEnd.Models.JobApplicationDto.CreateJobApplicationDto.LastName' of type 'System.String'. 
2023-06-18 14:21:04.1850|13|DEBUG|Microsoft.AspNetCore.Mvc.ModelBinding.Binders.SimpleTypeModelBinder|Attempting to bind property 'GetInItBackEnd.Models.JobApplicationDto.CreateJobApplicationDto.Email' of type 'System.String' using the name 'Email' in request data ... 
2023-06-18 14:21:04.1850|15|DEBUG|Microsoft.AspNetCore.Mvc.ModelBinding.Binders.SimpleTypeModelBinder|Could not find a value in the request with name 'Email' for binding property 'GetInItBackEnd.Models.JobApplicationDto.CreateJobApplicationDto.Email' of type 'System.String'. 
2023-06-18 14:21:04.1850|14|DEBUG|Microsoft.AspNetCore.Mvc.ModelBinding.Binders.SimpleTypeModelBinder|Done attempting to bind property 'GetInItBackEnd.Models.JobApplicationDto.CreateJobApplicationDto.Email' of type 'System.String'. 
2023-06-18 14:21:04.1850|13|DEBUG|Microsoft.AspNetCore.Mvc.ModelBinding.Binders.SimpleTypeModelBinder|Attempting to bind property 'GetInItBackEnd.Models.JobApplicationDto.CreateJobApplicationDto.ResumePath' of type 'System.String' using the name 'ResumePath' in request data ... 
2023-06-18 14:21:04.1850|15|DEBUG|Microsoft.AspNetCore.Mvc.ModelBinding.Binders.SimpleTypeModelBinder|Could not find a value in the request with name 'ResumePath' for binding property 'GetInItBackEnd.Models.JobApplicationDto.CreateJobApplicationDto.ResumePath' of type 'System.String'. 
2023-06-18 14:21:04.1850|14|DEBUG|Microsoft.AspNetCore.Mvc.ModelBinding.Binders.SimpleTypeModelBinder|Done attempting to bind property 'GetInItBackEnd.Models.JobApplicationDto.CreateJobApplicationDto.ResumePath' of type 'System.String'. 
2023-06-18 14:21:04.1850|13|DEBUG|Microsoft.AspNetCore.Mvc.ModelBinding.Binders.SimpleTypeModelBinder|Attempting to bind property 'GetInItBackEnd.Models.JobApplicationDto.CreateJobApplicationDto.Message' of type 'System.String' using the name 'Message' in request data ... 
2023-06-18 14:21:04.1850|14|DEBUG|Microsoft.AspNetCore.Mvc.ModelBinding.Binders.SimpleTypeModelBinder|Done attempting to bind property 'GetInItBackEnd.Models.JobApplicationDto.CreateJobApplicationDto.Message' of type 'System.String'. 
2023-06-18 14:21:04.1850|13|DEBUG|Microsoft.AspNetCore.Mvc.ModelBinding.Binders.SimpleTypeModelBinder|Attempting to bind property 'GetInItBackEnd.Models.JobApplicationDto.CreateJobApplicationDto.UrlLink' of type 'System.String' using the name 'UrlLink' in request data ... 
2023-06-18 14:21:04.1850|14|DEBUG|Microsoft.AspNetCore.Mvc.ModelBinding.Binders.SimpleTypeModelBinder|Done attempting to bind property 'GetInItBackEnd.Models.JobApplicationDto.CreateJobApplicationDto.UrlLink' of type 'System.String'. 
2023-06-18 14:21:04.1850|13|DEBUG|Microsoft.AspNetCore.Mvc.ModelBinding.Binders.SimpleTypeModelBinder|Attempting to bind property 'GetInItBackEnd.Models.JobApplicationDto.CreateJobApplicationDto.OfferId' of type 'System.Int32' using the name 'OfferId' in request data ... 
2023-06-18 14:21:04.1850|15|DEBUG|Microsoft.AspNetCore.Mvc.ModelBinding.Binders.SimpleTypeModelBinder|Could not find a value in the request with name 'OfferId' for binding property 'GetInItBackEnd.Models.JobApplicationDto.CreateJobApplicationDto.OfferId' of type 'System.Int32'. 
2023-06-18 14:21:04.1850|14|DEBUG|Microsoft.AspNetCore.Mvc.ModelBinding.Binders.SimpleTypeModelBinder|Done attempting to bind property 'GetInItBackEnd.Models.JobApplicationDto.CreateJobApplicationDto.OfferId' of type 'System.Int32'. 
2023-06-18 14:21:04.1850|13|DEBUG|Microsoft.AspNetCore.Mvc.ModelBinding.Binders.SimpleTypeModelBinder|Attempting to bind property 'GetInItBackEnd.Models.JobApplicationDto.CreateJobApplicationDto.CreatedById' of type 'System.Nullable`1[System.Int32]' using the name 'CreatedById' in request data ... 
2023-06-18 14:21:04.1850|15|DEBUG|Microsoft.AspNetCore.Mvc.ModelBinding.Binders.SimpleTypeModelBinder|Could not find a value in the request with name 'CreatedById' for binding property 'GetInItBackEnd.Models.JobApplicationDto.CreateJobApplicationDto.CreatedById' of type 'System.Nullable`1[System.Int32]'. 
2023-06-18 14:21:04.1850|14|DEBUG|Microsoft.AspNetCore.Mvc.ModelBinding.Binders.SimpleTypeModelBinder|Done attempting to bind property 'GetInItBackEnd.Models.JobApplicationDto.CreateJobApplicationDto.CreatedById' of type 'System.Nullable`1[System.Int32]'. 
2023-06-18 14:21:04.1850|45|DEBUG|Microsoft.AspNetCore.Mvc.ModelBinding.Binders.ComplexObjectModelBinder|Done attempting to bind parameter 'dto' of type 'GetInItBackEnd.Models.JobApplicationDto.CreateJobApplicationDto'. 
2023-06-18 14:21:04.1850|23|DEBUG|Microsoft.AspNetCore.Mvc.ModelBinding.ParameterBinder|Done attempting to bind parameter 'dto' of type 'GetInItBackEnd.Models.JobApplicationDto.CreateJobApplicationDto'. 
2023-06-18 14:21:04.1850|26|DEBUG|Microsoft.AspNetCore.Mvc.ModelBinding.ParameterBinder|Attempting to validate the bound parameter 'dto' of type 'GetInItBackEnd.Models.JobApplicationDto.CreateJobApplicationDto' ... 
2023-06-18 14:21:04.2237|27|DEBUG|Microsoft.AspNetCore.Mvc.ModelBinding.ParameterBinder|Done attempting to validate the bound parameter 'dto' of type 'GetInItBackEnd.Models.JobApplicationDto.CreateJobApplicationDto'. 
2023-06-18 14:21:04.2237|22|DEBUG|Microsoft.AspNetCore.Mvc.ModelBinding.ParameterBinder|Attempting to bind parameter 'offerId' of type 'System.Int32' ... 
2023-06-18 14:21:04.2237|44|DEBUG|Microsoft.AspNetCore.Mvc.ModelBinding.Binders.SimpleTypeModelBinder|Attempting to bind parameter 'offerId' of type 'System.Int32' using the name 'offerId' in request data ... 
2023-06-18 14:21:04.2237|45|DEBUG|Microsoft.AspNetCore.Mvc.ModelBinding.Binders.SimpleTypeModelBinder|Done attempting to bind parameter 'offerId' of type 'System.Int32'. 
2023-06-18 14:21:04.2237|23|DEBUG|Microsoft.AspNetCore.Mvc.ModelBinding.ParameterBinder|Done attempting to bind parameter 'offerId' of type 'System.Int32'. 
2023-06-18 14:21:04.2237|26|DEBUG|Microsoft.AspNetCore.Mvc.ModelBinding.ParameterBinder|Attempting to validate the bound parameter 'offerId' of type 'System.Int32' ... 
2023-06-18 14:21:04.2237|27|DEBUG|Microsoft.AspNetCore.Mvc.ModelBinding.ParameterBinder|Done attempting to validate the bound parameter 'offerId' of type 'System.Int32'. 
2023-06-18 14:21:04.2237|22|DEBUG|Microsoft.AspNetCore.Mvc.ModelBinding.ParameterBinder|Attempting to bind parameter 'file' of type 'Microsoft.AspNetCore.Http.IFormFile' ... 
2023-06-18 14:21:04.2237|44|DEBUG|Microsoft.AspNetCore.Mvc.ModelBinding.Binders.FormFileModelBinder|Attempting to bind parameter 'file' of type 'Microsoft.AspNetCore.Http.IFormFile' using the name '' in request data ... 
2023-06-18 14:21:04.2237|45|DEBUG|Microsoft.AspNetCore.Mvc.ModelBinding.Binders.FormFileModelBinder|Done attempting to bind parameter 'file' of type 'Microsoft.AspNetCore.Http.IFormFile'. 
2023-06-18 14:21:04.2237|23|DEBUG|Microsoft.AspNetCore.Mvc.ModelBinding.ParameterBinder|Done attempting to bind parameter 'file' of type 'Microsoft.AspNetCore.Http.IFormFile'. 
2023-06-18 14:21:04.2237|26|DEBUG|Microsoft.AspNetCore.Mvc.ModelBinding.ParameterBinder|Attempting to validate the bound parameter 'file' of type 'Microsoft.AspNetCore.Http.IFormFile' ... 
2023-06-18 14:21:04.2237|27|DEBUG|Microsoft.AspNetCore.Mvc.ModelBinding.ParameterBinder|Done attempting to validate the bound parameter 'file' of type 'Microsoft.AspNetCore.Http.IFormFile'. 
2023-06-18 14:21:04.2237|52|TRACE|Microsoft.AspNetCore.Mvc.Infrastructure.ControllerActionInvoker|Action Filter: Before executing OnActionExecuting on filter Microsoft.AspNetCore.Mvc.ModelBinding.UnsupportedContentTypeFilter. 
2023-06-18 14:21:04.2237|53|TRACE|Microsoft.AspNetCore.Mvc.Infrastructure.ControllerActionInvoker|Action Filter: After executing OnActionExecuting on filter Microsoft.AspNetCore.Mvc.ModelBinding.UnsupportedContentTypeFilter. 
2023-06-18 14:21:04.2237|52|TRACE|Microsoft.AspNetCore.Mvc.Infrastructure.ControllerActionInvoker|Action Filter: Before executing OnActionExecuting on filter Microsoft.AspNetCore.Mvc.Infrastructure.ModelStateInvalidFilter. 
2023-06-18 14:21:04.2237|53|TRACE|Microsoft.AspNetCore.Mvc.Infrastructure.ControllerActionInvoker|Action Filter: After executing OnActionExecuting on filter Microsoft.AspNetCore.Mvc.Infrastructure.ModelStateInvalidFilter. 
2023-06-18 14:21:04.2321|101|INFO|Microsoft.AspNetCore.Mvc.Infrastructure.ControllerActionInvoker|Executing action method GetInItBackEnd.Controllers.JobApplicationController.CreateApplication (GetInItBackEnd) - Validation state: Valid 
2023-06-18 14:21:04.2321|102|TRACE|Microsoft.AspNetCore.Mvc.Infrastructure.ControllerActionInvoker|Executing action method GetInItBackEnd.Controllers.JobApplicationController.CreateApplication (GetInItBackEnd) with arguments (GetInItBackEnd.Models.JobApplicationDto.CreateJobApplicationDto, 1, Microsoft.AspNetCore.Http.FormFile) 
2023-06-18 14:21:04.7588|103|INFO|Microsoft.AspNetCore.Mvc.Infrastructure.ControllerActionInvoker|Executed action method GetInItBackEnd.Controllers.JobApplicationController.CreateApplication (GetInItBackEnd), returned result Microsoft.AspNetCore.Mvc.OkObjectResult in 522.5902ms. 
2023-06-18 14:21:04.7588|52|TRACE|Microsoft.AspNetCore.Mvc.Infrastructure.ControllerActionInvoker|Action Filter: Before executing OnActionExecuted on filter Microsoft.AspNetCore.Mvc.Infrastructure.ModelStateInvalidFilter. 
2023-06-18 14:21:04.7588|53|TRACE|Microsoft.AspNetCore.Mvc.Infrastructure.ControllerActionInvoker|Action Filter: After executing OnActionExecuted on filter Microsoft.AspNetCore.Mvc.Infrastructure.ModelStateInvalidFilter. 
2023-06-18 14:21:04.7588|52|TRACE|Microsoft.AspNetCore.Mvc.Infrastructure.ControllerActionInvoker|Action Filter: Before executing OnActionExecuted on filter Microsoft.AspNetCore.Mvc.ModelBinding.UnsupportedContentTypeFilter. 
2023-06-18 14:21:04.7588|53|TRACE|Microsoft.AspNetCore.Mvc.Infrastructure.ControllerActionInvoker|Action Filter: After executing OnActionExecuted on filter Microsoft.AspNetCore.Mvc.ModelBinding.UnsupportedContentTypeFilter. 
2023-06-18 14:21:04.7588|52|TRACE|Microsoft.AspNetCore.Mvc.Infrastructure.ControllerActionInvoker|Result Filter: Before executing OnResultExecuting on filter Microsoft.AspNetCore.Mvc.Infrastructure.ClientErrorResultFilter. 
2023-06-18 14:21:04.7588|53|TRACE|Microsoft.AspNetCore.Mvc.Infrastructure.ControllerActionInvoker|Result Filter: After executing OnResultExecuting on filter Microsoft.AspNetCore.Mvc.Infrastructure.ClientErrorResultFilter. 
2023-06-18 14:21:04.7628|5|TRACE|Microsoft.AspNetCore.Mvc.Infrastructure.ControllerActionInvoker|Before executing action result Microsoft.AspNetCore.Mvc.OkObjectResult. 
2023-06-18 14:21:04.7628|11|DEBUG|Microsoft.AspNetCore.Mvc.Infrastructure.DefaultOutputFormatterSelector|List of registered output formatters, in the following order: Microsoft.AspNetCore.Mvc.Formatters.HttpNoContentOutputFormatter, Microsoft.AspNetCore.Mvc.Formatters.StringOutputFormatter, Microsoft.AspNetCore.Mvc.Formatters.StreamOutputFormatter, Microsoft.AspNetCore.Mvc.Formatters.NewtonsoftJsonOutputFormatter 
2023-06-18 14:21:04.7628|4|DEBUG|Microsoft.AspNetCore.Mvc.Infrastructure.DefaultOutputFormatterSelector|No information found on request to perform content negotiation. 
2023-06-18 14:21:04.7628|8|DEBUG|Microsoft.AspNetCore.Mvc.Infrastructure.DefaultOutputFormatterSelector|Attempting to select an output formatter without using a content type as no explicit content types were specified for the response. 
2023-06-18 14:21:04.7628|10|DEBUG|Microsoft.AspNetCore.Mvc.Infrastructure.DefaultOutputFormatterSelector|Attempting to select the first formatter in the output formatters list which can write the result. 
2023-06-18 14:21:04.7628|2|DEBUG|Microsoft.AspNetCore.Mvc.Infrastructure.DefaultOutputFormatterSelector|Selected output formatter 'Microsoft.AspNetCore.Mvc.Formatters.NewtonsoftJsonOutputFormatter' and content type 'application/json' to write the response. 
2023-06-18 14:21:04.7628|1|INFO|Microsoft.AspNetCore.Mvc.Infrastructure.ObjectResultExecutor|Executing OkObjectResult, writing value of type '<>f__AnonymousType0`1[[System.Int32, System.Private.CoreLib, Version=7.0.0.0, Culture=neutral, PublicKeyToken=7cec85d7bea7798e]]'. 
2023-06-18 14:21:04.8915|6|TRACE|Microsoft.AspNetCore.Mvc.Infrastructure.ControllerActionInvoker|After executing action result Microsoft.AspNetCore.Mvc.OkObjectResult. 
2023-06-18 14:21:04.8915|52|TRACE|Microsoft.AspNetCore.Mvc.Infrastructure.ControllerActionInvoker|Result Filter: Before executing OnResultExecuted on filter Microsoft.AspNetCore.Mvc.Infrastructure.ClientErrorResultFilter. 
2023-06-18 14:21:04.8915|53|TRACE|Microsoft.AspNetCore.Mvc.Infrastructure.ControllerActionInvoker|Result Filter: After executing OnResultExecuted on filter Microsoft.AspNetCore.Mvc.Infrastructure.ClientErrorResultFilter. 
2023-06-18 14:21:04.8915|105|INFO|Microsoft.AspNetCore.Mvc.Infrastructure.ControllerActionInvoker|Executed action GetInItBackEnd.Controllers.JobApplicationController.CreateApplication (GetInItBackEnd) in 896.3801ms 
2023-06-18 14:21:04.8915|1|INFO|Microsoft.AspNetCore.Routing.EndpointMiddleware|Executed endpoint 'GetInItBackEnd.Controllers.JobApplicationController.CreateApplication (GetInItBackEnd)' 
2023-06-18 14:21:04.9025|9|DEBUG|Microsoft.AspNetCore.Server.Kestrel.Connections|Connection id "0HMRFUPU0O4BG" completed keep alive response. 
2023-06-18 14:21:04.9025|2|INFO|Microsoft.AspNetCore.Hosting.Diagnostics|Request finished HTTP/1.1 POST http://localhost:5099/api/JobApplications/CreateApplication/1 multipart/form-data;+boundary=--------------------------475021601179308916081252 461 - 200 20 application/json;+charset=utf-8 1186.6520ms 
2023-06-18 14:22:29.5630|1|INFO|Microsoft.AspNetCore.Hosting.Diagnostics|Request starting HTTP/1.1 POST http://localhost:5099/api/JobApplications/CreateApplication/1 multipart/form-data;+boundary=--------------------------797298593348388786638679 461 
2023-06-18 14:22:29.5630|2|TRACE|Microsoft.AspNetCore.HostFiltering.HostFilteringMiddleware|All hosts are allowed. 
2023-06-18 14:22:29.5630|1001|DEBUG|Microsoft.AspNetCore.Routing.Matching.DfaMatcher|1 candidate(s) found for the request path '/api/JobApplications/CreateApplication/1' 
2023-06-18 14:22:29.5630|1005|DEBUG|Microsoft.AspNetCore.Routing.Matching.DfaMatcher|Endpoint 'GetInItBackEnd.Controllers.JobApplicationController.CreateApplication (GetInItBackEnd)' with route pattern 'api/JobApplications/CreateApplication/{offerId}' is valid for the request path '/api/JobApplications/CreateApplication/1' 
2023-06-18 14:22:29.5630|1|DEBUG|Microsoft.AspNetCore.Routing.EndpointRoutingMiddleware|Request matched endpoint 'GetInItBackEnd.Controllers.JobApplicationController.CreateApplication (GetInItBackEnd)' 
2023-06-18 14:22:29.5630|2|DEBUG|Microsoft.AspNetCore.Authentication.JwtBearer.JwtBearerHandler|Successfully validated the token. 
2023-06-18 14:22:29.5630|8|DEBUG|Microsoft.AspNetCore.Authentication.JwtBearer.JwtBearerHandler|AuthenticationScheme: Bearer was successfully authenticated. 
2023-06-18 14:22:29.5630|15|DEBUG|Microsoft.AspNetCore.StaticFiles.StaticFileMiddleware|Static files was skipped as the request already matched an endpoint. 
2023-06-18 14:22:29.5630|15|DEBUG|Microsoft.AspNetCore.StaticFiles.StaticFileMiddleware|Static files was skipped as the request already matched an endpoint. 
2023-06-18 14:22:29.5630|0|INFO|GetInItBackEnd.Authorization.RoleManagerRequirementHandler|user http://schemas.xmlsoap.org/ws/2005/05/identity/claims/name: user has role: http://schemas.microsoft.com/ws/2008/06/identity/claims/role: UserAccount 
2023-06-18 14:22:29.5630|0|INFO|GetInItBackEnd.Authorization.RoleManagerRequirementHandler|Authorization succeed 
2023-06-18 14:22:29.5630|0|INFO|GetInItBackEnd.Authorization.RoleEmployeeRequirementHandler|user http://schemas.xmlsoap.org/ws/2005/05/identity/claims/name: user has role: http://schemas.microsoft.com/ws/2008/06/identity/claims/role: UserAccount 
2023-06-18 14:22:29.5630|0|INFO|GetInItBackEnd.Authorization.RoleEmployeeRequirementHandler|Authorization succeed 
2023-06-18 14:22:29.5630|0|INFO|GetInItBackEnd.Authorization.RoleUserRequirementHandler|user http://schemas.xmlsoap.org/ws/2005/05/identity/claims/name: user has role: http://schemas.microsoft.com/ws/2008/06/identity/claims/role: UserAccount 
2023-06-18 14:22:29.5630|0|INFO|GetInItBackEnd.Authorization.RoleUserRequirementHandler|Authorization succeed 
2023-06-18 14:22:29.5630|0|INFO|GetInItBackEnd.Authorization.AdminRoleRequirementHandler|user http://schemas.xmlsoap.org/ws/2005/05/identity/claims/name: user has role: http://schemas.microsoft.com/ws/2008/06/identity/claims/role: UserAccount 
2023-06-18 14:22:29.5630|0|INFO|GetInItBackEnd.Authorization.AdminRoleRequirementHandler|Authorization succeed 
2023-06-18 14:22:29.5630|1|DEBUG|Microsoft.AspNetCore.Authorization.DefaultAuthorizationService|Authorization was successful. 
2023-06-18 14:22:29.5630|0|INFO|Microsoft.AspNetCore.Routing.EndpointMiddleware|Executing endpoint 'GetInItBackEnd.Controllers.JobApplicationController.CreateApplication (GetInItBackEnd)' 
2023-06-18 14:22:29.5738|102|INFO|Microsoft.AspNetCore.Mvc.Infrastructure.ControllerActionInvoker|Route matched with {action = "CreateApplication", controller = "JobApplication"}. Executing controller action with signature System.Threading.Tasks.Task`1[Microsoft.AspNetCore.Mvc.IActionResult] CreateApplication(GetInItBackEnd.Models.JobApplicationDto.CreateJobApplicationDto, Int32, Microsoft.AspNetCore.Http.IFormFile) on controller GetInItBackEnd.Controllers.JobApplicationController (GetInItBackEnd). 
2023-06-18 14:22:29.5738|1|DEBUG|Microsoft.AspNetCore.Mvc.Infrastructure.ControllerActionInvoker|Execution plan of authorization filters (in the following order): None 
2023-06-18 14:22:29.5738|1|DEBUG|Microsoft.AspNetCore.Mvc.Infrastructure.ControllerActionInvoker|Execution plan of resource filters (in the following order): None 
2023-06-18 14:22:29.5738|1|DEBUG|Microsoft.AspNetCore.Mvc.Infrastructure.ControllerActionInvoker|Execution plan of action filters (in the following order): Microsoft.AspNetCore.Mvc.ModelBinding.UnsupportedContentTypeFilter (Order: -3000), Microsoft.AspNetCore.Mvc.Infrastructure.ModelStateInvalidFilter (Order: -2000) 
2023-06-18 14:22:29.5738|1|DEBUG|Microsoft.AspNetCore.Mvc.Infrastructure.ControllerActionInvoker|Execution plan of exception filters (in the following order): None 
2023-06-18 14:22:29.5738|1|DEBUG|Microsoft.AspNetCore.Mvc.Infrastructure.ControllerActionInvoker|Execution plan of result filters (in the following order): Microsoft.AspNetCore.Mvc.Infrastructure.ClientErrorResultFilter (Order: -2000) 
2023-06-18 14:22:29.5738|1|DEBUG|Microsoft.AspNetCore.Mvc.Infrastructure.ControllerActionInvoker|Executing controller factory for controller GetInItBackEnd.Controllers.JobApplicationController (GetInItBackEnd) 
2023-06-18 14:22:29.5738|2|DEBUG|Microsoft.AspNetCore.Mvc.Infrastructure.ControllerActionInvoker|Executed controller factory for controller GetInItBackEnd.Controllers.JobApplicationController (GetInItBackEnd) 
2023-06-18 14:22:29.5738|25|DEBUG|Microsoft.AspNetCore.Server.Kestrel|Connection id "0HMRFUPU0O4BG", Request id "0HMRFUPU0O4BG:00000002": started reading request body. 
2023-06-18 14:22:29.5738|26|DEBUG|Microsoft.AspNetCore.Server.Kestrel|Connection id "0HMRFUPU0O4BG", Request id "0HMRFUPU0O4BG:00000002": done reading request body. 
2023-06-18 14:22:29.5738|22|DEBUG|Microsoft.AspNetCore.Mvc.ModelBinding.ParameterBinder|Attempting to bind parameter 'dto' of type 'GetInItBackEnd.Models.JobApplicationDto.CreateJobApplicationDto' ... 
2023-06-18 14:22:29.5738|44|DEBUG|Microsoft.AspNetCore.Mvc.ModelBinding.Binders.ComplexObjectModelBinder|Attempting to bind parameter 'dto' of type 'GetInItBackEnd.Models.JobApplicationDto.CreateJobApplicationDto' using the name '' in request data ... 
2023-06-18 14:22:29.5738|13|DEBUG|Microsoft.AspNetCore.Mvc.ModelBinding.Binders.SimpleTypeModelBinder|Attempting to bind property 'GetInItBackEnd.Models.JobApplicationDto.CreateJobApplicationDto.ApplicantName' of type 'System.String' using the name 'ApplicantName' in request data ... 
2023-06-18 14:22:29.5738|15|DEBUG|Microsoft.AspNetCore.Mvc.ModelBinding.Binders.SimpleTypeModelBinder|Could not find a value in the request with name 'ApplicantName' for binding property 'GetInItBackEnd.Models.JobApplicationDto.CreateJobApplicationDto.ApplicantName' of type 'System.String'. 
2023-06-18 14:22:29.5738|14|DEBUG|Microsoft.AspNetCore.Mvc.ModelBinding.Binders.SimpleTypeModelBinder|Done attempting to bind property 'GetInItBackEnd.Models.JobApplicationDto.CreateJobApplicationDto.ApplicantName' of type 'System.String'. 
2023-06-18 14:22:29.5738|13|DEBUG|Microsoft.AspNetCore.Mvc.ModelBinding.Binders.SimpleTypeModelBinder|Attempting to bind property 'GetInItBackEnd.Models.JobApplicationDto.CreateJobApplicationDto.LastName' of type 'System.String' using the name 'LastName' in request data ... 
2023-06-18 14:22:29.5738|15|DEBUG|Microsoft.AspNetCore.Mvc.ModelBinding.Binders.SimpleTypeModelBinder|Could not find a value in the request with name 'LastName' for binding property 'GetInItBackEnd.Models.JobApplicationDto.CreateJobApplicationDto.LastName' of type 'System.String'. 
2023-06-18 14:22:29.5738|14|DEBUG|Microsoft.AspNetCore.Mvc.ModelBinding.Binders.SimpleTypeModelBinder|Done attempting to bind property 'GetInItBackEnd.Models.JobApplicationDto.CreateJobApplicationDto.LastName' of type 'System.String'. 
2023-06-18 14:22:29.5738|13|DEBUG|Microsoft.AspNetCore.Mvc.ModelBinding.Binders.SimpleTypeModelBinder|Attempting to bind property 'GetInItBackEnd.Models.JobApplicationDto.CreateJobApplicationDto.Email' of type 'System.String' using the name 'Email' in request data ... 
2023-06-18 14:22:29.5738|15|DEBUG|Microsoft.AspNetCore.Mvc.ModelBinding.Binders.SimpleTypeModelBinder|Could not find a value in the request with name 'Email' for binding property 'GetInItBackEnd.Models.JobApplicationDto.CreateJobApplicationDto.Email' of type 'System.String'. 
2023-06-18 14:22:29.5738|14|DEBUG|Microsoft.AspNetCore.Mvc.ModelBinding.Binders.SimpleTypeModelBinder|Done attempting to bind property 'GetInItBackEnd.Models.JobApplicationDto.CreateJobApplicationDto.Email' of type 'System.String'. 
2023-06-18 14:22:29.5738|13|DEBUG|Microsoft.AspNetCore.Mvc.ModelBinding.Binders.SimpleTypeModelBinder|Attempting to bind property 'GetInItBackEnd.Models.JobApplicationDto.CreateJobApplicationDto.ResumePath' of type 'System.String' using the name 'ResumePath' in request data ... 
2023-06-18 14:22:29.5738|15|DEBUG|Microsoft.AspNetCore.Mvc.ModelBinding.Binders.SimpleTypeModelBinder|Could not find a value in the request with name 'ResumePath' for binding property 'GetInItBackEnd.Models.JobApplicationDto.CreateJobApplicationDto.ResumePath' of type 'System.String'. 
2023-06-18 14:22:29.5738|14|DEBUG|Microsoft.AspNetCore.Mvc.ModelBinding.Binders.SimpleTypeModelBinder|Done attempting to bind property 'GetInItBackEnd.Models.JobApplicationDto.CreateJobApplicationDto.ResumePath' of type 'System.String'. 
2023-06-18 14:22:29.5738|13|DEBUG|Microsoft.AspNetCore.Mvc.ModelBinding.Binders.SimpleTypeModelBinder|Attempting to bind property 'GetInItBackEnd.Models.JobApplicationDto.CreateJobApplicationDto.Message' of type 'System.String' using the name 'Message' in request data ... 
2023-06-18 14:22:29.5738|14|DEBUG|Microsoft.AspNetCore.Mvc.ModelBinding.Binders.SimpleTypeModelBinder|Done attempting to bind property 'GetInItBackEnd.Models.JobApplicationDto.CreateJobApplicationDto.Message' of type 'System.String'. 
2023-06-18 14:22:29.5738|13|DEBUG|Microsoft.AspNetCore.Mvc.ModelBinding.Binders.SimpleTypeModelBinder|Attempting to bind property 'GetInItBackEnd.Models.JobApplicationDto.CreateJobApplicationDto.UrlLink' of type 'System.String' using the name 'UrlLink' in request data ... 
2023-06-18 14:22:29.5738|14|DEBUG|Microsoft.AspNetCore.Mvc.ModelBinding.Binders.SimpleTypeModelBinder|Done attempting to bind property 'GetInItBackEnd.Models.JobApplicationDto.CreateJobApplicationDto.UrlLink' of type 'System.String'. 
2023-06-18 14:22:29.5738|13|DEBUG|Microsoft.AspNetCore.Mvc.ModelBinding.Binders.SimpleTypeModelBinder|Attempting to bind property 'GetInItBackEnd.Models.JobApplicationDto.CreateJobApplicationDto.OfferId' of type 'System.Int32' using the name 'OfferId' in request data ... 
2023-06-18 14:22:29.5738|15|DEBUG|Microsoft.AspNetCore.Mvc.ModelBinding.Binders.SimpleTypeModelBinder|Could not find a value in the request with name 'OfferId' for binding property 'GetInItBackEnd.Models.JobApplicationDto.CreateJobApplicationDto.OfferId' of type 'System.Int32'. 
2023-06-18 14:22:29.5738|14|DEBUG|Microsoft.AspNetCore.Mvc.ModelBinding.Binders.SimpleTypeModelBinder|Done attempting to bind property 'GetInItBackEnd.Models.JobApplicationDto.CreateJobApplicationDto.OfferId' of type 'System.Int32'. 
2023-06-18 14:22:29.5738|13|DEBUG|Microsoft.AspNetCore.Mvc.ModelBinding.Binders.SimpleTypeModelBinder|Attempting to bind property 'GetInItBackEnd.Models.JobApplicationDto.CreateJobApplicationDto.CreatedById' of type 'System.Nullable`1[System.Int32]' using the name 'CreatedById' in request data ... 
2023-06-18 14:22:29.5738|15|DEBUG|Microsoft.AspNetCore.Mvc.ModelBinding.Binders.SimpleTypeModelBinder|Could not find a value in the request with name 'CreatedById' for binding property 'GetInItBackEnd.Models.JobApplicationDto.CreateJobApplicationDto.CreatedById' of type 'System.Nullable`1[System.Int32]'. 
2023-06-18 14:22:29.5738|14|DEBUG|Microsoft.AspNetCore.Mvc.ModelBinding.Binders.SimpleTypeModelBinder|Done attempting to bind property 'GetInItBackEnd.Models.JobApplicationDto.CreateJobApplicationDto.CreatedById' of type 'System.Nullable`1[System.Int32]'. 
2023-06-18 14:22:29.5738|45|DEBUG|Microsoft.AspNetCore.Mvc.ModelBinding.Binders.ComplexObjectModelBinder|Done attempting to bind parameter 'dto' of type 'GetInItBackEnd.Models.JobApplicationDto.CreateJobApplicationDto'. 
2023-06-18 14:22:29.5738|23|DEBUG|Microsoft.AspNetCore.Mvc.ModelBinding.ParameterBinder|Done attempting to bind parameter 'dto' of type 'GetInItBackEnd.Models.JobApplicationDto.CreateJobApplicationDto'. 
2023-06-18 14:22:29.5738|26|DEBUG|Microsoft.AspNetCore.Mvc.ModelBinding.ParameterBinder|Attempting to validate the bound parameter 'dto' of type 'GetInItBackEnd.Models.JobApplicationDto.CreateJobApplicationDto' ... 
2023-06-18 14:22:29.5738|27|DEBUG|Microsoft.AspNetCore.Mvc.ModelBinding.ParameterBinder|Done attempting to validate the bound parameter 'dto' of type 'GetInItBackEnd.Models.JobApplicationDto.CreateJobApplicationDto'. 
2023-06-18 14:22:29.5738|22|DEBUG|Microsoft.AspNetCore.Mvc.ModelBinding.ParameterBinder|Attempting to bind parameter 'offerId' of type 'System.Int32' ... 
2023-06-18 14:22:29.5738|44|DEBUG|Microsoft.AspNetCore.Mvc.ModelBinding.Binders.SimpleTypeModelBinder|Attempting to bind parameter 'offerId' of type 'System.Int32' using the name 'offerId' in request data ... 
2023-06-18 14:22:29.5738|45|DEBUG|Microsoft.AspNetCore.Mvc.ModelBinding.Binders.SimpleTypeModelBinder|Done attempting to bind parameter 'offerId' of type 'System.Int32'. 
2023-06-18 14:22:29.5738|23|DEBUG|Microsoft.AspNetCore.Mvc.ModelBinding.ParameterBinder|Done attempting to bind parameter 'offerId' of type 'System.Int32'. 
2023-06-18 14:22:29.5738|26|DEBUG|Microsoft.AspNetCore.Mvc.ModelBinding.ParameterBinder|Attempting to validate the bound parameter 'offerId' of type 'System.Int32' ... 
2023-06-18 14:22:29.5738|27|DEBUG|Microsoft.AspNetCore.Mvc.ModelBinding.ParameterBinder|Done attempting to validate the bound parameter 'offerId' of type 'System.Int32'. 
2023-06-18 14:22:29.5738|22|DEBUG|Microsoft.AspNetCore.Mvc.ModelBinding.ParameterBinder|Attempting to bind parameter 'file' of type 'Microsoft.AspNetCore.Http.IFormFile' ... 
2023-06-18 14:22:29.5738|44|DEBUG|Microsoft.AspNetCore.Mvc.ModelBinding.Binders.FormFileModelBinder|Attempting to bind parameter 'file' of type 'Microsoft.AspNetCore.Http.IFormFile' using the name '' in request data ... 
2023-06-18 14:22:29.5738|45|DEBUG|Microsoft.AspNetCore.Mvc.ModelBinding.Binders.FormFileModelBinder|Done attempting to bind parameter 'file' of type 'Microsoft.AspNetCore.Http.IFormFile'. 
2023-06-18 14:22:29.5738|23|DEBUG|Microsoft.AspNetCore.Mvc.ModelBinding.ParameterBinder|Done attempting to bind parameter 'file' of type 'Microsoft.AspNetCore.Http.IFormFile'. 
2023-06-18 14:22:29.5738|26|DEBUG|Microsoft.AspNetCore.Mvc.ModelBinding.ParameterBinder|Attempting to validate the bound parameter 'file' of type 'Microsoft.AspNetCore.Http.IFormFile' ... 
2023-06-18 14:22:29.5738|27|DEBUG|Microsoft.AspNetCore.Mvc.ModelBinding.ParameterBinder|Done attempting to validate the bound parameter 'file' of type 'Microsoft.AspNetCore.Http.IFormFile'. 
2023-06-18 14:22:29.5738|52|TRACE|Microsoft.AspNetCore.Mvc.Infrastructure.ControllerActionInvoker|Action Filter: Before executing OnActionExecuting on filter Microsoft.AspNetCore.Mvc.ModelBinding.UnsupportedContentTypeFilter. 
2023-06-18 14:22:29.5738|53|TRACE|Microsoft.AspNetCore.Mvc.Infrastructure.ControllerActionInvoker|Action Filter: After executing OnActionExecuting on filter Microsoft.AspNetCore.Mvc.ModelBinding.UnsupportedContentTypeFilter. 
2023-06-18 14:22:29.5738|52|TRACE|Microsoft.AspNetCore.Mvc.Infrastructure.ControllerActionInvoker|Action Filter: Before executing OnActionExecuting on filter Microsoft.AspNetCore.Mvc.Infrastructure.ModelStateInvalidFilter. 
2023-06-18 14:22:29.5738|53|TRACE|Microsoft.AspNetCore.Mvc.Infrastructure.ControllerActionInvoker|Action Filter: After executing OnActionExecuting on filter Microsoft.AspNetCore.Mvc.Infrastructure.ModelStateInvalidFilter. 
2023-06-18 14:22:29.5738|101|INFO|Microsoft.AspNetCore.Mvc.Infrastructure.ControllerActionInvoker|Executing action method GetInItBackEnd.Controllers.JobApplicationController.CreateApplication (GetInItBackEnd) - Validation state: Valid 
2023-06-18 14:22:29.5738|102|TRACE|Microsoft.AspNetCore.Mvc.Infrastructure.ControllerActionInvoker|Executing action method GetInItBackEnd.Controllers.JobApplicationController.CreateApplication (GetInItBackEnd) with arguments (GetInItBackEnd.Models.JobApplicationDto.CreateJobApplicationDto, 1, Microsoft.AspNetCore.Http.FormFile) 
2023-06-18 14:22:29.6521|103|INFO|Microsoft.AspNetCore.Mvc.Infrastructure.ControllerActionInvoker|Executed action method GetInItBackEnd.Controllers.JobApplicationController.CreateApplication (GetInItBackEnd), returned result Microsoft.AspNetCore.Mvc.NotFoundObjectResult in 73.8002ms. 
2023-06-18 14:22:29.6521|52|TRACE|Microsoft.AspNetCore.Mvc.Infrastructure.ControllerActionInvoker|Action Filter: Before executing OnActionExecuted on filter Microsoft.AspNetCore.Mvc.Infrastructure.ModelStateInvalidFilter. 
2023-06-18 14:22:29.6521|53|TRACE|Microsoft.AspNetCore.Mvc.Infrastructure.ControllerActionInvoker|Action Filter: After executing OnActionExecuted on filter Microsoft.AspNetCore.Mvc.Infrastructure.ModelStateInvalidFilter. 
2023-06-18 14:22:29.6521|52|TRACE|Microsoft.AspNetCore.Mvc.Infrastructure.ControllerActionInvoker|Action Filter: Before executing OnActionExecuted on filter Microsoft.AspNetCore.Mvc.ModelBinding.UnsupportedContentTypeFilter. 
2023-06-18 14:22:29.6521|53|TRACE|Microsoft.AspNetCore.Mvc.Infrastructure.ControllerActionInvoker|Action Filter: After executing OnActionExecuted on filter Microsoft.AspNetCore.Mvc.ModelBinding.UnsupportedContentTypeFilter. 
2023-06-18 14:22:29.6521|52|TRACE|Microsoft.AspNetCore.Mvc.Infrastructure.ControllerActionInvoker|Result Filter: Before executing OnResultExecuting on filter Microsoft.AspNetCore.Mvc.Infrastructure.ClientErrorResultFilter. 
2023-06-18 14:22:29.6521|53|TRACE|Microsoft.AspNetCore.Mvc.Infrastructure.ControllerActionInvoker|Result Filter: After executing OnResultExecuting on filter Microsoft.AspNetCore.Mvc.Infrastructure.ClientErrorResultFilter. 
2023-06-18 14:22:29.6521|5|TRACE|Microsoft.AspNetCore.Mvc.Infrastructure.ControllerActionInvoker|Before executing action result Microsoft.AspNetCore.Mvc.NotFoundObjectResult. 
2023-06-18 14:22:29.6521|11|DEBUG|Microsoft.AspNetCore.Mvc.Infrastructure.DefaultOutputFormatterSelector|List of registered output formatters, in the following order: Microsoft.AspNetCore.Mvc.Formatters.HttpNoContentOutputFormatter, Microsoft.AspNetCore.Mvc.Formatters.StringOutputFormatter, Microsoft.AspNetCore.Mvc.Formatters.StreamOutputFormatter, Microsoft.AspNetCore.Mvc.Formatters.NewtonsoftJsonOutputFormatter 
2023-06-18 14:22:29.6521|4|DEBUG|Microsoft.AspNetCore.Mvc.Infrastructure.DefaultOutputFormatterSelector|No information found on request to perform content negotiation. 
2023-06-18 14:22:29.6521|8|DEBUG|Microsoft.AspNetCore.Mvc.Infrastructure.DefaultOutputFormatterSelector|Attempting to select an output formatter without using a content type as no explicit content types were specified for the response. 
2023-06-18 14:22:29.6521|10|DEBUG|Microsoft.AspNetCore.Mvc.Infrastructure.DefaultOutputFormatterSelector|Attempting to select the first formatter in the output formatters list which can write the result. 
2023-06-18 14:22:29.6521|2|DEBUG|Microsoft.AspNetCore.Mvc.Infrastructure.DefaultOutputFormatterSelector|Selected output formatter 'Microsoft.AspNetCore.Mvc.Formatters.StringOutputFormatter' and content type 'text/plain' to write the response. 
2023-06-18 14:22:29.6521|1|INFO|Microsoft.AspNetCore.Mvc.Infrastructure.ObjectResultExecutor|Executing NotFoundObjectResult, writing value of type 'System.String'. 
2023-06-18 14:22:29.6521|6|TRACE|Microsoft.AspNetCore.Mvc.Infrastructure.ControllerActionInvoker|After executing action result Microsoft.AspNetCore.Mvc.NotFoundObjectResult. 
2023-06-18 14:22:29.6521|52|TRACE|Microsoft.AspNetCore.Mvc.Infrastructure.ControllerActionInvoker|Result Filter: Before executing OnResultExecuted on filter Microsoft.AspNetCore.Mvc.Infrastructure.ClientErrorResultFilter. 
2023-06-18 14:22:29.6521|53|TRACE|Microsoft.AspNetCore.Mvc.Infrastructure.ControllerActionInvoker|Result Filter: After executing OnResultExecuted on filter Microsoft.AspNetCore.Mvc.Infrastructure.ClientErrorResultFilter. 
2023-06-18 14:22:29.6521|105|INFO|Microsoft.AspNetCore.Mvc.Infrastructure.ControllerActionInvoker|Executed action GetInItBackEnd.Controllers.JobApplicationController.CreateApplication (GetInItBackEnd) in 79.4673ms 
2023-06-18 14:22:29.6521|1|INFO|Microsoft.AspNetCore.Routing.EndpointMiddleware|Executed endpoint 'GetInItBackEnd.Controllers.JobApplicationController.CreateApplication (GetInItBackEnd)' 
2023-06-18 14:22:29.6521|9|DEBUG|Microsoft.AspNetCore.Server.Kestrel.Connections|Connection id "0HMRFUPU0O4BG" completed keep alive response. 
2023-06-18 14:22:29.6521|2|INFO|Microsoft.AspNetCore.Hosting.Diagnostics|Request finished HTTP/1.1 POST http://localhost:5099/api/JobApplications/CreateApplication/1 multipart/form-data;+boundary=--------------------------797298593348388786638679 461 - 404 - text/plain;+charset=utf-8 91.0431ms 
2023-06-18 14:22:45.8571|1|INFO|Microsoft.AspNetCore.Hosting.Diagnostics|Request starting HTTP/1.1 POST http://localhost:5099/api/JobApplications/CreateApplication/1 multipart/form-data;+boundary=--------------------------093894896245171422748067 461 
2023-06-18 14:22:45.8571|2|TRACE|Microsoft.AspNetCore.HostFiltering.HostFilteringMiddleware|All hosts are allowed. 
2023-06-18 14:22:45.8571|1001|DEBUG|Microsoft.AspNetCore.Routing.Matching.DfaMatcher|1 candidate(s) found for the request path '/api/JobApplications/CreateApplication/1' 
2023-06-18 14:22:45.8571|1005|DEBUG|Microsoft.AspNetCore.Routing.Matching.DfaMatcher|Endpoint 'GetInItBackEnd.Controllers.JobApplicationController.CreateApplication (GetInItBackEnd)' with route pattern 'api/JobApplications/CreateApplication/{offerId}' is valid for the request path '/api/JobApplications/CreateApplication/1' 
2023-06-18 14:22:45.8571|1|DEBUG|Microsoft.AspNetCore.Routing.EndpointRoutingMiddleware|Request matched endpoint 'GetInItBackEnd.Controllers.JobApplicationController.CreateApplication (GetInItBackEnd)' 
2023-06-18 14:22:45.8571|2|DEBUG|Microsoft.AspNetCore.Authentication.JwtBearer.JwtBearerHandler|Successfully validated the token. 
2023-06-18 14:22:45.8571|8|DEBUG|Microsoft.AspNetCore.Authentication.JwtBearer.JwtBearerHandler|AuthenticationScheme: Bearer was successfully authenticated. 
2023-06-18 14:22:45.8571|15|DEBUG|Microsoft.AspNetCore.StaticFiles.StaticFileMiddleware|Static files was skipped as the request already matched an endpoint. 
2023-06-18 14:22:45.8571|15|DEBUG|Microsoft.AspNetCore.StaticFiles.StaticFileMiddleware|Static files was skipped as the request already matched an endpoint. 
2023-06-18 14:22:45.8571|0|INFO|GetInItBackEnd.Authorization.RoleManagerRequirementHandler|user http://schemas.xmlsoap.org/ws/2005/05/identity/claims/name: user has role: http://schemas.microsoft.com/ws/2008/06/identity/claims/role: UserAccount 
2023-06-18 14:22:45.8571|0|INFO|GetInItBackEnd.Authorization.RoleManagerRequirementHandler|Authorization succeed 
2023-06-18 14:22:45.8571|0|INFO|GetInItBackEnd.Authorization.RoleEmployeeRequirementHandler|user http://schemas.xmlsoap.org/ws/2005/05/identity/claims/name: user has role: http://schemas.microsoft.com/ws/2008/06/identity/claims/role: UserAccount 
2023-06-18 14:22:45.8571|0|INFO|GetInItBackEnd.Authorization.RoleEmployeeRequirementHandler|Authorization succeed 
2023-06-18 14:22:45.8571|0|INFO|GetInItBackEnd.Authorization.RoleUserRequirementHandler|user http://schemas.xmlsoap.org/ws/2005/05/identity/claims/name: user has role: http://schemas.microsoft.com/ws/2008/06/identity/claims/role: UserAccount 
2023-06-18 14:22:45.8571|0|INFO|GetInItBackEnd.Authorization.RoleUserRequirementHandler|Authorization succeed 
2023-06-18 14:22:45.8571|0|INFO|GetInItBackEnd.Authorization.AdminRoleRequirementHandler|user http://schemas.xmlsoap.org/ws/2005/05/identity/claims/name: user has role: http://schemas.microsoft.com/ws/2008/06/identity/claims/role: UserAccount 
2023-06-18 14:22:45.8571|0|INFO|GetInItBackEnd.Authorization.AdminRoleRequirementHandler|Authorization succeed 
2023-06-18 14:22:45.8571|1|DEBUG|Microsoft.AspNetCore.Authorization.DefaultAuthorizationService|Authorization was successful. 
2023-06-18 14:22:45.8571|0|INFO|Microsoft.AspNetCore.Routing.EndpointMiddleware|Executing endpoint 'GetInItBackEnd.Controllers.JobApplicationController.CreateApplication (GetInItBackEnd)' 
2023-06-18 14:22:45.8571|102|INFO|Microsoft.AspNetCore.Mvc.Infrastructure.ControllerActionInvoker|Route matched with {action = "CreateApplication", controller = "JobApplication"}. Executing controller action with signature System.Threading.Tasks.Task`1[Microsoft.AspNetCore.Mvc.IActionResult] CreateApplication(GetInItBackEnd.Models.JobApplicationDto.CreateJobApplicationDto, Int32, Microsoft.AspNetCore.Http.IFormFile) on controller GetInItBackEnd.Controllers.JobApplicationController (GetInItBackEnd). 
2023-06-18 14:22:45.8571|1|DEBUG|Microsoft.AspNetCore.Mvc.Infrastructure.ControllerActionInvoker|Execution plan of authorization filters (in the following order): None 
2023-06-18 14:22:45.8571|1|DEBUG|Microsoft.AspNetCore.Mvc.Infrastructure.ControllerActionInvoker|Execution plan of resource filters (in the following order): None 
2023-06-18 14:22:45.8571|1|DEBUG|Microsoft.AspNetCore.Mvc.Infrastructure.ControllerActionInvoker|Execution plan of action filters (in the following order): Microsoft.AspNetCore.Mvc.ModelBinding.UnsupportedContentTypeFilter (Order: -3000), Microsoft.AspNetCore.Mvc.Infrastructure.ModelStateInvalidFilter (Order: -2000) 
2023-06-18 14:22:45.8571|1|DEBUG|Microsoft.AspNetCore.Mvc.Infrastructure.ControllerActionInvoker|Execution plan of exception filters (in the following order): None 
2023-06-18 14:22:45.8571|1|DEBUG|Microsoft.AspNetCore.Mvc.Infrastructure.ControllerActionInvoker|Execution plan of result filters (in the following order): Microsoft.AspNetCore.Mvc.Infrastructure.ClientErrorResultFilter (Order: -2000) 
2023-06-18 14:22:45.8571|1|DEBUG|Microsoft.AspNetCore.Mvc.Infrastructure.ControllerActionInvoker|Executing controller factory for controller GetInItBackEnd.Controllers.JobApplicationController (GetInItBackEnd) 
2023-06-18 14:22:45.8571|2|DEBUG|Microsoft.AspNetCore.Mvc.Infrastructure.ControllerActionInvoker|Executed controller factory for controller GetInItBackEnd.Controllers.JobApplicationController (GetInItBackEnd) 
2023-06-18 14:22:45.8571|25|DEBUG|Microsoft.AspNetCore.Server.Kestrel|Connection id "0HMRFUPU0O4BG", Request id "0HMRFUPU0O4BG:00000003": started reading request body. 
2023-06-18 14:22:45.8571|26|DEBUG|Microsoft.AspNetCore.Server.Kestrel|Connection id "0HMRFUPU0O4BG", Request id "0HMRFUPU0O4BG:00000003": done reading request body. 
2023-06-18 14:22:45.8571|22|DEBUG|Microsoft.AspNetCore.Mvc.ModelBinding.ParameterBinder|Attempting to bind parameter 'dto' of type 'GetInItBackEnd.Models.JobApplicationDto.CreateJobApplicationDto' ... 
2023-06-18 14:22:45.8571|44|DEBUG|Microsoft.AspNetCore.Mvc.ModelBinding.Binders.ComplexObjectModelBinder|Attempting to bind parameter 'dto' of type 'GetInItBackEnd.Models.JobApplicationDto.CreateJobApplicationDto' using the name '' in request data ... 
2023-06-18 14:22:45.8571|13|DEBUG|Microsoft.AspNetCore.Mvc.ModelBinding.Binders.SimpleTypeModelBinder|Attempting to bind property 'GetInItBackEnd.Models.JobApplicationDto.CreateJobApplicationDto.ApplicantName' of type 'System.String' using the name 'ApplicantName' in request data ... 
2023-06-18 14:22:45.8571|15|DEBUG|Microsoft.AspNetCore.Mvc.ModelBinding.Binders.SimpleTypeModelBinder|Could not find a value in the request with name 'ApplicantName' for binding property 'GetInItBackEnd.Models.JobApplicationDto.CreateJobApplicationDto.ApplicantName' of type 'System.String'. 
2023-06-18 14:22:45.8571|14|DEBUG|Microsoft.AspNetCore.Mvc.ModelBinding.Binders.SimpleTypeModelBinder|Done attempting to bind property 'GetInItBackEnd.Models.JobApplicationDto.CreateJobApplicationDto.ApplicantName' of type 'System.String'. 
2023-06-18 14:22:45.8571|13|DEBUG|Microsoft.AspNetCore.Mvc.ModelBinding.Binders.SimpleTypeModelBinder|Attempting to bind property 'GetInItBackEnd.Models.JobApplicationDto.CreateJobApplicationDto.LastName' of type 'System.String' using the name 'LastName' in request data ... 
2023-06-18 14:22:45.8571|15|DEBUG|Microsoft.AspNetCore.Mvc.ModelBinding.Binders.SimpleTypeModelBinder|Could not find a value in the request with name 'LastName' for binding property 'GetInItBackEnd.Models.JobApplicationDto.CreateJobApplicationDto.LastName' of type 'System.String'. 
2023-06-18 14:22:45.8571|14|DEBUG|Microsoft.AspNetCore.Mvc.ModelBinding.Binders.SimpleTypeModelBinder|Done attempting to bind property 'GetInItBackEnd.Models.JobApplicationDto.CreateJobApplicationDto.LastName' of type 'System.String'. 
2023-06-18 14:22:45.8571|13|DEBUG|Microsoft.AspNetCore.Mvc.ModelBinding.Binders.SimpleTypeModelBinder|Attempting to bind property 'GetInItBackEnd.Models.JobApplicationDto.CreateJobApplicationDto.Email' of type 'System.String' using the name 'Email' in request data ... 
2023-06-18 14:22:45.8571|15|DEBUG|Microsoft.AspNetCore.Mvc.ModelBinding.Binders.SimpleTypeModelBinder|Could not find a value in the request with name 'Email' for binding property 'GetInItBackEnd.Models.JobApplicationDto.CreateJobApplicationDto.Email' of type 'System.String'. 
2023-06-18 14:22:45.8571|14|DEBUG|Microsoft.AspNetCore.Mvc.ModelBinding.Binders.SimpleTypeModelBinder|Done attempting to bind property 'GetInItBackEnd.Models.JobApplicationDto.CreateJobApplicationDto.Email' of type 'System.String'. 
2023-06-18 14:22:45.8571|13|DEBUG|Microsoft.AspNetCore.Mvc.ModelBinding.Binders.SimpleTypeModelBinder|Attempting to bind property 'GetInItBackEnd.Models.JobApplicationDto.CreateJobApplicationDto.ResumePath' of type 'System.String' using the name 'ResumePath' in request data ... 
2023-06-18 14:22:45.8571|15|DEBUG|Microsoft.AspNetCore.Mvc.ModelBinding.Binders.SimpleTypeModelBinder|Could not find a value in the request with name 'ResumePath' for binding property 'GetInItBackEnd.Models.JobApplicationDto.CreateJobApplicationDto.ResumePath' of type 'System.String'. 
2023-06-18 14:22:45.8571|14|DEBUG|Microsoft.AspNetCore.Mvc.ModelBinding.Binders.SimpleTypeModelBinder|Done attempting to bind property 'GetInItBackEnd.Models.JobApplicationDto.CreateJobApplicationDto.ResumePath' of type 'System.String'. 
2023-06-18 14:22:45.8571|13|DEBUG|Microsoft.AspNetCore.Mvc.ModelBinding.Binders.SimpleTypeModelBinder|Attempting to bind property 'GetInItBackEnd.Models.JobApplicationDto.CreateJobApplicationDto.Message' of type 'System.String' using the name 'Message' in request data ... 
2023-06-18 14:22:45.8571|14|DEBUG|Microsoft.AspNetCore.Mvc.ModelBinding.Binders.SimpleTypeModelBinder|Done attempting to bind property 'GetInItBackEnd.Models.JobApplicationDto.CreateJobApplicationDto.Message' of type 'System.String'. 
2023-06-18 14:22:45.8571|13|DEBUG|Microsoft.AspNetCore.Mvc.ModelBinding.Binders.SimpleTypeModelBinder|Attempting to bind property 'GetInItBackEnd.Models.JobApplicationDto.CreateJobApplicationDto.UrlLink' of type 'System.String' using the name 'UrlLink' in request data ... 
2023-06-18 14:22:45.8571|14|DEBUG|Microsoft.AspNetCore.Mvc.ModelBinding.Binders.SimpleTypeModelBinder|Done attempting to bind property 'GetInItBackEnd.Models.JobApplicationDto.CreateJobApplicationDto.UrlLink' of type 'System.String'. 
2023-06-18 14:22:45.8571|13|DEBUG|Microsoft.AspNetCore.Mvc.ModelBinding.Binders.SimpleTypeModelBinder|Attempting to bind property 'GetInItBackEnd.Models.JobApplicationDto.CreateJobApplicationDto.OfferId' of type 'System.Int32' using the name 'OfferId' in request data ... 
2023-06-18 14:22:45.8571|15|DEBUG|Microsoft.AspNetCore.Mvc.ModelBinding.Binders.SimpleTypeModelBinder|Could not find a value in the request with name 'OfferId' for binding property 'GetInItBackEnd.Models.JobApplicationDto.CreateJobApplicationDto.OfferId' of type 'System.Int32'. 
2023-06-18 14:22:45.8571|14|DEBUG|Microsoft.AspNetCore.Mvc.ModelBinding.Binders.SimpleTypeModelBinder|Done attempting to bind property 'GetInItBackEnd.Models.JobApplicationDto.CreateJobApplicationDto.OfferId' of type 'System.Int32'. 
2023-06-18 14:22:45.8571|13|DEBUG|Microsoft.AspNetCore.Mvc.ModelBinding.Binders.SimpleTypeModelBinder|Attempting to bind property 'GetInItBackEnd.Models.JobApplicationDto.CreateJobApplicationDto.CreatedById' of type 'System.Nullable`1[System.Int32]' using the name 'CreatedById' in request data ... 
2023-06-18 14:22:45.8571|15|DEBUG|Microsoft.AspNetCore.Mvc.ModelBinding.Binders.SimpleTypeModelBinder|Could not find a value in the request with name 'CreatedById' for binding property 'GetInItBackEnd.Models.JobApplicationDto.CreateJobApplicationDto.CreatedById' of type 'System.Nullable`1[System.Int32]'. 
2023-06-18 14:22:45.8571|14|DEBUG|Microsoft.AspNetCore.Mvc.ModelBinding.Binders.SimpleTypeModelBinder|Done attempting to bind property 'GetInItBackEnd.Models.JobApplicationDto.CreateJobApplicationDto.CreatedById' of type 'System.Nullable`1[System.Int32]'. 
2023-06-18 14:22:45.8571|45|DEBUG|Microsoft.AspNetCore.Mvc.ModelBinding.Binders.ComplexObjectModelBinder|Done attempting to bind parameter 'dto' of type 'GetInItBackEnd.Models.JobApplicationDto.CreateJobApplicationDto'. 
2023-06-18 14:22:45.8571|23|DEBUG|Microsoft.AspNetCore.Mvc.ModelBinding.ParameterBinder|Done attempting to bind parameter 'dto' of type 'GetInItBackEnd.Models.JobApplicationDto.CreateJobApplicationDto'. 
2023-06-18 14:22:45.8571|26|DEBUG|Microsoft.AspNetCore.Mvc.ModelBinding.ParameterBinder|Attempting to validate the bound parameter 'dto' of type 'GetInItBackEnd.Models.JobApplicationDto.CreateJobApplicationDto' ... 
2023-06-18 14:22:45.8571|27|DEBUG|Microsoft.AspNetCore.Mvc.ModelBinding.ParameterBinder|Done attempting to validate the bound parameter 'dto' of type 'GetInItBackEnd.Models.JobApplicationDto.CreateJobApplicationDto'. 
2023-06-18 14:22:45.8571|22|DEBUG|Microsoft.AspNetCore.Mvc.ModelBinding.ParameterBinder|Attempting to bind parameter 'offerId' of type 'System.Int32' ... 
2023-06-18 14:22:45.8571|44|DEBUG|Microsoft.AspNetCore.Mvc.ModelBinding.Binders.SimpleTypeModelBinder|Attempting to bind parameter 'offerId' of type 'System.Int32' using the name 'offerId' in request data ... 
2023-06-18 14:22:45.8571|45|DEBUG|Microsoft.AspNetCore.Mvc.ModelBinding.Binders.SimpleTypeModelBinder|Done attempting to bind parameter 'offerId' of type 'System.Int32'. 
2023-06-18 14:22:45.8571|23|DEBUG|Microsoft.AspNetCore.Mvc.ModelBinding.ParameterBinder|Done attempting to bind parameter 'offerId' of type 'System.Int32'. 
2023-06-18 14:22:45.8571|26|DEBUG|Microsoft.AspNetCore.Mvc.ModelBinding.ParameterBinder|Attempting to validate the bound parameter 'offerId' of type 'System.Int32' ... 
2023-06-18 14:22:45.8571|27|DEBUG|Microsoft.AspNetCore.Mvc.ModelBinding.ParameterBinder|Done attempting to validate the bound parameter 'offerId' of type 'System.Int32'. 
2023-06-18 14:22:45.8571|22|DEBUG|Microsoft.AspNetCore.Mvc.ModelBinding.ParameterBinder|Attempting to bind parameter 'file' of type 'Microsoft.AspNetCore.Http.IFormFile' ... 
2023-06-18 14:22:45.8571|44|DEBUG|Microsoft.AspNetCore.Mvc.ModelBinding.Binders.FormFileModelBinder|Attempting to bind parameter 'file' of type 'Microsoft.AspNetCore.Http.IFormFile' using the name '' in request data ... 
2023-06-18 14:22:45.8571|45|DEBUG|Microsoft.AspNetCore.Mvc.ModelBinding.Binders.FormFileModelBinder|Done attempting to bind parameter 'file' of type 'Microsoft.AspNetCore.Http.IFormFile'. 
2023-06-18 14:22:45.8571|23|DEBUG|Microsoft.AspNetCore.Mvc.ModelBinding.ParameterBinder|Done attempting to bind parameter 'file' of type 'Microsoft.AspNetCore.Http.IFormFile'. 
2023-06-18 14:22:45.8571|26|DEBUG|Microsoft.AspNetCore.Mvc.ModelBinding.ParameterBinder|Attempting to validate the bound parameter 'file' of type 'Microsoft.AspNetCore.Http.IFormFile' ... 
2023-06-18 14:22:45.8571|27|DEBUG|Microsoft.AspNetCore.Mvc.ModelBinding.ParameterBinder|Done attempting to validate the bound parameter 'file' of type 'Microsoft.AspNetCore.Http.IFormFile'. 
2023-06-18 14:22:45.8571|52|TRACE|Microsoft.AspNetCore.Mvc.Infrastructure.ControllerActionInvoker|Action Filter: Before executing OnActionExecuting on filter Microsoft.AspNetCore.Mvc.ModelBinding.UnsupportedContentTypeFilter. 
2023-06-18 14:22:45.8571|53|TRACE|Microsoft.AspNetCore.Mvc.Infrastructure.ControllerActionInvoker|Action Filter: After executing OnActionExecuting on filter Microsoft.AspNetCore.Mvc.ModelBinding.UnsupportedContentTypeFilter. 
2023-06-18 14:22:45.8571|52|TRACE|Microsoft.AspNetCore.Mvc.Infrastructure.ControllerActionInvoker|Action Filter: Before executing OnActionExecuting on filter Microsoft.AspNetCore.Mvc.Infrastructure.ModelStateInvalidFilter. 
2023-06-18 14:22:45.8571|53|TRACE|Microsoft.AspNetCore.Mvc.Infrastructure.ControllerActionInvoker|Action Filter: After executing OnActionExecuting on filter Microsoft.AspNetCore.Mvc.Infrastructure.ModelStateInvalidFilter. 
2023-06-18 14:22:45.8571|101|INFO|Microsoft.AspNetCore.Mvc.Infrastructure.ControllerActionInvoker|Executing action method GetInItBackEnd.Controllers.JobApplicationController.CreateApplication (GetInItBackEnd) - Validation state: Valid 
2023-06-18 14:22:45.8571|102|TRACE|Microsoft.AspNetCore.Mvc.Infrastructure.ControllerActionInvoker|Executing action method GetInItBackEnd.Controllers.JobApplicationController.CreateApplication (GetInItBackEnd) with arguments (GetInItBackEnd.Models.JobApplicationDto.CreateJobApplicationDto, 1, Microsoft.AspNetCore.Http.FormFile) 
2023-06-18 14:22:45.8724|103|INFO|Microsoft.AspNetCore.Mvc.Infrastructure.ControllerActionInvoker|Executed action method GetInItBackEnd.Controllers.JobApplicationController.CreateApplication (GetInItBackEnd), returned result Microsoft.AspNetCore.Mvc.NotFoundObjectResult in 3.4454ms. 
2023-06-18 14:22:45.8724|52|TRACE|Microsoft.AspNetCore.Mvc.Infrastructure.ControllerActionInvoker|Action Filter: Before executing OnActionExecuted on filter Microsoft.AspNetCore.Mvc.Infrastructure.ModelStateInvalidFilter. 
2023-06-18 14:22:45.8724|53|TRACE|Microsoft.AspNetCore.Mvc.Infrastructure.ControllerActionInvoker|Action Filter: After executing OnActionExecuted on filter Microsoft.AspNetCore.Mvc.Infrastructure.ModelStateInvalidFilter. 
2023-06-18 14:22:45.8724|52|TRACE|Microsoft.AspNetCore.Mvc.Infrastructure.ControllerActionInvoker|Action Filter: Before executing OnActionExecuted on filter Microsoft.AspNetCore.Mvc.ModelBinding.UnsupportedContentTypeFilter. 
2023-06-18 14:22:45.8724|53|TRACE|Microsoft.AspNetCore.Mvc.Infrastructure.ControllerActionInvoker|Action Filter: After executing OnActionExecuted on filter Microsoft.AspNetCore.Mvc.ModelBinding.UnsupportedContentTypeFilter. 
2023-06-18 14:22:45.8724|52|TRACE|Microsoft.AspNetCore.Mvc.Infrastructure.ControllerActionInvoker|Result Filter: Before executing OnResultExecuting on filter Microsoft.AspNetCore.Mvc.Infrastructure.ClientErrorResultFilter. 
2023-06-18 14:22:45.8724|53|TRACE|Microsoft.AspNetCore.Mvc.Infrastructure.ControllerActionInvoker|Result Filter: After executing OnResultExecuting on filter Microsoft.AspNetCore.Mvc.Infrastructure.ClientErrorResultFilter. 
2023-06-18 14:22:45.8724|5|TRACE|Microsoft.AspNetCore.Mvc.Infrastructure.ControllerActionInvoker|Before executing action result Microsoft.AspNetCore.Mvc.NotFoundObjectResult. 
2023-06-18 14:22:45.8724|11|DEBUG|Microsoft.AspNetCore.Mvc.Infrastructure.DefaultOutputFormatterSelector|List of registered output formatters, in the following order: Microsoft.AspNetCore.Mvc.Formatters.HttpNoContentOutputFormatter, Microsoft.AspNetCore.Mvc.Formatters.StringOutputFormatter, Microsoft.AspNetCore.Mvc.Formatters.StreamOutputFormatter, Microsoft.AspNetCore.Mvc.Formatters.NewtonsoftJsonOutputFormatter 
2023-06-18 14:22:45.8724|4|DEBUG|Microsoft.AspNetCore.Mvc.Infrastructure.DefaultOutputFormatterSelector|No information found on request to perform content negotiation. 
2023-06-18 14:22:45.8724|8|DEBUG|Microsoft.AspNetCore.Mvc.Infrastructure.DefaultOutputFormatterSelector|Attempting to select an output formatter without using a content type as no explicit content types were specified for the response. 
2023-06-18 14:22:45.8724|10|DEBUG|Microsoft.AspNetCore.Mvc.Infrastructure.DefaultOutputFormatterSelector|Attempting to select the first formatter in the output formatters list which can write the result. 
2023-06-18 14:22:45.8724|2|DEBUG|Microsoft.AspNetCore.Mvc.Infrastructure.DefaultOutputFormatterSelector|Selected output formatter 'Microsoft.AspNetCore.Mvc.Formatters.StringOutputFormatter' and content type 'text/plain' to write the response. 
2023-06-18 14:22:45.8724|1|INFO|Microsoft.AspNetCore.Mvc.Infrastructure.ObjectResultExecutor|Executing NotFoundObjectResult, writing value of type 'System.String'. 
2023-06-18 14:22:45.8724|6|TRACE|Microsoft.AspNetCore.Mvc.Infrastructure.ControllerActionInvoker|After executing action result Microsoft.AspNetCore.Mvc.NotFoundObjectResult. 
2023-06-18 14:22:45.8724|52|TRACE|Microsoft.AspNetCore.Mvc.Infrastructure.ControllerActionInvoker|Result Filter: Before executing OnResultExecuted on filter Microsoft.AspNetCore.Mvc.Infrastructure.ClientErrorResultFilter. 
2023-06-18 14:22:45.8724|53|TRACE|Microsoft.AspNetCore.Mvc.Infrastructure.ControllerActionInvoker|Result Filter: After executing OnResultExecuted on filter Microsoft.AspNetCore.Mvc.Infrastructure.ClientErrorResultFilter. 
2023-06-18 14:22:45.8724|105|INFO|Microsoft.AspNetCore.Mvc.Infrastructure.ControllerActionInvoker|Executed action GetInItBackEnd.Controllers.JobApplicationController.CreateApplication (GetInItBackEnd) in 7.3678ms 
2023-06-18 14:22:45.8724|1|INFO|Microsoft.AspNetCore.Routing.EndpointMiddleware|Executed endpoint 'GetInItBackEnd.Controllers.JobApplicationController.CreateApplication (GetInItBackEnd)' 
2023-06-18 14:22:45.8724|9|DEBUG|Microsoft.AspNetCore.Server.Kestrel.Connections|Connection id "0HMRFUPU0O4BG" completed keep alive response. 
2023-06-18 14:22:45.8724|2|INFO|Microsoft.AspNetCore.Hosting.Diagnostics|Request finished HTTP/1.1 POST http://localhost:5099/api/JobApplications/CreateApplication/1 multipart/form-data;+boundary=--------------------------093894896245171422748067 461 - 404 - text/plain;+charset=utf-8 16.2040ms 
2023-06-18 14:23:24.9262|1|INFO|Microsoft.AspNetCore.Hosting.Diagnostics|Request starting HTTP/1.1 POST http://localhost:5099/api/JobApplications/CreateApplication/1 multipart/form-data;+boundary=--------------------------126289521256694230190536 2010 
2023-06-18 14:23:24.9262|2|TRACE|Microsoft.AspNetCore.HostFiltering.HostFilteringMiddleware|All hosts are allowed. 
2023-06-18 14:23:24.9262|1001|DEBUG|Microsoft.AspNetCore.Routing.Matching.DfaMatcher|1 candidate(s) found for the request path '/api/JobApplications/CreateApplication/1' 
2023-06-18 14:23:24.9262|1005|DEBUG|Microsoft.AspNetCore.Routing.Matching.DfaMatcher|Endpoint 'GetInItBackEnd.Controllers.JobApplicationController.CreateApplication (GetInItBackEnd)' with route pattern 'api/JobApplications/CreateApplication/{offerId}' is valid for the request path '/api/JobApplications/CreateApplication/1' 
2023-06-18 14:23:24.9262|1|DEBUG|Microsoft.AspNetCore.Routing.EndpointRoutingMiddleware|Request matched endpoint 'GetInItBackEnd.Controllers.JobApplicationController.CreateApplication (GetInItBackEnd)' 
2023-06-18 14:23:24.9262|2|DEBUG|Microsoft.AspNetCore.Authentication.JwtBearer.JwtBearerHandler|Successfully validated the token. 
2023-06-18 14:23:24.9262|8|DEBUG|Microsoft.AspNetCore.Authentication.JwtBearer.JwtBearerHandler|AuthenticationScheme: Bearer was successfully authenticated. 
2023-06-18 14:23:24.9262|15|DEBUG|Microsoft.AspNetCore.StaticFiles.StaticFileMiddleware|Static files was skipped as the request already matched an endpoint. 
2023-06-18 14:23:24.9262|15|DEBUG|Microsoft.AspNetCore.StaticFiles.StaticFileMiddleware|Static files was skipped as the request already matched an endpoint. 
2023-06-18 14:23:24.9262|0|INFO|GetInItBackEnd.Authorization.RoleManagerRequirementHandler|user http://schemas.xmlsoap.org/ws/2005/05/identity/claims/name: user has role: http://schemas.microsoft.com/ws/2008/06/identity/claims/role: UserAccount 
2023-06-18 14:23:24.9262|0|INFO|GetInItBackEnd.Authorization.RoleManagerRequirementHandler|Authorization succeed 
2023-06-18 14:23:24.9262|0|INFO|GetInItBackEnd.Authorization.RoleEmployeeRequirementHandler|user http://schemas.xmlsoap.org/ws/2005/05/identity/claims/name: user has role: http://schemas.microsoft.com/ws/2008/06/identity/claims/role: UserAccount 
2023-06-18 14:23:24.9262|0|INFO|GetInItBackEnd.Authorization.RoleEmployeeRequirementHandler|Authorization succeed 
2023-06-18 14:23:24.9262|0|INFO|GetInItBackEnd.Authorization.RoleUserRequirementHandler|user http://schemas.xmlsoap.org/ws/2005/05/identity/claims/name: user has role: http://schemas.microsoft.com/ws/2008/06/identity/claims/role: UserAccount 
2023-06-18 14:23:24.9262|0|INFO|GetInItBackEnd.Authorization.RoleUserRequirementHandler|Authorization succeed 
2023-06-18 14:23:24.9262|0|INFO|GetInItBackEnd.Authorization.AdminRoleRequirementHandler|user http://schemas.xmlsoap.org/ws/2005/05/identity/claims/name: user has role: http://schemas.microsoft.com/ws/2008/06/identity/claims/role: UserAccount 
2023-06-18 14:23:24.9262|0|INFO|GetInItBackEnd.Authorization.AdminRoleRequirementHandler|Authorization succeed 
2023-06-18 14:23:24.9262|1|DEBUG|Microsoft.AspNetCore.Authorization.DefaultAuthorizationService|Authorization was successful. 
2023-06-18 14:23:24.9262|0|INFO|Microsoft.AspNetCore.Routing.EndpointMiddleware|Executing endpoint 'GetInItBackEnd.Controllers.JobApplicationController.CreateApplication (GetInItBackEnd)' 
2023-06-18 14:23:24.9262|102|INFO|Microsoft.AspNetCore.Mvc.Infrastructure.ControllerActionInvoker|Route matched with {action = "CreateApplication", controller = "JobApplication"}. Executing controller action with signature System.Threading.Tasks.Task`1[Microsoft.AspNetCore.Mvc.IActionResult] CreateApplication(GetInItBackEnd.Models.JobApplicationDto.CreateJobApplicationDto, Int32, Microsoft.AspNetCore.Http.IFormFile) on controller GetInItBackEnd.Controllers.JobApplicationController (GetInItBackEnd). 
2023-06-18 14:23:24.9262|1|DEBUG|Microsoft.AspNetCore.Mvc.Infrastructure.ControllerActionInvoker|Execution plan of authorization filters (in the following order): None 
2023-06-18 14:23:24.9262|1|DEBUG|Microsoft.AspNetCore.Mvc.Infrastructure.ControllerActionInvoker|Execution plan of resource filters (in the following order): None 
2023-06-18 14:23:24.9262|1|DEBUG|Microsoft.AspNetCore.Mvc.Infrastructure.ControllerActionInvoker|Execution plan of action filters (in the following order): Microsoft.AspNetCore.Mvc.ModelBinding.UnsupportedContentTypeFilter (Order: -3000), Microsoft.AspNetCore.Mvc.Infrastructure.ModelStateInvalidFilter (Order: -2000) 
2023-06-18 14:23:24.9262|1|DEBUG|Microsoft.AspNetCore.Mvc.Infrastructure.ControllerActionInvoker|Execution plan of exception filters (in the following order): None 
2023-06-18 14:23:24.9262|1|DEBUG|Microsoft.AspNetCore.Mvc.Infrastructure.ControllerActionInvoker|Execution plan of result filters (in the following order): Microsoft.AspNetCore.Mvc.Infrastructure.ClientErrorResultFilter (Order: -2000) 
2023-06-18 14:23:24.9262|1|DEBUG|Microsoft.AspNetCore.Mvc.Infrastructure.ControllerActionInvoker|Executing controller factory for controller GetInItBackEnd.Controllers.JobApplicationController (GetInItBackEnd) 
2023-06-18 14:23:24.9262|2|DEBUG|Microsoft.AspNetCore.Mvc.Infrastructure.ControllerActionInvoker|Executed controller factory for controller GetInItBackEnd.Controllers.JobApplicationController (GetInItBackEnd) 
2023-06-18 14:23:24.9262|25|DEBUG|Microsoft.AspNetCore.Server.Kestrel|Connection id "0HMRFUPU0O4BG", Request id "0HMRFUPU0O4BG:00000004": started reading request body. 
2023-06-18 14:23:24.9262|26|DEBUG|Microsoft.AspNetCore.Server.Kestrel|Connection id "0HMRFUPU0O4BG", Request id "0HMRFUPU0O4BG:00000004": done reading request body. 
2023-06-18 14:23:24.9262|22|DEBUG|Microsoft.AspNetCore.Mvc.ModelBinding.ParameterBinder|Attempting to bind parameter 'dto' of type 'GetInItBackEnd.Models.JobApplicationDto.CreateJobApplicationDto' ... 
2023-06-18 14:23:24.9262|44|DEBUG|Microsoft.AspNetCore.Mvc.ModelBinding.Binders.ComplexObjectModelBinder|Attempting to bind parameter 'dto' of type 'GetInItBackEnd.Models.JobApplicationDto.CreateJobApplicationDto' using the name '' in request data ... 
2023-06-18 14:23:24.9262|13|DEBUG|Microsoft.AspNetCore.Mvc.ModelBinding.Binders.SimpleTypeModelBinder|Attempting to bind property 'GetInItBackEnd.Models.JobApplicationDto.CreateJobApplicationDto.ApplicantName' of type 'System.String' using the name 'ApplicantName' in request data ... 
2023-06-18 14:23:24.9262|15|DEBUG|Microsoft.AspNetCore.Mvc.ModelBinding.Binders.SimpleTypeModelBinder|Could not find a value in the request with name 'ApplicantName' for binding property 'GetInItBackEnd.Models.JobApplicationDto.CreateJobApplicationDto.ApplicantName' of type 'System.String'. 
2023-06-18 14:23:24.9262|14|DEBUG|Microsoft.AspNetCore.Mvc.ModelBinding.Binders.SimpleTypeModelBinder|Done attempting to bind property 'GetInItBackEnd.Models.JobApplicationDto.CreateJobApplicationDto.ApplicantName' of type 'System.String'. 
2023-06-18 14:23:24.9262|13|DEBUG|Microsoft.AspNetCore.Mvc.ModelBinding.Binders.SimpleTypeModelBinder|Attempting to bind property 'GetInItBackEnd.Models.JobApplicationDto.CreateJobApplicationDto.LastName' of type 'System.String' using the name 'LastName' in request data ... 
2023-06-18 14:23:24.9262|15|DEBUG|Microsoft.AspNetCore.Mvc.ModelBinding.Binders.SimpleTypeModelBinder|Could not find a value in the request with name 'LastName' for binding property 'GetInItBackEnd.Models.JobApplicationDto.CreateJobApplicationDto.LastName' of type 'System.String'. 
2023-06-18 14:23:24.9262|14|DEBUG|Microsoft.AspNetCore.Mvc.ModelBinding.Binders.SimpleTypeModelBinder|Done attempting to bind property 'GetInItBackEnd.Models.JobApplicationDto.CreateJobApplicationDto.LastName' of type 'System.String'. 
2023-06-18 14:23:24.9262|13|DEBUG|Microsoft.AspNetCore.Mvc.ModelBinding.Binders.SimpleTypeModelBinder|Attempting to bind property 'GetInItBackEnd.Models.JobApplicationDto.CreateJobApplicationDto.Email' of type 'System.String' using the name 'Email' in request data ... 
2023-06-18 14:23:24.9262|15|DEBUG|Microsoft.AspNetCore.Mvc.ModelBinding.Binders.SimpleTypeModelBinder|Could not find a value in the request with name 'Email' for binding property 'GetInItBackEnd.Models.JobApplicationDto.CreateJobApplicationDto.Email' of type 'System.String'. 
2023-06-18 14:23:24.9262|14|DEBUG|Microsoft.AspNetCore.Mvc.ModelBinding.Binders.SimpleTypeModelBinder|Done attempting to bind property 'GetInItBackEnd.Models.JobApplicationDto.CreateJobApplicationDto.Email' of type 'System.String'. 
2023-06-18 14:23:24.9262|13|DEBUG|Microsoft.AspNetCore.Mvc.ModelBinding.Binders.SimpleTypeModelBinder|Attempting to bind property 'GetInItBackEnd.Models.JobApplicationDto.CreateJobApplicationDto.ResumePath' of type 'System.String' using the name 'ResumePath' in request data ... 
2023-06-18 14:23:24.9262|15|DEBUG|Microsoft.AspNetCore.Mvc.ModelBinding.Binders.SimpleTypeModelBinder|Could not find a value in the request with name 'ResumePath' for binding property 'GetInItBackEnd.Models.JobApplicationDto.CreateJobApplicationDto.ResumePath' of type 'System.String'. 
2023-06-18 14:23:24.9262|14|DEBUG|Microsoft.AspNetCore.Mvc.ModelBinding.Binders.SimpleTypeModelBinder|Done attempting to bind property 'GetInItBackEnd.Models.JobApplicationDto.CreateJobApplicationDto.ResumePath' of type 'System.String'. 
2023-06-18 14:23:24.9262|13|DEBUG|Microsoft.AspNetCore.Mvc.ModelBinding.Binders.SimpleTypeModelBinder|Attempting to bind property 'GetInItBackEnd.Models.JobApplicationDto.CreateJobApplicationDto.Message' of type 'System.String' using the name 'Message' in request data ... 
2023-06-18 14:23:24.9262|14|DEBUG|Microsoft.AspNetCore.Mvc.ModelBinding.Binders.SimpleTypeModelBinder|Done attempting to bind property 'GetInItBackEnd.Models.JobApplicationDto.CreateJobApplicationDto.Message' of type 'System.String'. 
2023-06-18 14:23:24.9262|13|DEBUG|Microsoft.AspNetCore.Mvc.ModelBinding.Binders.SimpleTypeModelBinder|Attempting to bind property 'GetInItBackEnd.Models.JobApplicationDto.CreateJobApplicationDto.UrlLink' of type 'System.String' using the name 'UrlLink' in request data ... 
2023-06-18 14:23:24.9262|14|DEBUG|Microsoft.AspNetCore.Mvc.ModelBinding.Binders.SimpleTypeModelBinder|Done attempting to bind property 'GetInItBackEnd.Models.JobApplicationDto.CreateJobApplicationDto.UrlLink' of type 'System.String'. 
2023-06-18 14:23:24.9262|13|DEBUG|Microsoft.AspNetCore.Mvc.ModelBinding.Binders.SimpleTypeModelBinder|Attempting to bind property 'GetInItBackEnd.Models.JobApplicationDto.CreateJobApplicationDto.OfferId' of type 'System.Int32' using the name 'OfferId' in request data ... 
2023-06-18 14:23:24.9262|15|DEBUG|Microsoft.AspNetCore.Mvc.ModelBinding.Binders.SimpleTypeModelBinder|Could not find a value in the request with name 'OfferId' for binding property 'GetInItBackEnd.Models.JobApplicationDto.CreateJobApplicationDto.OfferId' of type 'System.Int32'. 
2023-06-18 14:23:24.9262|14|DEBUG|Microsoft.AspNetCore.Mvc.ModelBinding.Binders.SimpleTypeModelBinder|Done attempting to bind property 'GetInItBackEnd.Models.JobApplicationDto.CreateJobApplicationDto.OfferId' of type 'System.Int32'. 
2023-06-18 14:23:24.9262|13|DEBUG|Microsoft.AspNetCore.Mvc.ModelBinding.Binders.SimpleTypeModelBinder|Attempting to bind property 'GetInItBackEnd.Models.JobApplicationDto.CreateJobApplicationDto.CreatedById' of type 'System.Nullable`1[System.Int32]' using the name 'CreatedById' in request data ... 
2023-06-18 14:23:24.9262|15|DEBUG|Microsoft.AspNetCore.Mvc.ModelBinding.Binders.SimpleTypeModelBinder|Could not find a value in the request with name 'CreatedById' for binding property 'GetInItBackEnd.Models.JobApplicationDto.CreateJobApplicationDto.CreatedById' of type 'System.Nullable`1[System.Int32]'. 
2023-06-18 14:23:24.9262|14|DEBUG|Microsoft.AspNetCore.Mvc.ModelBinding.Binders.SimpleTypeModelBinder|Done attempting to bind property 'GetInItBackEnd.Models.JobApplicationDto.CreateJobApplicationDto.CreatedById' of type 'System.Nullable`1[System.Int32]'. 
2023-06-18 14:23:24.9262|45|DEBUG|Microsoft.AspNetCore.Mvc.ModelBinding.Binders.ComplexObjectModelBinder|Done attempting to bind parameter 'dto' of type 'GetInItBackEnd.Models.JobApplicationDto.CreateJobApplicationDto'. 
2023-06-18 14:23:24.9262|23|DEBUG|Microsoft.AspNetCore.Mvc.ModelBinding.ParameterBinder|Done attempting to bind parameter 'dto' of type 'GetInItBackEnd.Models.JobApplicationDto.CreateJobApplicationDto'. 
2023-06-18 14:23:24.9262|26|DEBUG|Microsoft.AspNetCore.Mvc.ModelBinding.ParameterBinder|Attempting to validate the bound parameter 'dto' of type 'GetInItBackEnd.Models.JobApplicationDto.CreateJobApplicationDto' ... 
2023-06-18 14:23:24.9262|27|DEBUG|Microsoft.AspNetCore.Mvc.ModelBinding.ParameterBinder|Done attempting to validate the bound parameter 'dto' of type 'GetInItBackEnd.Models.JobApplicationDto.CreateJobApplicationDto'. 
2023-06-18 14:23:24.9262|22|DEBUG|Microsoft.AspNetCore.Mvc.ModelBinding.ParameterBinder|Attempting to bind parameter 'offerId' of type 'System.Int32' ... 
2023-06-18 14:23:24.9262|44|DEBUG|Microsoft.AspNetCore.Mvc.ModelBinding.Binders.SimpleTypeModelBinder|Attempting to bind parameter 'offerId' of type 'System.Int32' using the name 'offerId' in request data ... 
2023-06-18 14:23:24.9262|45|DEBUG|Microsoft.AspNetCore.Mvc.ModelBinding.Binders.SimpleTypeModelBinder|Done attempting to bind parameter 'offerId' of type 'System.Int32'. 
2023-06-18 14:23:24.9262|23|DEBUG|Microsoft.AspNetCore.Mvc.ModelBinding.ParameterBinder|Done attempting to bind parameter 'offerId' of type 'System.Int32'. 
2023-06-18 14:23:24.9262|26|DEBUG|Microsoft.AspNetCore.Mvc.ModelBinding.ParameterBinder|Attempting to validate the bound parameter 'offerId' of type 'System.Int32' ... 
2023-06-18 14:23:24.9262|27|DEBUG|Microsoft.AspNetCore.Mvc.ModelBinding.ParameterBinder|Done attempting to validate the bound parameter 'offerId' of type 'System.Int32'. 
2023-06-18 14:23:24.9262|22|DEBUG|Microsoft.AspNetCore.Mvc.ModelBinding.ParameterBinder|Attempting to bind parameter 'file' of type 'Microsoft.AspNetCore.Http.IFormFile' ... 
2023-06-18 14:23:24.9262|44|DEBUG|Microsoft.AspNetCore.Mvc.ModelBinding.Binders.FormFileModelBinder|Attempting to bind parameter 'file' of type 'Microsoft.AspNetCore.Http.IFormFile' using the name '' in request data ... 
2023-06-18 14:23:24.9262|45|DEBUG|Microsoft.AspNetCore.Mvc.ModelBinding.Binders.FormFileModelBinder|Done attempting to bind parameter 'file' of type 'Microsoft.AspNetCore.Http.IFormFile'. 
2023-06-18 14:23:24.9262|23|DEBUG|Microsoft.AspNetCore.Mvc.ModelBinding.ParameterBinder|Done attempting to bind parameter 'file' of type 'Microsoft.AspNetCore.Http.IFormFile'. 
2023-06-18 14:23:24.9262|26|DEBUG|Microsoft.AspNetCore.Mvc.ModelBinding.ParameterBinder|Attempting to validate the bound parameter 'file' of type 'Microsoft.AspNetCore.Http.IFormFile' ... 
2023-06-18 14:23:24.9262|27|DEBUG|Microsoft.AspNetCore.Mvc.ModelBinding.ParameterBinder|Done attempting to validate the bound parameter 'file' of type 'Microsoft.AspNetCore.Http.IFormFile'. 
2023-06-18 14:23:24.9262|52|TRACE|Microsoft.AspNetCore.Mvc.Infrastructure.ControllerActionInvoker|Action Filter: Before executing OnActionExecuting on filter Microsoft.AspNetCore.Mvc.ModelBinding.UnsupportedContentTypeFilter. 
2023-06-18 14:23:24.9262|53|TRACE|Microsoft.AspNetCore.Mvc.Infrastructure.ControllerActionInvoker|Action Filter: After executing OnActionExecuting on filter Microsoft.AspNetCore.Mvc.ModelBinding.UnsupportedContentTypeFilter. 
2023-06-18 14:23:24.9262|52|TRACE|Microsoft.AspNetCore.Mvc.Infrastructure.ControllerActionInvoker|Action Filter: Before executing OnActionExecuting on filter Microsoft.AspNetCore.Mvc.Infrastructure.ModelStateInvalidFilter. 
2023-06-18 14:23:24.9262|53|TRACE|Microsoft.AspNetCore.Mvc.Infrastructure.ControllerActionInvoker|Action Filter: After executing OnActionExecuting on filter Microsoft.AspNetCore.Mvc.Infrastructure.ModelStateInvalidFilter. 
2023-06-18 14:23:24.9262|101|INFO|Microsoft.AspNetCore.Mvc.Infrastructure.ControllerActionInvoker|Executing action method GetInItBackEnd.Controllers.JobApplicationController.CreateApplication (GetInItBackEnd) - Validation state: Valid 
2023-06-18 14:23:24.9262|102|TRACE|Microsoft.AspNetCore.Mvc.Infrastructure.ControllerActionInvoker|Executing action method GetInItBackEnd.Controllers.JobApplicationController.CreateApplication (GetInItBackEnd) with arguments (GetInItBackEnd.Models.JobApplicationDto.CreateJobApplicationDto, 1, Microsoft.AspNetCore.Http.FormFile) 
2023-06-18 14:23:24.9506|103|INFO|Microsoft.AspNetCore.Mvc.Infrastructure.ControllerActionInvoker|Executed action method GetInItBackEnd.Controllers.JobApplicationController.CreateApplication (GetInItBackEnd), returned result Microsoft.AspNetCore.Mvc.OkObjectResult in 20.314ms. 
2023-06-18 14:23:24.9506|52|TRACE|Microsoft.AspNetCore.Mvc.Infrastructure.ControllerActionInvoker|Action Filter: Before executing OnActionExecuted on filter Microsoft.AspNetCore.Mvc.Infrastructure.ModelStateInvalidFilter. 
2023-06-18 14:23:24.9506|53|TRACE|Microsoft.AspNetCore.Mvc.Infrastructure.ControllerActionInvoker|Action Filter: After executing OnActionExecuted on filter Microsoft.AspNetCore.Mvc.Infrastructure.ModelStateInvalidFilter. 
2023-06-18 14:23:24.9506|52|TRACE|Microsoft.AspNetCore.Mvc.Infrastructure.ControllerActionInvoker|Action Filter: Before executing OnActionExecuted on filter Microsoft.AspNetCore.Mvc.ModelBinding.UnsupportedContentTypeFilter. 
2023-06-18 14:23:24.9506|53|TRACE|Microsoft.AspNetCore.Mvc.Infrastructure.ControllerActionInvoker|Action Filter: After executing OnActionExecuted on filter Microsoft.AspNetCore.Mvc.ModelBinding.UnsupportedContentTypeFilter. 
2023-06-18 14:23:24.9506|52|TRACE|Microsoft.AspNetCore.Mvc.Infrastructure.ControllerActionInvoker|Result Filter: Before executing OnResultExecuting on filter Microsoft.AspNetCore.Mvc.Infrastructure.ClientErrorResultFilter. 
2023-06-18 14:23:24.9506|53|TRACE|Microsoft.AspNetCore.Mvc.Infrastructure.ControllerActionInvoker|Result Filter: After executing OnResultExecuting on filter Microsoft.AspNetCore.Mvc.Infrastructure.ClientErrorResultFilter. 
2023-06-18 14:23:24.9506|5|TRACE|Microsoft.AspNetCore.Mvc.Infrastructure.ControllerActionInvoker|Before executing action result Microsoft.AspNetCore.Mvc.OkObjectResult. 
2023-06-18 14:23:24.9506|11|DEBUG|Microsoft.AspNetCore.Mvc.Infrastructure.DefaultOutputFormatterSelector|List of registered output formatters, in the following order: Microsoft.AspNetCore.Mvc.Formatters.HttpNoContentOutputFormatter, Microsoft.AspNetCore.Mvc.Formatters.StringOutputFormatter, Microsoft.AspNetCore.Mvc.Formatters.StreamOutputFormatter, Microsoft.AspNetCore.Mvc.Formatters.NewtonsoftJsonOutputFormatter 
2023-06-18 14:23:24.9506|4|DEBUG|Microsoft.AspNetCore.Mvc.Infrastructure.DefaultOutputFormatterSelector|No information found on request to perform content negotiation. 
2023-06-18 14:23:24.9506|8|DEBUG|Microsoft.AspNetCore.Mvc.Infrastructure.DefaultOutputFormatterSelector|Attempting to select an output formatter without using a content type as no explicit content types were specified for the response. 
2023-06-18 14:23:24.9506|10|DEBUG|Microsoft.AspNetCore.Mvc.Infrastructure.DefaultOutputFormatterSelector|Attempting to select the first formatter in the output formatters list which can write the result. 
2023-06-18 14:23:24.9506|2|DEBUG|Microsoft.AspNetCore.Mvc.Infrastructure.DefaultOutputFormatterSelector|Selected output formatter 'Microsoft.AspNetCore.Mvc.Formatters.NewtonsoftJsonOutputFormatter' and content type 'application/json' to write the response. 
2023-06-18 14:23:24.9506|1|INFO|Microsoft.AspNetCore.Mvc.Infrastructure.ObjectResultExecutor|Executing OkObjectResult, writing value of type '<>f__AnonymousType0`1[[System.Int32, System.Private.CoreLib, Version=7.0.0.0, Culture=neutral, PublicKeyToken=7cec85d7bea7798e]]'. 
2023-06-18 14:23:24.9506|6|TRACE|Microsoft.AspNetCore.Mvc.Infrastructure.ControllerActionInvoker|After executing action result Microsoft.AspNetCore.Mvc.OkObjectResult. 
2023-06-18 14:23:24.9506|52|TRACE|Microsoft.AspNetCore.Mvc.Infrastructure.ControllerActionInvoker|Result Filter: Before executing OnResultExecuted on filter Microsoft.AspNetCore.Mvc.Infrastructure.ClientErrorResultFilter. 
2023-06-18 14:23:24.9506|53|TRACE|Microsoft.AspNetCore.Mvc.Infrastructure.ControllerActionInvoker|Result Filter: After executing OnResultExecuted on filter Microsoft.AspNetCore.Mvc.Infrastructure.ClientErrorResultFilter. 
2023-06-18 14:23:24.9506|105|INFO|Microsoft.AspNetCore.Mvc.Infrastructure.ControllerActionInvoker|Executed action GetInItBackEnd.Controllers.JobApplicationController.CreateApplication (GetInItBackEnd) in 23.1968ms 
2023-06-18 14:23:24.9506|1|INFO|Microsoft.AspNetCore.Routing.EndpointMiddleware|Executed endpoint 'GetInItBackEnd.Controllers.JobApplicationController.CreateApplication (GetInItBackEnd)' 
2023-06-18 14:23:24.9506|9|DEBUG|Microsoft.AspNetCore.Server.Kestrel.Connections|Connection id "0HMRFUPU0O4BG" completed keep alive response. 
2023-06-18 14:23:24.9506|2|INFO|Microsoft.AspNetCore.Hosting.Diagnostics|Request finished HTTP/1.1 POST http://localhost:5099/api/JobApplications/CreateApplication/1 multipart/form-data;+boundary=--------------------------126289521256694230190536 2010 - 200 20 application/json;+charset=utf-8 25.4535ms 
2023-06-18 14:25:36.7673|10|DEBUG|Microsoft.AspNetCore.Server.Kestrel.Connections|Connection id "0HMRFUPU0O4BG" disconnecting. 
2023-06-18 14:25:36.7673|2|DEBUG|Microsoft.AspNetCore.Server.Kestrel.Connections|Connection id "0HMRFUPU0O4BG" stopped. 
2023-06-18 14:25:36.7673|7|DEBUG|Microsoft.AspNetCore.Server.Kestrel.Transport.Sockets|Connection id "0HMRFUPU0O4BG" sending FIN because: "The Socket transport's send loop completed gracefully." 
2023-06-18 14:35:42.3521|0|INFO|Microsoft.Hosting.Lifetime|Application is shutting down... 
2023-06-18 14:35:42.3521|3|DEBUG|Microsoft.Extensions.Hosting.Internal.Host|Hosting stopping 
2023-06-18 14:35:42.3619|4|DEBUG|Microsoft.Extensions.Hosting.Internal.Host|Hosting stopped 
