2023-06-03 16:13:00.8248|0|DEBUG|Program|init main 
2023-06-03 16:13:02.7640|12|DEBUG|Microsoft.AspNetCore.Mvc.ModelBinding.ModelBinderFactory|Registered model binder providers, in the following order: Microsoft.AspNetCore.Mvc.ModelBinding.Binders.BinderTypeModelBinderProvider, Microsoft.AspNetCore.Mvc.ModelBinding.Binders.ServicesModelBinderProvider, Microsoft.AspNetCore.Mvc.ModelBinding.Binders.BodyModelBinderProvider, Microsoft.AspNetCore.Mvc.ModelBinding.Binders.HeaderModelBinderProvider, Microsoft.AspNetCore.Mvc.ModelBinding.Binders.FloatingPointTypeModelBinderProvider, Microsoft.AspNetCore.Mvc.ModelBinding.Binders.EnumTypeModelBinderProvider, Microsoft.AspNetCore.Mvc.ModelBinding.Binders.DateTimeModelBinderProvider, Microsoft.AspNetCore.Mvc.ModelBinding.Binders.TryParseModelBinderProvider, Microsoft.AspNetCore.Mvc.ModelBinding.Binders.SimpleTypeModelBinderProvider, Microsoft.AspNetCore.Mvc.ModelBinding.Binders.CancellationTokenModelBinderProvider, Microsoft.AspNetCore.Mvc.ModelBinding.Binders.ByteArrayModelBinderProvider, Microsoft.AspNetCore.Mvc.ModelBinding.Binders.FormFileModelBinderProvider, Microsoft.AspNetCore.Mvc.ModelBinding.Binders.FormCollectionModelBinderProvider, Microsoft.AspNetCore.Mvc.ModelBinding.Binders.KeyValuePairModelBinderProvider, Microsoft.AspNetCore.Mvc.ModelBinding.Binders.DictionaryModelBinderProvider, Microsoft.AspNetCore.Mvc.ModelBinding.Binders.ArrayModelBinderProvider, Microsoft.AspNetCore.Mvc.ModelBinding.Binders.CollectionModelBinderProvider, Microsoft.AspNetCore.Mvc.ModelBinding.Binders.ComplexObjectModelBinderProvider 
2023-06-03 16:13:02.8142|1|DEBUG|Microsoft.Extensions.Hosting.Internal.Host|Hosting starting 
2023-06-03 16:13:02.8142|63|INFO|Microsoft.AspNetCore.DataProtection.KeyManagement.XmlKeyManager|User profile is available. Using 'C:\Users\jakub\AppData\Local\ASP.NET\DataProtection-Keys' as key repository and Windows DPAPI to encrypt keys at rest. 
2023-06-03 16:13:02.8291|37|DEBUG|Microsoft.AspNetCore.DataProtection.Repositories.FileSystemXmlRepository|Reading data from file 'C:\Users\jakub\AppData\Local\ASP.NET\DataProtection-Keys\key-61beac45-c194-47f9-a2d7-e231fdca960a.xml'. 
2023-06-03 16:13:02.8443|18|DEBUG|Microsoft.AspNetCore.DataProtection.KeyManagement.XmlKeyManager|Found key {61beac45-c194-47f9-a2d7-e231fdca960a}. 
2023-06-03 16:13:02.8443|13|DEBUG|Microsoft.AspNetCore.DataProtection.KeyManagement.DefaultKeyResolver|Considering key {61beac45-c194-47f9-a2d7-e231fdca960a} with expiration date 2023-06-15 01:09:09Z as default key. 
2023-06-03 16:13:02.8443|0|DEBUG|Microsoft.AspNetCore.DataProtection.TypeForwardingActivator|Forwarded activator type request from Microsoft.AspNetCore.DataProtection.XmlEncryption.DpapiXmlDecryptor, Microsoft.AspNetCore.DataProtection, Version=7.0.0.0, Culture=neutral, PublicKeyToken=adb9793829ddae60 to Microsoft.AspNetCore.DataProtection.XmlEncryption.DpapiXmlDecryptor, Microsoft.AspNetCore.DataProtection, Culture=neutral, PublicKeyToken=adb9793829ddae60 
2023-06-03 16:13:02.8568|51|DEBUG|Microsoft.AspNetCore.DataProtection.XmlEncryption.DpapiXmlDecryptor|Decrypting secret element using Windows DPAPI. 
2023-06-03 16:13:02.8568|0|DEBUG|Microsoft.AspNetCore.DataProtection.TypeForwardingActivator|Forwarded activator type request from Microsoft.AspNetCore.DataProtection.AuthenticatedEncryption.ConfigurationModel.AuthenticatedEncryptorDescriptorDeserializer, Microsoft.AspNetCore.DataProtection, Version=7.0.0.0, Culture=neutral, PublicKeyToken=adb9793829ddae60 to Microsoft.AspNetCore.DataProtection.AuthenticatedEncryption.ConfigurationModel.AuthenticatedEncryptorDescriptorDeserializer, Microsoft.AspNetCore.DataProtection, Culture=neutral, PublicKeyToken=adb9793829ddae60 
2023-06-03 16:13:02.8568|4|DEBUG|Microsoft.AspNetCore.DataProtection.AuthenticatedEncryption.CngCbcAuthenticatedEncryptorFactory|Opening CNG algorithm 'AES' from provider '(null)' with chaining mode CBC. 
2023-06-03 16:13:02.8568|3|DEBUG|Microsoft.AspNetCore.DataProtection.AuthenticatedEncryption.CngCbcAuthenticatedEncryptorFactory|Opening CNG algorithm 'SHA256' from provider '(null)' with HMAC. 
2023-06-03 16:13:02.8568|2|DEBUG|Microsoft.AspNetCore.DataProtection.KeyManagement.KeyRingProvider|Using key {61beac45-c194-47f9-a2d7-e231fdca960a} as the default key. 
2023-06-03 16:13:02.8568|65|DEBUG|Microsoft.AspNetCore.DataProtection.Internal.DataProtectionHostedService|Key ring with default key {61beac45-c194-47f9-a2d7-e231fdca960a} was loaded during application startup. 
2023-06-03 16:13:02.8979|14|INFO|Microsoft.Hosting.Lifetime|Now listening on: http://localhost:5099 
2023-06-03 16:13:02.8979|13|DEBUG|Microsoft.AspNetCore.Hosting.Diagnostics|Loaded hosting startup assembly GetInItBackEnd 
2023-06-03 16:13:02.8979|0|INFO|Microsoft.Hosting.Lifetime|Application started. Press Ctrl+C to shut down. 
2023-06-03 16:13:02.8979|0|INFO|Microsoft.Hosting.Lifetime|Hosting environment: Development 
2023-06-03 16:13:02.8979|0|INFO|Microsoft.Hosting.Lifetime|Content root path: C:\Users\jakub\Desktop\ISZProjekt\GetInItBackEnd 
2023-06-03 16:13:02.8979|2|DEBUG|Microsoft.Extensions.Hosting.Internal.Host|Hosting started 
2023-06-03 16:13:17.8422|39|DEBUG|Microsoft.AspNetCore.Server.Kestrel.Connections|Connection id "0HMR47IMRGTNQ" accepted. 
2023-06-03 16:13:17.8422|1|DEBUG|Microsoft.AspNetCore.Server.Kestrel.Connections|Connection id "0HMR47IMRGTNQ" started. 
2023-06-03 16:13:17.8788|1|INFO|Microsoft.AspNetCore.Hosting.Diagnostics|Request starting HTTP/1.1 GET http://localhost:5099/swagger/index.html - - 
2023-06-03 16:13:17.8788|0|DEBUG|Microsoft.AspNetCore.HostFiltering.HostFilteringMiddleware|Wildcard detected, all requests with hosts will be allowed. 
2023-06-03 16:13:17.8788|2|TRACE|Microsoft.AspNetCore.HostFiltering.HostFilteringMiddleware|All hosts are allowed. 
2023-06-03 16:13:17.9014|1000|DEBUG|Microsoft.AspNetCore.Routing.Matching.DfaMatcher|No candidates found for the request path '/swagger/index.html' 
2023-06-03 16:13:17.9014|2|DEBUG|Microsoft.AspNetCore.Routing.EndpointRoutingMiddleware|Request did not match any endpoints 
2023-06-03 16:13:17.9318|9|DEBUG|Microsoft.AspNetCore.Authentication.JwtBearer.JwtBearerHandler|AuthenticationScheme: Bearer was not authenticated. 
2023-06-03 16:13:17.9318|3|WARN|Microsoft.AspNetCore.HttpsPolicy.HttpsRedirectionMiddleware|Failed to determine the https port for redirect. 
2023-06-03 16:13:18.0439|9|DEBUG|Microsoft.AspNetCore.Server.Kestrel.Connections|Connection id "0HMR47IMRGTNQ" completed keep alive response. 
2023-06-03 16:13:18.0439|2|INFO|Microsoft.AspNetCore.Hosting.Diagnostics|Request finished HTTP/1.1 GET http://localhost:5099/swagger/index.html - - - 200 - text/html;charset=utf-8 167.8531ms 
2023-06-03 16:13:18.1471|1|INFO|Microsoft.AspNetCore.Hosting.Diagnostics|Request starting HTTP/1.1 GET http://localhost:5099/swagger/v1/swagger.json - - 
2023-06-03 16:13:18.1471|2|TRACE|Microsoft.AspNetCore.HostFiltering.HostFilteringMiddleware|All hosts are allowed. 
2023-06-03 16:13:18.1471|1000|DEBUG|Microsoft.AspNetCore.Routing.Matching.DfaMatcher|No candidates found for the request path '/swagger/v1/swagger.json' 
2023-06-03 16:13:18.1471|2|DEBUG|Microsoft.AspNetCore.Routing.EndpointRoutingMiddleware|Request did not match any endpoints 
2023-06-03 16:13:18.1471|9|DEBUG|Microsoft.AspNetCore.Authentication.JwtBearer.JwtBearerHandler|AuthenticationScheme: Bearer was not authenticated. 
2023-06-03 16:13:18.2940|9|DEBUG|Microsoft.AspNetCore.Server.Kestrel.Connections|Connection id "0HMR47IMRGTNQ" completed keep alive response. 
2023-06-03 16:13:18.2940|2|INFO|Microsoft.AspNetCore.Hosting.Diagnostics|Request finished HTTP/1.1 GET http://localhost:5099/swagger/v1/swagger.json - - - 200 - application/json;charset=utf-8 147.1931ms 
2023-06-03 16:13:20.2873|39|DEBUG|Microsoft.AspNetCore.Server.Kestrel.Connections|Connection id "0HMR47IMRGTNR" accepted. 
2023-06-03 16:13:20.2873|1|DEBUG|Microsoft.AspNetCore.Server.Kestrel.Connections|Connection id "0HMR47IMRGTNR" started. 
2023-06-03 16:14:03.6199|1|INFO|Microsoft.AspNetCore.Hosting.Diagnostics|Request starting HTTP/1.1 POST http://localhost:5099/api/account/RegisterAccount application/json-patch+json 148 
2023-06-03 16:14:03.6199|2|TRACE|Microsoft.AspNetCore.HostFiltering.HostFilteringMiddleware|All hosts are allowed. 
2023-06-03 16:14:03.6248|1001|DEBUG|Microsoft.AspNetCore.Routing.Matching.DfaMatcher|1 candidate(s) found for the request path '/api/account/RegisterAccount' 
2023-06-03 16:14:03.6248|1005|DEBUG|Microsoft.AspNetCore.Routing.Matching.DfaMatcher|Endpoint 'GetInItBackEnd.Controllers.AccountController.RegisterCompanyAccount (GetInItBackEnd)' with route pattern 'api/account/RegisterAccount' is valid for the request path '/api/account/RegisterAccount' 
2023-06-03 16:14:03.6248|1|DEBUG|Microsoft.AspNetCore.Routing.EndpointRoutingMiddleware|Request matched endpoint 'GetInItBackEnd.Controllers.AccountController.RegisterCompanyAccount (GetInItBackEnd)' 
2023-06-03 16:14:03.6382|9|DEBUG|Microsoft.AspNetCore.Authentication.JwtBearer.JwtBearerHandler|AuthenticationScheme: Bearer was not authenticated. 
2023-06-03 16:14:03.6382|2|DEBUG|Microsoft.AspNetCore.Cors.Infrastructure.CorsService|The request has an origin header: 'http://localhost:5099'. 
2023-06-03 16:14:03.6382|5|INFO|Microsoft.AspNetCore.Cors.Infrastructure.CorsService|CORS policy execution failed. 
2023-06-03 16:14:03.6382|6|INFO|Microsoft.AspNetCore.Cors.Infrastructure.CorsService|Request origin http://localhost:5099 does not have permission to access the resource. 
2023-06-03 16:14:03.6382|15|DEBUG|Microsoft.AspNetCore.StaticFiles.StaticFileMiddleware|Static files was skipped as the request already matched an endpoint. 
2023-06-03 16:14:03.6382|0|INFO|Microsoft.AspNetCore.Routing.EndpointMiddleware|Executing endpoint 'GetInItBackEnd.Controllers.AccountController.RegisterCompanyAccount (GetInItBackEnd)' 
2023-06-03 16:14:03.6597|102|INFO|Microsoft.AspNetCore.Mvc.Infrastructure.ControllerActionInvoker|Route matched with {action = "RegisterCompanyAccount", controller = "Account"}. Executing controller action with signature System.Threading.Tasks.Task`1[Microsoft.AspNetCore.Mvc.ActionResult] RegisterCompanyAccount(GetInItBackEnd.Models.Account.CreateAccountDto) on controller GetInItBackEnd.Controllers.AccountController (GetInItBackEnd). 
2023-06-03 16:14:03.6597|1|DEBUG|Microsoft.AspNetCore.Mvc.Infrastructure.ControllerActionInvoker|Execution plan of authorization filters (in the following order): None 
2023-06-03 16:14:03.6597|1|DEBUG|Microsoft.AspNetCore.Mvc.Infrastructure.ControllerActionInvoker|Execution plan of resource filters (in the following order): None 
2023-06-03 16:14:03.6597|1|DEBUG|Microsoft.AspNetCore.Mvc.Infrastructure.ControllerActionInvoker|Execution plan of action filters (in the following order): Microsoft.AspNetCore.Mvc.ModelBinding.UnsupportedContentTypeFilter (Order: -3000), Microsoft.AspNetCore.Mvc.Infrastructure.ModelStateInvalidFilter (Order: -2000) 
2023-06-03 16:14:03.6597|1|DEBUG|Microsoft.AspNetCore.Mvc.Infrastructure.ControllerActionInvoker|Execution plan of exception filters (in the following order): None 
2023-06-03 16:14:03.6597|1|DEBUG|Microsoft.AspNetCore.Mvc.Infrastructure.ControllerActionInvoker|Execution plan of result filters (in the following order): Microsoft.AspNetCore.Mvc.Infrastructure.ClientErrorResultFilter (Order: -2000) 
2023-06-03 16:14:03.6597|1|DEBUG|Microsoft.AspNetCore.Mvc.Infrastructure.ControllerActionInvoker|Executing controller factory for controller GetInItBackEnd.Controllers.AccountController (GetInItBackEnd) 
2023-06-03 16:14:03.8005|2|DEBUG|Microsoft.AspNetCore.Mvc.Infrastructure.ControllerActionInvoker|Executed controller factory for controller GetInItBackEnd.Controllers.AccountController (GetInItBackEnd) 
2023-06-03 16:14:03.8005|22|DEBUG|Microsoft.AspNetCore.Mvc.ModelBinding.ParameterBinder|Attempting to bind parameter 'accountDto' of type 'GetInItBackEnd.Models.Account.CreateAccountDto' ... 
2023-06-03 16:14:03.8005|44|DEBUG|Microsoft.AspNetCore.Mvc.ModelBinding.Binders.BodyModelBinder|Attempting to bind parameter 'accountDto' of type 'GetInItBackEnd.Models.Account.CreateAccountDto' using the name '' in request data ... 
2023-06-03 16:14:03.8095|2|DEBUG|Microsoft.AspNetCore.Mvc.ModelBinding.Binders.BodyModelBinder|Rejected input formatter 'Microsoft.AspNetCore.Mvc.Formatters.NewtonsoftJsonPatchInputFormatter' for content type 'application/json-patch+json'. 
2023-06-03 16:14:03.8095|1|DEBUG|Microsoft.AspNetCore.Mvc.ModelBinding.Binders.BodyModelBinder|Selected input formatter 'Microsoft.AspNetCore.Mvc.Formatters.NewtonsoftJsonInputFormatter' for content type 'application/json-patch+json'. 
2023-06-03 16:14:03.8095|25|DEBUG|Microsoft.AspNetCore.Server.Kestrel|Connection id "0HMR47IMRGTNQ", Request id "0HMR47IMRGTNQ:00000003": started reading request body. 
2023-06-03 16:14:03.8095|26|DEBUG|Microsoft.AspNetCore.Server.Kestrel|Connection id "0HMR47IMRGTNQ", Request id "0HMR47IMRGTNQ:00000003": done reading request body. 
2023-06-03 16:14:03.9178|45|DEBUG|Microsoft.AspNetCore.Mvc.ModelBinding.Binders.BodyModelBinder|Done attempting to bind parameter 'accountDto' of type 'GetInItBackEnd.Models.Account.CreateAccountDto'. 
2023-06-03 16:14:03.9178|23|DEBUG|Microsoft.AspNetCore.Mvc.ModelBinding.ParameterBinder|Done attempting to bind parameter 'accountDto' of type 'GetInItBackEnd.Models.Account.CreateAccountDto'. 
2023-06-03 16:14:03.9178|26|DEBUG|Microsoft.AspNetCore.Mvc.ModelBinding.ParameterBinder|Attempting to validate the bound parameter 'accountDto' of type 'GetInItBackEnd.Models.Account.CreateAccountDto' ... 
2023-06-03 16:14:04.0746|27|DEBUG|Microsoft.AspNetCore.Mvc.ModelBinding.ParameterBinder|Done attempting to validate the bound parameter 'accountDto' of type 'GetInItBackEnd.Models.Account.CreateAccountDto'. 
2023-06-03 16:14:04.0769|52|TRACE|Microsoft.AspNetCore.Mvc.Infrastructure.ControllerActionInvoker|Action Filter: Before executing OnActionExecuting on filter Microsoft.AspNetCore.Mvc.ModelBinding.UnsupportedContentTypeFilter. 
2023-06-03 16:14:04.0769|53|TRACE|Microsoft.AspNetCore.Mvc.Infrastructure.ControllerActionInvoker|Action Filter: After executing OnActionExecuting on filter Microsoft.AspNetCore.Mvc.ModelBinding.UnsupportedContentTypeFilter. 
2023-06-03 16:14:04.0769|52|TRACE|Microsoft.AspNetCore.Mvc.Infrastructure.ControllerActionInvoker|Action Filter: Before executing OnActionExecuting on filter Microsoft.AspNetCore.Mvc.Infrastructure.ModelStateInvalidFilter. 
2023-06-03 16:14:04.0769|1|DEBUG|Microsoft.AspNetCore.Mvc.Infrastructure.ModelStateInvalidFilter|The request has model state errors, returning an error response. 
2023-06-03 16:14:04.0769|53|TRACE|Microsoft.AspNetCore.Mvc.Infrastructure.ControllerActionInvoker|Action Filter: After executing OnActionExecuting on filter Microsoft.AspNetCore.Mvc.Infrastructure.ModelStateInvalidFilter. 
2023-06-03 16:14:04.0769|63|DEBUG|Microsoft.AspNetCore.Mvc.Infrastructure.ControllerActionInvoker|Request was short circuited at action filter 'Microsoft.AspNetCore.Mvc.Infrastructure.ModelStateInvalidFilter'. 
2023-06-03 16:14:04.0769|52|TRACE|Microsoft.AspNetCore.Mvc.Infrastructure.ControllerActionInvoker|Action Filter: Before executing OnActionExecuted on filter Microsoft.AspNetCore.Mvc.ModelBinding.UnsupportedContentTypeFilter. 
2023-06-03 16:14:04.0769|53|TRACE|Microsoft.AspNetCore.Mvc.Infrastructure.ControllerActionInvoker|Action Filter: After executing OnActionExecuted on filter Microsoft.AspNetCore.Mvc.ModelBinding.UnsupportedContentTypeFilter. 
2023-06-03 16:14:04.0769|52|TRACE|Microsoft.AspNetCore.Mvc.Infrastructure.ControllerActionInvoker|Result Filter: Before executing OnResultExecuting on filter Microsoft.AspNetCore.Mvc.Infrastructure.ClientErrorResultFilter. 
2023-06-03 16:14:04.0769|53|TRACE|Microsoft.AspNetCore.Mvc.Infrastructure.ControllerActionInvoker|Result Filter: After executing OnResultExecuting on filter Microsoft.AspNetCore.Mvc.Infrastructure.ClientErrorResultFilter. 
2023-06-03 16:14:04.0769|5|TRACE|Microsoft.AspNetCore.Mvc.Infrastructure.ControllerActionInvoker|Before executing action result Microsoft.AspNetCore.Mvc.BadRequestObjectResult. 
2023-06-03 16:14:04.0769|11|DEBUG|Microsoft.AspNetCore.Mvc.Infrastructure.DefaultOutputFormatterSelector|List of registered output formatters, in the following order: Microsoft.AspNetCore.Mvc.Formatters.HttpNoContentOutputFormatter, Microsoft.AspNetCore.Mvc.Formatters.StringOutputFormatter, Microsoft.AspNetCore.Mvc.Formatters.StreamOutputFormatter, Microsoft.AspNetCore.Mvc.Formatters.NewtonsoftJsonOutputFormatter 
2023-06-03 16:14:04.0769|4|DEBUG|Microsoft.AspNetCore.Mvc.Infrastructure.DefaultOutputFormatterSelector|No information found on request to perform content negotiation. 
2023-06-03 16:14:04.0769|9|DEBUG|Microsoft.AspNetCore.Mvc.Infrastructure.DefaultOutputFormatterSelector|Attempting to select the first output formatter in the output formatters list which supports a content type from the explicitly specified content types 'application/problem+json, application/problem+xml, application/problem+json, application/problem+xml'. 
2023-06-03 16:14:04.0769|2|DEBUG|Microsoft.AspNetCore.Mvc.Infrastructure.DefaultOutputFormatterSelector|Selected output formatter 'Microsoft.AspNetCore.Mvc.Formatters.NewtonsoftJsonOutputFormatter' and content type 'application/problem+json' to write the response. 
2023-06-03 16:14:04.0769|1|INFO|Microsoft.AspNetCore.Mvc.Infrastructure.ObjectResultExecutor|Executing BadRequestObjectResult, writing value of type 'Microsoft.AspNetCore.Mvc.ValidationProblemDetails'. 
2023-06-03 16:14:04.1453|6|TRACE|Microsoft.AspNetCore.Mvc.Infrastructure.ControllerActionInvoker|After executing action result Microsoft.AspNetCore.Mvc.BadRequestObjectResult. 
2023-06-03 16:14:04.1453|52|TRACE|Microsoft.AspNetCore.Mvc.Infrastructure.ControllerActionInvoker|Result Filter: Before executing OnResultExecuted on filter Microsoft.AspNetCore.Mvc.Infrastructure.ClientErrorResultFilter. 
2023-06-03 16:14:04.1453|53|TRACE|Microsoft.AspNetCore.Mvc.Infrastructure.ControllerActionInvoker|Result Filter: After executing OnResultExecuted on filter Microsoft.AspNetCore.Mvc.Infrastructure.ClientErrorResultFilter. 
2023-06-03 16:14:04.1453|105|INFO|Microsoft.AspNetCore.Mvc.Infrastructure.ControllerActionInvoker|Executed action GetInItBackEnd.Controllers.AccountController.RegisterCompanyAccount (GetInItBackEnd) in 484.5909ms 
2023-06-03 16:14:04.1453|1|INFO|Microsoft.AspNetCore.Routing.EndpointMiddleware|Executed endpoint 'GetInItBackEnd.Controllers.AccountController.RegisterCompanyAccount (GetInItBackEnd)' 
2023-06-03 16:14:04.1453|9|DEBUG|Microsoft.AspNetCore.Server.Kestrel.Connections|Connection id "0HMR47IMRGTNQ" completed keep alive response. 
2023-06-03 16:14:04.1566|2|INFO|Microsoft.AspNetCore.Hosting.Diagnostics|Request finished HTTP/1.1 POST http://localhost:5099/api/account/RegisterAccount application/json-patch+json 148 - 400 264 application/problem+json;+charset=utf-8 536.6471ms 
2023-06-03 16:14:15.6081|1|INFO|Microsoft.AspNetCore.Hosting.Diagnostics|Request starting HTTP/1.1 POST http://localhost:5099/api/account/RegisterAccount application/json-patch+json 159 
2023-06-03 16:14:15.6081|2|TRACE|Microsoft.AspNetCore.HostFiltering.HostFilteringMiddleware|All hosts are allowed. 
2023-06-03 16:14:15.6081|1001|DEBUG|Microsoft.AspNetCore.Routing.Matching.DfaMatcher|1 candidate(s) found for the request path '/api/account/RegisterAccount' 
2023-06-03 16:14:15.6081|1005|DEBUG|Microsoft.AspNetCore.Routing.Matching.DfaMatcher|Endpoint 'GetInItBackEnd.Controllers.AccountController.RegisterCompanyAccount (GetInItBackEnd)' with route pattern 'api/account/RegisterAccount' is valid for the request path '/api/account/RegisterAccount' 
2023-06-03 16:14:15.6081|1|DEBUG|Microsoft.AspNetCore.Routing.EndpointRoutingMiddleware|Request matched endpoint 'GetInItBackEnd.Controllers.AccountController.RegisterCompanyAccount (GetInItBackEnd)' 
2023-06-03 16:14:15.6081|9|DEBUG|Microsoft.AspNetCore.Authentication.JwtBearer.JwtBearerHandler|AuthenticationScheme: Bearer was not authenticated. 
2023-06-03 16:14:15.6081|2|DEBUG|Microsoft.AspNetCore.Cors.Infrastructure.CorsService|The request has an origin header: 'http://localhost:5099'. 
2023-06-03 16:14:15.6081|5|INFO|Microsoft.AspNetCore.Cors.Infrastructure.CorsService|CORS policy execution failed. 
2023-06-03 16:14:15.6081|6|INFO|Microsoft.AspNetCore.Cors.Infrastructure.CorsService|Request origin http://localhost:5099 does not have permission to access the resource. 
2023-06-03 16:14:15.6081|15|DEBUG|Microsoft.AspNetCore.StaticFiles.StaticFileMiddleware|Static files was skipped as the request already matched an endpoint. 
2023-06-03 16:14:15.6081|0|INFO|Microsoft.AspNetCore.Routing.EndpointMiddleware|Executing endpoint 'GetInItBackEnd.Controllers.AccountController.RegisterCompanyAccount (GetInItBackEnd)' 
2023-06-03 16:14:15.6081|102|INFO|Microsoft.AspNetCore.Mvc.Infrastructure.ControllerActionInvoker|Route matched with {action = "RegisterCompanyAccount", controller = "Account"}. Executing controller action with signature System.Threading.Tasks.Task`1[Microsoft.AspNetCore.Mvc.ActionResult] RegisterCompanyAccount(GetInItBackEnd.Models.Account.CreateAccountDto) on controller GetInItBackEnd.Controllers.AccountController (GetInItBackEnd). 
2023-06-03 16:14:15.6081|1|DEBUG|Microsoft.AspNetCore.Mvc.Infrastructure.ControllerActionInvoker|Execution plan of authorization filters (in the following order): None 
2023-06-03 16:14:15.6081|1|DEBUG|Microsoft.AspNetCore.Mvc.Infrastructure.ControllerActionInvoker|Execution plan of resource filters (in the following order): None 
2023-06-03 16:14:15.6081|1|DEBUG|Microsoft.AspNetCore.Mvc.Infrastructure.ControllerActionInvoker|Execution plan of action filters (in the following order): Microsoft.AspNetCore.Mvc.ModelBinding.UnsupportedContentTypeFilter (Order: -3000), Microsoft.AspNetCore.Mvc.Infrastructure.ModelStateInvalidFilter (Order: -2000) 
2023-06-03 16:14:15.6081|1|DEBUG|Microsoft.AspNetCore.Mvc.Infrastructure.ControllerActionInvoker|Execution plan of exception filters (in the following order): None 
2023-06-03 16:14:15.6081|1|DEBUG|Microsoft.AspNetCore.Mvc.Infrastructure.ControllerActionInvoker|Execution plan of result filters (in the following order): Microsoft.AspNetCore.Mvc.Infrastructure.ClientErrorResultFilter (Order: -2000) 
2023-06-03 16:14:15.6081|1|DEBUG|Microsoft.AspNetCore.Mvc.Infrastructure.ControllerActionInvoker|Executing controller factory for controller GetInItBackEnd.Controllers.AccountController (GetInItBackEnd) 
2023-06-03 16:14:15.6081|2|DEBUG|Microsoft.AspNetCore.Mvc.Infrastructure.ControllerActionInvoker|Executed controller factory for controller GetInItBackEnd.Controllers.AccountController (GetInItBackEnd) 
2023-06-03 16:14:15.6081|22|DEBUG|Microsoft.AspNetCore.Mvc.ModelBinding.ParameterBinder|Attempting to bind parameter 'accountDto' of type 'GetInItBackEnd.Models.Account.CreateAccountDto' ... 
2023-06-03 16:14:15.6081|44|DEBUG|Microsoft.AspNetCore.Mvc.ModelBinding.Binders.BodyModelBinder|Attempting to bind parameter 'accountDto' of type 'GetInItBackEnd.Models.Account.CreateAccountDto' using the name '' in request data ... 
2023-06-03 16:14:15.6081|2|DEBUG|Microsoft.AspNetCore.Mvc.ModelBinding.Binders.BodyModelBinder|Rejected input formatter 'Microsoft.AspNetCore.Mvc.Formatters.NewtonsoftJsonPatchInputFormatter' for content type 'application/json-patch+json'. 
2023-06-03 16:14:15.6081|1|DEBUG|Microsoft.AspNetCore.Mvc.ModelBinding.Binders.BodyModelBinder|Selected input formatter 'Microsoft.AspNetCore.Mvc.Formatters.NewtonsoftJsonInputFormatter' for content type 'application/json-patch+json'. 
2023-06-03 16:14:15.6081|25|DEBUG|Microsoft.AspNetCore.Server.Kestrel|Connection id "0HMR47IMRGTNQ", Request id "0HMR47IMRGTNQ:00000004": started reading request body. 
2023-06-03 16:14:15.6081|26|DEBUG|Microsoft.AspNetCore.Server.Kestrel|Connection id "0HMR47IMRGTNQ", Request id "0HMR47IMRGTNQ:00000004": done reading request body. 
2023-06-03 16:14:15.6081|45|DEBUG|Microsoft.AspNetCore.Mvc.ModelBinding.Binders.BodyModelBinder|Done attempting to bind parameter 'accountDto' of type 'GetInItBackEnd.Models.Account.CreateAccountDto'. 
2023-06-03 16:14:15.6081|23|DEBUG|Microsoft.AspNetCore.Mvc.ModelBinding.ParameterBinder|Done attempting to bind parameter 'accountDto' of type 'GetInItBackEnd.Models.Account.CreateAccountDto'. 
2023-06-03 16:14:15.6081|26|DEBUG|Microsoft.AspNetCore.Mvc.ModelBinding.ParameterBinder|Attempting to validate the bound parameter 'accountDto' of type 'GetInItBackEnd.Models.Account.CreateAccountDto' ... 
2023-06-03 16:14:15.6741|27|DEBUG|Microsoft.AspNetCore.Mvc.ModelBinding.ParameterBinder|Done attempting to validate the bound parameter 'accountDto' of type 'GetInItBackEnd.Models.Account.CreateAccountDto'. 
2023-06-03 16:14:15.6741|52|TRACE|Microsoft.AspNetCore.Mvc.Infrastructure.ControllerActionInvoker|Action Filter: Before executing OnActionExecuting on filter Microsoft.AspNetCore.Mvc.ModelBinding.UnsupportedContentTypeFilter. 
2023-06-03 16:14:15.6741|53|TRACE|Microsoft.AspNetCore.Mvc.Infrastructure.ControllerActionInvoker|Action Filter: After executing OnActionExecuting on filter Microsoft.AspNetCore.Mvc.ModelBinding.UnsupportedContentTypeFilter. 
2023-06-03 16:14:15.6741|52|TRACE|Microsoft.AspNetCore.Mvc.Infrastructure.ControllerActionInvoker|Action Filter: Before executing OnActionExecuting on filter Microsoft.AspNetCore.Mvc.Infrastructure.ModelStateInvalidFilter. 
2023-06-03 16:14:15.6741|53|TRACE|Microsoft.AspNetCore.Mvc.Infrastructure.ControllerActionInvoker|Action Filter: After executing OnActionExecuting on filter Microsoft.AspNetCore.Mvc.Infrastructure.ModelStateInvalidFilter. 
2023-06-03 16:14:15.6741|101|INFO|Microsoft.AspNetCore.Mvc.Infrastructure.ControllerActionInvoker|Executing action method GetInItBackEnd.Controllers.AccountController.RegisterCompanyAccount (GetInItBackEnd) - Validation state: Valid 
2023-06-03 16:14:15.6741|102|TRACE|Microsoft.AspNetCore.Mvc.Infrastructure.ControllerActionInvoker|Executing action method GetInItBackEnd.Controllers.AccountController.RegisterCompanyAccount (GetInItBackEnd) with arguments (GetInItBackEnd.Models.Account.CreateAccountDto) 
2023-06-03 16:14:16.1291|52|TRACE|Microsoft.AspNetCore.Mvc.Infrastructure.ControllerActionInvoker|Action Filter: Before executing OnActionExecuted on filter Microsoft.AspNetCore.Mvc.Infrastructure.ModelStateInvalidFilter. 
2023-06-03 16:14:16.1291|53|TRACE|Microsoft.AspNetCore.Mvc.Infrastructure.ControllerActionInvoker|Action Filter: After executing OnActionExecuted on filter Microsoft.AspNetCore.Mvc.Infrastructure.ModelStateInvalidFilter. 
2023-06-03 16:14:16.1291|52|TRACE|Microsoft.AspNetCore.Mvc.Infrastructure.ControllerActionInvoker|Action Filter: Before executing OnActionExecuted on filter Microsoft.AspNetCore.Mvc.ModelBinding.UnsupportedContentTypeFilter. 
2023-06-03 16:14:16.1291|53|TRACE|Microsoft.AspNetCore.Mvc.Infrastructure.ControllerActionInvoker|Action Filter: After executing OnActionExecuted on filter Microsoft.AspNetCore.Mvc.ModelBinding.UnsupportedContentTypeFilter. 
2023-06-03 16:14:16.1291|105|INFO|Microsoft.AspNetCore.Mvc.Infrastructure.ControllerActionInvoker|Executed action GetInItBackEnd.Controllers.AccountController.RegisterCompanyAccount (GetInItBackEnd) in 519.7144ms 
2023-06-03 16:14:16.1291|1|INFO|Microsoft.AspNetCore.Routing.EndpointMiddleware|Executed endpoint 'GetInItBackEnd.Controllers.AccountController.RegisterCompanyAccount (GetInItBackEnd)' 
2023-06-03 16:14:16.1291|1|ERROR|Microsoft.AspNetCore.Diagnostics.DeveloperExceptionPageMiddleware|An unhandled exception has occurred while executing the request. Microsoft.EntityFrameworkCore.DbUpdateException: An error occurred while saving the entity changes. See the inner exception for details.
 ---> Microsoft.Data.SqlClient.SqlException (0x80131904): Cannot insert the value NULL into column 'Name', table 'GetInItDB.dbo.Companies'; column does not allow nulls. INSERT fails.
   at Microsoft.Data.SqlClient.SqlConnection.OnError(SqlException exception, Boolean breakConnection, Action`1 wrapCloseInAction)
   at Microsoft.Data.SqlClient.SqlInternalConnection.OnError(SqlException exception, Boolean breakConnection, Action`1 wrapCloseInAction)
   at Microsoft.Data.SqlClient.TdsParser.ThrowExceptionAndWarning(TdsParserStateObject stateObj, Boolean callerHasConnectionLock, Boolean asyncClose)
   at Microsoft.Data.SqlClient.TdsParser.TryRun(RunBehavior runBehavior, SqlCommand cmdHandler, SqlDataReader dataStream, BulkCopySimpleResultSet bulkCopyHandler, TdsParserStateObject stateObj, Boolean& dataReady)
   at Microsoft.Data.SqlClient.SqlDataReader.TryHasMoreRows(Boolean& moreRows)
   at Microsoft.Data.SqlClient.SqlDataReader.TryReadInternal(Boolean setTimeout, Boolean& more)
   at Microsoft.Data.SqlClient.SqlDataReader.ReadAsyncExecute(Task task, Object state)
   at Microsoft.Data.SqlClient.SqlDataReader.InvokeAsyncCall[T](SqlDataReaderAsyncCallContext`1 context)
--- End of stack trace from previous location ---
   at Microsoft.EntityFrameworkCore.Update.AffectedCountModificationCommandBatch.ConsumeResultSetAsync(Int32 startCommandIndex, RelationalDataReader reader, CancellationToken cancellationToken)
   at Microsoft.EntityFrameworkCore.Update.AffectedCountModificationCommandBatch.ConsumeAsync(RelationalDataReader reader, CancellationToken cancellationToken)
ClientConnectionId:41fc1294-1469-49dc-9be0-1d603a1cacf0
Error Number:515,State:2,Class:16
   --- End of inner exception stack trace ---
   at Microsoft.EntityFrameworkCore.Update.AffectedCountModificationCommandBatch.ConsumeAsync(RelationalDataReader reader, CancellationToken cancellationToken)
   at Microsoft.EntityFrameworkCore.Update.ReaderModificationCommandBatch.ExecuteAsync(IRelationalConnection connection, CancellationToken cancellationToken)
   at Microsoft.EntityFrameworkCore.Update.ReaderModificationCommandBatch.ExecuteAsync(IRelationalConnection connection, CancellationToken cancellationToken)
   at Microsoft.EntityFrameworkCore.SqlServer.Update.Internal.SqlServerModificationCommandBatch.ExecuteAsync(IRelationalConnection connection, CancellationToken cancellationToken)
   at Microsoft.EntityFrameworkCore.Update.Internal.BatchExecutor.ExecuteAsync(IEnumerable`1 commandBatches, IRelationalConnection connection, CancellationToken cancellationToken)
   at Microsoft.EntityFrameworkCore.Update.Internal.BatchExecutor.ExecuteAsync(IEnumerable`1 commandBatches, IRelationalConnection connection, CancellationToken cancellationToken)
   at Microsoft.EntityFrameworkCore.Update.Internal.BatchExecutor.ExecuteAsync(IEnumerable`1 commandBatches, IRelationalConnection connection, CancellationToken cancellationToken)
   at Microsoft.EntityFrameworkCore.ChangeTracking.Internal.StateManager.SaveChangesAsync(IList`1 entriesToSave, CancellationToken cancellationToken)
   at Microsoft.EntityFrameworkCore.ChangeTracking.Internal.StateManager.SaveChangesAsync(StateManager stateManager, Boolean acceptAllChangesOnSuccess, CancellationToken cancellationToken)
   at Microsoft.EntityFrameworkCore.SqlServer.Storage.Internal.SqlServerExecutionStrategy.ExecuteAsync[TState,TResult](TState state, Func`4 operation, Func`4 verifySucceeded, CancellationToken cancellationToken)
   at Microsoft.EntityFrameworkCore.DbContext.SaveChangesAsync(Boolean acceptAllChangesOnSuccess, CancellationToken cancellationToken)
   at Microsoft.EntityFrameworkCore.DbContext.SaveChangesAsync(Boolean acceptAllChangesOnSuccess, CancellationToken cancellationToken)
   at GetInItBackEnd.Services.AccountServices.AccountService.RegisterAccount(CreateAccountDto accountDto) in C:\Users\jakub\Desktop\ISZProjekt\GetInItBackEnd\Services\AccountServices\AccountService.cs:line 117
   at GetInItBackEnd.Controllers.AccountController.RegisterCompanyAccount(CreateAccountDto accountDto) in C:\Users\jakub\Desktop\ISZProjekt\GetInItBackEnd\Controllers\AccountController.cs:line 21
   at lambda_method24(Closure, Object)
   at Microsoft.AspNetCore.Mvc.Infrastructure.ActionMethodExecutor.TaskOfActionResultExecutor.Execute(ActionContext actionContext, IActionResultTypeMapper mapper, ObjectMethodExecutor executor, Object controller, Object[] arguments)
   at Microsoft.AspNetCore.Mvc.Infrastructure.ControllerActionInvoker.<InvokeActionMethodAsync>g__Logged|12_1(ControllerActionInvoker invoker)
   at Microsoft.AspNetCore.Mvc.Infrastructure.ControllerActionInvoker.<InvokeNextActionFilterAsync>g__Awaited|10_0(ControllerActionInvoker invoker, Task lastTask, State next, Scope scope, Object state, Boolean isCompleted)
   at Microsoft.AspNetCore.Mvc.Infrastructure.ControllerActionInvoker.Rethrow(ActionExecutedContextSealed context)
   at Microsoft.AspNetCore.Mvc.Infrastructure.ControllerActionInvoker.Next(State& next, Scope& scope, Object& state, Boolean& isCompleted)
   at Microsoft.AspNetCore.Mvc.Infrastructure.ControllerActionInvoker.<InvokeInnerFilterAsync>g__Awaited|13_0(ControllerActionInvoker invoker, Task lastTask, State next, Scope scope, Object state, Boolean isCompleted)
   at Microsoft.AspNetCore.Mvc.Infrastructure.ResourceInvoker.<InvokeFilterPipelineAsync>g__Awaited|20_0(ResourceInvoker invoker, Task lastTask, State next, Scope scope, Object state, Boolean isCompleted)
   at Microsoft.AspNetCore.Mvc.Infrastructure.ResourceInvoker.<InvokeAsync>g__Logged|17_1(ResourceInvoker invoker)
   at Microsoft.AspNetCore.Mvc.Infrastructure.ResourceInvoker.<InvokeAsync>g__Logged|17_1(ResourceInvoker invoker)
   at Microsoft.AspNetCore.Routing.EndpointMiddleware.<Invoke>g__AwaitRequestTask|6_0(Endpoint endpoint, Task requestTask, ILogger logger)
   at Microsoft.AspNetCore.Authorization.AuthorizationMiddleware.Invoke(HttpContext context)
   at Swashbuckle.AspNetCore.SwaggerUI.SwaggerUIMiddleware.Invoke(HttpContext httpContext)
   at Swashbuckle.AspNetCore.Swagger.SwaggerMiddleware.Invoke(HttpContext httpContext, ISwaggerProvider swaggerProvider)
   at Microsoft.AspNetCore.Diagnostics.DeveloperExceptionPageMiddlewareImpl.Invoke(HttpContext context)
2023-06-03 16:14:16.1660|9|DEBUG|Microsoft.AspNetCore.Server.Kestrel.Connections|Connection id "0HMR47IMRGTNQ" completed keep alive response. 
2023-06-03 16:14:16.1660|2|INFO|Microsoft.AspNetCore.Hosting.Diagnostics|Request finished HTTP/1.1 POST http://localhost:5099/api/account/RegisterAccount application/json-patch+json 159 - 500 - text/plain;+charset=utf-8 558.3619ms 
2023-06-03 16:14:57.3173|6|DEBUG|Microsoft.AspNetCore.Server.Kestrel.Transport.Sockets|Connection id "0HMR47IMRGTNR" received FIN. 
2023-06-03 16:14:57.3173|10|DEBUG|Microsoft.AspNetCore.Server.Kestrel.Connections|Connection id "0HMR47IMRGTNR" disconnecting. 
2023-06-03 16:14:57.3173|7|DEBUG|Microsoft.AspNetCore.Server.Kestrel.Transport.Sockets|Connection id "0HMR47IMRGTNR" sending FIN because: "The client closed the connection." 
2023-06-03 16:14:57.3173|2|DEBUG|Microsoft.AspNetCore.Server.Kestrel.Connections|Connection id "0HMR47IMRGTNR" stopped. 
2023-06-03 16:16:27.2816|10|DEBUG|Microsoft.AspNetCore.Server.Kestrel.Connections|Connection id "0HMR47IMRGTNQ" disconnecting. 
2023-06-03 16:16:27.2816|2|DEBUG|Microsoft.AspNetCore.Server.Kestrel.Connections|Connection id "0HMR47IMRGTNQ" stopped. 
2023-06-03 16:16:27.2816|7|DEBUG|Microsoft.AspNetCore.Server.Kestrel.Transport.Sockets|Connection id "0HMR47IMRGTNQ" sending FIN because: "The Socket transport's send loop completed gracefully." 
2023-06-03 16:26:00.9045|0|INFO|Microsoft.Hosting.Lifetime|Application is shutting down... 
2023-06-03 16:26:00.9045|3|DEBUG|Microsoft.Extensions.Hosting.Internal.Host|Hosting stopping 
2023-06-03 16:26:00.9045|4|DEBUG|Microsoft.Extensions.Hosting.Internal.Host|Hosting stopped 
2023-06-03 16:27:12.1605|0|DEBUG|Program|init main 
2023-06-03 16:27:13.8165|12|DEBUG|Microsoft.AspNetCore.Mvc.ModelBinding.ModelBinderFactory|Registered model binder providers, in the following order: Microsoft.AspNetCore.Mvc.ModelBinding.Binders.BinderTypeModelBinderProvider, Microsoft.AspNetCore.Mvc.ModelBinding.Binders.ServicesModelBinderProvider, Microsoft.AspNetCore.Mvc.ModelBinding.Binders.BodyModelBinderProvider, Microsoft.AspNetCore.Mvc.ModelBinding.Binders.HeaderModelBinderProvider, Microsoft.AspNetCore.Mvc.ModelBinding.Binders.FloatingPointTypeModelBinderProvider, Microsoft.AspNetCore.Mvc.ModelBinding.Binders.EnumTypeModelBinderProvider, Microsoft.AspNetCore.Mvc.ModelBinding.Binders.DateTimeModelBinderProvider, Microsoft.AspNetCore.Mvc.ModelBinding.Binders.TryParseModelBinderProvider, Microsoft.AspNetCore.Mvc.ModelBinding.Binders.SimpleTypeModelBinderProvider, Microsoft.AspNetCore.Mvc.ModelBinding.Binders.CancellationTokenModelBinderProvider, Microsoft.AspNetCore.Mvc.ModelBinding.Binders.ByteArrayModelBinderProvider, Microsoft.AspNetCore.Mvc.ModelBinding.Binders.FormFileModelBinderProvider, Microsoft.AspNetCore.Mvc.ModelBinding.Binders.FormCollectionModelBinderProvider, Microsoft.AspNetCore.Mvc.ModelBinding.Binders.KeyValuePairModelBinderProvider, Microsoft.AspNetCore.Mvc.ModelBinding.Binders.DictionaryModelBinderProvider, Microsoft.AspNetCore.Mvc.ModelBinding.Binders.ArrayModelBinderProvider, Microsoft.AspNetCore.Mvc.ModelBinding.Binders.CollectionModelBinderProvider, Microsoft.AspNetCore.Mvc.ModelBinding.Binders.ComplexObjectModelBinderProvider 
2023-06-03 16:27:13.8665|1|DEBUG|Microsoft.Extensions.Hosting.Internal.Host|Hosting starting 
2023-06-03 16:27:13.8755|63|INFO|Microsoft.AspNetCore.DataProtection.KeyManagement.XmlKeyManager|User profile is available. Using 'C:\Users\jakub\AppData\Local\ASP.NET\DataProtection-Keys' as key repository and Windows DPAPI to encrypt keys at rest. 
2023-06-03 16:27:13.8755|37|DEBUG|Microsoft.AspNetCore.DataProtection.Repositories.FileSystemXmlRepository|Reading data from file 'C:\Users\jakub\AppData\Local\ASP.NET\DataProtection-Keys\key-61beac45-c194-47f9-a2d7-e231fdca960a.xml'. 
2023-06-03 16:27:13.8755|18|DEBUG|Microsoft.AspNetCore.DataProtection.KeyManagement.XmlKeyManager|Found key {61beac45-c194-47f9-a2d7-e231fdca960a}. 
2023-06-03 16:27:13.8938|13|DEBUG|Microsoft.AspNetCore.DataProtection.KeyManagement.DefaultKeyResolver|Considering key {61beac45-c194-47f9-a2d7-e231fdca960a} with expiration date 2023-06-15 01:09:09Z as default key. 
2023-06-03 16:27:13.8938|0|DEBUG|Microsoft.AspNetCore.DataProtection.TypeForwardingActivator|Forwarded activator type request from Microsoft.AspNetCore.DataProtection.XmlEncryption.DpapiXmlDecryptor, Microsoft.AspNetCore.DataProtection, Version=7.0.0.0, Culture=neutral, PublicKeyToken=adb9793829ddae60 to Microsoft.AspNetCore.DataProtection.XmlEncryption.DpapiXmlDecryptor, Microsoft.AspNetCore.DataProtection, Culture=neutral, PublicKeyToken=adb9793829ddae60 
2023-06-03 16:27:13.8938|51|DEBUG|Microsoft.AspNetCore.DataProtection.XmlEncryption.DpapiXmlDecryptor|Decrypting secret element using Windows DPAPI. 
2023-06-03 16:27:13.8938|0|DEBUG|Microsoft.AspNetCore.DataProtection.TypeForwardingActivator|Forwarded activator type request from Microsoft.AspNetCore.DataProtection.AuthenticatedEncryption.ConfigurationModel.AuthenticatedEncryptorDescriptorDeserializer, Microsoft.AspNetCore.DataProtection, Version=7.0.0.0, Culture=neutral, PublicKeyToken=adb9793829ddae60 to Microsoft.AspNetCore.DataProtection.AuthenticatedEncryption.ConfigurationModel.AuthenticatedEncryptorDescriptorDeserializer, Microsoft.AspNetCore.DataProtection, Culture=neutral, PublicKeyToken=adb9793829ddae60 
2023-06-03 16:27:13.8938|4|DEBUG|Microsoft.AspNetCore.DataProtection.AuthenticatedEncryption.CngCbcAuthenticatedEncryptorFactory|Opening CNG algorithm 'AES' from provider '(null)' with chaining mode CBC. 
2023-06-03 16:27:13.8938|3|DEBUG|Microsoft.AspNetCore.DataProtection.AuthenticatedEncryption.CngCbcAuthenticatedEncryptorFactory|Opening CNG algorithm 'SHA256' from provider '(null)' with HMAC. 
2023-06-03 16:27:13.8938|2|DEBUG|Microsoft.AspNetCore.DataProtection.KeyManagement.KeyRingProvider|Using key {61beac45-c194-47f9-a2d7-e231fdca960a} as the default key. 
2023-06-03 16:27:13.8938|65|DEBUG|Microsoft.AspNetCore.DataProtection.Internal.DataProtectionHostedService|Key ring with default key {61beac45-c194-47f9-a2d7-e231fdca960a} was loaded during application startup. 
2023-06-03 16:27:13.9284|14|INFO|Microsoft.Hosting.Lifetime|Now listening on: http://localhost:5099 
2023-06-03 16:27:13.9284|13|DEBUG|Microsoft.AspNetCore.Hosting.Diagnostics|Loaded hosting startup assembly GetInItBackEnd 
2023-06-03 16:27:13.9284|0|INFO|Microsoft.Hosting.Lifetime|Application started. Press Ctrl+C to shut down. 
2023-06-03 16:27:13.9284|0|INFO|Microsoft.Hosting.Lifetime|Hosting environment: Development 
2023-06-03 16:27:13.9284|0|INFO|Microsoft.Hosting.Lifetime|Content root path: C:\Users\jakub\Desktop\ISZProjekt\GetInItBackEnd 
2023-06-03 16:27:13.9284|2|DEBUG|Microsoft.Extensions.Hosting.Internal.Host|Hosting started 
2023-06-03 16:27:20.4128|39|DEBUG|Microsoft.AspNetCore.Server.Kestrel.Connections|Connection id "0HMR47QHUT2OP" accepted. 
2023-06-03 16:27:20.4128|1|DEBUG|Microsoft.AspNetCore.Server.Kestrel.Connections|Connection id "0HMR47QHUT2OP" started. 
2023-06-03 16:27:20.4455|1|INFO|Microsoft.AspNetCore.Hosting.Diagnostics|Request starting HTTP/1.1 POST http://localhost:5099/api/account/RegisterAccount application/json-patch+json 159 
2023-06-03 16:27:20.4455|0|DEBUG|Microsoft.AspNetCore.HostFiltering.HostFilteringMiddleware|Wildcard detected, all requests with hosts will be allowed. 
2023-06-03 16:27:20.4455|2|TRACE|Microsoft.AspNetCore.HostFiltering.HostFilteringMiddleware|All hosts are allowed. 
2023-06-03 16:27:20.4721|1001|DEBUG|Microsoft.AspNetCore.Routing.Matching.DfaMatcher|1 candidate(s) found for the request path '/api/account/RegisterAccount' 
2023-06-03 16:27:20.4721|1005|DEBUG|Microsoft.AspNetCore.Routing.Matching.DfaMatcher|Endpoint 'GetInItBackEnd.Controllers.AccountController.RegisterCompanyAccount (GetInItBackEnd)' with route pattern 'api/account/RegisterAccount' is valid for the request path '/api/account/RegisterAccount' 
2023-06-03 16:27:20.4721|1|DEBUG|Microsoft.AspNetCore.Routing.EndpointRoutingMiddleware|Request matched endpoint 'GetInItBackEnd.Controllers.AccountController.RegisterCompanyAccount (GetInItBackEnd)' 
2023-06-03 16:27:20.4979|9|DEBUG|Microsoft.AspNetCore.Authentication.JwtBearer.JwtBearerHandler|AuthenticationScheme: Bearer was not authenticated. 
2023-06-03 16:27:20.4979|2|DEBUG|Microsoft.AspNetCore.Cors.Infrastructure.CorsService|The request has an origin header: 'http://localhost:5099'. 
2023-06-03 16:27:20.4979|5|INFO|Microsoft.AspNetCore.Cors.Infrastructure.CorsService|CORS policy execution failed. 
2023-06-03 16:27:20.4979|6|INFO|Microsoft.AspNetCore.Cors.Infrastructure.CorsService|Request origin http://localhost:5099 does not have permission to access the resource. 
2023-06-03 16:27:20.4979|3|WARN|Microsoft.AspNetCore.HttpsPolicy.HttpsRedirectionMiddleware|Failed to determine the https port for redirect. 
2023-06-03 16:27:20.5152|15|DEBUG|Microsoft.AspNetCore.StaticFiles.StaticFileMiddleware|Static files was skipped as the request already matched an endpoint. 
2023-06-03 16:27:20.5152|0|INFO|Microsoft.AspNetCore.Routing.EndpointMiddleware|Executing endpoint 'GetInItBackEnd.Controllers.AccountController.RegisterCompanyAccount (GetInItBackEnd)' 
2023-06-03 16:27:20.5326|102|INFO|Microsoft.AspNetCore.Mvc.Infrastructure.ControllerActionInvoker|Route matched with {action = "RegisterCompanyAccount", controller = "Account"}. Executing controller action with signature System.Threading.Tasks.Task`1[Microsoft.AspNetCore.Mvc.ActionResult] RegisterCompanyAccount(GetInItBackEnd.Models.Account.CreateAccountDto) on controller GetInItBackEnd.Controllers.AccountController (GetInItBackEnd). 
2023-06-03 16:27:20.5326|1|DEBUG|Microsoft.AspNetCore.Mvc.Infrastructure.ControllerActionInvoker|Execution plan of authorization filters (in the following order): None 
2023-06-03 16:27:20.5326|1|DEBUG|Microsoft.AspNetCore.Mvc.Infrastructure.ControllerActionInvoker|Execution plan of resource filters (in the following order): None 
2023-06-03 16:27:20.5326|1|DEBUG|Microsoft.AspNetCore.Mvc.Infrastructure.ControllerActionInvoker|Execution plan of action filters (in the following order): Microsoft.AspNetCore.Mvc.ModelBinding.UnsupportedContentTypeFilter (Order: -3000), Microsoft.AspNetCore.Mvc.Infrastructure.ModelStateInvalidFilter (Order: -2000) 
2023-06-03 16:27:20.5326|1|DEBUG|Microsoft.AspNetCore.Mvc.Infrastructure.ControllerActionInvoker|Execution plan of exception filters (in the following order): None 
2023-06-03 16:27:20.5326|1|DEBUG|Microsoft.AspNetCore.Mvc.Infrastructure.ControllerActionInvoker|Execution plan of result filters (in the following order): Microsoft.AspNetCore.Mvc.Infrastructure.ClientErrorResultFilter (Order: -2000) 
2023-06-03 16:27:20.5326|1|DEBUG|Microsoft.AspNetCore.Mvc.Infrastructure.ControllerActionInvoker|Executing controller factory for controller GetInItBackEnd.Controllers.AccountController (GetInItBackEnd) 
2023-06-03 16:27:20.6772|2|DEBUG|Microsoft.AspNetCore.Mvc.Infrastructure.ControllerActionInvoker|Executed controller factory for controller GetInItBackEnd.Controllers.AccountController (GetInItBackEnd) 
2023-06-03 16:27:20.6772|22|DEBUG|Microsoft.AspNetCore.Mvc.ModelBinding.ParameterBinder|Attempting to bind parameter 'accountDto' of type 'GetInItBackEnd.Models.Account.CreateAccountDto' ... 
2023-06-03 16:27:20.6875|44|DEBUG|Microsoft.AspNetCore.Mvc.ModelBinding.Binders.BodyModelBinder|Attempting to bind parameter 'accountDto' of type 'GetInItBackEnd.Models.Account.CreateAccountDto' using the name '' in request data ... 
2023-06-03 16:27:20.6875|2|DEBUG|Microsoft.AspNetCore.Mvc.ModelBinding.Binders.BodyModelBinder|Rejected input formatter 'Microsoft.AspNetCore.Mvc.Formatters.NewtonsoftJsonPatchInputFormatter' for content type 'application/json-patch+json'. 
2023-06-03 16:27:20.6875|1|DEBUG|Microsoft.AspNetCore.Mvc.ModelBinding.Binders.BodyModelBinder|Selected input formatter 'Microsoft.AspNetCore.Mvc.Formatters.NewtonsoftJsonInputFormatter' for content type 'application/json-patch+json'. 
2023-06-03 16:27:20.6875|25|DEBUG|Microsoft.AspNetCore.Server.Kestrel|Connection id "0HMR47QHUT2OP", Request id "0HMR47QHUT2OP:00000001": started reading request body. 
2023-06-03 16:27:20.6875|26|DEBUG|Microsoft.AspNetCore.Server.Kestrel|Connection id "0HMR47QHUT2OP", Request id "0HMR47QHUT2OP:00000001": done reading request body. 
2023-06-03 16:27:20.7874|45|DEBUG|Microsoft.AspNetCore.Mvc.ModelBinding.Binders.BodyModelBinder|Done attempting to bind parameter 'accountDto' of type 'GetInItBackEnd.Models.Account.CreateAccountDto'. 
2023-06-03 16:27:20.7874|23|DEBUG|Microsoft.AspNetCore.Mvc.ModelBinding.ParameterBinder|Done attempting to bind parameter 'accountDto' of type 'GetInItBackEnd.Models.Account.CreateAccountDto'. 
2023-06-03 16:27:20.7874|26|DEBUG|Microsoft.AspNetCore.Mvc.ModelBinding.ParameterBinder|Attempting to validate the bound parameter 'accountDto' of type 'GetInItBackEnd.Models.Account.CreateAccountDto' ... 
2023-06-03 16:27:20.9285|27|DEBUG|Microsoft.AspNetCore.Mvc.ModelBinding.ParameterBinder|Done attempting to validate the bound parameter 'accountDto' of type 'GetInItBackEnd.Models.Account.CreateAccountDto'. 
2023-06-03 16:27:20.9285|52|TRACE|Microsoft.AspNetCore.Mvc.Infrastructure.ControllerActionInvoker|Action Filter: Before executing OnActionExecuting on filter Microsoft.AspNetCore.Mvc.ModelBinding.UnsupportedContentTypeFilter. 
2023-06-03 16:27:20.9285|53|TRACE|Microsoft.AspNetCore.Mvc.Infrastructure.ControllerActionInvoker|Action Filter: After executing OnActionExecuting on filter Microsoft.AspNetCore.Mvc.ModelBinding.UnsupportedContentTypeFilter. 
2023-06-03 16:27:20.9285|52|TRACE|Microsoft.AspNetCore.Mvc.Infrastructure.ControllerActionInvoker|Action Filter: Before executing OnActionExecuting on filter Microsoft.AspNetCore.Mvc.Infrastructure.ModelStateInvalidFilter. 
2023-06-03 16:27:20.9285|53|TRACE|Microsoft.AspNetCore.Mvc.Infrastructure.ControllerActionInvoker|Action Filter: After executing OnActionExecuting on filter Microsoft.AspNetCore.Mvc.Infrastructure.ModelStateInvalidFilter. 
2023-06-03 16:27:20.9348|101|INFO|Microsoft.AspNetCore.Mvc.Infrastructure.ControllerActionInvoker|Executing action method GetInItBackEnd.Controllers.AccountController.RegisterCompanyAccount (GetInItBackEnd) - Validation state: Valid 
2023-06-03 16:27:20.9348|102|TRACE|Microsoft.AspNetCore.Mvc.Infrastructure.ControllerActionInvoker|Executing action method GetInItBackEnd.Controllers.AccountController.RegisterCompanyAccount (GetInItBackEnd) with arguments (GetInItBackEnd.Models.Account.CreateAccountDto) 
2023-06-03 16:27:21.3694|52|TRACE|Microsoft.AspNetCore.Mvc.Infrastructure.ControllerActionInvoker|Action Filter: Before executing OnActionExecuted on filter Microsoft.AspNetCore.Mvc.Infrastructure.ModelStateInvalidFilter. 
2023-06-03 16:27:21.3694|53|TRACE|Microsoft.AspNetCore.Mvc.Infrastructure.ControllerActionInvoker|Action Filter: After executing OnActionExecuted on filter Microsoft.AspNetCore.Mvc.Infrastructure.ModelStateInvalidFilter. 
2023-06-03 16:27:21.3694|52|TRACE|Microsoft.AspNetCore.Mvc.Infrastructure.ControllerActionInvoker|Action Filter: Before executing OnActionExecuted on filter Microsoft.AspNetCore.Mvc.ModelBinding.UnsupportedContentTypeFilter. 
2023-06-03 16:27:21.3694|53|TRACE|Microsoft.AspNetCore.Mvc.Infrastructure.ControllerActionInvoker|Action Filter: After executing OnActionExecuted on filter Microsoft.AspNetCore.Mvc.ModelBinding.UnsupportedContentTypeFilter. 
2023-06-03 16:27:21.3769|105|INFO|Microsoft.AspNetCore.Mvc.Infrastructure.ControllerActionInvoker|Executed action GetInItBackEnd.Controllers.AccountController.RegisterCompanyAccount (GetInItBackEnd) in 838.7457ms 
2023-06-03 16:27:21.3769|1|INFO|Microsoft.AspNetCore.Routing.EndpointMiddleware|Executed endpoint 'GetInItBackEnd.Controllers.AccountController.RegisterCompanyAccount (GetInItBackEnd)' 
2023-06-03 16:27:21.3769|1|ERROR|Microsoft.AspNetCore.Diagnostics.DeveloperExceptionPageMiddleware|An unhandled exception has occurred while executing the request. Microsoft.EntityFrameworkCore.DbUpdateException: An error occurred while saving the entity changes. See the inner exception for details.
 ---> Microsoft.Data.SqlClient.SqlException (0x80131904): Cannot insert the value NULL into column 'Name', table 'GetInItDB.dbo.Companies'; column does not allow nulls. INSERT fails.
   at Microsoft.Data.SqlClient.SqlConnection.OnError(SqlException exception, Boolean breakConnection, Action`1 wrapCloseInAction)
   at Microsoft.Data.SqlClient.SqlInternalConnection.OnError(SqlException exception, Boolean breakConnection, Action`1 wrapCloseInAction)
   at Microsoft.Data.SqlClient.TdsParser.ThrowExceptionAndWarning(TdsParserStateObject stateObj, Boolean callerHasConnectionLock, Boolean asyncClose)
   at Microsoft.Data.SqlClient.TdsParser.TryRun(RunBehavior runBehavior, SqlCommand cmdHandler, SqlDataReader dataStream, BulkCopySimpleResultSet bulkCopyHandler, TdsParserStateObject stateObj, Boolean& dataReady)
   at Microsoft.Data.SqlClient.SqlDataReader.TryHasMoreRows(Boolean& moreRows)
   at Microsoft.Data.SqlClient.SqlDataReader.TryReadInternal(Boolean setTimeout, Boolean& more)
   at Microsoft.Data.SqlClient.SqlDataReader.ReadAsyncExecute(Task task, Object state)
   at Microsoft.Data.SqlClient.SqlDataReader.InvokeAsyncCall[T](SqlDataReaderAsyncCallContext`1 context)
--- End of stack trace from previous location ---
   at Microsoft.EntityFrameworkCore.Update.AffectedCountModificationCommandBatch.ConsumeResultSetAsync(Int32 startCommandIndex, RelationalDataReader reader, CancellationToken cancellationToken)
   at Microsoft.EntityFrameworkCore.Update.AffectedCountModificationCommandBatch.ConsumeAsync(RelationalDataReader reader, CancellationToken cancellationToken)
ClientConnectionId:eaa65df0-f1c5-420e-90fb-25fde7a5ab28
Error Number:515,State:2,Class:16
   --- End of inner exception stack trace ---
   at Microsoft.EntityFrameworkCore.Update.AffectedCountModificationCommandBatch.ConsumeAsync(RelationalDataReader reader, CancellationToken cancellationToken)
   at Microsoft.EntityFrameworkCore.Update.ReaderModificationCommandBatch.ExecuteAsync(IRelationalConnection connection, CancellationToken cancellationToken)
   at Microsoft.EntityFrameworkCore.Update.ReaderModificationCommandBatch.ExecuteAsync(IRelationalConnection connection, CancellationToken cancellationToken)
   at Microsoft.EntityFrameworkCore.SqlServer.Update.Internal.SqlServerModificationCommandBatch.ExecuteAsync(IRelationalConnection connection, CancellationToken cancellationToken)
   at Microsoft.EntityFrameworkCore.Update.Internal.BatchExecutor.ExecuteAsync(IEnumerable`1 commandBatches, IRelationalConnection connection, CancellationToken cancellationToken)
   at Microsoft.EntityFrameworkCore.Update.Internal.BatchExecutor.ExecuteAsync(IEnumerable`1 commandBatches, IRelationalConnection connection, CancellationToken cancellationToken)
   at Microsoft.EntityFrameworkCore.Update.Internal.BatchExecutor.ExecuteAsync(IEnumerable`1 commandBatches, IRelationalConnection connection, CancellationToken cancellationToken)
   at Microsoft.EntityFrameworkCore.ChangeTracking.Internal.StateManager.SaveChangesAsync(IList`1 entriesToSave, CancellationToken cancellationToken)
   at Microsoft.EntityFrameworkCore.ChangeTracking.Internal.StateManager.SaveChangesAsync(StateManager stateManager, Boolean acceptAllChangesOnSuccess, CancellationToken cancellationToken)
   at Microsoft.EntityFrameworkCore.SqlServer.Storage.Internal.SqlServerExecutionStrategy.ExecuteAsync[TState,TResult](TState state, Func`4 operation, Func`4 verifySucceeded, CancellationToken cancellationToken)
   at Microsoft.EntityFrameworkCore.DbContext.SaveChangesAsync(Boolean acceptAllChangesOnSuccess, CancellationToken cancellationToken)
   at Microsoft.EntityFrameworkCore.DbContext.SaveChangesAsync(Boolean acceptAllChangesOnSuccess, CancellationToken cancellationToken)
   at GetInItBackEnd.Services.AccountServices.AccountService.RegisterAccount(CreateAccountDto accountDto, Nullable`1 companyId) in C:\Users\jakub\Desktop\ISZProjekt\GetInItBackEnd\Services\AccountServices\AccountService.cs:line 118
   at GetInItBackEnd.Controllers.AccountController.RegisterCompanyAccount(CreateAccountDto accountDto) in C:\Users\jakub\Desktop\ISZProjekt\GetInItBackEnd\Controllers\AccountController.cs:line 21
   at lambda_method24(Closure, Object)
   at Microsoft.AspNetCore.Mvc.Infrastructure.ActionMethodExecutor.TaskOfActionResultExecutor.Execute(ActionContext actionContext, IActionResultTypeMapper mapper, ObjectMethodExecutor executor, Object controller, Object[] arguments)
   at Microsoft.AspNetCore.Mvc.Infrastructure.ControllerActionInvoker.<InvokeActionMethodAsync>g__Logged|12_1(ControllerActionInvoker invoker)
   at Microsoft.AspNetCore.Mvc.Infrastructure.ControllerActionInvoker.<InvokeNextActionFilterAsync>g__Awaited|10_0(ControllerActionInvoker invoker, Task lastTask, State next, Scope scope, Object state, Boolean isCompleted)
   at Microsoft.AspNetCore.Mvc.Infrastructure.ControllerActionInvoker.Rethrow(ActionExecutedContextSealed context)
   at Microsoft.AspNetCore.Mvc.Infrastructure.ControllerActionInvoker.Next(State& next, Scope& scope, Object& state, Boolean& isCompleted)
   at Microsoft.AspNetCore.Mvc.Infrastructure.ControllerActionInvoker.<InvokeInnerFilterAsync>g__Awaited|13_0(ControllerActionInvoker invoker, Task lastTask, State next, Scope scope, Object state, Boolean isCompleted)
   at Microsoft.AspNetCore.Mvc.Infrastructure.ResourceInvoker.<InvokeFilterPipelineAsync>g__Awaited|20_0(ResourceInvoker invoker, Task lastTask, State next, Scope scope, Object state, Boolean isCompleted)
   at Microsoft.AspNetCore.Mvc.Infrastructure.ResourceInvoker.<InvokeAsync>g__Logged|17_1(ResourceInvoker invoker)
   at Microsoft.AspNetCore.Mvc.Infrastructure.ResourceInvoker.<InvokeAsync>g__Logged|17_1(ResourceInvoker invoker)
   at Microsoft.AspNetCore.Routing.EndpointMiddleware.<Invoke>g__AwaitRequestTask|6_0(Endpoint endpoint, Task requestTask, ILogger logger)
   at Microsoft.AspNetCore.Authorization.AuthorizationMiddleware.Invoke(HttpContext context)
   at Swashbuckle.AspNetCore.SwaggerUI.SwaggerUIMiddleware.Invoke(HttpContext httpContext)
   at Swashbuckle.AspNetCore.Swagger.SwaggerMiddleware.Invoke(HttpContext httpContext, ISwaggerProvider swaggerProvider)
   at Microsoft.AspNetCore.Diagnostics.DeveloperExceptionPageMiddlewareImpl.Invoke(HttpContext context)
2023-06-03 16:27:21.4113|9|DEBUG|Microsoft.AspNetCore.Server.Kestrel.Connections|Connection id "0HMR47QHUT2OP" completed keep alive response. 
2023-06-03 16:27:21.4235|2|INFO|Microsoft.AspNetCore.Hosting.Diagnostics|Request finished HTTP/1.1 POST http://localhost:5099/api/account/RegisterAccount application/json-patch+json 159 - 500 - text/plain;+charset=utf-8 979.1410ms 
2023-06-03 16:27:33.7910|1|INFO|Microsoft.AspNetCore.Hosting.Diagnostics|Request starting HTTP/1.1 POST http://localhost:5099/api/account/RegisterAccount application/json-patch+json 159 
2023-06-03 16:27:33.7910|2|TRACE|Microsoft.AspNetCore.HostFiltering.HostFilteringMiddleware|All hosts are allowed. 
2023-06-03 16:27:33.7935|1001|DEBUG|Microsoft.AspNetCore.Routing.Matching.DfaMatcher|1 candidate(s) found for the request path '/api/account/RegisterAccount' 
2023-06-03 16:27:33.7935|1005|DEBUG|Microsoft.AspNetCore.Routing.Matching.DfaMatcher|Endpoint 'GetInItBackEnd.Controllers.AccountController.RegisterCompanyAccount (GetInItBackEnd)' with route pattern 'api/account/RegisterAccount' is valid for the request path '/api/account/RegisterAccount' 
2023-06-03 16:27:33.7935|1|DEBUG|Microsoft.AspNetCore.Routing.EndpointRoutingMiddleware|Request matched endpoint 'GetInItBackEnd.Controllers.AccountController.RegisterCompanyAccount (GetInItBackEnd)' 
2023-06-03 16:27:33.7935|9|DEBUG|Microsoft.AspNetCore.Authentication.JwtBearer.JwtBearerHandler|AuthenticationScheme: Bearer was not authenticated. 
2023-06-03 16:27:33.7935|2|DEBUG|Microsoft.AspNetCore.Cors.Infrastructure.CorsService|The request has an origin header: 'http://localhost:5099'. 
2023-06-03 16:27:33.7935|5|INFO|Microsoft.AspNetCore.Cors.Infrastructure.CorsService|CORS policy execution failed. 
2023-06-03 16:27:33.7935|6|INFO|Microsoft.AspNetCore.Cors.Infrastructure.CorsService|Request origin http://localhost:5099 does not have permission to access the resource. 
2023-06-03 16:27:33.7935|15|DEBUG|Microsoft.AspNetCore.StaticFiles.StaticFileMiddleware|Static files was skipped as the request already matched an endpoint. 
2023-06-03 16:27:33.7935|0|INFO|Microsoft.AspNetCore.Routing.EndpointMiddleware|Executing endpoint 'GetInItBackEnd.Controllers.AccountController.RegisterCompanyAccount (GetInItBackEnd)' 
2023-06-03 16:27:33.7935|102|INFO|Microsoft.AspNetCore.Mvc.Infrastructure.ControllerActionInvoker|Route matched with {action = "RegisterCompanyAccount", controller = "Account"}. Executing controller action with signature System.Threading.Tasks.Task`1[Microsoft.AspNetCore.Mvc.ActionResult] RegisterCompanyAccount(GetInItBackEnd.Models.Account.CreateAccountDto) on controller GetInItBackEnd.Controllers.AccountController (GetInItBackEnd). 
2023-06-03 16:27:33.7935|1|DEBUG|Microsoft.AspNetCore.Mvc.Infrastructure.ControllerActionInvoker|Execution plan of authorization filters (in the following order): None 
2023-06-03 16:27:33.7935|1|DEBUG|Microsoft.AspNetCore.Mvc.Infrastructure.ControllerActionInvoker|Execution plan of resource filters (in the following order): None 
2023-06-03 16:27:33.7935|1|DEBUG|Microsoft.AspNetCore.Mvc.Infrastructure.ControllerActionInvoker|Execution plan of action filters (in the following order): Microsoft.AspNetCore.Mvc.ModelBinding.UnsupportedContentTypeFilter (Order: -3000), Microsoft.AspNetCore.Mvc.Infrastructure.ModelStateInvalidFilter (Order: -2000) 
2023-06-03 16:27:33.7935|1|DEBUG|Microsoft.AspNetCore.Mvc.Infrastructure.ControllerActionInvoker|Execution plan of exception filters (in the following order): None 
2023-06-03 16:27:33.7935|1|DEBUG|Microsoft.AspNetCore.Mvc.Infrastructure.ControllerActionInvoker|Execution plan of result filters (in the following order): Microsoft.AspNetCore.Mvc.Infrastructure.ClientErrorResultFilter (Order: -2000) 
2023-06-03 16:27:33.7935|1|DEBUG|Microsoft.AspNetCore.Mvc.Infrastructure.ControllerActionInvoker|Executing controller factory for controller GetInItBackEnd.Controllers.AccountController (GetInItBackEnd) 
2023-06-03 16:27:33.7935|2|DEBUG|Microsoft.AspNetCore.Mvc.Infrastructure.ControllerActionInvoker|Executed controller factory for controller GetInItBackEnd.Controllers.AccountController (GetInItBackEnd) 
2023-06-03 16:27:33.7935|22|DEBUG|Microsoft.AspNetCore.Mvc.ModelBinding.ParameterBinder|Attempting to bind parameter 'accountDto' of type 'GetInItBackEnd.Models.Account.CreateAccountDto' ... 
2023-06-03 16:27:33.7935|44|DEBUG|Microsoft.AspNetCore.Mvc.ModelBinding.Binders.BodyModelBinder|Attempting to bind parameter 'accountDto' of type 'GetInItBackEnd.Models.Account.CreateAccountDto' using the name '' in request data ... 
2023-06-03 16:27:33.7935|2|DEBUG|Microsoft.AspNetCore.Mvc.ModelBinding.Binders.BodyModelBinder|Rejected input formatter 'Microsoft.AspNetCore.Mvc.Formatters.NewtonsoftJsonPatchInputFormatter' for content type 'application/json-patch+json'. 
2023-06-03 16:27:33.7935|1|DEBUG|Microsoft.AspNetCore.Mvc.ModelBinding.Binders.BodyModelBinder|Selected input formatter 'Microsoft.AspNetCore.Mvc.Formatters.NewtonsoftJsonInputFormatter' for content type 'application/json-patch+json'. 
2023-06-03 16:27:33.7935|25|DEBUG|Microsoft.AspNetCore.Server.Kestrel|Connection id "0HMR47QHUT2OP", Request id "0HMR47QHUT2OP:00000002": started reading request body. 
2023-06-03 16:27:33.7935|26|DEBUG|Microsoft.AspNetCore.Server.Kestrel|Connection id "0HMR47QHUT2OP", Request id "0HMR47QHUT2OP:00000002": done reading request body. 
2023-06-03 16:27:33.7935|45|DEBUG|Microsoft.AspNetCore.Mvc.ModelBinding.Binders.BodyModelBinder|Done attempting to bind parameter 'accountDto' of type 'GetInItBackEnd.Models.Account.CreateAccountDto'. 
2023-06-03 16:27:33.7935|23|DEBUG|Microsoft.AspNetCore.Mvc.ModelBinding.ParameterBinder|Done attempting to bind parameter 'accountDto' of type 'GetInItBackEnd.Models.Account.CreateAccountDto'. 
2023-06-03 16:27:33.7935|26|DEBUG|Microsoft.AspNetCore.Mvc.ModelBinding.ParameterBinder|Attempting to validate the bound parameter 'accountDto' of type 'GetInItBackEnd.Models.Account.CreateAccountDto' ... 
2023-06-03 16:27:33.8565|27|DEBUG|Microsoft.AspNetCore.Mvc.ModelBinding.ParameterBinder|Done attempting to validate the bound parameter 'accountDto' of type 'GetInItBackEnd.Models.Account.CreateAccountDto'. 
2023-06-03 16:27:33.8565|52|TRACE|Microsoft.AspNetCore.Mvc.Infrastructure.ControllerActionInvoker|Action Filter: Before executing OnActionExecuting on filter Microsoft.AspNetCore.Mvc.ModelBinding.UnsupportedContentTypeFilter. 
2023-06-03 16:27:33.8565|53|TRACE|Microsoft.AspNetCore.Mvc.Infrastructure.ControllerActionInvoker|Action Filter: After executing OnActionExecuting on filter Microsoft.AspNetCore.Mvc.ModelBinding.UnsupportedContentTypeFilter. 
2023-06-03 16:27:33.8565|52|TRACE|Microsoft.AspNetCore.Mvc.Infrastructure.ControllerActionInvoker|Action Filter: Before executing OnActionExecuting on filter Microsoft.AspNetCore.Mvc.Infrastructure.ModelStateInvalidFilter. 
2023-06-03 16:27:33.8565|53|TRACE|Microsoft.AspNetCore.Mvc.Infrastructure.ControllerActionInvoker|Action Filter: After executing OnActionExecuting on filter Microsoft.AspNetCore.Mvc.Infrastructure.ModelStateInvalidFilter. 
2023-06-03 16:27:33.8565|101|INFO|Microsoft.AspNetCore.Mvc.Infrastructure.ControllerActionInvoker|Executing action method GetInItBackEnd.Controllers.AccountController.RegisterCompanyAccount (GetInItBackEnd) - Validation state: Valid 
2023-06-03 16:27:33.8565|102|TRACE|Microsoft.AspNetCore.Mvc.Infrastructure.ControllerActionInvoker|Executing action method GetInItBackEnd.Controllers.AccountController.RegisterCompanyAccount (GetInItBackEnd) with arguments (GetInItBackEnd.Models.Account.CreateAccountDto) 
2023-06-03 16:27:33.9260|52|TRACE|Microsoft.AspNetCore.Mvc.Infrastructure.ControllerActionInvoker|Action Filter: Before executing OnActionExecuted on filter Microsoft.AspNetCore.Mvc.Infrastructure.ModelStateInvalidFilter. 
2023-06-03 16:27:33.9260|53|TRACE|Microsoft.AspNetCore.Mvc.Infrastructure.ControllerActionInvoker|Action Filter: After executing OnActionExecuted on filter Microsoft.AspNetCore.Mvc.Infrastructure.ModelStateInvalidFilter. 
2023-06-03 16:27:33.9260|52|TRACE|Microsoft.AspNetCore.Mvc.Infrastructure.ControllerActionInvoker|Action Filter: Before executing OnActionExecuted on filter Microsoft.AspNetCore.Mvc.ModelBinding.UnsupportedContentTypeFilter. 
2023-06-03 16:27:33.9260|53|TRACE|Microsoft.AspNetCore.Mvc.Infrastructure.ControllerActionInvoker|Action Filter: After executing OnActionExecuted on filter Microsoft.AspNetCore.Mvc.ModelBinding.UnsupportedContentTypeFilter. 
2023-06-03 16:27:33.9260|105|INFO|Microsoft.AspNetCore.Mvc.Infrastructure.ControllerActionInvoker|Executed action GetInItBackEnd.Controllers.AccountController.RegisterCompanyAccount (GetInItBackEnd) in 129.881ms 
2023-06-03 16:27:33.9260|1|INFO|Microsoft.AspNetCore.Routing.EndpointMiddleware|Executed endpoint 'GetInItBackEnd.Controllers.AccountController.RegisterCompanyAccount (GetInItBackEnd)' 
2023-06-03 16:27:33.9260|1|ERROR|Microsoft.AspNetCore.Diagnostics.DeveloperExceptionPageMiddleware|An unhandled exception has occurred while executing the request. Microsoft.EntityFrameworkCore.DbUpdateException: An error occurred while saving the entity changes. See the inner exception for details.
 ---> Microsoft.Data.SqlClient.SqlException (0x80131904): Cannot insert the value NULL into column 'Name', table 'GetInItDB.dbo.Companies'; column does not allow nulls. INSERT fails.
   at Microsoft.Data.SqlClient.SqlConnection.OnError(SqlException exception, Boolean breakConnection, Action`1 wrapCloseInAction)
   at Microsoft.Data.SqlClient.SqlInternalConnection.OnError(SqlException exception, Boolean breakConnection, Action`1 wrapCloseInAction)
   at Microsoft.Data.SqlClient.TdsParser.ThrowExceptionAndWarning(TdsParserStateObject stateObj, Boolean callerHasConnectionLock, Boolean asyncClose)
   at Microsoft.Data.SqlClient.TdsParser.TryRun(RunBehavior runBehavior, SqlCommand cmdHandler, SqlDataReader dataStream, BulkCopySimpleResultSet bulkCopyHandler, TdsParserStateObject stateObj, Boolean& dataReady)
   at Microsoft.Data.SqlClient.SqlDataReader.TryHasMoreRows(Boolean& moreRows)
   at Microsoft.Data.SqlClient.SqlDataReader.TryReadInternal(Boolean setTimeout, Boolean& more)
   at Microsoft.Data.SqlClient.SqlDataReader.ReadAsyncExecute(Task task, Object state)
   at Microsoft.Data.SqlClient.SqlDataReader.InvokeAsyncCall[T](SqlDataReaderAsyncCallContext`1 context)
--- End of stack trace from previous location ---
   at Microsoft.EntityFrameworkCore.Update.AffectedCountModificationCommandBatch.ConsumeResultSetAsync(Int32 startCommandIndex, RelationalDataReader reader, CancellationToken cancellationToken)
   at Microsoft.EntityFrameworkCore.Update.AffectedCountModificationCommandBatch.ConsumeAsync(RelationalDataReader reader, CancellationToken cancellationToken)
ClientConnectionId:eaa65df0-f1c5-420e-90fb-25fde7a5ab28
Error Number:515,State:2,Class:16
   --- End of inner exception stack trace ---
   at Microsoft.EntityFrameworkCore.Update.AffectedCountModificationCommandBatch.ConsumeAsync(RelationalDataReader reader, CancellationToken cancellationToken)
   at Microsoft.EntityFrameworkCore.Update.ReaderModificationCommandBatch.ExecuteAsync(IRelationalConnection connection, CancellationToken cancellationToken)
   at Microsoft.EntityFrameworkCore.Update.ReaderModificationCommandBatch.ExecuteAsync(IRelationalConnection connection, CancellationToken cancellationToken)
   at Microsoft.EntityFrameworkCore.SqlServer.Update.Internal.SqlServerModificationCommandBatch.ExecuteAsync(IRelationalConnection connection, CancellationToken cancellationToken)
   at Microsoft.EntityFrameworkCore.Update.Internal.BatchExecutor.ExecuteAsync(IEnumerable`1 commandBatches, IRelationalConnection connection, CancellationToken cancellationToken)
   at Microsoft.EntityFrameworkCore.Update.Internal.BatchExecutor.ExecuteAsync(IEnumerable`1 commandBatches, IRelationalConnection connection, CancellationToken cancellationToken)
   at Microsoft.EntityFrameworkCore.Update.Internal.BatchExecutor.ExecuteAsync(IEnumerable`1 commandBatches, IRelationalConnection connection, CancellationToken cancellationToken)
   at Microsoft.EntityFrameworkCore.ChangeTracking.Internal.StateManager.SaveChangesAsync(IList`1 entriesToSave, CancellationToken cancellationToken)
   at Microsoft.EntityFrameworkCore.ChangeTracking.Internal.StateManager.SaveChangesAsync(StateManager stateManager, Boolean acceptAllChangesOnSuccess, CancellationToken cancellationToken)
   at Microsoft.EntityFrameworkCore.SqlServer.Storage.Internal.SqlServerExecutionStrategy.ExecuteAsync[TState,TResult](TState state, Func`4 operation, Func`4 verifySucceeded, CancellationToken cancellationToken)
   at Microsoft.EntityFrameworkCore.DbContext.SaveChangesAsync(Boolean acceptAllChangesOnSuccess, CancellationToken cancellationToken)
   at Microsoft.EntityFrameworkCore.DbContext.SaveChangesAsync(Boolean acceptAllChangesOnSuccess, CancellationToken cancellationToken)
   at GetInItBackEnd.Services.AccountServices.AccountService.RegisterAccount(CreateAccountDto accountDto, Nullable`1 companyId) in C:\Users\jakub\Desktop\ISZProjekt\GetInItBackEnd\Services\AccountServices\AccountService.cs:line 118
   at GetInItBackEnd.Controllers.AccountController.RegisterCompanyAccount(CreateAccountDto accountDto) in C:\Users\jakub\Desktop\ISZProjekt\GetInItBackEnd\Controllers\AccountController.cs:line 21
   at lambda_method24(Closure, Object)
   at Microsoft.AspNetCore.Mvc.Infrastructure.ActionMethodExecutor.TaskOfActionResultExecutor.Execute(ActionContext actionContext, IActionResultTypeMapper mapper, ObjectMethodExecutor executor, Object controller, Object[] arguments)
   at Microsoft.AspNetCore.Mvc.Infrastructure.ControllerActionInvoker.<InvokeActionMethodAsync>g__Logged|12_1(ControllerActionInvoker invoker)
   at Microsoft.AspNetCore.Mvc.Infrastructure.ControllerActionInvoker.<InvokeNextActionFilterAsync>g__Awaited|10_0(ControllerActionInvoker invoker, Task lastTask, State next, Scope scope, Object state, Boolean isCompleted)
   at Microsoft.AspNetCore.Mvc.Infrastructure.ControllerActionInvoker.Rethrow(ActionExecutedContextSealed context)
   at Microsoft.AspNetCore.Mvc.Infrastructure.ControllerActionInvoker.Next(State& next, Scope& scope, Object& state, Boolean& isCompleted)
   at Microsoft.AspNetCore.Mvc.Infrastructure.ControllerActionInvoker.<InvokeInnerFilterAsync>g__Awaited|13_0(ControllerActionInvoker invoker, Task lastTask, State next, Scope scope, Object state, Boolean isCompleted)
   at Microsoft.AspNetCore.Mvc.Infrastructure.ResourceInvoker.<InvokeFilterPipelineAsync>g__Awaited|20_0(ResourceInvoker invoker, Task lastTask, State next, Scope scope, Object state, Boolean isCompleted)
   at Microsoft.AspNetCore.Mvc.Infrastructure.ResourceInvoker.<InvokeAsync>g__Logged|17_1(ResourceInvoker invoker)
   at Microsoft.AspNetCore.Mvc.Infrastructure.ResourceInvoker.<InvokeAsync>g__Logged|17_1(ResourceInvoker invoker)
   at Microsoft.AspNetCore.Routing.EndpointMiddleware.<Invoke>g__AwaitRequestTask|6_0(Endpoint endpoint, Task requestTask, ILogger logger)
   at Microsoft.AspNetCore.Authorization.AuthorizationMiddleware.Invoke(HttpContext context)
   at Swashbuckle.AspNetCore.SwaggerUI.SwaggerUIMiddleware.Invoke(HttpContext httpContext)
   at Swashbuckle.AspNetCore.Swagger.SwaggerMiddleware.Invoke(HttpContext httpContext, ISwaggerProvider swaggerProvider)
   at Microsoft.AspNetCore.Diagnostics.DeveloperExceptionPageMiddlewareImpl.Invoke(HttpContext context)
2023-06-03 16:27:33.9260|9|DEBUG|Microsoft.AspNetCore.Server.Kestrel.Connections|Connection id "0HMR47QHUT2OP" completed keep alive response. 
2023-06-03 16:27:33.9260|2|INFO|Microsoft.AspNetCore.Hosting.Diagnostics|Request finished HTTP/1.1 POST http://localhost:5099/api/account/RegisterAccount application/json-patch+json 159 - 500 - text/plain;+charset=utf-8 138.8497ms 
2023-06-03 16:27:38.8914|0|INFO|Microsoft.Hosting.Lifetime|Application is shutting down... 
2023-06-03 16:27:38.8914|3|DEBUG|Microsoft.Extensions.Hosting.Internal.Host|Hosting stopping 
2023-06-03 16:27:38.8914|10|DEBUG|Microsoft.AspNetCore.Server.Kestrel.Connections|Connection id "0HMR47QHUT2OP" disconnecting. 
2023-06-03 16:27:38.8914|2|DEBUG|Microsoft.AspNetCore.Server.Kestrel.Connections|Connection id "0HMR47QHUT2OP" stopped. 
2023-06-03 16:27:38.8914|7|DEBUG|Microsoft.AspNetCore.Server.Kestrel.Transport.Sockets|Connection id "0HMR47QHUT2OP" sending FIN because: "The Socket transport's send loop completed gracefully." 
2023-06-03 16:27:38.9058|4|DEBUG|Microsoft.Extensions.Hosting.Internal.Host|Hosting stopped 
