2023-04-21 00:01:20.4085|0|INFO|Microsoft.Hosting.Lifetime|Application is shutting down... 
2023-04-21 00:01:20.4098|3|DEBUG|Microsoft.Extensions.Hosting.Internal.Host|Hosting stopping 
2023-04-21 00:01:20.4098|10|DEBUG|Microsoft.AspNetCore.Server.Kestrel.Connections|Connection id "0HMQ1TA0F5FTD" disconnecting. 
2023-04-21 00:01:20.4098|10|DEBUG|Microsoft.AspNetCore.Server.Kestrel.Connections|Connection id "0HMQ1TA0F5FTC" disconnecting. 
2023-04-21 00:01:20.4098|2|DEBUG|Microsoft.AspNetCore.Server.Kestrel.Connections|Connection id "0HMQ1TA0F5FTD" stopped. 
2023-04-21 00:01:20.4098|2|DEBUG|Microsoft.AspNetCore.Server.Kestrel.Connections|Connection id "0HMQ1TA0F5FTC" stopped. 
2023-04-21 00:01:20.4271|7|DEBUG|Microsoft.AspNetCore.Server.Kestrel.Transport.Sockets|Connection id "0HMQ1TA0F5FTC" sending FIN because: "The Socket transport's send loop completed gracefully." 
2023-04-21 00:01:20.4271|7|DEBUG|Microsoft.AspNetCore.Server.Kestrel.Transport.Sockets|Connection id "0HMQ1TA0F5FTD" sending FIN because: "The Socket transport's send loop completed gracefully." 
2023-04-21 00:01:20.4271|4|DEBUG|Microsoft.Extensions.Hosting.Internal.Host|Hosting stopped 
2023-04-21 00:01:30.5992|0|DEBUG|Program|init main 
2023-04-21 00:01:30.8120|4|DEBUG|Microsoft.AspNetCore.Mvc.Razor.Compilation.DefaultViewCompiler|Initializing Razor view compiler with no compiled views. 
2023-04-21 00:01:30.8328|12|DEBUG|Microsoft.AspNetCore.Mvc.ModelBinding.ModelBinderFactory|Registered model binder providers, in the following order: Microsoft.AspNetCore.Mvc.ModelBinding.Binders.BinderTypeModelBinderProvider, Microsoft.AspNetCore.Mvc.ModelBinding.Binders.ServicesModelBinderProvider, Microsoft.AspNetCore.Mvc.ModelBinding.Binders.BodyModelBinderProvider, Microsoft.AspNetCore.Mvc.ModelBinding.Binders.HeaderModelBinderProvider, Microsoft.AspNetCore.Mvc.ModelBinding.Binders.FloatingPointTypeModelBinderProvider, Microsoft.AspNetCore.Mvc.ModelBinding.Binders.EnumTypeModelBinderProvider, Microsoft.AspNetCore.Mvc.ModelBinding.Binders.DateTimeModelBinderProvider, Microsoft.AspNetCore.Mvc.ModelBinding.Binders.TryParseModelBinderProvider, Microsoft.AspNetCore.Mvc.ModelBinding.Binders.SimpleTypeModelBinderProvider, Microsoft.AspNetCore.Mvc.ModelBinding.Binders.CancellationTokenModelBinderProvider, Microsoft.AspNetCore.Mvc.ModelBinding.Binders.ByteArrayModelBinderProvider, Microsoft.AspNetCore.Mvc.ModelBinding.Binders.FormFileModelBinderProvider, Microsoft.AspNetCore.Mvc.ModelBinding.Binders.FormCollectionModelBinderProvider, Microsoft.AspNetCore.Mvc.ModelBinding.Binders.KeyValuePairModelBinderProvider, Microsoft.AspNetCore.Mvc.ModelBinding.Binders.DictionaryModelBinderProvider, Microsoft.AspNetCore.Mvc.ModelBinding.Binders.ArrayModelBinderProvider, Microsoft.AspNetCore.Mvc.ModelBinding.Binders.CollectionModelBinderProvider, Microsoft.AspNetCore.Mvc.ModelBinding.Binders.ComplexObjectModelBinderProvider 
2023-04-21 00:01:30.8722|1|DEBUG|Microsoft.Extensions.Hosting.Internal.Host|Hosting starting 
2023-04-21 00:01:30.8821|63|INFO|Microsoft.AspNetCore.DataProtection.KeyManagement.XmlKeyManager|User profile is available. Using 'C:\Users\jakub\AppData\Local\ASP.NET\DataProtection-Keys' as key repository and Windows DPAPI to encrypt keys at rest. 
2023-04-21 00:01:30.8821|37|DEBUG|Microsoft.AspNetCore.DataProtection.Repositories.FileSystemXmlRepository|Reading data from file 'C:\Users\jakub\AppData\Local\ASP.NET\DataProtection-Keys\key-61beac45-c194-47f9-a2d7-e231fdca960a.xml'. 
2023-04-21 00:01:30.8821|18|DEBUG|Microsoft.AspNetCore.DataProtection.KeyManagement.XmlKeyManager|Found key {61beac45-c194-47f9-a2d7-e231fdca960a}. 
2023-04-21 00:01:30.8991|13|DEBUG|Microsoft.AspNetCore.DataProtection.KeyManagement.DefaultKeyResolver|Considering key {61beac45-c194-47f9-a2d7-e231fdca960a} with expiration date 2023-06-15 01:09:09Z as default key. 
2023-04-21 00:01:30.8991|0|DEBUG|Microsoft.AspNetCore.DataProtection.TypeForwardingActivator|Forwarded activator type request from Microsoft.AspNetCore.DataProtection.XmlEncryption.DpapiXmlDecryptor, Microsoft.AspNetCore.DataProtection, Version=7.0.0.0, Culture=neutral, PublicKeyToken=adb9793829ddae60 to Microsoft.AspNetCore.DataProtection.XmlEncryption.DpapiXmlDecryptor, Microsoft.AspNetCore.DataProtection, Culture=neutral, PublicKeyToken=adb9793829ddae60 
2023-04-21 00:01:30.8991|51|DEBUG|Microsoft.AspNetCore.DataProtection.XmlEncryption.DpapiXmlDecryptor|Decrypting secret element using Windows DPAPI. 
2023-04-21 00:01:30.8991|0|DEBUG|Microsoft.AspNetCore.DataProtection.TypeForwardingActivator|Forwarded activator type request from Microsoft.AspNetCore.DataProtection.AuthenticatedEncryption.ConfigurationModel.AuthenticatedEncryptorDescriptorDeserializer, Microsoft.AspNetCore.DataProtection, Version=7.0.0.0, Culture=neutral, PublicKeyToken=adb9793829ddae60 to Microsoft.AspNetCore.DataProtection.AuthenticatedEncryption.ConfigurationModel.AuthenticatedEncryptorDescriptorDeserializer, Microsoft.AspNetCore.DataProtection, Culture=neutral, PublicKeyToken=adb9793829ddae60 
2023-04-21 00:01:30.8991|4|DEBUG|Microsoft.AspNetCore.DataProtection.AuthenticatedEncryption.CngCbcAuthenticatedEncryptorFactory|Opening CNG algorithm 'AES' from provider '(null)' with chaining mode CBC. 
2023-04-21 00:01:30.8991|3|DEBUG|Microsoft.AspNetCore.DataProtection.AuthenticatedEncryption.CngCbcAuthenticatedEncryptorFactory|Opening CNG algorithm 'SHA256' from provider '(null)' with HMAC. 
2023-04-21 00:01:30.8991|2|DEBUG|Microsoft.AspNetCore.DataProtection.KeyManagement.KeyRingProvider|Using key {61beac45-c194-47f9-a2d7-e231fdca960a} as the default key. 
2023-04-21 00:01:30.8991|65|DEBUG|Microsoft.AspNetCore.DataProtection.Internal.DataProtectionHostedService|Key ring with default key {61beac45-c194-47f9-a2d7-e231fdca960a} was loaded during application startup. 
2023-04-21 00:01:30.9445|14|INFO|Microsoft.Hosting.Lifetime|Now listening on: http://localhost:5099 
2023-04-21 00:01:30.9445|13|DEBUG|Microsoft.AspNetCore.Hosting.Diagnostics|Loaded hosting startup assembly GetInItBackEnd 
2023-04-21 00:01:30.9445|0|INFO|Microsoft.Hosting.Lifetime|Application started. Press Ctrl+C to shut down. 
2023-04-21 00:01:30.9445|0|INFO|Microsoft.Hosting.Lifetime|Hosting environment: Development 
2023-04-21 00:01:30.9445|0|INFO|Microsoft.Hosting.Lifetime|Content root path: C:\Users\jakub\Desktop\ISZProjekt\GetInItBackEnd 
2023-04-21 00:01:30.9445|2|DEBUG|Microsoft.Extensions.Hosting.Internal.Host|Hosting started 
2023-04-21 00:01:36.1638|39|DEBUG|Microsoft.AspNetCore.Server.Kestrel.Connections|Connection id "0HMQ1TB7N6667" accepted. 
2023-04-21 00:01:36.1638|39|DEBUG|Microsoft.AspNetCore.Server.Kestrel.Connections|Connection id "0HMQ1TB7N6668" accepted. 
2023-04-21 00:01:36.1638|1|DEBUG|Microsoft.AspNetCore.Server.Kestrel.Connections|Connection id "0HMQ1TB7N6667" started. 
2023-04-21 00:01:36.1638|1|DEBUG|Microsoft.AspNetCore.Server.Kestrel.Connections|Connection id "0HMQ1TB7N6668" started. 
2023-04-21 00:01:36.1990|1|INFO|Microsoft.AspNetCore.Hosting.Diagnostics|Request starting HTTP/1.1 GET http://localhost:5099/swagger/index.html - - 
2023-04-21 00:01:36.1990|0|DEBUG|Microsoft.AspNetCore.HostFiltering.HostFilteringMiddleware|Wildcard detected, all requests with hosts will be allowed. 
2023-04-21 00:01:36.1990|2|TRACE|Microsoft.AspNetCore.HostFiltering.HostFilteringMiddleware|All hosts are allowed. 
2023-04-21 00:01:36.2193|1000|DEBUG|Microsoft.AspNetCore.Routing.Matching.DfaMatcher|No candidates found for the request path '/swagger/index.html' 
2023-04-21 00:01:36.2193|2|DEBUG|Microsoft.AspNetCore.Routing.EndpointRoutingMiddleware|Request did not match any endpoints 
2023-04-21 00:01:36.2236|3|WARN|Microsoft.AspNetCore.HttpsPolicy.HttpsRedirectionMiddleware|Failed to determine the https port for redirect. 
2023-04-21 00:01:36.3302|9|DEBUG|Microsoft.AspNetCore.Server.Kestrel.Connections|Connection id "0HMQ1TB7N6667" completed keep alive response. 
2023-04-21 00:01:36.3314|2|INFO|Microsoft.AspNetCore.Hosting.Diagnostics|Request finished HTTP/1.1 GET http://localhost:5099/swagger/index.html - - - 200 - text/html;charset=utf-8 133.8785ms 
2023-04-21 00:01:36.4358|1|INFO|Microsoft.AspNetCore.Hosting.Diagnostics|Request starting HTTP/1.1 GET http://localhost:5099/swagger/v1/swagger.json - - 
2023-04-21 00:01:36.4358|2|TRACE|Microsoft.AspNetCore.HostFiltering.HostFilteringMiddleware|All hosts are allowed. 
2023-04-21 00:01:36.4358|1000|DEBUG|Microsoft.AspNetCore.Routing.Matching.DfaMatcher|No candidates found for the request path '/swagger/v1/swagger.json' 
2023-04-21 00:01:36.4358|2|DEBUG|Microsoft.AspNetCore.Routing.EndpointRoutingMiddleware|Request did not match any endpoints 
2023-04-21 00:01:36.5564|9|DEBUG|Microsoft.AspNetCore.Server.Kestrel.Connections|Connection id "0HMQ1TB7N6667" completed keep alive response. 
2023-04-21 00:01:36.5564|2|INFO|Microsoft.AspNetCore.Hosting.Diagnostics|Request finished HTTP/1.1 GET http://localhost:5099/swagger/v1/swagger.json - - - 200 - application/json;charset=utf-8 120.8763ms 
2023-04-21 00:01:58.2658|1|INFO|Microsoft.AspNetCore.Hosting.Diagnostics|Request starting HTTP/1.1 GET http://localhost:5099/api/account/GetAllAccounts - - 
2023-04-21 00:01:58.2658|2|TRACE|Microsoft.AspNetCore.HostFiltering.HostFilteringMiddleware|All hosts are allowed. 
2023-04-21 00:01:58.2737|1001|DEBUG|Microsoft.AspNetCore.Routing.Matching.DfaMatcher|1 candidate(s) found for the request path '/api/account/GetAllAccounts' 
2023-04-21 00:01:58.2737|1005|DEBUG|Microsoft.AspNetCore.Routing.Matching.DfaMatcher|Endpoint 'GetInItBackEnd.Controllers.AccountController.GetAll (GetInItBackEnd)' with route pattern 'api/account/GetAllAccounts' is valid for the request path '/api/account/GetAllAccounts' 
2023-04-21 00:01:58.2737|1|DEBUG|Microsoft.AspNetCore.Routing.EndpointRoutingMiddleware|Request matched endpoint 'GetInItBackEnd.Controllers.AccountController.GetAll (GetInItBackEnd)' 
2023-04-21 00:01:58.2737|15|DEBUG|Microsoft.AspNetCore.StaticFiles.StaticFileMiddleware|Static files was skipped as the request already matched an endpoint. 
2023-04-21 00:01:58.2737|0|INFO|Microsoft.AspNetCore.Routing.EndpointMiddleware|Executing endpoint 'GetInItBackEnd.Controllers.AccountController.GetAll (GetInItBackEnd)' 
2023-04-21 00:01:58.2944|102|INFO|Microsoft.AspNetCore.Mvc.Infrastructure.ControllerActionInvoker|Route matched with {action = "GetAll", controller = "Account"}. Executing controller action with signature System.Threading.Tasks.Task`1[Microsoft.AspNetCore.Mvc.OkObjectResult] GetAll() on controller GetInItBackEnd.Controllers.AccountController (GetInItBackEnd). 
2023-04-21 00:01:58.2944|1|DEBUG|Microsoft.AspNetCore.Mvc.Infrastructure.ControllerActionInvoker|Execution plan of authorization filters (in the following order): None 
2023-04-21 00:01:58.2944|1|DEBUG|Microsoft.AspNetCore.Mvc.Infrastructure.ControllerActionInvoker|Execution plan of resource filters (in the following order): Microsoft.AspNetCore.Mvc.ViewFeatures.Filters.SaveTempDataFilter 
2023-04-21 00:01:58.2944|1|DEBUG|Microsoft.AspNetCore.Mvc.Infrastructure.ControllerActionInvoker|Execution plan of action filters (in the following order): Microsoft.AspNetCore.Mvc.ModelBinding.UnsupportedContentTypeFilter (Order: -3000), Microsoft.AspNetCore.Mvc.Infrastructure.ModelStateInvalidFilter (Order: -2000) 
2023-04-21 00:01:58.2944|1|DEBUG|Microsoft.AspNetCore.Mvc.Infrastructure.ControllerActionInvoker|Execution plan of exception filters (in the following order): None 
2023-04-21 00:01:58.2944|1|DEBUG|Microsoft.AspNetCore.Mvc.Infrastructure.ControllerActionInvoker|Execution plan of result filters (in the following order): Microsoft.AspNetCore.Mvc.ViewFeatures.Filters.SaveTempDataFilter, Microsoft.AspNetCore.Mvc.Infrastructure.ClientErrorResultFilter (Order: -2000) 
2023-04-21 00:01:58.2944|52|TRACE|Microsoft.AspNetCore.Mvc.Infrastructure.ControllerActionInvoker|Resource Filter: Before executing OnResourceExecuting on filter Microsoft.AspNetCore.Mvc.ViewFeatures.Filters.SaveTempDataFilter. 
2023-04-21 00:01:58.2944|53|TRACE|Microsoft.AspNetCore.Mvc.Infrastructure.ControllerActionInvoker|Resource Filter: After executing OnResourceExecuting on filter Microsoft.AspNetCore.Mvc.ViewFeatures.Filters.SaveTempDataFilter. 
2023-04-21 00:01:58.2944|1|DEBUG|Microsoft.AspNetCore.Mvc.Infrastructure.ControllerActionInvoker|Executing controller factory for controller GetInItBackEnd.Controllers.AccountController (GetInItBackEnd) 
2023-04-21 00:01:58.4762|2|DEBUG|Microsoft.AspNetCore.Mvc.Infrastructure.ControllerActionInvoker|Executed controller factory for controller GetInItBackEnd.Controllers.AccountController (GetInItBackEnd) 
2023-04-21 00:01:58.4762|52|TRACE|Microsoft.AspNetCore.Mvc.Infrastructure.ControllerActionInvoker|Action Filter: Before executing OnActionExecuting on filter Microsoft.AspNetCore.Mvc.ModelBinding.UnsupportedContentTypeFilter. 
2023-04-21 00:01:58.4762|53|TRACE|Microsoft.AspNetCore.Mvc.Infrastructure.ControllerActionInvoker|Action Filter: After executing OnActionExecuting on filter Microsoft.AspNetCore.Mvc.ModelBinding.UnsupportedContentTypeFilter. 
2023-04-21 00:01:58.4762|52|TRACE|Microsoft.AspNetCore.Mvc.Infrastructure.ControllerActionInvoker|Action Filter: Before executing OnActionExecuting on filter Microsoft.AspNetCore.Mvc.Infrastructure.ModelStateInvalidFilter. 
2023-04-21 00:01:58.4762|53|TRACE|Microsoft.AspNetCore.Mvc.Infrastructure.ControllerActionInvoker|Action Filter: After executing OnActionExecuting on filter Microsoft.AspNetCore.Mvc.Infrastructure.ModelStateInvalidFilter. 
2023-04-21 00:01:58.4762|101|INFO|Microsoft.AspNetCore.Mvc.Infrastructure.ControllerActionInvoker|Executing action method GetInItBackEnd.Controllers.AccountController.GetAll (GetInItBackEnd) - Validation state: Valid 
2023-04-21 00:02:00.1977|103|INFO|Microsoft.AspNetCore.Mvc.Infrastructure.ControllerActionInvoker|Executed action method GetInItBackEnd.Controllers.AccountController.GetAll (GetInItBackEnd), returned result Microsoft.AspNetCore.Mvc.OkObjectResult in 1714.0359ms. 
2023-04-21 00:02:00.1977|52|TRACE|Microsoft.AspNetCore.Mvc.Infrastructure.ControllerActionInvoker|Action Filter: Before executing OnActionExecuted on filter Microsoft.AspNetCore.Mvc.Infrastructure.ModelStateInvalidFilter. 
2023-04-21 00:02:00.1977|53|TRACE|Microsoft.AspNetCore.Mvc.Infrastructure.ControllerActionInvoker|Action Filter: After executing OnActionExecuted on filter Microsoft.AspNetCore.Mvc.Infrastructure.ModelStateInvalidFilter. 
2023-04-21 00:02:00.1977|52|TRACE|Microsoft.AspNetCore.Mvc.Infrastructure.ControllerActionInvoker|Action Filter: Before executing OnActionExecuted on filter Microsoft.AspNetCore.Mvc.ModelBinding.UnsupportedContentTypeFilter. 
2023-04-21 00:02:00.1977|53|TRACE|Microsoft.AspNetCore.Mvc.Infrastructure.ControllerActionInvoker|Action Filter: After executing OnActionExecuted on filter Microsoft.AspNetCore.Mvc.ModelBinding.UnsupportedContentTypeFilter. 
2023-04-21 00:02:00.1977|52|TRACE|Microsoft.AspNetCore.Mvc.Infrastructure.ControllerActionInvoker|Result Filter: Before executing OnResultExecuting on filter Microsoft.AspNetCore.Mvc.ViewFeatures.Filters.SaveTempDataFilter. 
2023-04-21 00:02:00.1977|53|TRACE|Microsoft.AspNetCore.Mvc.Infrastructure.ControllerActionInvoker|Result Filter: After executing OnResultExecuting on filter Microsoft.AspNetCore.Mvc.ViewFeatures.Filters.SaveTempDataFilter. 
2023-04-21 00:02:00.1977|52|TRACE|Microsoft.AspNetCore.Mvc.Infrastructure.ControllerActionInvoker|Result Filter: Before executing OnResultExecuting on filter Microsoft.AspNetCore.Mvc.Infrastructure.ClientErrorResultFilter. 
2023-04-21 00:02:00.1977|53|TRACE|Microsoft.AspNetCore.Mvc.Infrastructure.ControllerActionInvoker|Result Filter: After executing OnResultExecuting on filter Microsoft.AspNetCore.Mvc.Infrastructure.ClientErrorResultFilter. 
2023-04-21 00:02:00.1977|5|TRACE|Microsoft.AspNetCore.Mvc.Infrastructure.ControllerActionInvoker|Before executing action result Microsoft.AspNetCore.Mvc.OkObjectResult. 
2023-04-21 00:02:00.1977|11|DEBUG|Microsoft.AspNetCore.Mvc.Infrastructure.DefaultOutputFormatterSelector|List of registered output formatters, in the following order: Microsoft.AspNetCore.Mvc.Formatters.HttpNoContentOutputFormatter, Microsoft.AspNetCore.Mvc.Formatters.StringOutputFormatter, Microsoft.AspNetCore.Mvc.Formatters.StreamOutputFormatter, Microsoft.AspNetCore.Mvc.Formatters.NewtonsoftJsonOutputFormatter 
2023-04-21 00:02:00.1977|4|DEBUG|Microsoft.AspNetCore.Mvc.Infrastructure.DefaultOutputFormatterSelector|No information found on request to perform content negotiation. 
2023-04-21 00:02:00.1977|8|DEBUG|Microsoft.AspNetCore.Mvc.Infrastructure.DefaultOutputFormatterSelector|Attempting to select an output formatter without using a content type as no explicit content types were specified for the response. 
2023-04-21 00:02:00.1977|10|DEBUG|Microsoft.AspNetCore.Mvc.Infrastructure.DefaultOutputFormatterSelector|Attempting to select the first formatter in the output formatters list which can write the result. 
2023-04-21 00:02:00.2058|2|DEBUG|Microsoft.AspNetCore.Mvc.Infrastructure.DefaultOutputFormatterSelector|Selected output formatter 'Microsoft.AspNetCore.Mvc.Formatters.NewtonsoftJsonOutputFormatter' and content type 'application/json' to write the response. 
2023-04-21 00:02:00.2058|1|INFO|Microsoft.AspNetCore.Mvc.Infrastructure.ObjectResultExecutor|Executing OkObjectResult, writing value of type 'System.Collections.Generic.List`1[[GetInItBackEnd.Models.Account.AccountDto, GetInItBackEnd, Version=1.0.0.0, Culture=neutral, PublicKeyToken=null]]'. 
2023-04-21 00:02:00.3193|6|TRACE|Microsoft.AspNetCore.Mvc.Infrastructure.ControllerActionInvoker|After executing action result Microsoft.AspNetCore.Mvc.OkObjectResult. 
2023-04-21 00:02:00.3193|52|TRACE|Microsoft.AspNetCore.Mvc.Infrastructure.ControllerActionInvoker|Result Filter: Before executing OnResultExecuted on filter Microsoft.AspNetCore.Mvc.Infrastructure.ClientErrorResultFilter. 
2023-04-21 00:02:00.3193|53|TRACE|Microsoft.AspNetCore.Mvc.Infrastructure.ControllerActionInvoker|Result Filter: After executing OnResultExecuted on filter Microsoft.AspNetCore.Mvc.Infrastructure.ClientErrorResultFilter. 
2023-04-21 00:02:00.3193|52|TRACE|Microsoft.AspNetCore.Mvc.Infrastructure.ControllerActionInvoker|Result Filter: Before executing OnResultExecuted on filter Microsoft.AspNetCore.Mvc.ViewFeatures.Filters.SaveTempDataFilter. 
2023-04-21 00:02:00.3193|53|TRACE|Microsoft.AspNetCore.Mvc.Infrastructure.ControllerActionInvoker|Result Filter: After executing OnResultExecuted on filter Microsoft.AspNetCore.Mvc.ViewFeatures.Filters.SaveTempDataFilter. 
2023-04-21 00:02:00.3193|52|TRACE|Microsoft.AspNetCore.Mvc.Infrastructure.ControllerActionInvoker|Resource Filter: Before executing OnResourceExecuted on filter Microsoft.AspNetCore.Mvc.ViewFeatures.Filters.SaveTempDataFilter. 
2023-04-21 00:02:00.3193|53|TRACE|Microsoft.AspNetCore.Mvc.Infrastructure.ControllerActionInvoker|Resource Filter: After executing OnResourceExecuted on filter Microsoft.AspNetCore.Mvc.ViewFeatures.Filters.SaveTempDataFilter. 
2023-04-21 00:02:00.3193|105|INFO|Microsoft.AspNetCore.Mvc.Infrastructure.ControllerActionInvoker|Executed action GetInItBackEnd.Controllers.AccountController.GetAll (GetInItBackEnd) in 2025.2579ms 
2023-04-21 00:02:00.3193|1|INFO|Microsoft.AspNetCore.Routing.EndpointMiddleware|Executed endpoint 'GetInItBackEnd.Controllers.AccountController.GetAll (GetInItBackEnd)' 
2023-04-21 00:02:00.3193|9|DEBUG|Microsoft.AspNetCore.Server.Kestrel.Connections|Connection id "0HMQ1TB7N6667" completed keep alive response. 
2023-04-21 00:02:00.3413|2|INFO|Microsoft.AspNetCore.Hosting.Diagnostics|Request finished HTTP/1.1 GET http://localhost:5099/api/account/GetAllAccounts - - - 200 1441 application/json;+charset=utf-8 2075.4843ms 
2023-04-21 00:02:45.0797|6|DEBUG|Microsoft.AspNetCore.Server.Kestrel.Transport.Sockets|Connection id "0HMQ1TB7N6668" received FIN. 
2023-04-21 00:02:45.0814|10|DEBUG|Microsoft.AspNetCore.Server.Kestrel.Connections|Connection id "0HMQ1TB7N6668" disconnecting. 
2023-04-21 00:02:45.0814|7|DEBUG|Microsoft.AspNetCore.Server.Kestrel.Transport.Sockets|Connection id "0HMQ1TB7N6668" sending FIN because: "The client closed the connection." 
2023-04-21 00:02:45.0983|2|DEBUG|Microsoft.AspNetCore.Server.Kestrel.Connections|Connection id "0HMQ1TB7N6668" stopped. 
2023-04-21 00:02:46.2601|39|DEBUG|Microsoft.AspNetCore.Server.Kestrel.Connections|Connection id "0HMQ1TB7N6669" accepted. 
2023-04-21 00:02:46.2601|1|DEBUG|Microsoft.AspNetCore.Server.Kestrel.Connections|Connection id "0HMQ1TB7N6669" started. 
2023-04-21 00:02:46.2601|1|INFO|Microsoft.AspNetCore.Hosting.Diagnostics|Request starting HTTP/1.1 GET http://localhost:5099/swagger/index.html - - 
2023-04-21 00:02:46.2601|2|TRACE|Microsoft.AspNetCore.HostFiltering.HostFilteringMiddleware|All hosts are allowed. 
2023-04-21 00:02:46.2601|1000|DEBUG|Microsoft.AspNetCore.Routing.Matching.DfaMatcher|No candidates found for the request path '/swagger/index.html' 
2023-04-21 00:02:46.2601|2|DEBUG|Microsoft.AspNetCore.Routing.EndpointRoutingMiddleware|Request did not match any endpoints 
2023-04-21 00:02:46.2601|9|DEBUG|Microsoft.AspNetCore.Server.Kestrel.Connections|Connection id "0HMQ1TB7N6667" completed keep alive response. 
2023-04-21 00:02:46.2601|2|INFO|Microsoft.AspNetCore.Hosting.Diagnostics|Request finished HTTP/1.1 GET http://localhost:5099/swagger/index.html - - - 200 - text/html;charset=utf-8 0.7416ms 
2023-04-21 00:02:46.3933|1|INFO|Microsoft.AspNetCore.Hosting.Diagnostics|Request starting HTTP/1.1 GET http://localhost:5099/swagger/v1/swagger.json - - 
2023-04-21 00:02:46.3934|2|TRACE|Microsoft.AspNetCore.HostFiltering.HostFilteringMiddleware|All hosts are allowed. 
2023-04-21 00:02:46.3934|1000|DEBUG|Microsoft.AspNetCore.Routing.Matching.DfaMatcher|No candidates found for the request path '/swagger/v1/swagger.json' 
2023-04-21 00:02:46.3934|2|DEBUG|Microsoft.AspNetCore.Routing.EndpointRoutingMiddleware|Request did not match any endpoints 
2023-04-21 00:02:46.3934|9|DEBUG|Microsoft.AspNetCore.Server.Kestrel.Connections|Connection id "0HMQ1TB7N6667" completed keep alive response. 
2023-04-21 00:02:46.3934|2|INFO|Microsoft.AspNetCore.Hosting.Diagnostics|Request finished HTTP/1.1 GET http://localhost:5099/swagger/v1/swagger.json - - - 200 - application/json;charset=utf-8 4.0747ms 
2023-04-21 00:04:10.1905|6|DEBUG|Microsoft.AspNetCore.Server.Kestrel.Transport.Sockets|Connection id "0HMQ1TB7N6669" received FIN. 
2023-04-21 00:04:10.1905|10|DEBUG|Microsoft.AspNetCore.Server.Kestrel.Connections|Connection id "0HMQ1TB7N6669" disconnecting. 
2023-04-21 00:04:10.1905|7|DEBUG|Microsoft.AspNetCore.Server.Kestrel.Transport.Sockets|Connection id "0HMQ1TB7N6669" sending FIN because: "The client closed the connection." 
2023-04-21 00:04:10.1905|2|DEBUG|Microsoft.AspNetCore.Server.Kestrel.Connections|Connection id "0HMQ1TB7N6669" stopped. 
2023-04-21 00:04:57.3889|10|DEBUG|Microsoft.AspNetCore.Server.Kestrel.Connections|Connection id "0HMQ1TB7N6667" disconnecting. 
2023-04-21 00:04:57.3889|2|DEBUG|Microsoft.AspNetCore.Server.Kestrel.Connections|Connection id "0HMQ1TB7N6667" stopped. 
2023-04-21 00:04:57.3889|7|DEBUG|Microsoft.AspNetCore.Server.Kestrel.Transport.Sockets|Connection id "0HMQ1TB7N6667" sending FIN because: "The Socket transport's send loop completed gracefully." 
